[100%] Built target stabilized_tf_broadcaster
[100%] Built target footprint_tf_broadcaster
-- Install configuration: ""
-- Up-to-date: /home/brc/DD_Nav_WS/dd_gazebo_ws/install/drone_nav/share/ament_index/resource_index/package_run_dependencies/drone_nav
-- Up-to-date: /home/brc/DD_Nav_WS/dd_gazebo_ws/install/drone_nav/share/ament_index/resource_index/parent_prefix_path/drone_nav
-- Up-to-date: /home/brc/DD_Nav_WS/dd_gazebo_ws/install/drone_nav/share/drone_nav/environment/ament_prefix_path.sh
-- Up-to-date: /home/brc/DD_Nav_WS/dd_gazebo_ws/install/drone_nav/share/drone_nav/environment/ament_prefix_path.dsv
-- Up-to-date: /home/brc/DD_Nav_WS/dd_gazebo_ws/install/drone_nav/share/drone_nav/environment/path.sh
-- Up-to-date: /home/brc/DD_Nav_WS/dd_gazebo_ws/install/drone_nav/share/drone_nav/environment/path.dsv
-- Up-to-date: /home/brc/DD_Nav_WS/dd_gazebo_ws/install/drone_nav/share/drone_nav/local_setup.bash
-- Up-to-date: /home/brc/DD_Nav_WS/dd_gazebo_ws/install/drone_nav/share/drone_nav/local_setup.sh
-- Up-to-date: /home/brc/DD_Nav_WS/dd_gazebo_ws/install/drone_nav/share/drone_nav/local_setup.zsh
-- Up-to-date: /home/brc/DD_Nav_WS/dd_gazebo_ws/install/drone_nav/share/drone_nav/local_setup.dsv
-- Installing: /home/brc/DD_Nav_WS/dd_gazebo_ws/install/drone_nav/share/drone_nav/package.dsv
-- Up-to-date: /home/brc/DD_Nav_WS/dd_gazebo_ws/install/drone_nav/share/ament_index/resource_index/packages/drone_nav
-- Up-to-date: /home/brc/DD_Nav_WS/dd_gazebo_ws/install/drone_nav/share/drone_nav/cmake/drone_navConfig.cmake
-- Up-to-date: /home/brc/DD_Nav_WS/dd_gazebo_ws/install/drone_nav/share/drone_nav/cmake/drone_navConfig-version.cmake
-- Up-to-date: /home/brc/DD_Nav_WS/dd_gazebo_ws/install/drone_nav/share/drone_nav/package.xml
-- Up-to-date: /home/brc/DD_Nav_WS/dd_gazebo_ws/install/drone_nav/lib/drone_nav/stabilized_tf_broadcaster
-- Up-to-date: /home/brc/DD_Nav_WS/dd_gazebo_ws/install/drone_nav/lib/drone_nav/footprint_tf_broadcaster
-- Up-to-date: /home/brc/DD_Nav_WS/dd_gazebo_ws/install/drone_nav/share/drone_nav/src
-- Up-to-date: /home/brc/DD_Nav_WS/dd_gazebo_ws/install/drone_nav/share/drone_nav/src/stabilized_tf_broadcaster.cpp
-- Up-to-date: /home/brc/DD_Nav_WS/dd_gazebo_ws/install/drone_nav/share/drone_nav/src/footprint_tf_broadcaster.cpp
-- Up-to-date: /home/brc/DD_Nav_WS/dd_gazebo_ws/install/drone_nav/share/drone_nav/launch
-- Up-to-date: /home/brc/DD_Nav_WS/dd_gazebo_ws/install/drone_nav/share/drone_nav/launch/navigation.launch.py
-- Up-to-date: /home/brc/DD_Nav_WS/dd_gazebo_ws/install/drone_nav/share/drone_nav/config
-- Up-to-date: /home/brc/DD_Nav_WS/dd_gazebo_ws/install/drone_nav/share/drone_nav/config/nav2_params.yaml
-- Up-to-date: /home/brc/DD_Nav_WS/dd_gazebo_ws/install/drone_nav/share/drone_nav/config/ekf.yaml
-- Up-to-date: /home/brc/DD_Nav_WS/dd_gazebo_ws/install/drone_nav/share/drone_nav/behavior_trees
-- Up-to-date: /home/brc/DD_Nav_WS/dd_gazebo_ws/install/drone_nav/share/drone_nav/behavior_trees/navigation_bt.xml
-- Up-to-date: /home/brc/DD_Nav_WS/dd_gazebo_ws/install/drone_nav/share/drone_nav/description
-- Up-to-date: /home/brc/DD_Nav_WS/dd_gazebo_ws/install/drone_nav/share/drone_nav/description/original_drone_model.urdf
-- Up-to-date: /home/brc/DD_Nav_WS/dd_gazebo_ws/install/drone_nav/share/drone_nav/description/meshes
-- Up-to-date: /home/brc/DD_Nav_WS/dd_gazebo_ws/install/drone_nav/share/drone_nav/description/meshes/cgo3_vertical_arm_remeshed_v1.stl
-- Up-to-date: /home/brc/DD_Nav_WS/dd_gazebo_ws/install/drone_nav/share/drone_nav/description/meshes/leg1_remeshed_v3.stl
-- Up-to-date: /home/brc/DD_Nav_WS/dd_gazebo_ws/install/drone_nav/share/drone_nav/description/meshes/cgo3_horizontal_arm_remeshed_v1.stl
-- Up-to-date: /home/brc/DD_Nav_WS/dd_gazebo_ws/install/drone_nav/share/drone_nav/description/meshes/cgo3_mount_remeshed_v1.stl
-- Up-to-date: /home/brc/DD_Nav_WS/dd_gazebo_ws/install/drone_nav/share/drone_nav/description/meshes/prop_cw_assembly_remeshed_v3.stl
-- Up-to-date: /home/brc/DD_Nav_WS/dd_gazebo_ws/install/drone_nav/share/drone_nav/description/meshes/prop_ccw_assembly_remeshed_v3.stl
-- Up-to-date: /home/brc/DD_Nav_WS/dd_gazebo_ws/install/drone_nav/share/drone_nav/description/meshes/main_body_remeshed_v3.stl
-- Up-to-date: /home/brc/DD_Nav_WS/dd_gazebo_ws/install/drone_nav/share/drone_nav/description/meshes/leg2_remeshed_v3.stl
-- Up-to-date: /home/brc/DD_Nav_WS/dd_gazebo_ws/install/drone_nav/share/drone_nav/description/meshes/prop_guard_jybhz.stl
-- Up-to-date: /home/brc/DD_Nav_WS/dd_gazebo_ws/install/drone_nav/share/drone_nav/description/meshes/cgo3_camera_remeshed_v1.stl
-- Up-to-date: /home/brc/DD_Nav_WS/dd_gazebo_ws/install/drone_nav/share/drone_nav/description/drone_model.urdf
