[3.153s] DEBUG:colcon:Command line arguments: ['/usr/bin/colcon', 'build', '--packages-select', 'dd_gazebo']
[3.154s] DEBUG:colcon:Parsed command line arguments: Namespace(log_base=None, log_level=None, verb_name='build', build_base='build', install_base='install', merge_install=False, symlink_install=False, test_result_base=None, continue_on_error=False, executor='parallel', parallel_workers=16, event_handlers=None, ignore_user_meta=False, metas=['./colcon.meta'], base_paths=['.'], packages_ignore=None, packages_ignore_regex=None, paths=None, packages_up_to=None, packages_up_to_regex=None, packages_above=None, packages_above_and_dependencies=None, packages_above_depth=None, packages_select_by_dep=None, packages_skip_by_dep=None, packages_skip_up_to=None, packages_select_build_failed=False, packages_skip_build_finished=False, packages_select_test_failures=False, packages_skip_test_passed=False, packages_select=['dd_gazebo'], packages_skip=None, packages_select_regex=None, packages_skip_regex=None, packages_start=None, packages_end=None, allow_overriding=[], cmake_args=None, cmake_target=None, cmake_target_skip_unavailable=False, cmake_clean_cache=False, cmake_clean_first=False, cmake_force_configure=False, ament_cmake_args=None, catkin_cmake_args=None, catkin_skip_building_tests=False, verb_parser=<colcon_defaults.argument_parser.defaults.DefaultArgumentsDecorator object at 0x7f27518eaa70>, verb_extension=<colcon_core.verb.build.BuildVerb object at 0x7f27518ea200>, main=<bound method BuildVerb.main of <colcon_core.verb.build.BuildVerb object at 0x7f27518ea200>>)
[3.274s] Level 1:colcon.colcon_core.package_discovery:discover_packages(colcon_meta) check parameters
[3.274s] Level 1:colcon.colcon_core.package_discovery:discover_packages(recursive) check parameters
[3.274s] Level 1:colcon.colcon_core.package_discovery:discover_packages(ignore) check parameters
[3.274s] Level 1:colcon.colcon_core.package_discovery:discover_packages(path) check parameters
[3.275s] Level 1:colcon.colcon_core.package_discovery:discover_packages(colcon_meta) discover
[3.275s] Level 1:colcon.colcon_core.package_discovery:discover_packages(recursive) discover
[3.275s] INFO:colcon.colcon_core.package_discovery:Crawling recursively for packages in '/home/dronedelivery/ARC'
[3.275s] Level 1:colcon.colcon_core.package_identification:_identify(.) by extensions ['ignore', 'ignore_ament_install']
[3.275s] Level 1:colcon.colcon_core.package_identification:_identify(.) by extension 'ignore'
[3.275s] Level 1:colcon.colcon_core.package_identification:_identify(.) by extension 'ignore_ament_install'
[3.275s] Level 1:colcon.colcon_core.package_identification:_identify(.) by extensions ['colcon_pkg']
[3.276s] Level 1:colcon.colcon_core.package_identification:_identify(.) by extension 'colcon_pkg'
[3.276s] Level 1:colcon.colcon_core.package_identification:_identify(.) by extensions ['colcon_meta']
[3.276s] Level 1:colcon.colcon_core.package_identification:_identify(.) by extension 'colcon_meta'
[3.276s] Level 1:colcon.colcon_core.package_identification:_identify(.) by extensions ['ros']
[3.276s] Level 1:colcon.colcon_core.package_identification:_identify(.) by extension 'ros'
[3.307s] Level 1:colcon.colcon_core.package_identification:_identify(.) by extensions ['cmake', 'python']
[3.309s] Level 1:colcon.colcon_core.package_identification:_identify(.) by extension 'cmake'
[3.309s] Level 1:colcon.colcon_core.package_identification:_identify(.) by extension 'python'
[3.309s] Level 1:colcon.colcon_core.package_identification:_identify(.) by extensions ['python_setup_py']
[3.309s] Level 1:colcon.colcon_core.package_identification:_identify(.) by extension 'python_setup_py'
[3.310s] Level 1:colcon.colcon_core.package_identification:_identify(build) by extensions ['ignore', 'ignore_ament_install']
[3.311s] Level 1:colcon.colcon_core.package_identification:_identify(build) by extension 'ignore'
[3.311s] Level 1:colcon.colcon_core.package_identification:_identify(build) ignored
[3.311s] Level 1:colcon.colcon_core.package_identification:_identify(dd_gazebo) by extensions ['ignore', 'ignore_ament_install']
[3.312s] Level 1:colcon.colcon_core.package_identification:_identify(dd_gazebo) by extension 'ignore'
[3.312s] Level 1:colcon.colcon_core.package_identification:_identify(dd_gazebo) by extension 'ignore_ament_install'
[3.312s] Level 1:colcon.colcon_core.package_identification:_identify(dd_gazebo) by extensions ['colcon_pkg']
[3.312s] Level 1:colcon.colcon_core.package_identification:_identify(dd_gazebo) by extension 'colcon_pkg'
[3.312s] Level 1:colcon.colcon_core.package_identification:_identify(dd_gazebo) by extensions ['colcon_meta']
[3.312s] Level 1:colcon.colcon_core.package_identification:_identify(dd_gazebo) by extension 'colcon_meta'
[3.312s] Level 1:colcon.colcon_core.package_identification:_identify(dd_gazebo) by extensions ['ros']
[3.312s] Level 1:colcon.colcon_core.package_identification:_identify(dd_gazebo) by extension 'ros'
[3.318s] DEBUG:colcon.colcon_core.package_identification:Package 'dd_gazebo' with type 'ros.ament_cmake' and name 'dd_gazebo'
[3.318s] Level 1:colcon.colcon_core.package_identification:_identify(install) by extensions ['ignore', 'ignore_ament_install']
[3.318s] Level 1:colcon.colcon_core.package_identification:_identify(install) by extension 'ignore'
[3.319s] Level 1:colcon.colcon_core.package_identification:_identify(install) ignored
[3.319s] Level 1:colcon.colcon_core.package_identification:_identify(log) by extensions ['ignore', 'ignore_ament_install']
[3.319s] Level 1:colcon.colcon_core.package_identification:_identify(log) by extension 'ignore'
[3.319s] Level 1:colcon.colcon_core.package_identification:_identify(log) ignored
[3.319s] Level 1:colcon.colcon_core.package_discovery:discover_packages(recursive) using defaults
[3.319s] Level 1:colcon.colcon_core.package_discovery:discover_packages(ignore) discover
[3.319s] Level 1:colcon.colcon_core.package_discovery:discover_packages(ignore) using defaults
[3.320s] Level 1:colcon.colcon_core.package_discovery:discover_packages(path) discover
[3.320s] Level 1:colcon.colcon_core.package_discovery:discover_packages(path) using defaults
[3.568s] Level 1:colcon.colcon_core.package_discovery:discover_packages(prefix_path) check parameters
[3.568s] Level 1:colcon.colcon_core.package_discovery:discover_packages(prefix_path) discover
[3.610s] WARNING:colcon.colcon_core.prefix_path.colcon:The path '/home/dronedelivery/install' in the environment variable COLCON_PREFIX_PATH doesn't exist
[3.611s] WARNING:colcon.colcon_ros.prefix_path.ament:The path '/home/dronedelivery/install/dd_gazebo' in the environment variable AMENT_PREFIX_PATH doesn't exist
[3.611s] WARNING:colcon.colcon_ros.prefix_path.catkin:The path '/home/dronedelivery/install/dd_gazebo' in the environment variable CMAKE_PREFIX_PATH doesn't exist
[3.654s] DEBUG:colcon.colcon_installed_package_information.package_discovery:Found 1 installed packages in /home/dronedelivery/ARC/install
[3.716s] DEBUG:colcon.colcon_installed_package_information.package_discovery:Found 403 installed packages in /opt/ros/humble
[3.719s] Level 1:colcon.colcon_core.package_discovery:discover_packages(prefix_path) using defaults
[3.972s] Level 5:colcon.colcon_core.verb:set package 'dd_gazebo' build argument 'cmake_args' from command line to 'None'
[3.972s] Level 5:colcon.colcon_core.verb:set package 'dd_gazebo' build argument 'cmake_target' from command line to 'None'
[3.972s] Level 5:colcon.colcon_core.verb:set package 'dd_gazebo' build argument 'cmake_target_skip_unavailable' from command line to 'False'
[3.972s] Level 5:colcon.colcon_core.verb:set package 'dd_gazebo' build argument 'cmake_clean_cache' from command line to 'False'
[3.972s] Level 5:colcon.colcon_core.verb:set package 'dd_gazebo' build argument 'cmake_clean_first' from command line to 'False'
[3.972s] Level 5:colcon.colcon_core.verb:set package 'dd_gazebo' build argument 'cmake_force_configure' from command line to 'False'
[3.972s] Level 5:colcon.colcon_core.verb:set package 'dd_gazebo' build argument 'ament_cmake_args' from command line to 'None'
[3.973s] Level 5:colcon.colcon_core.verb:set package 'dd_gazebo' build argument 'catkin_cmake_args' from command line to 'None'
[3.973s] Level 5:colcon.colcon_core.verb:set package 'dd_gazebo' build argument 'catkin_skip_building_tests' from command line to 'False'
[3.973s] DEBUG:colcon.colcon_core.verb:Building package 'dd_gazebo' with the following arguments: {'ament_cmake_args': None, 'build_base': '/home/dronedelivery/ARC/build/dd_gazebo', 'catkin_cmake_args': None, 'catkin_skip_building_tests': False, 'cmake_args': None, 'cmake_clean_cache': False, 'cmake_clean_first': False, 'cmake_force_configure': False, 'cmake_target': None, 'cmake_target_skip_unavailable': False, 'install_base': '/home/dronedelivery/ARC/install/dd_gazebo', 'merge_install': False, 'path': '/home/dronedelivery/ARC/dd_gazebo', 'symlink_install': False, 'test_result_base': None}
[4.014s] INFO:colcon.colcon_core.executor:Executing jobs using 'parallel' executor
[4.057s] DEBUG:colcon.colcon_parallel_executor.executor.parallel:run_until_complete
[4.057s] INFO:colcon.colcon_ros.task.ament_cmake.build:Building ROS package in '/home/dronedelivery/ARC/dd_gazebo' with build type 'ament_cmake'
[4.058s] INFO:colcon.colcon_cmake.task.cmake.build:Building CMake package in '/home/dronedelivery/ARC/dd_gazebo'
[4.103s] INFO:colcon.colcon_core.plugin_system:Skipping extension 'colcon_core.shell.bat': Not used on non-Windows systems
[4.103s] INFO:colcon.colcon_core.shell:Skip shell extension 'powershell' for command environment: Not usable outside of PowerShell
[4.103s] DEBUG:colcon.colcon_core.shell:Skip shell extension 'dsv' for command environment
[4.247s] DEBUG:colcon.colcon_core.event_handler.log_command:Invoking command in '/home/dronedelivery/ARC/build/dd_gazebo': CMAKE_PREFIX_PATH=${CMAKE_PREFIX_PATH}:/opt/ros/humble /usr/bin/cmake --build /home/dronedelivery/ARC/build/dd_gazebo -- -j16 -l16
[5.329s] DEBUG:colcon.colcon_core.event_handler.log_command:Invoked command in '/home/dronedelivery/ARC/build/dd_gazebo' returned '0': CMAKE_PREFIX_PATH=${CMAKE_PREFIX_PATH}:/opt/ros/humble /usr/bin/cmake --build /home/dronedelivery/ARC/build/dd_gazebo -- -j16 -l16
[5.454s] DEBUG:colcon.colcon_core.event_handler.log_command:Invoking command in '/home/dronedelivery/ARC/build/dd_gazebo': CMAKE_PREFIX_PATH=${CMAKE_PREFIX_PATH}:/opt/ros/humble /usr/bin/cmake --install /home/dronedelivery/ARC/build/dd_gazebo
[5.496s] Level 1:colcon.colcon_core.environment:create_environment_scripts_only(dd_gazebo)
[5.497s] DEBUG:colcon.colcon_core.event_handler.log_command:Invoked command in '/home/dronedelivery/ARC/build/dd_gazebo' returned '0': CMAKE_PREFIX_PATH=${CMAKE_PREFIX_PATH}:/opt/ros/humble /usr/bin/cmake --install /home/dronedelivery/ARC/build/dd_gazebo
[5.661s] Level 1:colcon.colcon_core.environment:checking '/home/dronedelivery/ARC/install/dd_gazebo' for CMake module files
[5.665s] Level 1:colcon.colcon_core.environment:checking '/home/dronedelivery/ARC/install/dd_gazebo' for CMake config files
[5.669s] Level 1:colcon.colcon_core.shell:create_environment_hook('dd_gazebo', 'cmake_prefix_path')
[5.813s] INFO:colcon.colcon_core.shell:Creating environment hook '/home/dronedelivery/ARC/install/dd_gazebo/share/dd_gazebo/hook/cmake_prefix_path.ps1'
[5.815s] INFO:colcon.colcon_core.shell:Creating environment descriptor '/home/dronedelivery/ARC/install/dd_gazebo/share/dd_gazebo/hook/cmake_prefix_path.dsv'
[5.817s] INFO:colcon.colcon_core.shell:Creating environment hook '/home/dronedelivery/ARC/install/dd_gazebo/share/dd_gazebo/hook/cmake_prefix_path.sh'
[5.820s] Level 1:colcon.colcon_core.environment:checking '/home/dronedelivery/ARC/install/dd_gazebo/bin'
[5.821s] Level 1:colcon.colcon_core.environment:checking '/home/dronedelivery/ARC/install/dd_gazebo/lib/pkgconfig/dd_gazebo.pc'
[5.822s] Level 1:colcon.colcon_core.environment:checking '/home/dronedelivery/ARC/install/dd_gazebo/lib/python3.10/site-packages'
[5.823s] Level 1:colcon.colcon_core.environment:checking '/home/dronedelivery/ARC/install/dd_gazebo/bin'
[5.925s] INFO:colcon.colcon_core.shell:Creating package script '/home/dronedelivery/ARC/install/dd_gazebo/share/dd_gazebo/package.ps1'
[5.928s] INFO:colcon.colcon_core.shell:Creating package descriptor '/home/dronedelivery/ARC/install/dd_gazebo/share/dd_gazebo/package.dsv'
[5.930s] INFO:colcon.colcon_core.shell:Creating package script '/home/dronedelivery/ARC/install/dd_gazebo/share/dd_gazebo/package.sh'
[5.933s] INFO:colcon.colcon_core.shell:Creating package script '/home/dronedelivery/ARC/install/dd_gazebo/share/dd_gazebo/package.bash'
[5.935s] INFO:colcon.colcon_core.shell:Creating package script '/home/dronedelivery/ARC/install/dd_gazebo/share/dd_gazebo/package.zsh'
[5.938s] Level 1:colcon.colcon_core.environment:create_file_with_runtime_dependencies(/home/dronedelivery/ARC/install/dd_gazebo/share/colcon-core/packages/dd_gazebo)
[6.148s] Level 1:colcon.colcon_core.environment:create_environment_scripts_only(dd_gazebo)
[6.262s] Level 1:colcon.colcon_core.environment:checking '/home/dronedelivery/ARC/install/dd_gazebo' for CMake module files
[6.265s] Level 1:colcon.colcon_core.environment:checking '/home/dronedelivery/ARC/install/dd_gazebo' for CMake config files
[6.267s] Level 1:colcon.colcon_core.shell:create_environment_hook('dd_gazebo', 'cmake_prefix_path')
[6.380s] INFO:colcon.colcon_core.shell:Creating environment hook '/home/dronedelivery/ARC/install/dd_gazebo/share/dd_gazebo/hook/cmake_prefix_path.ps1'
[6.383s] INFO:colcon.colcon_core.shell:Creating environment descriptor '/home/dronedelivery/ARC/install/dd_gazebo/share/dd_gazebo/hook/cmake_prefix_path.dsv'
[6.385s] INFO:colcon.colcon_core.shell:Creating environment hook '/home/dronedelivery/ARC/install/dd_gazebo/share/dd_gazebo/hook/cmake_prefix_path.sh'
[6.387s] Level 1:colcon.colcon_core.environment:checking '/home/dronedelivery/ARC/install/dd_gazebo/bin'
[6.388s] Level 1:colcon.colcon_core.environment:checking '/home/dronedelivery/ARC/install/dd_gazebo/lib/pkgconfig/dd_gazebo.pc'
[6.389s] Level 1:colcon.colcon_core.environment:checking '/home/dronedelivery/ARC/install/dd_gazebo/lib/python3.10/site-packages'
[6.390s] Level 1:colcon.colcon_core.environment:checking '/home/dronedelivery/ARC/install/dd_gazebo/bin'
[6.508s] INFO:colcon.colcon_core.shell:Creating package script '/home/dronedelivery/ARC/install/dd_gazebo/share/dd_gazebo/package.ps1'
[6.510s] INFO:colcon.colcon_core.shell:Creating package descriptor '/home/dronedelivery/ARC/install/dd_gazebo/share/dd_gazebo/package.dsv'
[6.513s] INFO:colcon.colcon_core.shell:Creating package script '/home/dronedelivery/ARC/install/dd_gazebo/share/dd_gazebo/package.sh'
[6.515s] INFO:colcon.colcon_core.shell:Creating package script '/home/dronedelivery/ARC/install/dd_gazebo/share/dd_gazebo/package.bash'
[6.517s] INFO:colcon.colcon_core.shell:Creating package script '/home/dronedelivery/ARC/install/dd_gazebo/share/dd_gazebo/package.zsh'
[6.519s] Level 1:colcon.colcon_core.environment:create_file_with_runtime_dependencies(/home/dronedelivery/ARC/install/dd_gazebo/share/colcon-core/packages/dd_gazebo)
[6.520s] DEBUG:colcon.colcon_parallel_executor.executor.parallel:closing loop
[6.522s] DEBUG:colcon.colcon_parallel_executor.executor.parallel:loop closed
[6.523s] DEBUG:colcon.colcon_parallel_executor.executor.parallel:run_until_complete finished with '0'
[6.523s] DEBUG:colcon.colcon_core.event_reactor:joining thread
[6.666s] INFO:colcon.colcon_core.plugin_system:Skipping extension 'colcon_notification.desktop_notification.terminal_notifier': Not used on non-Darwin systems
[6.667s] INFO:colcon.colcon_core.plugin_system:Skipping extension 'colcon_notification.desktop_notification.win32': Not used on non-Windows systems
[6.667s] INFO:colcon.colcon_notification.desktop_notification:Sending desktop notification using 'notify2'
[6.770s] DEBUG:colcon.colcon_core.event_reactor:joined thread
[6.903s] INFO:colcon.colcon_core.shell:Creating prefix script '/home/dronedelivery/ARC/install/local_setup.ps1'
[6.907s] INFO:colcon.colcon_core.shell:Creating prefix util module '/home/dronedelivery/ARC/install/_local_setup_util_ps1.py'
[6.913s] INFO:colcon.colcon_core.shell:Creating prefix chain script '/home/dronedelivery/ARC/install/setup.ps1'
[7.033s] INFO:colcon.colcon_core.shell:Creating prefix script '/home/dronedelivery/ARC/install/local_setup.sh'
[7.036s] INFO:colcon.colcon_core.shell:Creating prefix util module '/home/dronedelivery/ARC/install/_local_setup_util_sh.py'
[7.038s] INFO:colcon.colcon_core.shell:Creating prefix chain script '/home/dronedelivery/ARC/install/setup.sh'
[7.155s] INFO:colcon.colcon_core.shell:Creating prefix script '/home/dronedelivery/ARC/install/local_setup.bash'
[7.158s] INFO:colcon.colcon_core.shell:Creating prefix chain script '/home/dronedelivery/ARC/install/setup.bash'
[7.299s] INFO:colcon.colcon_core.shell:Creating prefix script '/home/dronedelivery/ARC/install/local_setup.zsh'
[7.302s] INFO:colcon.colcon_core.shell:Creating prefix chain script '/home/dronedelivery/ARC/install/setup.zsh'
