[0.038s] Invoking command in '/home/brc/DD_Nav_WS/dd_gazebo_ws/build/dd_gazebo': CMAKE_PREFIX_PATH=${CMAKE_PREFIX_PATH}:/home/brc/DD_Nav_WS/dd_gazebo_ws/install/px4_offboard:/opt/ros/humble /usr/bin/cmake --build /home/brc/DD_Nav_WS/dd_gazebo_ws/build/dd_gazebo -- -j8 -l8
[0.069s] Invoked command in '/home/brc/DD_Nav_WS/dd_gazebo_ws/build/dd_gazebo' returned '0': CMAKE_PREFIX_PATH=${CMAKE_PREFIX_PATH}:/home/brc/DD_Nav_WS/dd_gazebo_ws/install/px4_offboard:/opt/ros/humble /usr/bin/cmake --build /home/brc/DD_Nav_WS/dd_gazebo_ws/build/dd_gazebo -- -j8 -l8
[0.088s] Invoking command in '/home/brc/DD_Nav_WS/dd_gazebo_ws/build/dd_gazebo': CMAKE_PREFIX_PATH=${CMAKE_PREFIX_PATH}:/home/brc/DD_Nav_WS/dd_gazebo_ws/install/px4_offboard:/opt/ros/humble /usr/bin/cmake --install /home/brc/DD_Nav_WS/dd_gazebo_ws/build/dd_gazebo
[0.093s] -- Install configuration: ""
[0.093s] -- Up-to-date: /home/brc/DD_Nav_WS/dd_gazebo_ws/install/dd_gazebo/share/ament_index/resource_index/package_run_dependencies/dd_gazebo
[0.093s] -- Up-to-date: /home/brc/DD_Nav_WS/dd_gazebo_ws/install/dd_gazebo/share/ament_index/resource_index/parent_prefix_path/dd_gazebo
[0.093s] -- Up-to-date: /home/brc/DD_Nav_WS/dd_gazebo_ws/install/dd_gazebo/share/dd_gazebo/environment/ament_prefix_path.sh
[0.093s] -- Up-to-date: /home/brc/DD_Nav_WS/dd_gazebo_ws/install/dd_gazebo/share/dd_gazebo/environment/ament_prefix_path.dsv
[0.093s] -- Up-to-date: /home/brc/DD_Nav_WS/dd_gazebo_ws/install/dd_gazebo/share/dd_gazebo/environment/path.sh
[0.093s] -- Up-to-date: /home/brc/DD_Nav_WS/dd_gazebo_ws/install/dd_gazebo/share/dd_gazebo/environment/path.dsv
[0.093s] -- Up-to-date: /home/brc/DD_Nav_WS/dd_gazebo_ws/install/dd_gazebo/share/dd_gazebo/local_setup.bash
[0.093s] -- Up-to-date: /home/brc/DD_Nav_WS/dd_gazebo_ws/install/dd_gazebo/share/dd_gazebo/local_setup.sh
[0.093s] -- Up-to-date: /home/brc/DD_Nav_WS/dd_gazebo_ws/install/dd_gazebo/share/dd_gazebo/local_setup.zsh
[0.093s] -- Up-to-date: /home/brc/DD_Nav_WS/dd_gazebo_ws/install/dd_gazebo/share/dd_gazebo/local_setup.dsv
[0.093s] -- Installing: /home/brc/DD_Nav_WS/dd_gazebo_ws/install/dd_gazebo/share/dd_gazebo/package.dsv
[0.093s] -- Up-to-date: /home/brc/DD_Nav_WS/dd_gazebo_ws/install/dd_gazebo/share/ament_index/resource_index/packages/dd_gazebo
[0.093s] -- Up-to-date: /home/brc/DD_Nav_WS/dd_gazebo_ws/install/dd_gazebo/share/dd_gazebo/cmake/dd_gazeboConfig.cmake
[0.093s] -- Up-to-date: /home/brc/DD_Nav_WS/dd_gazebo_ws/install/dd_gazebo/share/dd_gazebo/cmake/dd_gazeboConfig-version.cmake
[0.093s] -- Up-to-date: /home/brc/DD_Nav_WS/dd_gazebo_ws/install/dd_gazebo/share/dd_gazebo/package.xml
[0.093s] -- Up-to-date: /home/brc/DD_Nav_WS/dd_gazebo_ws/install/dd_gazebo/share/dd_gazebo/src
[0.093s] -- Up-to-date: /home/brc/DD_Nav_WS/dd_gazebo_ws/install/dd_gazebo/share/dd_gazebo/src/main.cpp
[0.093s] -- Up-to-date: /home/brc/DD_Nav_WS/dd_gazebo_ws/install/dd_gazebo/share/dd_gazebo/launch
[0.093s] -- Up-to-date: /home/brc/DD_Nav_WS/dd_gazebo_ws/install/dd_gazebo/share/dd_gazebo/launch/navigation.launch.py
[0.093s] -- Installing: /home/brc/DD_Nav_WS/dd_gazebo_ws/install/dd_gazebo/share/dd_gazebo/launch/simulation.launch.py
[0.093s] -- Up-to-date: /home/brc/DD_Nav_WS/dd_gazebo_ws/install/dd_gazebo/share/dd_gazebo/rviz
[0.093s] -- Up-to-date: /home/brc/DD_Nav_WS/dd_gazebo_ws/install/dd_gazebo/share/dd_gazebo/rviz/drone_sim_config.rviz
[0.093s] -- Up-to-date: /home/brc/DD_Nav_WS/dd_gazebo_ws/install/dd_gazebo/share/dd_gazebo/config
[0.093s] -- Up-to-date: /home/brc/DD_Nav_WS/dd_gazebo_ws/install/dd_gazebo/share/dd_gazebo/config/nav2_params.yaml
[0.094s] -- Up-to-date: /home/brc/DD_Nav_WS/dd_gazebo_ws/install/dd_gazebo/share/dd_gazebo/config/ekf.yaml
[0.094s] -- Up-to-date: /home/brc/DD_Nav_WS/dd_gazebo_ws/install/dd_gazebo/share/dd_gazebo/worlds
[0.094s] -- Up-to-date: /home/brc/DD_Nav_WS/dd_gazebo_ws/install/dd_gazebo/share/dd_gazebo/worlds/test_world.dae
[0.094s] -- Up-to-date: /home/brc/DD_Nav_WS/dd_gazebo_ws/install/dd_gazebo/share/dd_gazebo/worlds/my_world.world
[0.094s] -- Up-to-date: /home/brc/DD_Nav_WS/dd_gazebo_ws/install/dd_gazebo/share/dd_gazebo/worlds/simple_world.sdf
[0.094s] -- Up-to-date: /home/brc/DD_Nav_WS/dd_gazebo_ws/install/dd_gazebo/share/dd_gazebo/worlds/ksql_airport.world
[0.096s] Invoked command in '/home/brc/DD_Nav_WS/dd_gazebo_ws/build/dd_gazebo' returned '0': CMAKE_PREFIX_PATH=${CMAKE_PREFIX_PATH}:/home/brc/DD_Nav_WS/dd_gazebo_ws/install/px4_offboard:/opt/ros/humble /usr/bin/cmake --install /home/brc/DD_Nav_WS/dd_gazebo_ws/build/dd_gazebo
