[0.132s] Invoking command in '/home/dronedelivery/Desktop/DD_Nav_WS/dd_gazebo_ws/build/dd_gazebo': /usr/bin/cmake /home/dronedelivery/Desktop/DD_Nav_WS/dd_gazebo_ws/dd_gazebo -DCMAKE_INSTALL_PREFIX=/home/dronedelivery/Desktop/DD_Nav_WS/dd_gazebo_ws/install/dd_gazebo
[1.932s] -- The C compiler identification is GNU 11.4.0
[2.943s] -- The CXX compiler identification is GNU 11.4.0
[3.150s] -- Detecting C compiler ABI info
[3.466s] -- Detecting C compiler ABI info - done
[3.478s] -- Check for working C compiler: /usr/bin/cc - skipped
[3.479s] -- Detecting C compile features
[3.504s] -- Detecting C compile features - done
[3.545s] -- Detecting CXX compiler ABI info
[3.767s] -- Detecting CXX compiler ABI info - done
[3.779s] -- Check for working CXX compiler: /usr/bin/c++ - skipped
[3.780s] -- Detecting CXX compile features
[3.780s] -- Detecting CXX compile features - done
[3.823s] [31mCMake Error at CMakeLists.txt:9 (find_package):
[3.824s]   By not providing "Findament_cmake.cmake" in CMAKE_MODULE_PATH this project
[3.824s]   has asked CMake to find a package configuration file provided by
[3.824s]   "ament_cmake", but CMake did not find one.
[3.824s] 
[3.825s]   Could not find a package configuration file provided by "ament_cmake" with
[3.825s]   any of the following names:
[3.825s] 
[3.825s]     ament_cmakeConfig.cmake
[3.825s]     ament_cmake-config.cmake
[3.826s] 
[3.826s]   Add the installation prefix of "ament_cmake" to CMAKE_PREFIX_PATH or set
[3.826s]   "ament_cmake_DIR" to a directory containing one of the above files.  If
[3.826s]   "ament_cmake" provides a separate development package or SDK, be sure it
[3.827s]   has been installed.
[3.827s] 
[3.827s] [0m
[3.827s] -- Configuring incomplete, errors occurred!
[3.827s] See also "/home/dronedelivery/Desktop/DD_Nav_WS/dd_gazebo_ws/build/dd_gazebo/CMakeFiles/CMakeOutput.log".
[3.830s] Invoked command in '/home/dronedelivery/Desktop/DD_Nav_WS/dd_gazebo_ws/build/dd_gazebo' returned '1': /usr/bin/cmake /home/dronedelivery/Desktop/DD_Nav_WS/dd_gazebo_ws/dd_gazebo -DCMAKE_INSTALL_PREFIX=/home/dronedelivery/Desktop/DD_Nav_WS/dd_gazebo_ws/install/dd_gazebo
