-- Install configuration: ""
-- Installing: /home/brc/DD_Nav_WS/dd_gazebo_ws/install/dd_gazebo/share/ament_index/resource_index/package_run_dependencies/dd_gazebo
-- Installing: /home/brc/DD_Nav_WS/dd_gazebo_ws/install/dd_gazebo/share/ament_index/resource_index/parent_prefix_path/dd_gazebo
-- Installing: /home/brc/DD_Nav_WS/dd_gazebo_ws/install/dd_gazebo/share/dd_gazebo/environment/ament_prefix_path.sh
-- Installing: /home/brc/DD_Nav_WS/dd_gazebo_ws/install/dd_gazebo/share/dd_gazebo/environment/ament_prefix_path.dsv
-- Installing: /home/brc/DD_Nav_WS/dd_gazebo_ws/install/dd_gazebo/share/dd_gazebo/environment/path.sh
-- Installing: /home/brc/DD_Nav_WS/dd_gazebo_ws/install/dd_gazebo/share/dd_gazebo/environment/path.dsv
-- Installing: /home/brc/DD_Nav_WS/dd_gazebo_ws/install/dd_gazebo/share/dd_gazebo/local_setup.bash
-- Installing: /home/brc/DD_Nav_WS/dd_gazebo_ws/install/dd_gazebo/share/dd_gazebo/local_setup.sh
-- Installing: /home/brc/DD_Nav_WS/dd_gazebo_ws/install/dd_gazebo/share/dd_gazebo/local_setup.zsh
-- Installing: /home/brc/DD_Nav_WS/dd_gazebo_ws/install/dd_gazebo/share/dd_gazebo/local_setup.dsv
-- Installing: /home/brc/DD_Nav_WS/dd_gazebo_ws/install/dd_gazebo/share/dd_gazebo/package.dsv
-- Installing: /home/brc/DD_Nav_WS/dd_gazebo_ws/install/dd_gazebo/share/ament_index/resource_index/packages/dd_gazebo
-- Installing: /home/brc/DD_Nav_WS/dd_gazebo_ws/install/dd_gazebo/share/dd_gazebo/cmake/dd_gazeboConfig.cmake
-- Installing: /home/brc/DD_Nav_WS/dd_gazebo_ws/install/dd_gazebo/share/dd_gazebo/cmake/dd_gazeboConfig-version.cmake
-- Installing: /home/brc/DD_Nav_WS/dd_gazebo_ws/install/dd_gazebo/share/dd_gazebo/package.xml
-- Installing: /home/brc/DD_Nav_WS/dd_gazebo_ws/install/dd_gazebo/share/dd_gazebo/src
-- Installing: /home/brc/DD_Nav_WS/dd_gazebo_ws/install/dd_gazebo/share/dd_gazebo/src/main.cpp
-- Installing: /home/brc/DD_Nav_WS/dd_gazebo_ws/install/dd_gazebo/share/dd_gazebo/launch
-- Installing: /home/brc/DD_Nav_WS/dd_gazebo_ws/install/dd_gazebo/share/dd_gazebo/launch/navigation.launch.py
-- Installing: /home/brc/DD_Nav_WS/dd_gazebo_ws/install/dd_gazebo/share/dd_gazebo/launch/simulation.launch.py
-- Installing: /home/brc/DD_Nav_WS/dd_gazebo_ws/install/dd_gazebo/share/dd_gazebo/rviz
-- Installing: /home/brc/DD_Nav_WS/dd_gazebo_ws/install/dd_gazebo/share/dd_gazebo/rviz/drone_sim_config.rviz
-- Installing: /home/brc/DD_Nav_WS/dd_gazebo_ws/install/dd_gazebo/share/dd_gazebo/config
-- Installing: /home/brc/DD_Nav_WS/dd_gazebo_ws/install/dd_gazebo/share/dd_gazebo/config/nav2_params.yaml
-- Installing: /home/brc/DD_Nav_WS/dd_gazebo_ws/install/dd_gazebo/share/dd_gazebo/config/ekf.yaml
-- Installing: /home/brc/DD_Nav_WS/dd_gazebo_ws/install/dd_gazebo/share/dd_gazebo/worlds
-- Installing: /home/brc/DD_Nav_WS/dd_gazebo_ws/install/dd_gazebo/share/dd_gazebo/worlds/test_world.dae
-- Installing: /home/brc/DD_Nav_WS/dd_gazebo_ws/install/dd_gazebo/share/dd_gazebo/worlds/my_world.world
-- Installing: /home/brc/DD_Nav_WS/dd_gazebo_ws/install/dd_gazebo/share/dd_gazebo/worlds/simple_world.sdf
-- Installing: /home/brc/DD_Nav_WS/dd_gazebo_ws/install/dd_gazebo/share/dd_gazebo/worlds/ksql_airport.world
