[0.017s] Invoking command in '/home/ubuntu/Desktop/DD_Nav_WS/dd_gazebo_ws/build/dd_gazebo': CMAKE_PREFIX_PATH=${CMAKE_PREFIX_PATH}:/opt/ros/humble /usr/bin/cmake --build /home/ubuntu/Desktop/DD_Nav_WS/dd_gazebo_ws/build/dd_gazebo -- -j8 -l8
[0.082s] Invoked command in '/home/ubuntu/Desktop/DD_Nav_WS/dd_gazebo_ws/build/dd_gazebo' returned '0': CMAKE_PREFIX_PATH=${CMAKE_PREFIX_PATH}:/opt/ros/humble /usr/bin/cmake --build /home/ubuntu/Desktop/DD_Nav_WS/dd_gazebo_ws/build/dd_gazebo -- -j8 -l8
[0.114s] Invoking command in '/home/ubuntu/Desktop/DD_Nav_WS/dd_gazebo_ws/build/dd_gazebo': CMAKE_PREFIX_PATH=${CMAKE_PREFIX_PATH}:/opt/ros/humble /usr/bin/cmake --install /home/ubuntu/Desktop/DD_Nav_WS/dd_gazebo_ws/build/dd_gazebo
[0.124s] -- Install configuration: ""
[0.124s] -- Up-to-date: /home/ubuntu/Desktop/DD_Nav_WS/dd_gazebo_ws/install/dd_gazebo/share/ament_index/resource_index/package_run_dependencies/dd_gazebo
[0.124s] -- Up-to-date: /home/ubuntu/Desktop/DD_Nav_WS/dd_gazebo_ws/install/dd_gazebo/share/ament_index/resource_index/parent_prefix_path/dd_gazebo
[0.124s] -- Up-to-date: /home/ubuntu/Desktop/DD_Nav_WS/dd_gazebo_ws/install/dd_gazebo/share/dd_gazebo/environment/ament_prefix_path.sh
[0.124s] -- Up-to-date: /home/ubuntu/Desktop/DD_Nav_WS/dd_gazebo_ws/install/dd_gazebo/share/dd_gazebo/environment/ament_prefix_path.dsv
[0.124s] -- Up-to-date: /home/ubuntu/Desktop/DD_Nav_WS/dd_gazebo_ws/install/dd_gazebo/share/dd_gazebo/environment/path.sh
[0.125s] -- Up-to-date: /home/ubuntu/Desktop/DD_Nav_WS/dd_gazebo_ws/install/dd_gazebo/share/dd_gazebo/environment/path.dsv
[0.125s] -- Up-to-date: /home/ubuntu/Desktop/DD_Nav_WS/dd_gazebo_ws/install/dd_gazebo/share/dd_gazebo/local_setup.bash
[0.125s] -- Up-to-date: /home/ubuntu/Desktop/DD_Nav_WS/dd_gazebo_ws/install/dd_gazebo/share/dd_gazebo/local_setup.sh
[0.125s] -- Up-to-date: /home/ubuntu/Desktop/DD_Nav_WS/dd_gazebo_ws/install/dd_gazebo/share/dd_gazebo/local_setup.zsh
[0.125s] -- Up-to-date: /home/ubuntu/Desktop/DD_Nav_WS/dd_gazebo_ws/install/dd_gazebo/share/dd_gazebo/local_setup.dsv
[0.125s] -- Installing: /home/ubuntu/Desktop/DD_Nav_WS/dd_gazebo_ws/install/dd_gazebo/share/dd_gazebo/package.dsv
[0.125s] -- Up-to-date: /home/ubuntu/Desktop/DD_Nav_WS/dd_gazebo_ws/install/dd_gazebo/share/ament_index/resource_index/packages/dd_gazebo
[0.125s] -- Up-to-date: /home/ubuntu/Desktop/DD_Nav_WS/dd_gazebo_ws/install/dd_gazebo/share/dd_gazebo/cmake/dd_gazeboConfig.cmake
[0.125s] -- Up-to-date: /home/ubuntu/Desktop/DD_Nav_WS/dd_gazebo_ws/install/dd_gazebo/share/dd_gazebo/cmake/dd_gazeboConfig-version.cmake
[0.126s] -- Up-to-date: /home/ubuntu/Desktop/DD_Nav_WS/dd_gazebo_ws/install/dd_gazebo/share/dd_gazebo/package.xml
[0.126s] -- Up-to-date: /home/ubuntu/Desktop/DD_Nav_WS/dd_gazebo_ws/install/dd_gazebo/share/dd_gazebo/src
[0.126s] -- Up-to-date: /home/ubuntu/Desktop/DD_Nav_WS/dd_gazebo_ws/install/dd_gazebo/share/dd_gazebo/src/description
[0.126s] -- Up-to-date: /home/ubuntu/Desktop/DD_Nav_WS/dd_gazebo_ws/install/dd_gazebo/share/dd_gazebo/src/description/drone_description.urdf
[0.126s] -- Up-to-date: /home/ubuntu/Desktop/DD_Nav_WS/dd_gazebo_ws/install/dd_gazebo/share/dd_gazebo/src/main.cpp
[0.126s] -- Up-to-date: /home/ubuntu/Desktop/DD_Nav_WS/dd_gazebo_ws/install/dd_gazebo/share/dd_gazebo/launch
[0.126s] -- Installing: /home/ubuntu/Desktop/DD_Nav_WS/dd_gazebo_ws/install/dd_gazebo/share/dd_gazebo/launch/simulation.launch.py
[0.126s] -- Up-to-date: /home/ubuntu/Desktop/DD_Nav_WS/dd_gazebo_ws/install/dd_gazebo/share/dd_gazebo/rviz
[0.126s] -- Up-to-date: /home/ubuntu/Desktop/DD_Nav_WS/dd_gazebo_ws/install/dd_gazebo/share/dd_gazebo/rviz/drone_sim_config.rviz
[0.128s] Invoked command in '/home/ubuntu/Desktop/DD_Nav_WS/dd_gazebo_ws/build/dd_gazebo' returned '0': CMAKE_PREFIX_PATH=${CMAKE_PREFIX_PATH}:/opt/ros/humble /usr/bin/cmake --install /home/ubuntu/Desktop/DD_Nav_WS/dd_gazebo_ws/build/dd_gazebo
