[01m[K/home/brc/DD_Nav_WS/dd_gazebo_ws/src/drone_nav/src/stabilized_tf_broadcaster.cpp:[m[K In member function ‘[01m[Kvoid StabilizedBroadcaster::tf_sub_callback(std::shared_ptr<sensor_msgs::msg::Imu_<std::allocator<void> > >)[m[K’:
[01m[K/home/brc/DD_Nav_WS/dd_gazebo_ws/src/drone_nav/src/stabilized_tf_broadcaster.cpp:20:10:[m[K [01;35m[Kwarning: [m[Kvariable ‘[01m[Ktemp_var[m[K’ set but not used [[01;35m[K]8;;https://gcc.gnu.org/onlinedocs/gcc/Warning-Options.html#index-Wunused-but-set-variable-Wunused-but-set-variable]8;;[m[K]
   20 |     auto [01;35m[Ktemp_var[m[K = msg->header.stamp;
      |          [01;35m[K^~~~~~~~[m[K
In file included from [01m[K/opt/ros/humble/include/rclcpp/rclcpp/create_publisher.hpp:22[m[K,
                 from [01m[K/opt/ros/humble/include/rclcpp/rclcpp/node_impl.hpp:41[m[K,
                 from [01m[K/opt/ros/humble/include/rclcpp/rclcpp/node.hpp:1321[m[K,
                 from [01m[K/opt/ros/humble/include/rclcpp/rclcpp/executors/single_threaded_executor.hpp:28[m[K,
                 from [01m[K/opt/ros/humble/include/rclcpp/rclcpp/executors.hpp:22[m[K,
                 from [01m[K/opt/ros/humble/include/rclcpp/rclcpp/rclcpp.hpp:155[m[K,
                 from [01m[K/home/brc/DD_Nav_WS/dd_gazebo_ws/src/drone_nav/include/drone_nav/odom_publisher_broadcaster.hpp:11[m[K,
                 from [01m[K/home/brc/DD_Nav_WS/dd_gazebo_ws/src/drone_nav/src/odom_publisher_broadcaster.cpp:1[m[K:
/opt/ros/humble/include/rclcpp/rclcpp/node_interfaces/get_node_topics_interface.hpp: In instantiation of ‘[01m[Kstd::shared_ptr<rclcpp::node_interfaces::NodeTopicsInterface> rclcpp::node_interfaces::get_node_topics_interface(NodeType&&) [with NodeType = OdomPublisherBroadcaster&; typename std::enable_if<(! rcpputils::is_pointer<T>::value), int>::type <anonymous> = 0][m[K’:
[01m[K/opt/ros/humble/include/rclcpp/rclcpp/create_publisher.hpp:56:82:[m[K   required from ‘[01m[Kstd::shared_ptr<PublisherT> rclcpp::detail::create_publisher(NodeParametersT&, NodeTopicsT&, const string&, const rclcpp::QoS&, const rclcpp::PublisherOptionsWithAllocator<AllocatorT>&) [with MessageT = tf2_msgs::msg::TFMessage_<std::allocator<void> >; AllocatorT = std::allocator<void>; PublisherT = rclcpp::Publisher<tf2_msgs::msg::TFMessage_<std::allocator<void> > >; NodeParametersT = OdomPublisherBroadcaster; NodeTopicsT = OdomPublisherBroadcaster; std::string = std::__cxx11::basic_string<char>][m[K’
[01m[K/opt/ros/humble/include/rclcpp/rclcpp/create_publisher.hpp:103:68:[m[K   required from ‘[01m[Kstd::shared_ptr<PublisherT> rclcpp::create_publisher(NodeT&&, const string&, const rclcpp::QoS&, const rclcpp::PublisherOptionsWithAllocator<AllocatorT>&) [with MessageT = tf2_msgs::msg::TFMessage_<std::allocator<void> >; AllocatorT = std::allocator<void>; PublisherT = rclcpp::Publisher<tf2_msgs::msg::TFMessage_<std::allocator<void> > >; NodeT = OdomPublisherBroadcaster&; std::string = std::__cxx11::basic_string<char>][m[K’
[01m[K/opt/ros/humble/include/tf2_ros/tf2_ros/transform_broadcaster.h:71:68:[m[K   required from ‘[01m[Ktf2_ros::TransformBroadcaster::TransformBroadcaster(NodeT&&, const rclcpp::QoS&, const rclcpp::PublisherOptionsWithAllocator<AllocatorT>&) [with NodeT = OdomPublisherBroadcaster&; AllocatorT = std::allocator<void>][m[K’
[01m[K/usr/include/c++/11/bits/unique_ptr.h:962:30:[m[K   required from ‘[01m[Ktypename std::_MakeUniq<_Tp>::__single_object std::make_unique(_Args&& ...) [with _Tp = tf2_ros::TransformBroadcaster; _Args = {OdomPublisherBroadcaster&}; typename std::_MakeUniq<_Tp>::__single_object = std::unique_ptr<tf2_ros::TransformBroadcaster>][m[K’
[01m[K/home/brc/DD_Nav_WS/dd_gazebo_ws/src/drone_nav/src/odom_publisher_broadcaster.cpp:6:70:[m[K   required from here
[01m[K/opt/ros/humble/include/rclcpp/rclcpp/node_interfaces/get_node_topics_interface.hpp:90:56:[m[K [01;31m[Kerror: [m[Kno matching function for call to ‘[01m[Kget_node_topics_interface_from_pointer(OdomPublisherBroadcaster*)[m[K’
   90 |   return [01;31m[Kdetail::get_node_topics_interface_from_pointer(&node)[m[K;
      |          [01;31m[K~~~~~~~~~~~~~~~~~~~~~~~~~~~~~~~~~~~~~~~~~~~~~~^~~~~~~[m[K
[01m[K/opt/ros/humble/include/rclcpp/rclcpp/node_interfaces/get_node_topics_interface.hpp:53:1:[m[K [01;36m[Knote: [m[Kcandidate: ‘[01m[Ktemplate<class NodeType, typename std::enable_if<rclcpp::node_interfaces::has_node_topics_interface<typename rcpputils::remove_pointer<T>::type>::value, int>::type <anonymous> > std::shared_ptr<rclcpp::node_interfaces::NodeTopicsInterface> rclcpp::node_interfaces::detail::get_node_topics_interface_from_pointer(NodeType)[m[K’
   53 | [01;36m[Kget_node_topics_interface_from_pointer[m[K(NodeType node_pointer)
      | [01;36m[K^~~~~~~~~~~~~~~~~~~~~~~~~~~~~~~~~~~~~~[m[K
[01m[K/opt/ros/humble/include/rclcpp/rclcpp/node_interfaces/get_node_topics_interface.hpp:53:1:[m[K [01;36m[Knote: [m[K  template argument deduction/substitution failed:
[01m[K/opt/ros/humble/include/rclcpp/rclcpp/node_interfaces/get_node_topics_interface.hpp:50:26:[m[K [01;31m[Kerror: [m[Kno type named ‘[01m[Ktype[m[K’ in ‘[01m[Kstruct std::enable_if<false, int>[m[K’
   50 |   >::value, int>::type = [01;31m[K0[m[K
      |                          [01;31m[K^[m[K
gmake[2]: *** [CMakeFiles/odom_publisher_broadcaster.dir/build.make:76: CMakeFiles/odom_publisher_broadcaster.dir/src/odom_publisher_broadcaster.cpp.o] Error 1
gmake[1]: *** [CMakeFiles/Makefile2:193: CMakeFiles/odom_publisher_broadcaster.dir/all] Error 2
gmake[1]: *** Waiting for unfinished jobs....
gmake: *** [Makefile:146: all] Error 2
