[0.046s] Invoking command in '/home/brc/DD_Nav_WS/dd_gazebo_ws/build/drone_nav': CMAKE_PREFIX_PATH=/home/brc/DD_Nav_WS/dd_gazebo_ws/install/px4_ros_com:/home/brc/DD_Nav_WS/dd_gazebo_ws/install/px4_msgs:/home/brc/DD_Nav_WS/dd_gazebo_ws/install/drone_nav:/home/brc/DD_Nav_WS/dd_gazebo_ws/install/dd_gazebo:/home/brc/DD_Nav_WS/dd_gazebo_ws/install/px4_offboard:/opt/ros/humble /usr/bin/cmake --build /home/brc/DD_Nav_WS/dd_gazebo_ws/build/drone_nav -- -j8 -l8
[0.084s] -- Found ament_cmake: 1.3.5 (/opt/ros/humble/share/ament_cmake/cmake)
[0.195s] -- Found rclcpp: 16.0.6 (/opt/ros/humble/share/rclcpp/cmake)
[0.221s] -- Found rosidl_generator_c: 3.1.5 (/opt/ros/humble/share/rosidl_generator_c/cmake)
[0.223s] -- Found rosidl_adapter: 3.1.5 (/opt/ros/humble/share/rosidl_adapter/cmake)
[0.228s] -- Found rosidl_generator_cpp: 3.1.5 (/opt/ros/humble/share/rosidl_generator_cpp/cmake)
[0.236s] -- Using all available rosidl_typesupport_c: rosidl_typesupport_fastrtps_c;rosidl_typesupport_introspection_c
[0.246s] -- Using all available rosidl_typesupport_cpp: rosidl_typesupport_fastrtps_cpp;rosidl_typesupport_introspection_cpp
[0.284s] -- Found rmw_implementation_cmake: 6.1.1 (/opt/ros/humble/share/rmw_implementation_cmake/cmake)
[0.285s] -- Found rmw_fastrtps_cpp: 6.2.4 (/opt/ros/humble/share/rmw_fastrtps_cpp/cmake)
[0.383s] -- Using RMW implementation 'rmw_fastrtps_cpp' as default
[0.514s] -- Found rclpy: 3.3.10 (/opt/ros/humble/share/rclpy/cmake)
[0.514s] -- Found geometry_msgs: 4.2.3 (/opt/ros/humble/share/geometry_msgs/cmake)
[0.546s] -- Found tf2: 0.25.4 (/opt/ros/humble/share/tf2/cmake)
[0.556s] -- Found tf2_ros: 0.25.4 (/opt/ros/humble/share/tf2_ros/cmake)
[0.761s] -- Found sensor_msgs: 4.2.3 (/opt/ros/humble/share/sensor_msgs/cmake)
[0.810s] -- Found px4_msgs: 2.0.1 (/home/brc/DD_Nav_WS/dd_gazebo_ws/install/px4_msgs/share/px4_msgs/cmake)
[0.833s] -- Found nav_msgs: 4.2.3 (/opt/ros/humble/share/nav_msgs/cmake)
[0.883s] -- Found px4_ros_com: 0.1.0 (/home/brc/DD_Nav_WS/dd_gazebo_ws/install/px4_ros_com/share/px4_ros_com/cmake)
[0.909s] -- Found ament_lint_auto: 0.12.8 (/opt/ros/humble/share/ament_lint_auto/cmake)
[0.962s] -- Added test 'cppcheck' to perform static code analysis on C / C++ code
[0.962s] -- Configured cppcheck include dirs: 
[0.962s] -- Configured cppcheck exclude dirs and/or files: 
[0.962s] -- Added test 'flake8' to check Python code syntax and style conventions
[0.963s] -- Added test 'lint_cmake' to check CMake code style
[0.963s] -- Added test 'pep257' to check Python code against some of the docstring style conventions in PEP 257
[0.964s] -- Added test 'uncrustify' to check C / C++ code style
[0.964s] -- Configured uncrustify additional arguments: 
[0.964s] -- Added test 'xmllint' to check XML markup files
[0.968s] -- Configuring done
[0.984s] -- Generating done
[0.986s] -- Build files have been written to: /home/brc/DD_Nav_WS/dd_gazebo_ws/build/drone_nav
[1.006s] [35m[1mConsolidate compiler generated dependencies of target stabilized_tf_broadcaster[0m
[1.008s] [35m[1mConsolidate compiler generated dependencies of target footprint_tf_broadcaster[0m
[1.016s] [ 16%] [32mBuilding CXX object CMakeFiles/odom_publisher_broadcaster.dir/src/odom_publisher_broadcaster.cpp.o[0m
[1.021s] [ 33%] [32mBuilding CXX object CMakeFiles/stabilized_tf_broadcaster.dir/src/stabilized_tf_broadcaster.cpp.o[0m
[1.022s] [ 50%] [32mBuilding CXX object CMakeFiles/footprint_tf_broadcaster.dir/src/footprint_tf_broadcaster.cpp.o[0m
[2.940s] [01m[K/home/brc/DD_Nav_WS/dd_gazebo_ws/src/drone_nav/src/stabilized_tf_broadcaster.cpp:[m[K In member function ‘[01m[Kvoid StabilizedBroadcaster::tf_sub_callback(std::shared_ptr<sensor_msgs::msg::Imu_<std::allocator<void> > >)[m[K’:
[2.940s] [01m[K/home/brc/DD_Nav_WS/dd_gazebo_ws/src/drone_nav/src/stabilized_tf_broadcaster.cpp:20:10:[m[K [01;35m[Kwarning: [m[Kvariable ‘[01m[Ktemp_var[m[K’ set but not used [[01;35m[K]8;;https://gcc.gnu.org/onlinedocs/gcc/Warning-Options.html#index-Wunused-but-set-variable-Wunused-but-set-variable]8;;[m[K]
[2.940s]    20 |     auto [01;35m[Ktemp_var[m[K = msg->header.stamp;
[2.940s]       |          [01;35m[K^~~~~~~~[m[K
[4.110s] In file included from [01m[K/opt/ros/humble/include/rclcpp/rclcpp/create_publisher.hpp:22[m[K,
[4.110s]                  from [01m[K/opt/ros/humble/include/rclcpp/rclcpp/node_impl.hpp:41[m[K,
[4.110s]                  from [01m[K/opt/ros/humble/include/rclcpp/rclcpp/node.hpp:1321[m[K,
[4.110s]                  from [01m[K/opt/ros/humble/include/rclcpp/rclcpp/executors/single_threaded_executor.hpp:28[m[K,
[4.110s]                  from [01m[K/opt/ros/humble/include/rclcpp/rclcpp/executors.hpp:22[m[K,
[4.110s]                  from [01m[K/opt/ros/humble/include/rclcpp/rclcpp/rclcpp.hpp:155[m[K,
[4.110s]                  from [01m[K/home/brc/DD_Nav_WS/dd_gazebo_ws/src/drone_nav/include/drone_nav/odom_publisher_broadcaster.hpp:11[m[K,
[4.110s]                  from [01m[K/home/brc/DD_Nav_WS/dd_gazebo_ws/src/drone_nav/src/odom_publisher_broadcaster.cpp:1[m[K:
[4.110s] /opt/ros/humble/include/rclcpp/rclcpp/node_interfaces/get_node_topics_interface.hpp: In instantiation of ‘[01m[Kstd::shared_ptr<rclcpp::node_interfaces::NodeTopicsInterface> rclcpp::node_interfaces::get_node_topics_interface(NodeType&&) [with NodeType = OdomPublisherBroadcaster&; typename std::enable_if<(! rcpputils::is_pointer<T>::value), int>::type <anonymous> = 0][m[K’:
[4.111s] [01m[K/opt/ros/humble/include/rclcpp/rclcpp/create_publisher.hpp:56:82:[m[K   required from ‘[01m[Kstd::shared_ptr<PublisherT> rclcpp::detail::create_publisher(NodeParametersT&, NodeTopicsT&, const string&, const rclcpp::QoS&, const rclcpp::PublisherOptionsWithAllocator<AllocatorT>&) [with MessageT = tf2_msgs::msg::TFMessage_<std::allocator<void> >; AllocatorT = std::allocator<void>; PublisherT = rclcpp::Publisher<tf2_msgs::msg::TFMessage_<std::allocator<void> > >; NodeParametersT = OdomPublisherBroadcaster; NodeTopicsT = OdomPublisherBroadcaster; std::string = std::__cxx11::basic_string<char>][m[K’
[4.111s] [01m[K/opt/ros/humble/include/rclcpp/rclcpp/create_publisher.hpp:103:68:[m[K   required from ‘[01m[Kstd::shared_ptr<PublisherT> rclcpp::create_publisher(NodeT&&, const string&, const rclcpp::QoS&, const rclcpp::PublisherOptionsWithAllocator<AllocatorT>&) [with MessageT = tf2_msgs::msg::TFMessage_<std::allocator<void> >; AllocatorT = std::allocator<void>; PublisherT = rclcpp::Publisher<tf2_msgs::msg::TFMessage_<std::allocator<void> > >; NodeT = OdomPublisherBroadcaster&; std::string = std::__cxx11::basic_string<char>][m[K’
[4.111s] [01m[K/opt/ros/humble/include/tf2_ros/tf2_ros/transform_broadcaster.h:71:68:[m[K   required from ‘[01m[Ktf2_ros::TransformBroadcaster::TransformBroadcaster(NodeT&&, const rclcpp::QoS&, const rclcpp::PublisherOptionsWithAllocator<AllocatorT>&) [with NodeT = OdomPublisherBroadcaster&; AllocatorT = std::allocator<void>][m[K’
[4.111s] [01m[K/usr/include/c++/11/bits/unique_ptr.h:962:30:[m[K   required from ‘[01m[Ktypename std::_MakeUniq<_Tp>::__single_object std::make_unique(_Args&& ...) [with _Tp = tf2_ros::TransformBroadcaster; _Args = {OdomPublisherBroadcaster&}; typename std::_MakeUniq<_Tp>::__single_object = std::unique_ptr<tf2_ros::TransformBroadcaster>][m[K’
[4.111s] [01m[K/home/brc/DD_Nav_WS/dd_gazebo_ws/src/drone_nav/src/odom_publisher_broadcaster.cpp:6:70:[m[K   required from here
[4.111s] [01m[K/opt/ros/humble/include/rclcpp/rclcpp/node_interfaces/get_node_topics_interface.hpp:90:56:[m[K [01;31m[Kerror: [m[Kno matching function for call to ‘[01m[Kget_node_topics_interface_from_pointer(OdomPublisherBroadcaster*)[m[K’
[4.111s]    90 |   return [01;31m[Kdetail::get_node_topics_interface_from_pointer(&node)[m[K;
[4.111s]       |          [01;31m[K~~~~~~~~~~~~~~~~~~~~~~~~~~~~~~~~~~~~~~~~~~~~~~^~~~~~~[m[K
[4.111s] [01m[K/opt/ros/humble/include/rclcpp/rclcpp/node_interfaces/get_node_topics_interface.hpp:53:1:[m[K [01;36m[Knote: [m[Kcandidate: ‘[01m[Ktemplate<class NodeType, typename std::enable_if<rclcpp::node_interfaces::has_node_topics_interface<typename rcpputils::remove_pointer<T>::type>::value, int>::type <anonymous> > std::shared_ptr<rclcpp::node_interfaces::NodeTopicsInterface> rclcpp::node_interfaces::detail::get_node_topics_interface_from_pointer(NodeType)[m[K’
[4.111s]    53 | [01;36m[Kget_node_topics_interface_from_pointer[m[K(NodeType node_pointer)
[4.111s]       | [01;36m[K^~~~~~~~~~~~~~~~~~~~~~~~~~~~~~~~~~~~~~[m[K
[4.111s] [01m[K/opt/ros/humble/include/rclcpp/rclcpp/node_interfaces/get_node_topics_interface.hpp:53:1:[m[K [01;36m[Knote: [m[K  template argument deduction/substitution failed:
[4.111s] [01m[K/opt/ros/humble/include/rclcpp/rclcpp/node_interfaces/get_node_topics_interface.hpp:50:26:[m[K [01;31m[Kerror: [m[Kno type named ‘[01m[Ktype[m[K’ in ‘[01m[Kstruct std::enable_if<false, int>[m[K’
[4.112s]    50 |   >::value, int>::type = [01;31m[K0[m[K
[4.112s]       |                          [01;31m[K^[m[K
[5.582s] gmake[2]: *** [CMakeFiles/odom_publisher_broadcaster.dir/build.make:76: CMakeFiles/odom_publisher_broadcaster.dir/src/odom_publisher_broadcaster.cpp.o] Error 1
[5.583s] gmake[1]: *** [CMakeFiles/Makefile2:193: CMakeFiles/odom_publisher_broadcaster.dir/all] Error 2
[5.583s] gmake[1]: *** Waiting for unfinished jobs....
[7.619s] [ 66%] [32m[1mLinking CXX executable stabilized_tf_broadcaster[0m
[7.962s] [ 66%] Built target stabilized_tf_broadcaster
[8.170s] [ 83%] [32m[1mLinking CXX executable footprint_tf_broadcaster[0m
[8.460s] [ 83%] Built target footprint_tf_broadcaster
[8.461s] gmake: *** [Makefile:146: all] Error 2
[8.463s] Invoked command in '/home/brc/DD_Nav_WS/dd_gazebo_ws/build/drone_nav' returned '2': CMAKE_PREFIX_PATH=/home/brc/DD_Nav_WS/dd_gazebo_ws/install/px4_ros_com:/home/brc/DD_Nav_WS/dd_gazebo_ws/install/px4_msgs:/home/brc/DD_Nav_WS/dd_gazebo_ws/install/drone_nav:/home/brc/DD_Nav_WS/dd_gazebo_ws/install/dd_gazebo:/home/brc/DD_Nav_WS/dd_gazebo_ws/install/px4_offboard:/opt/ros/humble /usr/bin/cmake --build /home/brc/DD_Nav_WS/dd_gazebo_ws/build/drone_nav -- -j8 -l8
