[0.677s] Invoking command in '/home/brc/DD_Nav_WS/dd_gazebo_ws/src/px4_offboard': CMAKE_PREFIX_PATH=/home/brc/DD_Nav_WS/dd_gazebo_ws/install/px4_msgs:/home/brc/DD_Nav_WS/dd_gazebo_ws/install/px4_ros_com:/home/brc/DD_Nav_WS/dd_gazebo_ws/install/dd_gazebo:/home/brc/DD_Nav_WS/dd_gazebo_ws/dd_gazebo/install/dd_gazebo LD_LIBRARY_PATH=/home/brc/DD_Nav_WS/dd_gazebo_ws/install/px4_msgs/lib:/home/brc/DD_Nav_WS/dd_gazebo_ws/install/px4_ros_com/lib:/opt/ros/humble/opt/rviz_ogre_vendor/lib:/opt/ros/humble/lib/x86_64-linux-gnu:/opt/ros/humble/lib PYTHONPATH=/home/brc/DD_Nav_WS/dd_gazebo_ws/build/px4_offboard/prefix_override:/home/brc/DD_Nav_WS/dd_gazebo_ws/install/px4_offboard/lib/python3.10/site-packages:${PYTHONPATH} /usr/bin/python3 setup.py egg_info --egg-base ../../build/px4_offboard build --build-base /home/brc/DD_Nav_WS/dd_gazebo_ws/build/px4_offboard/build install --record /home/brc/DD_Nav_WS/dd_gazebo_ws/build/px4_offboard/install.log --single-version-externally-managed
[0.825s] running egg_info
[0.825s] creating ../../build/px4_offboard/px4_offboard.egg-info
[0.839s] writing ../../build/px4_offboard/px4_offboard.egg-info/PKG-INFO
[0.840s] writing dependency_links to ../../build/px4_offboard/px4_offboard.egg-info/dependency_links.txt
[0.840s] writing entry points to ../../build/px4_offboard/px4_offboard.egg-info/entry_points.txt
[0.840s] writing requirements to ../../build/px4_offboard/px4_offboard.egg-info/requires.txt
[0.840s] writing top-level names to ../../build/px4_offboard/px4_offboard.egg-info/top_level.txt
[0.840s] writing manifest file '../../build/px4_offboard/px4_offboard.egg-info/SOURCES.txt'
[0.860s] reading manifest file '../../build/px4_offboard/px4_offboard.egg-info/SOURCES.txt'
[0.860s] adding license file 'LICENSE'
[0.861s] writing manifest file '../../build/px4_offboard/px4_offboard.egg-info/SOURCES.txt'
[0.861s] running build
[0.861s] running build_py
[0.862s] creating /home/brc/DD_Nav_WS/dd_gazebo_ws/build/px4_offboard/build
[0.862s] creating /home/brc/DD_Nav_WS/dd_gazebo_ws/build/px4_offboard/build/lib
[0.862s] creating /home/brc/DD_Nav_WS/dd_gazebo_ws/build/px4_offboard/build/lib/px4_offboard
[0.862s] copying px4_offboard/control.py -> /home/brc/DD_Nav_WS/dd_gazebo_ws/build/px4_offboard/build/lib/px4_offboard
[0.862s] copying px4_offboard/velocity_control.py -> /home/brc/DD_Nav_WS/dd_gazebo_ws/build/px4_offboard/build/lib/px4_offboard
[0.862s] copying px4_offboard/processes.py -> /home/brc/DD_Nav_WS/dd_gazebo_ws/build/px4_offboard/build/lib/px4_offboard
[0.862s] copying px4_offboard/__init__.py -> /home/brc/DD_Nav_WS/dd_gazebo_ws/build/px4_offboard/build/lib/px4_offboard
[0.862s] copying px4_offboard/visualizer.py -> /home/brc/DD_Nav_WS/dd_gazebo_ws/build/px4_offboard/build/lib/px4_offboard
[0.863s] running install
[0.863s] /home/brc/.local/lib/python3.10/site-packages/setuptools/_distutils/cmd.py:66: SetuptoolsDeprecationWarning: setup.py install is deprecated.
[0.863s] !!
[0.863s] 
[0.863s]         ********************************************************************************
[0.863s]         Please avoid running ``setup.py`` directly.
[0.863s]         Instead, use pypa/build, pypa/installer or other
[0.863s]         standards-based tools.
[0.863s] 
[0.864s]         See https://blog.ganssle.io/articles/2021/10/setup-py-deprecated.html for details.
[0.864s]         ********************************************************************************
[0.864s] 
[0.864s] !!
[0.864s]   self.initialize_options()
[0.867s] running install_lib
[0.877s] creating /home/brc/DD_Nav_WS/dd_gazebo_ws/install/px4_offboard/lib/python3.10/site-packages/px4_offboard
[0.877s] copying /home/brc/DD_Nav_WS/dd_gazebo_ws/build/px4_offboard/build/lib/px4_offboard/control.py -> /home/brc/DD_Nav_WS/dd_gazebo_ws/install/px4_offboard/lib/python3.10/site-packages/px4_offboard
[0.877s] copying /home/brc/DD_Nav_WS/dd_gazebo_ws/build/px4_offboard/build/lib/px4_offboard/velocity_control.py -> /home/brc/DD_Nav_WS/dd_gazebo_ws/install/px4_offboard/lib/python3.10/site-packages/px4_offboard
[0.878s] copying /home/brc/DD_Nav_WS/dd_gazebo_ws/build/px4_offboard/build/lib/px4_offboard/processes.py -> /home/brc/DD_Nav_WS/dd_gazebo_ws/install/px4_offboard/lib/python3.10/site-packages/px4_offboard
[0.878s] copying /home/brc/DD_Nav_WS/dd_gazebo_ws/build/px4_offboard/build/lib/px4_offboard/__init__.py -> /home/brc/DD_Nav_WS/dd_gazebo_ws/install/px4_offboard/lib/python3.10/site-packages/px4_offboard
[0.878s] copying /home/brc/DD_Nav_WS/dd_gazebo_ws/build/px4_offboard/build/lib/px4_offboard/visualizer.py -> /home/brc/DD_Nav_WS/dd_gazebo_ws/install/px4_offboard/lib/python3.10/site-packages/px4_offboard
[0.878s] byte-compiling /home/brc/DD_Nav_WS/dd_gazebo_ws/install/px4_offboard/lib/python3.10/site-packages/px4_offboard/control.py to control.cpython-310.pyc
[0.879s] byte-compiling /home/brc/DD_Nav_WS/dd_gazebo_ws/install/px4_offboard/lib/python3.10/site-packages/px4_offboard/velocity_control.py to velocity_control.cpython-310.pyc
[0.881s] byte-compiling /home/brc/DD_Nav_WS/dd_gazebo_ws/install/px4_offboard/lib/python3.10/site-packages/px4_offboard/processes.py to processes.cpython-310.pyc
[0.881s] byte-compiling /home/brc/DD_Nav_WS/dd_gazebo_ws/install/px4_offboard/lib/python3.10/site-packages/px4_offboard/__init__.py to __init__.cpython-310.pyc
[0.881s] byte-compiling /home/brc/DD_Nav_WS/dd_gazebo_ws/install/px4_offboard/lib/python3.10/site-packages/px4_offboard/visualizer.py to visualizer.cpython-310.pyc
[0.882s] running install_data
[0.891s] creating /home/brc/DD_Nav_WS/dd_gazebo_ws/install/px4_offboard/share/ament_index
[0.891s] creating /home/brc/DD_Nav_WS/dd_gazebo_ws/install/px4_offboard/share/ament_index/resource_index
[0.891s] creating /home/brc/DD_Nav_WS/dd_gazebo_ws/install/px4_offboard/share/ament_index/resource_index/packages
[0.891s] copying resource/px4_offboard -> /home/brc/DD_Nav_WS/dd_gazebo_ws/install/px4_offboard/share/ament_index/resource_index/packages
[0.891s] copying resource/visualize.rviz -> /home/brc/DD_Nav_WS/dd_gazebo_ws/install/px4_offboard/share/ament_index/resource_index/packages
[0.891s] copying package.xml -> /home/brc/DD_Nav_WS/dd_gazebo_ws/install/px4_offboard/share/px4_offboard
[0.892s] copying launch/offboard_velocity_control.launch.py -> /home/brc/DD_Nav_WS/dd_gazebo_ws/install/px4_offboard/share/px4_offboard
[0.892s] copying resource/visualize.rviz -> /home/brc/DD_Nav_WS/dd_gazebo_ws/install/px4_offboard/share/px4_offboard
[0.892s] running install_egg_info
[0.901s] Copying ../../build/px4_offboard/px4_offboard.egg-info to /home/brc/DD_Nav_WS/dd_gazebo_ws/install/px4_offboard/lib/python3.10/site-packages/px4_offboard-0.0.0-py3.10.egg-info
[0.902s] running install_scripts
[0.995s] Installing control script to /home/brc/DD_Nav_WS/dd_gazebo_ws/install/px4_offboard/lib/px4_offboard
[0.995s] Installing offboard_control script to /home/brc/DD_Nav_WS/dd_gazebo_ws/install/px4_offboard/lib/px4_offboard
[0.995s] Installing processes script to /home/brc/DD_Nav_WS/dd_gazebo_ws/install/px4_offboard/lib/px4_offboard
[0.996s] Installing velocity_control script to /home/brc/DD_Nav_WS/dd_gazebo_ws/install/px4_offboard/lib/px4_offboard
[0.996s] Installing visualizer script to /home/brc/DD_Nav_WS/dd_gazebo_ws/install/px4_offboard/lib/px4_offboard
[0.996s] writing list of installed files to '/home/brc/DD_Nav_WS/dd_gazebo_ws/build/px4_offboard/install.log'
[1.021s] Invoked command in '/home/brc/DD_Nav_WS/dd_gazebo_ws/src/px4_offboard' returned '0': CMAKE_PREFIX_PATH=/home/brc/DD_Nav_WS/dd_gazebo_ws/install/px4_msgs:/home/brc/DD_Nav_WS/dd_gazebo_ws/install/px4_ros_com:/home/brc/DD_Nav_WS/dd_gazebo_ws/install/dd_gazebo:/home/brc/DD_Nav_WS/dd_gazebo_ws/dd_gazebo/install/dd_gazebo LD_LIBRARY_PATH=/home/brc/DD_Nav_WS/dd_gazebo_ws/install/px4_msgs/lib:/home/brc/DD_Nav_WS/dd_gazebo_ws/install/px4_ros_com/lib:/opt/ros/humble/opt/rviz_ogre_vendor/lib:/opt/ros/humble/lib/x86_64-linux-gnu:/opt/ros/humble/lib PYTHONPATH=/home/brc/DD_Nav_WS/dd_gazebo_ws/build/px4_offboard/prefix_override:/home/brc/DD_Nav_WS/dd_gazebo_ws/install/px4_offboard/lib/python3.10/site-packages:${PYTHONPATH} /usr/bin/python3 setup.py egg_info --egg-base ../../build/px4_offboard build --build-base /home/brc/DD_Nav_WS/dd_gazebo_ws/build/px4_offboard/build install --record /home/brc/DD_Nav_WS/dd_gazebo_ws/build/px4_offboard/install.log --single-version-externally-managed
