[0.415s] DEBUG:colcon:Command line arguments: ['/usr/bin/colcon', 'build']
[0.416s] DEBUG:colcon:Parsed command line arguments: Namespace(log_base=None, log_level=None, verb_name='build', build_base='build', install_base='install', merge_install=False, symlink_install=False, test_result_base=None, continue_on_error=False, executor='parallel', parallel_workers=8, event_handlers=None, ignore_user_meta=False, metas=['./colcon.meta'], base_paths=['.'], packages_ignore=None, packages_ignore_regex=None, paths=None, packages_up_to=None, packages_up_to_regex=None, packages_above=None, packages_above_and_dependencies=None, packages_above_depth=None, packages_select_by_dep=None, packages_skip_by_dep=None, packages_skip_up_to=None, packages_select_build_failed=False, packages_skip_build_finished=False, packages_select_test_failures=False, packages_skip_test_passed=False, packages_select=None, packages_skip=None, packages_select_regex=None, packages_skip_regex=None, packages_start=None, packages_end=None, allow_overriding=[], cmake_args=None, cmake_target=None, cmake_target_skip_unavailable=False, cmake_clean_cache=False, cmake_clean_first=False, cmake_force_configure=False, ament_cmake_args=None, catkin_cmake_args=None, catkin_skip_building_tests=False, verb_parser=<colcon_defaults.argument_parser.defaults.DefaultArgumentsDecorator object at 0xffff8e468850>, verb_extension=<colcon_core.verb.build.BuildVerb object at 0xffff8e655450>, main=<bound method BuildVerb.main of <colcon_core.verb.build.BuildVerb object at 0xffff8e655450>>)
[0.721s] Level 1:colcon.colcon_core.package_discovery:discover_packages(colcon_meta) check parameters
[0.722s] Level 1:colcon.colcon_core.package_discovery:discover_packages(recursive) check parameters
[0.722s] Level 1:colcon.colcon_core.package_discovery:discover_packages(ignore) check parameters
[0.722s] Level 1:colcon.colcon_core.package_discovery:discover_packages(path) check parameters
[0.722s] Level 1:colcon.colcon_core.package_discovery:discover_packages(colcon_meta) discover
[0.722s] Level 1:colcon.colcon_core.package_discovery:discover_packages(recursive) discover
[0.722s] INFO:colcon.colcon_core.package_discovery:Crawling recursively for packages in '/home/ubuntu/Desktop/DD_Nav_WS'
[0.722s] Level 1:colcon.colcon_core.package_identification:_identify(.) by extensions ['ignore', 'ignore_ament_install']
[0.722s] Level 1:colcon.colcon_core.package_identification:_identify(.) by extension 'ignore'
[0.722s] Level 1:colcon.colcon_core.package_identification:_identify(.) by extension 'ignore_ament_install'
[0.723s] Level 1:colcon.colcon_core.package_identification:_identify(.) by extensions ['colcon_pkg']
[0.723s] Level 1:colcon.colcon_core.package_identification:_identify(.) by extension 'colcon_pkg'
[0.723s] Level 1:colcon.colcon_core.package_identification:_identify(.) by extensions ['colcon_meta']
[0.723s] Level 1:colcon.colcon_core.package_identification:_identify(.) by extension 'colcon_meta'
[0.723s] Level 1:colcon.colcon_core.package_identification:_identify(.) by extensions ['ros']
[0.723s] Level 1:colcon.colcon_core.package_identification:_identify(.) by extension 'ros'
[0.758s] Level 1:colcon.colcon_core.package_identification:_identify(.) by extensions ['cmake', 'python']
[0.758s] Level 1:colcon.colcon_core.package_identification:_identify(.) by extension 'cmake'
[0.758s] Level 1:colcon.colcon_core.package_identification:_identify(.) by extension 'python'
[0.758s] Level 1:colcon.colcon_core.package_identification:_identify(.) by extensions ['python_setup_py']
[0.758s] Level 1:colcon.colcon_core.package_identification:_identify(.) by extension 'python_setup_py'
[0.758s] Level 1:colcon.colcon_core.package_identification:_identify(Path_Planning) by extensions ['ignore', 'ignore_ament_install']
[0.758s] Level 1:colcon.colcon_core.package_identification:_identify(Path_Planning) by extension 'ignore'
[0.758s] Level 1:colcon.colcon_core.package_identification:_identify(Path_Planning) by extension 'ignore_ament_install'
[0.758s] Level 1:colcon.colcon_core.package_identification:_identify(Path_Planning) by extensions ['colcon_pkg']
[0.758s] Level 1:colcon.colcon_core.package_identification:_identify(Path_Planning) by extension 'colcon_pkg'
[0.758s] Level 1:colcon.colcon_core.package_identification:_identify(Path_Planning) by extensions ['colcon_meta']
[0.758s] Level 1:colcon.colcon_core.package_identification:_identify(Path_Planning) by extension 'colcon_meta'
[0.758s] Level 1:colcon.colcon_core.package_identification:_identify(Path_Planning) by extensions ['ros']
[0.759s] Level 1:colcon.colcon_core.package_identification:_identify(Path_Planning) by extension 'ros'
[0.759s] Level 1:colcon.colcon_core.package_identification:_identify(Path_Planning) by extensions ['cmake', 'python']
[0.759s] Level 1:colcon.colcon_core.package_identification:_identify(Path_Planning) by extension 'cmake'
[0.759s] Level 1:colcon.colcon_core.package_identification:_identify(Path_Planning) by extension 'python'
[0.759s] Level 1:colcon.colcon_core.package_identification:_identify(Path_Planning) by extensions ['python_setup_py']
[0.759s] Level 1:colcon.colcon_core.package_identification:_identify(Path_Planning) by extension 'python_setup_py'
[0.759s] Level 1:colcon.colcon_core.package_identification:_identify(Path_Planning/tests) by extensions ['ignore', 'ignore_ament_install']
[0.759s] Level 1:colcon.colcon_core.package_identification:_identify(Path_Planning/tests) by extension 'ignore'
[0.759s] Level 1:colcon.colcon_core.package_identification:_identify(Path_Planning/tests) by extension 'ignore_ament_install'
[0.759s] Level 1:colcon.colcon_core.package_identification:_identify(Path_Planning/tests) by extensions ['colcon_pkg']
[0.759s] Level 1:colcon.colcon_core.package_identification:_identify(Path_Planning/tests) by extension 'colcon_pkg'
[0.759s] Level 1:colcon.colcon_core.package_identification:_identify(Path_Planning/tests) by extensions ['colcon_meta']
[0.759s] Level 1:colcon.colcon_core.package_identification:_identify(Path_Planning/tests) by extension 'colcon_meta'
[0.759s] Level 1:colcon.colcon_core.package_identification:_identify(Path_Planning/tests) by extensions ['ros']
[0.759s] Level 1:colcon.colcon_core.package_identification:_identify(Path_Planning/tests) by extension 'ros'
[0.759s] Level 1:colcon.colcon_core.package_identification:_identify(Path_Planning/tests) by extensions ['cmake', 'python']
[0.759s] Level 1:colcon.colcon_core.package_identification:_identify(Path_Planning/tests) by extension 'cmake'
[0.759s] Level 1:colcon.colcon_core.package_identification:_identify(Path_Planning/tests) by extension 'python'
[0.759s] Level 1:colcon.colcon_core.package_identification:_identify(Path_Planning/tests) by extensions ['python_setup_py']
[0.759s] Level 1:colcon.colcon_core.package_identification:_identify(Path_Planning/tests) by extension 'python_setup_py'
[0.760s] Level 1:colcon.colcon_core.package_identification:_identify(Path_Planning/worlds) by extensions ['ignore', 'ignore_ament_install']
[0.760s] Level 1:colcon.colcon_core.package_identification:_identify(Path_Planning/worlds) by extension 'ignore'
[0.760s] Level 1:colcon.colcon_core.package_identification:_identify(Path_Planning/worlds) by extension 'ignore_ament_install'
[0.760s] Level 1:colcon.colcon_core.package_identification:_identify(Path_Planning/worlds) by extensions ['colcon_pkg']
[0.760s] Level 1:colcon.colcon_core.package_identification:_identify(Path_Planning/worlds) by extension 'colcon_pkg'
[0.760s] Level 1:colcon.colcon_core.package_identification:_identify(Path_Planning/worlds) by extensions ['colcon_meta']
[0.760s] Level 1:colcon.colcon_core.package_identification:_identify(Path_Planning/worlds) by extension 'colcon_meta'
[0.760s] Level 1:colcon.colcon_core.package_identification:_identify(Path_Planning/worlds) by extensions ['ros']
[0.760s] Level 1:colcon.colcon_core.package_identification:_identify(Path_Planning/worlds) by extension 'ros'
[0.760s] Level 1:colcon.colcon_core.package_identification:_identify(Path_Planning/worlds) by extensions ['cmake', 'python']
[0.760s] Level 1:colcon.colcon_core.package_identification:_identify(Path_Planning/worlds) by extension 'cmake'
[0.760s] Level 1:colcon.colcon_core.package_identification:_identify(Path_Planning/worlds) by extension 'python'
[0.760s] Level 1:colcon.colcon_core.package_identification:_identify(Path_Planning/worlds) by extensions ['python_setup_py']
[0.760s] Level 1:colcon.colcon_core.package_identification:_identify(Path_Planning/worlds) by extension 'python_setup_py'
[0.760s] Level 1:colcon.colcon_core.package_identification:_identify(build) by extensions ['ignore', 'ignore_ament_install']
[0.760s] Level 1:colcon.colcon_core.package_identification:_identify(build) by extension 'ignore'
[0.760s] Level 1:colcon.colcon_core.package_identification:_identify(build) ignored
[0.761s] Level 1:colcon.colcon_core.package_identification:_identify(dd_gazebo_ws) by extensions ['ignore', 'ignore_ament_install']
[0.761s] Level 1:colcon.colcon_core.package_identification:_identify(dd_gazebo_ws) by extension 'ignore'
[0.761s] Level 1:colcon.colcon_core.package_identification:_identify(dd_gazebo_ws) by extension 'ignore_ament_install'
[0.761s] Level 1:colcon.colcon_core.package_identification:_identify(dd_gazebo_ws) by extensions ['colcon_pkg']
[0.761s] Level 1:colcon.colcon_core.package_identification:_identify(dd_gazebo_ws) by extension 'colcon_pkg'
[0.761s] Level 1:colcon.colcon_core.package_identification:_identify(dd_gazebo_ws) by extensions ['colcon_meta']
[0.761s] Level 1:colcon.colcon_core.package_identification:_identify(dd_gazebo_ws) by extension 'colcon_meta'
[0.761s] Level 1:colcon.colcon_core.package_identification:_identify(dd_gazebo_ws) by extensions ['ros']
[0.761s] Level 1:colcon.colcon_core.package_identification:_identify(dd_gazebo_ws) by extension 'ros'
[0.761s] Level 1:colcon.colcon_core.package_identification:_identify(dd_gazebo_ws) by extensions ['cmake', 'python']
[0.761s] Level 1:colcon.colcon_core.package_identification:_identify(dd_gazebo_ws) by extension 'cmake'
[0.761s] Level 1:colcon.colcon_core.package_identification:_identify(dd_gazebo_ws) by extension 'python'
[0.761s] Level 1:colcon.colcon_core.package_identification:_identify(dd_gazebo_ws) by extensions ['python_setup_py']
[0.761s] Level 1:colcon.colcon_core.package_identification:_identify(dd_gazebo_ws) by extension 'python_setup_py'
[0.761s] Level 1:colcon.colcon_core.package_identification:_identify(dd_gazebo_ws/build) by extensions ['ignore', 'ignore_ament_install']
[0.761s] Level 1:colcon.colcon_core.package_identification:_identify(dd_gazebo_ws/build) by extension 'ignore'
[0.761s] Level 1:colcon.colcon_core.package_identification:_identify(dd_gazebo_ws/build) ignored
[0.761s] Level 1:colcon.colcon_core.package_identification:_identify(dd_gazebo_ws/dd_gazebo) by extensions ['ignore', 'ignore_ament_install']
[0.761s] Level 1:colcon.colcon_core.package_identification:_identify(dd_gazebo_ws/dd_gazebo) by extension 'ignore'
[0.761s] Level 1:colcon.colcon_core.package_identification:_identify(dd_gazebo_ws/dd_gazebo) by extension 'ignore_ament_install'
[0.761s] Level 1:colcon.colcon_core.package_identification:_identify(dd_gazebo_ws/dd_gazebo) by extensions ['colcon_pkg']
[0.761s] Level 1:colcon.colcon_core.package_identification:_identify(dd_gazebo_ws/dd_gazebo) by extension 'colcon_pkg'
[0.761s] Level 1:colcon.colcon_core.package_identification:_identify(dd_gazebo_ws/dd_gazebo) by extensions ['colcon_meta']
[0.761s] Level 1:colcon.colcon_core.package_identification:_identify(dd_gazebo_ws/dd_gazebo) by extension 'colcon_meta'
[0.761s] Level 1:colcon.colcon_core.package_identification:_identify(dd_gazebo_ws/dd_gazebo) by extensions ['ros']
[0.761s] Level 1:colcon.colcon_core.package_identification:_identify(dd_gazebo_ws/dd_gazebo) by extension 'ros'
[0.766s] DEBUG:colcon.colcon_core.package_identification:Package 'dd_gazebo_ws/dd_gazebo' with type 'ros.ament_cmake' and name 'dd_gazebo'
[0.766s] Level 1:colcon.colcon_core.package_identification:_identify(dd_gazebo_ws/install) by extensions ['ignore', 'ignore_ament_install']
[0.766s] Level 1:colcon.colcon_core.package_identification:_identify(dd_gazebo_ws/install) by extension 'ignore'
[0.766s] Level 1:colcon.colcon_core.package_identification:_identify(dd_gazebo_ws/install) ignored
[0.766s] Level 1:colcon.colcon_core.package_identification:_identify(dd_gazebo_ws/log) by extensions ['ignore', 'ignore_ament_install']
[0.766s] Level 1:colcon.colcon_core.package_identification:_identify(dd_gazebo_ws/log) by extension 'ignore'
[0.766s] Level 1:colcon.colcon_core.package_identification:_identify(dd_gazebo_ws/log) ignored
[0.766s] Level 1:colcon.colcon_core.package_identification:_identify(install) by extensions ['ignore', 'ignore_ament_install']
[0.766s] Level 1:colcon.colcon_core.package_identification:_identify(install) by extension 'ignore'
[0.767s] Level 1:colcon.colcon_core.package_identification:_identify(install) ignored
[0.767s] Level 1:colcon.colcon_core.package_identification:_identify(log) by extensions ['ignore', 'ignore_ament_install']
[0.767s] Level 1:colcon.colcon_core.package_identification:_identify(log) by extension 'ignore'
[0.767s] Level 1:colcon.colcon_core.package_identification:_identify(log) ignored
[0.767s] Level 1:colcon.colcon_core.package_discovery:discover_packages(recursive) using defaults
[0.767s] Level 1:colcon.colcon_core.package_discovery:discover_packages(ignore) discover
[0.767s] Level 1:colcon.colcon_core.package_discovery:discover_packages(ignore) using defaults
[0.767s] Level 1:colcon.colcon_core.package_discovery:discover_packages(path) discover
[0.767s] Level 1:colcon.colcon_core.package_discovery:discover_packages(path) using defaults
[0.799s] Level 1:colcon.colcon_core.package_discovery:discover_packages(prefix_path) check parameters
[0.799s] Level 1:colcon.colcon_core.package_discovery:discover_packages(prefix_path) discover
[0.804s] DEBUG:colcon.colcon_installed_package_information.package_discovery:Found 270 installed packages in /opt/ros/humble
[0.808s] Level 1:colcon.colcon_core.package_discovery:discover_packages(prefix_path) using defaults
[0.957s] Level 5:colcon.colcon_core.verb:set package 'dd_gazebo' build argument 'cmake_args' from command line to 'None'
[0.957s] Level 5:colcon.colcon_core.verb:set package 'dd_gazebo' build argument 'cmake_target' from command line to 'None'
[0.957s] Level 5:colcon.colcon_core.verb:set package 'dd_gazebo' build argument 'cmake_target_skip_unavailable' from command line to 'False'
[0.957s] Level 5:colcon.colcon_core.verb:set package 'dd_gazebo' build argument 'cmake_clean_cache' from command line to 'False'
[0.957s] Level 5:colcon.colcon_core.verb:set package 'dd_gazebo' build argument 'cmake_clean_first' from command line to 'False'
[0.957s] Level 5:colcon.colcon_core.verb:set package 'dd_gazebo' build argument 'cmake_force_configure' from command line to 'False'
[0.957s] Level 5:colcon.colcon_core.verb:set package 'dd_gazebo' build argument 'ament_cmake_args' from command line to 'None'
[0.957s] Level 5:colcon.colcon_core.verb:set package 'dd_gazebo' build argument 'catkin_cmake_args' from command line to 'None'
[0.957s] Level 5:colcon.colcon_core.verb:set package 'dd_gazebo' build argument 'catkin_skip_building_tests' from command line to 'False'
[0.957s] DEBUG:colcon.colcon_core.verb:Building package 'dd_gazebo' with the following arguments: {'ament_cmake_args': None, 'build_base': '/home/ubuntu/Desktop/DD_Nav_WS/build/dd_gazebo', 'catkin_cmake_args': None, 'catkin_skip_building_tests': False, 'cmake_args': None, 'cmake_clean_cache': False, 'cmake_clean_first': False, 'cmake_force_configure': False, 'cmake_target': None, 'cmake_target_skip_unavailable': False, 'install_base': '/home/ubuntu/Desktop/DD_Nav_WS/install/dd_gazebo', 'merge_install': False, 'path': '/home/ubuntu/Desktop/DD_Nav_WS/dd_gazebo_ws/dd_gazebo', 'symlink_install': False, 'test_result_base': None}
[0.957s] INFO:colcon.colcon_core.executor:Executing jobs using 'parallel' executor
[0.958s] DEBUG:colcon.colcon_parallel_executor.executor.parallel:run_until_complete
[0.958s] INFO:colcon.colcon_ros.task.ament_cmake.build:Building ROS package in '/home/ubuntu/Desktop/DD_Nav_WS/dd_gazebo_ws/dd_gazebo' with build type 'ament_cmake'
[0.958s] INFO:colcon.colcon_cmake.task.cmake.build:Building CMake package in '/home/ubuntu/Desktop/DD_Nav_WS/dd_gazebo_ws/dd_gazebo'
[0.961s] INFO:colcon.colcon_core.plugin_system:Skipping extension 'colcon_core.shell.bat': Not used on non-Windows systems
[0.962s] INFO:colcon.colcon_core.shell:Skip shell extension 'powershell' for command environment: Not usable outside of PowerShell
[0.962s] DEBUG:colcon.colcon_core.shell:Skip shell extension 'dsv' for command environment
[0.977s] DEBUG:colcon.colcon_core.event_handler.log_command:Invoking command in '/home/ubuntu/Desktop/DD_Nav_WS/build/dd_gazebo': CMAKE_PREFIX_PATH=/opt/ros/humble /usr/bin/cmake /home/ubuntu/Desktop/DD_Nav_WS/dd_gazebo_ws/dd_gazebo -DCMAKE_INSTALL_PREFIX=/home/ubuntu/Desktop/DD_Nav_WS/install/dd_gazebo
[2.820s] DEBUG:colcon.colcon_core.event_handler.log_command:Invoked command in '/home/ubuntu/Desktop/DD_Nav_WS/build/dd_gazebo' returned '0': CMAKE_PREFIX_PATH=/opt/ros/humble /usr/bin/cmake /home/ubuntu/Desktop/DD_Nav_WS/dd_gazebo_ws/dd_gazebo -DCMAKE_INSTALL_PREFIX=/home/ubuntu/Desktop/DD_Nav_WS/install/dd_gazebo
[2.821s] DEBUG:colcon.colcon_core.event_handler.log_command:Invoking command in '/home/ubuntu/Desktop/DD_Nav_WS/build/dd_gazebo': CMAKE_PREFIX_PATH=/opt/ros/humble /usr/bin/cmake --build /home/ubuntu/Desktop/DD_Nav_WS/build/dd_gazebo -- -j8 -l8
[2.861s] DEBUG:colcon.colcon_core.event_handler.log_command:Invoked command in '/home/ubuntu/Desktop/DD_Nav_WS/build/dd_gazebo' returned '0': CMAKE_PREFIX_PATH=/opt/ros/humble /usr/bin/cmake --build /home/ubuntu/Desktop/DD_Nav_WS/build/dd_gazebo -- -j8 -l8
[2.895s] DEBUG:colcon.colcon_core.event_handler.log_command:Invoking command in '/home/ubuntu/Desktop/DD_Nav_WS/build/dd_gazebo': CMAKE_PREFIX_PATH=/opt/ros/humble /usr/bin/cmake --install /home/ubuntu/Desktop/DD_Nav_WS/build/dd_gazebo
[2.908s] Level 1:colcon.colcon_core.environment:create_environment_scripts_only(dd_gazebo)
[2.910s] DEBUG:colcon.colcon_core.event_handler.log_command:Invoked command in '/home/ubuntu/Desktop/DD_Nav_WS/build/dd_gazebo' returned '0': CMAKE_PREFIX_PATH=/opt/ros/humble /usr/bin/cmake --install /home/ubuntu/Desktop/DD_Nav_WS/build/dd_gazebo
[2.912s] Level 1:colcon.colcon_core.environment:checking '/home/ubuntu/Desktop/DD_Nav_WS/install/dd_gazebo' for CMake module files
[2.913s] Level 1:colcon.colcon_core.environment:checking '/home/ubuntu/Desktop/DD_Nav_WS/install/dd_gazebo' for CMake config files
[2.913s] Level 1:colcon.colcon_core.shell:create_environment_hook('dd_gazebo', 'cmake_prefix_path')
[2.913s] INFO:colcon.colcon_core.shell:Creating environment hook '/home/ubuntu/Desktop/DD_Nav_WS/install/dd_gazebo/share/dd_gazebo/hook/cmake_prefix_path.ps1'
[2.914s] INFO:colcon.colcon_core.shell:Creating environment descriptor '/home/ubuntu/Desktop/DD_Nav_WS/install/dd_gazebo/share/dd_gazebo/hook/cmake_prefix_path.dsv'
[2.914s] INFO:colcon.colcon_core.shell:Creating environment hook '/home/ubuntu/Desktop/DD_Nav_WS/install/dd_gazebo/share/dd_gazebo/hook/cmake_prefix_path.sh'
[2.915s] Level 1:colcon.colcon_core.environment:checking '/home/ubuntu/Desktop/DD_Nav_WS/install/dd_gazebo/bin'
[2.915s] Level 1:colcon.colcon_core.environment:checking '/home/ubuntu/Desktop/DD_Nav_WS/install/dd_gazebo/lib/pkgconfig/dd_gazebo.pc'
[2.915s] Level 1:colcon.colcon_core.environment:checking '/home/ubuntu/Desktop/DD_Nav_WS/install/dd_gazebo/lib/python3.10/site-packages'
[2.915s] Level 1:colcon.colcon_core.environment:checking '/home/ubuntu/Desktop/DD_Nav_WS/install/dd_gazebo/bin'
[2.915s] INFO:colcon.colcon_core.shell:Creating package script '/home/ubuntu/Desktop/DD_Nav_WS/install/dd_gazebo/share/dd_gazebo/package.ps1'
[2.916s] INFO:colcon.colcon_core.shell:Creating package descriptor '/home/ubuntu/Desktop/DD_Nav_WS/install/dd_gazebo/share/dd_gazebo/package.dsv'
[2.917s] INFO:colcon.colcon_core.shell:Creating package script '/home/ubuntu/Desktop/DD_Nav_WS/install/dd_gazebo/share/dd_gazebo/package.sh'
[2.917s] INFO:colcon.colcon_core.shell:Creating package script '/home/ubuntu/Desktop/DD_Nav_WS/install/dd_gazebo/share/dd_gazebo/package.bash'
[2.918s] INFO:colcon.colcon_core.shell:Creating package script '/home/ubuntu/Desktop/DD_Nav_WS/install/dd_gazebo/share/dd_gazebo/package.zsh'
[2.918s] Level 1:colcon.colcon_core.environment:create_file_with_runtime_dependencies(/home/ubuntu/Desktop/DD_Nav_WS/install/dd_gazebo/share/colcon-core/packages/dd_gazebo)
[2.944s] Level 1:colcon.colcon_core.environment:create_environment_scripts_only(dd_gazebo)
[2.944s] Level 1:colcon.colcon_core.environment:checking '/home/ubuntu/Desktop/DD_Nav_WS/install/dd_gazebo' for CMake module files
[2.944s] Level 1:colcon.colcon_core.environment:checking '/home/ubuntu/Desktop/DD_Nav_WS/install/dd_gazebo' for CMake config files
[2.945s] Level 1:colcon.colcon_core.shell:create_environment_hook('dd_gazebo', 'cmake_prefix_path')
[2.945s] INFO:colcon.colcon_core.shell:Creating environment hook '/home/ubuntu/Desktop/DD_Nav_WS/install/dd_gazebo/share/dd_gazebo/hook/cmake_prefix_path.ps1'
[2.945s] INFO:colcon.colcon_core.shell:Creating environment descriptor '/home/ubuntu/Desktop/DD_Nav_WS/install/dd_gazebo/share/dd_gazebo/hook/cmake_prefix_path.dsv'
[2.945s] INFO:colcon.colcon_core.shell:Creating environment hook '/home/ubuntu/Desktop/DD_Nav_WS/install/dd_gazebo/share/dd_gazebo/hook/cmake_prefix_path.sh'
[2.946s] Level 1:colcon.colcon_core.environment:checking '/home/ubuntu/Desktop/DD_Nav_WS/install/dd_gazebo/bin'
[2.946s] Level 1:colcon.colcon_core.environment:checking '/home/ubuntu/Desktop/DD_Nav_WS/install/dd_gazebo/lib/pkgconfig/dd_gazebo.pc'
[2.946s] Level 1:colcon.colcon_core.environment:checking '/home/ubuntu/Desktop/DD_Nav_WS/install/dd_gazebo/lib/python3.10/site-packages'
[2.946s] Level 1:colcon.colcon_core.environment:checking '/home/ubuntu/Desktop/DD_Nav_WS/install/dd_gazebo/bin'
[2.946s] INFO:colcon.colcon_core.shell:Creating package script '/home/ubuntu/Desktop/DD_Nav_WS/install/dd_gazebo/share/dd_gazebo/package.ps1'
[2.946s] INFO:colcon.colcon_core.shell:Creating package descriptor '/home/ubuntu/Desktop/DD_Nav_WS/install/dd_gazebo/share/dd_gazebo/package.dsv'
[2.947s] INFO:colcon.colcon_core.shell:Creating package script '/home/ubuntu/Desktop/DD_Nav_WS/install/dd_gazebo/share/dd_gazebo/package.sh'
[2.947s] INFO:colcon.colcon_core.shell:Creating package script '/home/ubuntu/Desktop/DD_Nav_WS/install/dd_gazebo/share/dd_gazebo/package.bash'
[2.947s] INFO:colcon.colcon_core.shell:Creating package script '/home/ubuntu/Desktop/DD_Nav_WS/install/dd_gazebo/share/dd_gazebo/package.zsh'
[2.948s] Level 1:colcon.colcon_core.environment:create_file_with_runtime_dependencies(/home/ubuntu/Desktop/DD_Nav_WS/install/dd_gazebo/share/colcon-core/packages/dd_gazebo)
[2.948s] DEBUG:colcon.colcon_parallel_executor.executor.parallel:closing loop
[2.948s] DEBUG:colcon.colcon_parallel_executor.executor.parallel:loop closed
[2.948s] DEBUG:colcon.colcon_parallel_executor.executor.parallel:run_until_complete finished with '0'
[2.948s] DEBUG:colcon.colcon_core.event_reactor:joining thread
[2.957s] INFO:colcon.colcon_core.plugin_system:Skipping extension 'colcon_notification.desktop_notification.terminal_notifier': Not used on non-Darwin systems
[2.957s] INFO:colcon.colcon_core.plugin_system:Skipping extension 'colcon_notification.desktop_notification.win32': Not used on non-Windows systems
[2.957s] INFO:colcon.colcon_notification.desktop_notification:Sending desktop notification using 'notify2'
[3.024s] DEBUG:colcon.colcon_core.event_reactor:joined thread
[3.025s] INFO:colcon.colcon_core.shell:Creating prefix script '/home/ubuntu/Desktop/DD_Nav_WS/install/local_setup.ps1'
[3.026s] INFO:colcon.colcon_core.shell:Creating prefix util module '/home/ubuntu/Desktop/DD_Nav_WS/install/_local_setup_util_ps1.py'
[3.028s] INFO:colcon.colcon_core.shell:Creating prefix chain script '/home/ubuntu/Desktop/DD_Nav_WS/install/setup.ps1'
[3.029s] INFO:colcon.colcon_core.shell:Creating prefix script '/home/ubuntu/Desktop/DD_Nav_WS/install/local_setup.sh'
[3.030s] INFO:colcon.colcon_core.shell:Creating prefix util module '/home/ubuntu/Desktop/DD_Nav_WS/install/_local_setup_util_sh.py'
[3.030s] INFO:colcon.colcon_core.shell:Creating prefix chain script '/home/ubuntu/Desktop/DD_Nav_WS/install/setup.sh'
[3.032s] INFO:colcon.colcon_core.shell:Creating prefix script '/home/ubuntu/Desktop/DD_Nav_WS/install/local_setup.bash'
[3.033s] INFO:colcon.colcon_core.shell:Creating prefix chain script '/home/ubuntu/Desktop/DD_Nav_WS/install/setup.bash'
[3.034s] INFO:colcon.colcon_core.shell:Creating prefix script '/home/ubuntu/Desktop/DD_Nav_WS/install/local_setup.zsh'
[3.035s] INFO:colcon.colcon_core.shell:Creating prefix chain script '/home/ubuntu/Desktop/DD_Nav_WS/install/setup.zsh'
