[0.189s] Invoking command in '/home/dronedelivery/ARC/build/dd_gazebo': CMAKE_PREFIX_PATH=${CMAKE_PREFIX_PATH}:/opt/ros/humble /usr/bin/cmake --build /home/dronedelivery/ARC/build/dd_gazebo -- -j16 -l16
[0.244s] -- Found ament_cmake: 1.3.7 (/opt/ros/humble/share/ament_cmake/cmake)
[0.846s] -- Found ament_lint_auto: 0.12.10 (/opt/ros/humble/share/ament_lint_auto/cmake)
[1.153s] -- Added test 'cppcheck' to perform static code analysis on C / C++ code
[1.154s] -- Configured cppcheck include dirs: 
[1.154s] -- Configured cppcheck exclude dirs and/or files: 
[1.156s] -- Added test 'flake8' to check Python code syntax and style conventions
[1.158s] -- Added test 'lint_cmake' to check CMake code style
[1.160s] -- Added test 'pep257' to check Python code against some of the docstring style conventions in PEP 257
[1.165s] -- Added test 'uncrustify' to check C / C++ code style
[1.165s] -- Configured uncrustify additional arguments: 
[1.166s] -- Added test 'xmllint' to check XML markup files
[1.170s] -- Configuring done
[1.189s] -- Generating done
[1.194s] -- Build files have been written to: /home/dronedelivery/ARC/build/dd_gazebo
[1.270s] Invoked command in '/home/dronedelivery/ARC/build/dd_gazebo' returned '0': CMAKE_PREFIX_PATH=${CMAKE_PREFIX_PATH}:/opt/ros/humble /usr/bin/cmake --build /home/dronedelivery/ARC/build/dd_gazebo -- -j16 -l16
[1.396s] Invoking command in '/home/dronedelivery/ARC/build/dd_gazebo': CMAKE_PREFIX_PATH=${CMAKE_PREFIX_PATH}:/opt/ros/humble /usr/bin/cmake --install /home/dronedelivery/ARC/build/dd_gazebo
[1.424s] -- Install configuration: ""
[1.425s] -- Installing: /home/dronedelivery/ARC/install/dd_gazebo/share//launch
[1.425s] -- Installing: /home/dronedelivery/ARC/install/dd_gazebo/share//launch/simulation.launch.py
[1.426s] -- Up-to-date: /home/dronedelivery/ARC/install/dd_gazebo/share/ament_index/resource_index/package_run_dependencies/dd_gazebo
[1.427s] -- Up-to-date: /home/dronedelivery/ARC/install/dd_gazebo/share/ament_index/resource_index/parent_prefix_path/dd_gazebo
[1.428s] -- Up-to-date: /home/dronedelivery/ARC/install/dd_gazebo/share/dd_gazebo/environment/ament_prefix_path.sh
[1.428s] -- Installing: /home/dronedelivery/ARC/install/dd_gazebo/share/dd_gazebo/environment/ament_prefix_path.dsv
[1.429s] -- Up-to-date: /home/dronedelivery/ARC/install/dd_gazebo/share/dd_gazebo/environment/path.sh
[1.429s] -- Installing: /home/dronedelivery/ARC/install/dd_gazebo/share/dd_gazebo/environment/path.dsv
[1.430s] -- Up-to-date: /home/dronedelivery/ARC/install/dd_gazebo/share/dd_gazebo/local_setup.bash
[1.431s] -- Up-to-date: /home/dronedelivery/ARC/install/dd_gazebo/share/dd_gazebo/local_setup.sh
[1.432s] -- Up-to-date: /home/dronedelivery/ARC/install/dd_gazebo/share/dd_gazebo/local_setup.zsh
[1.432s] -- Installing: /home/dronedelivery/ARC/install/dd_gazebo/share/dd_gazebo/local_setup.dsv
[1.433s] -- Installing: /home/dronedelivery/ARC/install/dd_gazebo/share/dd_gazebo/package.dsv
[1.433s] -- Up-to-date: /home/dronedelivery/ARC/install/dd_gazebo/share/ament_index/resource_index/packages/dd_gazebo
[1.433s] -- Up-to-date: /home/dronedelivery/ARC/install/dd_gazebo/share/dd_gazebo/cmake/dd_gazeboConfig.cmake
[1.434s] -- Up-to-date: /home/dronedelivery/ARC/install/dd_gazebo/share/dd_gazebo/cmake/dd_gazeboConfig-version.cmake
[1.434s] -- Up-to-date: /home/dronedelivery/ARC/install/dd_gazebo/share/dd_gazebo/package.xml
[1.439s] Invoked command in '/home/dronedelivery/ARC/build/dd_gazebo' returned '0': CMAKE_PREFIX_PATH=${CMAKE_PREFIX_PATH}:/opt/ros/humble /usr/bin/cmake --install /home/dronedelivery/ARC/build/dd_gazebo
