[0.627s] DEBUG:colcon:Command line arguments: ['/usr/bin/colcon', 'build', '--packages-select', 'px4_offboard']
[0.627s] DEBUG:colcon:Parsed command line arguments: Namespace(log_base=None, log_level=None, verb_name='build', build_base='build', install_base='install', merge_install=False, symlink_install=False, test_result_base=None, continue_on_error=False, executor='parallel', parallel_workers=8, event_handlers=None, ignore_user_meta=False, metas=['./colcon.meta'], base_paths=['.'], packages_ignore=None, packages_ignore_regex=None, paths=None, packages_up_to=None, packages_up_to_regex=None, packages_above=None, packages_above_and_dependencies=None, packages_above_depth=None, packages_select_by_dep=None, packages_skip_by_dep=None, packages_skip_up_to=None, packages_select_build_failed=False, packages_skip_build_finished=False, packages_select_test_failures=False, packages_skip_test_passed=False, packages_select=['px4_offboard'], packages_skip=None, packages_select_regex=None, packages_skip_regex=None, packages_start=None, packages_end=None, allow_overriding=[], cmake_args=None, cmake_target=None, cmake_target_skip_unavailable=False, cmake_clean_cache=False, cmake_clean_first=False, cmake_force_configure=False, ament_cmake_args=None, catkin_cmake_args=None, catkin_skip_building_tests=False, mixin_files=None, mixin=None, verb_parser=<colcon_mixin.mixin.mixin_argument.MixinArgumentDecorator object at 0x7f6ba301f280>, verb_extension=<colcon_core.verb.build.BuildVerb object at 0x7f6ba31e5090>, main=<bound method BuildVerb.main of <colcon_core.verb.build.BuildVerb object at 0x7f6ba31e5090>>, mixin_verb=('build',))
[0.657s] Level 1:colcon.colcon_core.package_discovery:discover_packages(colcon_meta) check parameters
[0.657s] Level 1:colcon.colcon_core.package_discovery:discover_packages(recursive) check parameters
[0.657s] Level 1:colcon.colcon_core.package_discovery:discover_packages(ignore) check parameters
[0.657s] Level 1:colcon.colcon_core.package_discovery:discover_packages(path) check parameters
[0.657s] Level 1:colcon.colcon_core.package_discovery:discover_packages(colcon_meta) discover
[0.657s] Level 1:colcon.colcon_core.package_discovery:discover_packages(recursive) discover
[0.657s] INFO:colcon.colcon_core.package_discovery:Crawling recursively for packages in '/home/brc/DD_Nav_WS/dd_gazebo_ws'
[0.657s] Level 1:colcon.colcon_core.package_identification:_identify(.) by extensions ['ignore', 'ignore_ament_install']
[0.657s] Level 1:colcon.colcon_core.package_identification:_identify(.) by extension 'ignore'
[0.657s] Level 1:colcon.colcon_core.package_identification:_identify(.) by extension 'ignore_ament_install'
[0.658s] Level 1:colcon.colcon_core.package_identification:_identify(.) by extensions ['colcon_pkg']
[0.658s] Level 1:colcon.colcon_core.package_identification:_identify(.) by extension 'colcon_pkg'
[0.658s] Level 1:colcon.colcon_core.package_identification:_identify(.) by extensions ['colcon_meta']
[0.658s] Level 1:colcon.colcon_core.package_identification:_identify(.) by extension 'colcon_meta'
[0.658s] Level 1:colcon.colcon_core.package_identification:_identify(.) by extensions ['ros']
[0.658s] Level 1:colcon.colcon_core.package_identification:_identify(.) by extension 'ros'
[0.666s] Level 1:colcon.colcon_core.package_identification:_identify(.) by extensions ['cmake', 'python']
[0.666s] Level 1:colcon.colcon_core.package_identification:_identify(.) by extension 'cmake'
[0.666s] Level 1:colcon.colcon_core.package_identification:_identify(.) by extension 'python'
[0.666s] Level 1:colcon.colcon_core.package_identification:_identify(.) by extensions ['python_setup_py']
[0.666s] Level 1:colcon.colcon_core.package_identification:_identify(.) by extension 'python_setup_py'
[0.666s] Level 1:colcon.colcon_core.package_identification:_identify(build) by extensions ['ignore', 'ignore_ament_install']
[0.666s] Level 1:colcon.colcon_core.package_identification:_identify(build) by extension 'ignore'
[0.666s] Level 1:colcon.colcon_core.package_identification:_identify(build) ignored
[0.666s] Level 1:colcon.colcon_core.package_identification:_identify(install) by extensions ['ignore', 'ignore_ament_install']
[0.666s] Level 1:colcon.colcon_core.package_identification:_identify(install) by extension 'ignore'
[0.666s] Level 1:colcon.colcon_core.package_identification:_identify(install) ignored
[0.666s] Level 1:colcon.colcon_core.package_identification:_identify(log) by extensions ['ignore', 'ignore_ament_install']
[0.666s] Level 1:colcon.colcon_core.package_identification:_identify(log) by extension 'ignore'
[0.666s] Level 1:colcon.colcon_core.package_identification:_identify(log) ignored
[0.667s] Level 1:colcon.colcon_core.package_identification:_identify(src) by extensions ['ignore', 'ignore_ament_install']
[0.667s] Level 1:colcon.colcon_core.package_identification:_identify(src) by extension 'ignore'
[0.667s] Level 1:colcon.colcon_core.package_identification:_identify(src) by extension 'ignore_ament_install'
[0.667s] Level 1:colcon.colcon_core.package_identification:_identify(src) by extensions ['colcon_pkg']
[0.667s] Level 1:colcon.colcon_core.package_identification:_identify(src) by extension 'colcon_pkg'
[0.667s] Level 1:colcon.colcon_core.package_identification:_identify(src) by extensions ['colcon_meta']
[0.667s] Level 1:colcon.colcon_core.package_identification:_identify(src) by extension 'colcon_meta'
[0.667s] Level 1:colcon.colcon_core.package_identification:_identify(src) by extensions ['ros']
[0.667s] Level 1:colcon.colcon_core.package_identification:_identify(src) by extension 'ros'
[0.667s] Level 1:colcon.colcon_core.package_identification:_identify(src) by extensions ['cmake', 'python']
[0.667s] Level 1:colcon.colcon_core.package_identification:_identify(src) by extension 'cmake'
[0.667s] Level 1:colcon.colcon_core.package_identification:_identify(src) by extension 'python'
[0.667s] Level 1:colcon.colcon_core.package_identification:_identify(src) by extensions ['python_setup_py']
[0.667s] Level 1:colcon.colcon_core.package_identification:_identify(src) by extension 'python_setup_py'
[0.667s] Level 1:colcon.colcon_core.package_identification:_identify(src/dd_gazebo) by extensions ['ignore', 'ignore_ament_install']
[0.667s] Level 1:colcon.colcon_core.package_identification:_identify(src/dd_gazebo) by extension 'ignore'
[0.667s] Level 1:colcon.colcon_core.package_identification:_identify(src/dd_gazebo) by extension 'ignore_ament_install'
[0.667s] Level 1:colcon.colcon_core.package_identification:_identify(src/dd_gazebo) by extensions ['colcon_pkg']
[0.667s] Level 1:colcon.colcon_core.package_identification:_identify(src/dd_gazebo) by extension 'colcon_pkg'
[0.667s] Level 1:colcon.colcon_core.package_identification:_identify(src/dd_gazebo) by extensions ['colcon_meta']
[0.667s] Level 1:colcon.colcon_core.package_identification:_identify(src/dd_gazebo) by extension 'colcon_meta'
[0.667s] Level 1:colcon.colcon_core.package_identification:_identify(src/dd_gazebo) by extensions ['ros']
[0.667s] Level 1:colcon.colcon_core.package_identification:_identify(src/dd_gazebo) by extension 'ros'
[0.668s] DEBUG:colcon.colcon_core.package_identification:Package 'src/dd_gazebo' with type 'ros.ament_cmake' and name 'dd_gazebo'
[0.668s] Level 1:colcon.colcon_core.package_identification:_identify(src/drone_nav) by extensions ['ignore', 'ignore_ament_install']
[0.668s] Level 1:colcon.colcon_core.package_identification:_identify(src/drone_nav) by extension 'ignore'
[0.668s] Level 1:colcon.colcon_core.package_identification:_identify(src/drone_nav) by extension 'ignore_ament_install'
[0.669s] Level 1:colcon.colcon_core.package_identification:_identify(src/drone_nav) by extensions ['colcon_pkg']
[0.669s] Level 1:colcon.colcon_core.package_identification:_identify(src/drone_nav) by extension 'colcon_pkg'
[0.669s] Level 1:colcon.colcon_core.package_identification:_identify(src/drone_nav) by extensions ['colcon_meta']
[0.669s] Level 1:colcon.colcon_core.package_identification:_identify(src/drone_nav) by extension 'colcon_meta'
[0.669s] Level 1:colcon.colcon_core.package_identification:_identify(src/drone_nav) by extensions ['ros']
[0.669s] Level 1:colcon.colcon_core.package_identification:_identify(src/drone_nav) by extension 'ros'
[0.669s] DEBUG:colcon.colcon_core.package_identification:Package 'src/drone_nav' with type 'ros.ament_cmake' and name 'drone_nav'
[0.669s] Level 1:colcon.colcon_core.package_identification:_identify(src/px4_msgs) by extensions ['ignore', 'ignore_ament_install']
[0.669s] Level 1:colcon.colcon_core.package_identification:_identify(src/px4_msgs) by extension 'ignore'
[0.669s] Level 1:colcon.colcon_core.package_identification:_identify(src/px4_msgs) by extension 'ignore_ament_install'
[0.669s] Level 1:colcon.colcon_core.package_identification:_identify(src/px4_msgs) by extensions ['colcon_pkg']
[0.669s] Level 1:colcon.colcon_core.package_identification:_identify(src/px4_msgs) by extension 'colcon_pkg'
[0.669s] Level 1:colcon.colcon_core.package_identification:_identify(src/px4_msgs) by extensions ['colcon_meta']
[0.669s] Level 1:colcon.colcon_core.package_identification:_identify(src/px4_msgs) by extension 'colcon_meta'
[0.670s] Level 1:colcon.colcon_core.package_identification:_identify(src/px4_msgs) by extensions ['ros']
[0.670s] Level 1:colcon.colcon_core.package_identification:_identify(src/px4_msgs) by extension 'ros'
[0.670s] DEBUG:colcon.colcon_core.package_identification:Package 'src/px4_msgs' with type 'ros.ament_cmake' and name 'px4_msgs'
[0.670s] Level 1:colcon.colcon_core.package_identification:_identify(src/px4_offboard) by extensions ['ignore', 'ignore_ament_install']
[0.670s] Level 1:colcon.colcon_core.package_identification:_identify(src/px4_offboard) by extension 'ignore'
[0.670s] Level 1:colcon.colcon_core.package_identification:_identify(src/px4_offboard) by extension 'ignore_ament_install'
[0.670s] Level 1:colcon.colcon_core.package_identification:_identify(src/px4_offboard) by extensions ['colcon_pkg']
[0.670s] Level 1:colcon.colcon_core.package_identification:_identify(src/px4_offboard) by extension 'colcon_pkg'
[0.670s] Level 1:colcon.colcon_core.package_identification:_identify(src/px4_offboard) by extensions ['colcon_meta']
[0.670s] Level 1:colcon.colcon_core.package_identification:_identify(src/px4_offboard) by extension 'colcon_meta'
[0.670s] Level 1:colcon.colcon_core.package_identification:_identify(src/px4_offboard) by extensions ['ros']
[0.670s] Level 1:colcon.colcon_core.package_identification:_identify(src/px4_offboard) by extension 'ros'
[0.670s] DEBUG:colcon.colcon_core.package_identification:Package 'src/px4_offboard' with type 'ros.ament_python' and name 'px4_offboard'
[0.670s] Level 1:colcon.colcon_core.package_identification:_identify(src/px4_ros_com) by extensions ['ignore', 'ignore_ament_install']
[0.671s] Level 1:colcon.colcon_core.package_identification:_identify(src/px4_ros_com) by extension 'ignore'
[0.671s] Level 1:colcon.colcon_core.package_identification:_identify(src/px4_ros_com) by extension 'ignore_ament_install'
[0.671s] Level 1:colcon.colcon_core.package_identification:_identify(src/px4_ros_com) by extensions ['colcon_pkg']
[0.671s] Level 1:colcon.colcon_core.package_identification:_identify(src/px4_ros_com) by extension 'colcon_pkg'
[0.671s] Level 1:colcon.colcon_core.package_identification:_identify(src/px4_ros_com) by extensions ['colcon_meta']
[0.671s] Level 1:colcon.colcon_core.package_identification:_identify(src/px4_ros_com) by extension 'colcon_meta'
[0.671s] Level 1:colcon.colcon_core.package_identification:_identify(src/px4_ros_com) by extensions ['ros']
[0.671s] Level 1:colcon.colcon_core.package_identification:_identify(src/px4_ros_com) by extension 'ros'
[0.671s] DEBUG:colcon.colcon_core.package_identification:Package 'src/px4_ros_com' with type 'ros.ament_cmake' and name 'px4_ros_com'
[0.671s] Level 1:colcon.colcon_core.package_discovery:discover_packages(recursive) using defaults
[0.671s] Level 1:colcon.colcon_core.package_discovery:discover_packages(ignore) discover
[0.671s] Level 1:colcon.colcon_core.package_discovery:discover_packages(ignore) using defaults
[0.671s] Level 1:colcon.colcon_core.package_discovery:discover_packages(path) discover
[0.671s] Level 1:colcon.colcon_core.package_discovery:discover_packages(path) using defaults
[0.714s] INFO:colcon.colcon_core.package_selection:Skipping not selected package 'dd_gazebo' in 'src/dd_gazebo'
[0.714s] INFO:colcon.colcon_core.package_selection:Skipping not selected package 'drone_nav' in 'src/drone_nav'
[0.714s] INFO:colcon.colcon_core.package_selection:Skipping not selected package 'px4_msgs' in 'src/px4_msgs'
[0.714s] INFO:colcon.colcon_core.package_selection:Skipping not selected package 'px4_ros_com' in 'src/px4_ros_com'
[0.743s] Level 1:colcon.colcon_core.package_discovery:discover_packages(prefix_path) check parameters
[0.743s] Level 1:colcon.colcon_core.package_discovery:discover_packages(prefix_path) discover
[0.762s] DEBUG:colcon.colcon_installed_package_information.package_discovery:Found 358 installed packages in /opt/ros/humble
[0.763s] Level 1:colcon.colcon_core.package_discovery:discover_packages(prefix_path) using defaults
[0.809s] Level 5:colcon.colcon_core.verb:set package 'px4_offboard' build argument 'cmake_args' from command line to 'None'
[0.810s] Level 5:colcon.colcon_core.verb:set package 'px4_offboard' build argument 'cmake_target' from command line to 'None'
[0.810s] Level 5:colcon.colcon_core.verb:set package 'px4_offboard' build argument 'cmake_target_skip_unavailable' from command line to 'False'
[0.810s] Level 5:colcon.colcon_core.verb:set package 'px4_offboard' build argument 'cmake_clean_cache' from command line to 'False'
[0.810s] Level 5:colcon.colcon_core.verb:set package 'px4_offboard' build argument 'cmake_clean_first' from command line to 'False'
[0.810s] Level 5:colcon.colcon_core.verb:set package 'px4_offboard' build argument 'cmake_force_configure' from command line to 'False'
[0.810s] Level 5:colcon.colcon_core.verb:set package 'px4_offboard' build argument 'ament_cmake_args' from command line to 'None'
[0.810s] Level 5:colcon.colcon_core.verb:set package 'px4_offboard' build argument 'catkin_cmake_args' from command line to 'None'
[0.810s] Level 5:colcon.colcon_core.verb:set package 'px4_offboard' build argument 'catkin_skip_building_tests' from command line to 'False'
[0.810s] DEBUG:colcon.colcon_core.verb:Building package 'px4_offboard' with the following arguments: {'ament_cmake_args': None, 'build_base': '/home/brc/DD_Nav_WS/dd_gazebo_ws/build/px4_offboard', 'catkin_cmake_args': None, 'catkin_skip_building_tests': False, 'cmake_args': None, 'cmake_clean_cache': False, 'cmake_clean_first': False, 'cmake_force_configure': False, 'cmake_target': None, 'cmake_target_skip_unavailable': False, 'install_base': '/home/brc/DD_Nav_WS/dd_gazebo_ws/install/px4_offboard', 'merge_install': False, 'path': '/home/brc/DD_Nav_WS/dd_gazebo_ws/src/px4_offboard', 'symlink_install': False, 'test_result_base': None}
[0.817s] INFO:colcon.colcon_core.executor:Executing jobs using 'parallel' executor
[0.827s] DEBUG:colcon.colcon_parallel_executor.executor.parallel:run_until_complete
[0.827s] INFO:colcon.colcon_ros.task.ament_python.build:Building ROS package in '/home/brc/DD_Nav_WS/dd_gazebo_ws/src/px4_offboard' with build type 'ament_python'
[0.827s] Level 1:colcon.colcon_core.shell:create_environment_hook('px4_offboard', 'ament_prefix_path')
[0.836s] INFO:colcon.colcon_core.plugin_system:Skipping extension 'colcon_core.shell.bat': Not used on non-Windows systems
[0.837s] INFO:colcon.colcon_core.shell:Creating environment hook '/home/brc/DD_Nav_WS/dd_gazebo_ws/install/px4_offboard/share/px4_offboard/hook/ament_prefix_path.ps1'
[0.838s] INFO:colcon.colcon_core.shell:Creating environment descriptor '/home/brc/DD_Nav_WS/dd_gazebo_ws/install/px4_offboard/share/px4_offboard/hook/ament_prefix_path.dsv'
[0.838s] INFO:colcon.colcon_core.shell:Creating environment hook '/home/brc/DD_Nav_WS/dd_gazebo_ws/install/px4_offboard/share/px4_offboard/hook/ament_prefix_path.sh'
[0.847s] INFO:colcon.colcon_core.shell:Skip shell extension 'powershell' for command environment: Not usable outside of PowerShell
[0.847s] DEBUG:colcon.colcon_core.shell:Skip shell extension 'dsv' for command environment
[1.015s] INFO:colcon.colcon_core.task.python.build:Building Python package in '/home/brc/DD_Nav_WS/dd_gazebo_ws/src/px4_offboard'
[1.023s] INFO:colcon.colcon_core.shell:Skip shell extension 'powershell' for command environment: Not usable outside of PowerShell
[1.024s] DEBUG:colcon.colcon_core.shell:Skip shell extension 'dsv' for command environment
[1.465s] DEBUG:colcon.colcon_core.event_handler.log_command:Invoking command in '/home/brc/DD_Nav_WS/dd_gazebo_ws/src/px4_offboard': AMENT_PREFIX_PATH=/home/brc/DD_Nav_WS/dd_gazebo_ws/install/px4_msgs:${AMENT_PREFIX_PATH} CMAKE_PREFIX_PATH=/home/brc/DD_Nav_WS/dd_gazebo_ws/install/px4_msgs LD_LIBRARY_PATH=/home/brc/DD_Nav_WS/dd_gazebo_ws/install/px4_msgs/lib:${LD_LIBRARY_PATH} PYTHONPATH=/home/brc/DD_Nav_WS/dd_gazebo_ws/build/px4_offboard/prefix_override:/home/brc/DD_Nav_WS/dd_gazebo_ws/install/px4_offboard/lib/python3.10/site-packages:/home/brc/DD_Nav_WS/dd_gazebo_ws/install/px4_msgs/local/lib/python3.10/dist-packages:${PYTHONPATH} /usr/bin/python3 setup.py egg_info --egg-base ../../build/px4_offboard build --build-base /home/brc/DD_Nav_WS/dd_gazebo_ws/build/px4_offboard/build install --record /home/brc/DD_Nav_WS/dd_gazebo_ws/build/px4_offboard/install.log --single-version-externally-managed
[1.792s] DEBUG:colcon.colcon_core.event_handler.log_command:Invoked command in '/home/brc/DD_Nav_WS/dd_gazebo_ws/src/px4_offboard' returned '0': AMENT_PREFIX_PATH=/home/brc/DD_Nav_WS/dd_gazebo_ws/install/px4_msgs:${AMENT_PREFIX_PATH} CMAKE_PREFIX_PATH=/home/brc/DD_Nav_WS/dd_gazebo_ws/install/px4_msgs LD_LIBRARY_PATH=/home/brc/DD_Nav_WS/dd_gazebo_ws/install/px4_msgs/lib:${LD_LIBRARY_PATH} PYTHONPATH=/home/brc/DD_Nav_WS/dd_gazebo_ws/build/px4_offboard/prefix_override:/home/brc/DD_Nav_WS/dd_gazebo_ws/install/px4_offboard/lib/python3.10/site-packages:/home/brc/DD_Nav_WS/dd_gazebo_ws/install/px4_msgs/local/lib/python3.10/dist-packages:${PYTHONPATH} /usr/bin/python3 setup.py egg_info --egg-base ../../build/px4_offboard build --build-base /home/brc/DD_Nav_WS/dd_gazebo_ws/build/px4_offboard/build install --record /home/brc/DD_Nav_WS/dd_gazebo_ws/build/px4_offboard/install.log --single-version-externally-managed
[1.810s] Level 1:colcon.colcon_core.environment:checking '/home/brc/DD_Nav_WS/dd_gazebo_ws/install/px4_offboard' for CMake module files
[1.811s] Level 1:colcon.colcon_core.environment:checking '/home/brc/DD_Nav_WS/dd_gazebo_ws/install/px4_offboard' for CMake config files
[1.812s] Level 1:colcon.colcon_core.environment:checking '/home/brc/DD_Nav_WS/dd_gazebo_ws/install/px4_offboard/lib'
[1.812s] Level 1:colcon.colcon_core.environment:checking '/home/brc/DD_Nav_WS/dd_gazebo_ws/install/px4_offboard/bin'
[1.812s] Level 1:colcon.colcon_core.environment:checking '/home/brc/DD_Nav_WS/dd_gazebo_ws/install/px4_offboard/lib/pkgconfig/px4_offboard.pc'
[1.812s] Level 1:colcon.colcon_core.environment:checking '/home/brc/DD_Nav_WS/dd_gazebo_ws/install/px4_offboard/lib/python3.10/site-packages'
[1.812s] Level 1:colcon.colcon_core.shell:create_environment_hook('px4_offboard', 'pythonpath')
[1.822s] INFO:colcon.colcon_core.shell:Creating environment hook '/home/brc/DD_Nav_WS/dd_gazebo_ws/install/px4_offboard/share/px4_offboard/hook/pythonpath.ps1'
[1.822s] INFO:colcon.colcon_core.shell:Creating environment descriptor '/home/brc/DD_Nav_WS/dd_gazebo_ws/install/px4_offboard/share/px4_offboard/hook/pythonpath.dsv'
[1.822s] INFO:colcon.colcon_core.shell:Creating environment hook '/home/brc/DD_Nav_WS/dd_gazebo_ws/install/px4_offboard/share/px4_offboard/hook/pythonpath.sh'
[1.823s] Level 1:colcon.colcon_core.environment:checking '/home/brc/DD_Nav_WS/dd_gazebo_ws/install/px4_offboard/bin'
[1.823s] Level 1:colcon.colcon_core.environment:create_environment_scripts_only(px4_offboard)
[1.837s] INFO:colcon.colcon_core.shell:Creating package script '/home/brc/DD_Nav_WS/dd_gazebo_ws/install/px4_offboard/share/px4_offboard/package.ps1'
[1.838s] INFO:colcon.colcon_core.shell:Creating package descriptor '/home/brc/DD_Nav_WS/dd_gazebo_ws/install/px4_offboard/share/px4_offboard/package.dsv'
[1.839s] INFO:colcon.colcon_core.shell:Creating package script '/home/brc/DD_Nav_WS/dd_gazebo_ws/install/px4_offboard/share/px4_offboard/package.sh'
[1.840s] INFO:colcon.colcon_core.shell:Creating package script '/home/brc/DD_Nav_WS/dd_gazebo_ws/install/px4_offboard/share/px4_offboard/package.bash'
[1.840s] INFO:colcon.colcon_core.shell:Creating package script '/home/brc/DD_Nav_WS/dd_gazebo_ws/install/px4_offboard/share/px4_offboard/package.zsh'
[1.840s] Level 1:colcon.colcon_core.environment:create_file_with_runtime_dependencies(/home/brc/DD_Nav_WS/dd_gazebo_ws/install/px4_offboard/share/colcon-core/packages/px4_offboard)
[1.841s] DEBUG:colcon.colcon_parallel_executor.executor.parallel:closing loop
[1.841s] DEBUG:colcon.colcon_parallel_executor.executor.parallel:loop closed
[1.841s] DEBUG:colcon.colcon_parallel_executor.executor.parallel:run_until_complete finished with '0'
[1.841s] DEBUG:colcon.colcon_core.event_reactor:joining thread
[1.856s] INFO:colcon.colcon_core.plugin_system:Skipping extension 'colcon_notification.desktop_notification.terminal_notifier': Not used on non-Darwin systems
[1.856s] INFO:colcon.colcon_core.plugin_system:Skipping extension 'colcon_notification.desktop_notification.win32': Not used on non-Windows systems
[1.856s] INFO:colcon.colcon_notification.desktop_notification:Sending desktop notification using 'notify2'
[1.866s] DEBUG:colcon.colcon_core.event_reactor:joined thread
[1.881s] INFO:colcon.colcon_core.shell:Creating prefix script '/home/brc/DD_Nav_WS/dd_gazebo_ws/install/local_setup.ps1'
[1.882s] INFO:colcon.colcon_core.shell:Creating prefix util module '/home/brc/DD_Nav_WS/dd_gazebo_ws/install/_local_setup_util_ps1.py'
[1.883s] INFO:colcon.colcon_core.shell:Creating prefix chain script '/home/brc/DD_Nav_WS/dd_gazebo_ws/install/setup.ps1'
[1.893s] INFO:colcon.colcon_core.shell:Creating prefix script '/home/brc/DD_Nav_WS/dd_gazebo_ws/install/local_setup.sh'
[1.894s] INFO:colcon.colcon_core.shell:Creating prefix util module '/home/brc/DD_Nav_WS/dd_gazebo_ws/install/_local_setup_util_sh.py'
[1.894s] INFO:colcon.colcon_core.shell:Creating prefix chain script '/home/brc/DD_Nav_WS/dd_gazebo_ws/install/setup.sh'
[1.903s] INFO:colcon.colcon_core.shell:Creating prefix script '/home/brc/DD_Nav_WS/dd_gazebo_ws/install/local_setup.bash'
[1.903s] INFO:colcon.colcon_core.shell:Creating prefix chain script '/home/brc/DD_Nav_WS/dd_gazebo_ws/install/setup.bash'
[1.912s] INFO:colcon.colcon_core.shell:Creating prefix script '/home/brc/DD_Nav_WS/dd_gazebo_ws/install/local_setup.zsh'
[1.913s] INFO:colcon.colcon_core.shell:Creating prefix chain script '/home/brc/DD_Nav_WS/dd_gazebo_ws/install/setup.zsh'
