[3.126s] DEBUG:colcon:Command line arguments: ['/usr/bin/colcon', 'build', '--packages-select', 'dd_gazebo']
[3.126s] DEBUG:colcon:Parsed command line arguments: Namespace(log_base=None, log_level=None, verb_name='build', build_base='build', install_base='install', merge_install=False, symlink_install=False, test_result_base=None, continue_on_error=False, executor='parallel', parallel_workers=16, event_handlers=None, ignore_user_meta=False, metas=['./colcon.meta'], base_paths=['.'], packages_ignore=None, packages_ignore_regex=None, paths=None, packages_up_to=None, packages_up_to_regex=None, packages_above=None, packages_above_and_dependencies=None, packages_above_depth=None, packages_select_by_dep=None, packages_skip_by_dep=None, packages_skip_up_to=None, packages_select_build_failed=False, packages_skip_build_finished=False, packages_select_test_failures=False, packages_skip_test_passed=False, packages_select=['dd_gazebo'], packages_skip=None, packages_select_regex=None, packages_skip_regex=None, packages_start=None, packages_end=None, allow_overriding=[], cmake_args=None, cmake_target=None, cmake_target_skip_unavailable=False, cmake_clean_cache=False, cmake_clean_first=False, cmake_force_configure=False, ament_cmake_args=None, catkin_cmake_args=None, catkin_skip_building_tests=False, verb_parser=<colcon_defaults.argument_parser.defaults.DefaultArgumentsDecorator object at 0x7f127a12c2b0>, verb_extension=<colcon_core.verb.build.BuildVerb object at 0x7f127a12ef80>, main=<bound method BuildVerb.main of <colcon_core.verb.build.BuildVerb object at 0x7f127a12ef80>>)
[3.244s] Level 1:colcon.colcon_core.package_discovery:discover_packages(colcon_meta) check parameters
[3.244s] Level 1:colcon.colcon_core.package_discovery:discover_packages(recursive) check parameters
[3.245s] Level 1:colcon.colcon_core.package_discovery:discover_packages(ignore) check parameters
[3.245s] Level 1:colcon.colcon_core.package_discovery:discover_packages(path) check parameters
[3.245s] Level 1:colcon.colcon_core.package_discovery:discover_packages(colcon_meta) discover
[3.245s] Level 1:colcon.colcon_core.package_discovery:discover_packages(recursive) discover
[3.245s] INFO:colcon.colcon_core.package_discovery:Crawling recursively for packages in '/home/dronedelivery/ARC'
[3.245s] Level 1:colcon.colcon_core.package_identification:_identify(.) by extensions ['ignore', 'ignore_ament_install']
[3.245s] Level 1:colcon.colcon_core.package_identification:_identify(.) by extension 'ignore'
[3.246s] Level 1:colcon.colcon_core.package_identification:_identify(.) by extension 'ignore_ament_install'
[3.246s] Level 1:colcon.colcon_core.package_identification:_identify(.) by extensions ['colcon_pkg']
[3.246s] Level 1:colcon.colcon_core.package_identification:_identify(.) by extension 'colcon_pkg'
[3.246s] Level 1:colcon.colcon_core.package_identification:_identify(.) by extensions ['colcon_meta']
[3.246s] Level 1:colcon.colcon_core.package_identification:_identify(.) by extension 'colcon_meta'
[3.246s] Level 1:colcon.colcon_core.package_identification:_identify(.) by extensions ['ros']
[3.246s] Level 1:colcon.colcon_core.package_identification:_identify(.) by extension 'ros'
[3.269s] Level 1:colcon.colcon_core.package_identification:_identify(.) by extensions ['cmake', 'python']
[3.269s] Level 1:colcon.colcon_core.package_identification:_identify(.) by extension 'cmake'
[3.269s] Level 1:colcon.colcon_core.package_identification:_identify(.) by extension 'python'
[3.269s] Level 1:colcon.colcon_core.package_identification:_identify(.) by extensions ['python_setup_py']
[3.269s] Level 1:colcon.colcon_core.package_identification:_identify(.) by extension 'python_setup_py'
[3.269s] Level 1:colcon.colcon_core.package_identification:_identify(build) by extensions ['ignore', 'ignore_ament_install']
[3.270s] Level 1:colcon.colcon_core.package_identification:_identify(build) by extension 'ignore'
[3.270s] Level 1:colcon.colcon_core.package_identification:_identify(build) ignored
[3.270s] Level 1:colcon.colcon_core.package_identification:_identify(dd_gazebo) by extensions ['ignore', 'ignore_ament_install']
[3.270s] Level 1:colcon.colcon_core.package_identification:_identify(dd_gazebo) by extension 'ignore'
[3.270s] Level 1:colcon.colcon_core.package_identification:_identify(dd_gazebo) by extension 'ignore_ament_install'
[3.270s] Level 1:colcon.colcon_core.package_identification:_identify(dd_gazebo) by extensions ['colcon_pkg']
[3.270s] Level 1:colcon.colcon_core.package_identification:_identify(dd_gazebo) by extension 'colcon_pkg'
[3.271s] Level 1:colcon.colcon_core.package_identification:_identify(dd_gazebo) by extensions ['colcon_meta']
[3.271s] Level 1:colcon.colcon_core.package_identification:_identify(dd_gazebo) by extension 'colcon_meta'
[3.271s] Level 1:colcon.colcon_core.package_identification:_identify(dd_gazebo) by extensions ['ros']
[3.271s] Level 1:colcon.colcon_core.package_identification:_identify(dd_gazebo) by extension 'ros'
[3.275s] DEBUG:colcon.colcon_core.package_identification:Package 'dd_gazebo' with type 'ros.ament_cmake' and name 'dd_gazebo'
[3.275s] Level 1:colcon.colcon_core.package_identification:_identify(install) by extensions ['ignore', 'ignore_ament_install']
[3.275s] Level 1:colcon.colcon_core.package_identification:_identify(install) by extension 'ignore'
[3.275s] Level 1:colcon.colcon_core.package_identification:_identify(install) ignored
[3.275s] Level 1:colcon.colcon_core.package_identification:_identify(log) by extensions ['ignore', 'ignore_ament_install']
[3.276s] Level 1:colcon.colcon_core.package_identification:_identify(log) by extension 'ignore'
[3.276s] Level 1:colcon.colcon_core.package_identification:_identify(log) ignored
[3.276s] Level 1:colcon.colcon_core.package_discovery:discover_packages(recursive) using defaults
[3.276s] Level 1:colcon.colcon_core.package_discovery:discover_packages(ignore) discover
[3.276s] Level 1:colcon.colcon_core.package_discovery:discover_packages(ignore) using defaults
[3.276s] Level 1:colcon.colcon_core.package_discovery:discover_packages(path) discover
[3.276s] Level 1:colcon.colcon_core.package_discovery:discover_packages(path) using defaults
[3.517s] Level 1:colcon.colcon_core.package_discovery:discover_packages(prefix_path) check parameters
[3.517s] Level 1:colcon.colcon_core.package_discovery:discover_packages(prefix_path) discover
[3.558s] WARNING:colcon.colcon_core.prefix_path.colcon:The path '/home/dronedelivery/install' in the environment variable COLCON_PREFIX_PATH doesn't exist
[3.559s] WARNING:colcon.colcon_ros.prefix_path.ament:The path '/home/dronedelivery/install/dd_gazebo' in the environment variable AMENT_PREFIX_PATH doesn't exist
[3.559s] WARNING:colcon.colcon_ros.prefix_path.catkin:The path '/home/dronedelivery/install/dd_gazebo' in the environment variable CMAKE_PREFIX_PATH doesn't exist
[3.601s] DEBUG:colcon.colcon_installed_package_information.package_discovery:Found 1 installed packages in /home/dronedelivery/ARC/install
[3.656s] DEBUG:colcon.colcon_installed_package_information.package_discovery:Found 403 installed packages in /opt/ros/humble
[3.660s] Level 1:colcon.colcon_core.package_discovery:discover_packages(prefix_path) using defaults
[3.904s] Level 5:colcon.colcon_core.verb:set package 'dd_gazebo' build argument 'cmake_args' from command line to 'None'
[3.904s] Level 5:colcon.colcon_core.verb:set package 'dd_gazebo' build argument 'cmake_target' from command line to 'None'
[3.904s] Level 5:colcon.colcon_core.verb:set package 'dd_gazebo' build argument 'cmake_target_skip_unavailable' from command line to 'False'
[3.904s] Level 5:colcon.colcon_core.verb:set package 'dd_gazebo' build argument 'cmake_clean_cache' from command line to 'False'
[3.904s] Level 5:colcon.colcon_core.verb:set package 'dd_gazebo' build argument 'cmake_clean_first' from command line to 'False'
[3.904s] Level 5:colcon.colcon_core.verb:set package 'dd_gazebo' build argument 'cmake_force_configure' from command line to 'False'
[3.904s] Level 5:colcon.colcon_core.verb:set package 'dd_gazebo' build argument 'ament_cmake_args' from command line to 'None'
[3.904s] Level 5:colcon.colcon_core.verb:set package 'dd_gazebo' build argument 'catkin_cmake_args' from command line to 'None'
[3.904s] Level 5:colcon.colcon_core.verb:set package 'dd_gazebo' build argument 'catkin_skip_building_tests' from command line to 'False'
[3.905s] DEBUG:colcon.colcon_core.verb:Building package 'dd_gazebo' with the following arguments: {'ament_cmake_args': None, 'build_base': '/home/dronedelivery/ARC/build/dd_gazebo', 'catkin_cmake_args': None, 'catkin_skip_building_tests': False, 'cmake_args': None, 'cmake_clean_cache': False, 'cmake_clean_first': False, 'cmake_force_configure': False, 'cmake_target': None, 'cmake_target_skip_unavailable': False, 'install_base': '/home/dronedelivery/ARC/install/dd_gazebo', 'merge_install': False, 'path': '/home/dronedelivery/ARC/dd_gazebo', 'symlink_install': False, 'test_result_base': None}
[3.945s] INFO:colcon.colcon_core.executor:Executing jobs using 'parallel' executor
[3.987s] DEBUG:colcon.colcon_parallel_executor.executor.parallel:run_until_complete
[3.987s] INFO:colcon.colcon_ros.task.ament_cmake.build:Building ROS package in '/home/dronedelivery/ARC/dd_gazebo' with build type 'ament_cmake'
[3.988s] INFO:colcon.colcon_cmake.task.cmake.build:Building CMake package in '/home/dronedelivery/ARC/dd_gazebo'
[4.032s] INFO:colcon.colcon_core.plugin_system:Skipping extension 'colcon_core.shell.bat': Not used on non-Windows systems
[4.032s] INFO:colcon.colcon_core.shell:Skip shell extension 'powershell' for command environment: Not usable outside of PowerShell
[4.032s] DEBUG:colcon.colcon_core.shell:Skip shell extension 'dsv' for command environment
[4.181s] DEBUG:colcon.colcon_core.event_handler.log_command:Invoking command in '/home/dronedelivery/ARC/build/dd_gazebo': CMAKE_PREFIX_PATH=${CMAKE_PREFIX_PATH}:/opt/ros/humble /usr/bin/cmake --build /home/dronedelivery/ARC/build/dd_gazebo -- -j16 -l16
[4.606s] DEBUG:colcon.colcon_core.event_handler.log_command:Invoked command in '/home/dronedelivery/ARC/build/dd_gazebo' returned '0': CMAKE_PREFIX_PATH=${CMAKE_PREFIX_PATH}:/opt/ros/humble /usr/bin/cmake --build /home/dronedelivery/ARC/build/dd_gazebo -- -j16 -l16
[4.722s] DEBUG:colcon.colcon_core.event_handler.log_command:Invoking command in '/home/dronedelivery/ARC/build/dd_gazebo': CMAKE_PREFIX_PATH=${CMAKE_PREFIX_PATH}:/opt/ros/humble /usr/bin/cmake --install /home/dronedelivery/ARC/build/dd_gazebo
[4.761s] Level 1:colcon.colcon_core.environment:create_environment_scripts_only(dd_gazebo)
[4.764s] DEBUG:colcon.colcon_core.event_handler.log_command:Invoked command in '/home/dronedelivery/ARC/build/dd_gazebo' returned '0': CMAKE_PREFIX_PATH=${CMAKE_PREFIX_PATH}:/opt/ros/humble /usr/bin/cmake --install /home/dronedelivery/ARC/build/dd_gazebo
[4.884s] Level 1:colcon.colcon_core.environment:checking '/home/dronedelivery/ARC/install/dd_gazebo' for CMake module files
[4.887s] Level 1:colcon.colcon_core.environment:checking '/home/dronedelivery/ARC/install/dd_gazebo' for CMake config files
[4.889s] Level 1:colcon.colcon_core.shell:create_environment_hook('dd_gazebo', 'cmake_prefix_path')
[4.999s] INFO:colcon.colcon_core.shell:Creating environment hook '/home/dronedelivery/ARC/install/dd_gazebo/share/dd_gazebo/hook/cmake_prefix_path.ps1'
[5.002s] INFO:colcon.colcon_core.shell:Creating environment descriptor '/home/dronedelivery/ARC/install/dd_gazebo/share/dd_gazebo/hook/cmake_prefix_path.dsv'
[5.004s] INFO:colcon.colcon_core.shell:Creating environment hook '/home/dronedelivery/ARC/install/dd_gazebo/share/dd_gazebo/hook/cmake_prefix_path.sh'
[5.007s] Level 1:colcon.colcon_core.environment:checking '/home/dronedelivery/ARC/install/dd_gazebo/bin'
[5.008s] Level 1:colcon.colcon_core.environment:checking '/home/dronedelivery/ARC/install/dd_gazebo/lib/pkgconfig/dd_gazebo.pc'
[5.009s] Level 1:colcon.colcon_core.environment:checking '/home/dronedelivery/ARC/install/dd_gazebo/lib/python3.10/site-packages'
[5.009s] Level 1:colcon.colcon_core.environment:checking '/home/dronedelivery/ARC/install/dd_gazebo/bin'
[5.119s] INFO:colcon.colcon_core.shell:Creating package script '/home/dronedelivery/ARC/install/dd_gazebo/share/dd_gazebo/package.ps1'
[5.122s] INFO:colcon.colcon_core.shell:Creating package descriptor '/home/dronedelivery/ARC/install/dd_gazebo/share/dd_gazebo/package.dsv'
[5.124s] INFO:colcon.colcon_core.shell:Creating package script '/home/dronedelivery/ARC/install/dd_gazebo/share/dd_gazebo/package.sh'
[5.127s] INFO:colcon.colcon_core.shell:Creating package script '/home/dronedelivery/ARC/install/dd_gazebo/share/dd_gazebo/package.bash'
[5.130s] INFO:colcon.colcon_core.shell:Creating package script '/home/dronedelivery/ARC/install/dd_gazebo/share/dd_gazebo/package.zsh'
[5.133s] Level 1:colcon.colcon_core.environment:create_file_with_runtime_dependencies(/home/dronedelivery/ARC/install/dd_gazebo/share/colcon-core/packages/dd_gazebo)
[5.335s] Level 1:colcon.colcon_core.environment:create_environment_scripts_only(dd_gazebo)
[5.445s] Level 1:colcon.colcon_core.environment:checking '/home/dronedelivery/ARC/install/dd_gazebo' for CMake module files
[5.448s] Level 1:colcon.colcon_core.environment:checking '/home/dronedelivery/ARC/install/dd_gazebo' for CMake config files
[5.450s] Level 1:colcon.colcon_core.shell:create_environment_hook('dd_gazebo', 'cmake_prefix_path')
[5.574s] INFO:colcon.colcon_core.shell:Creating environment hook '/home/dronedelivery/ARC/install/dd_gazebo/share/dd_gazebo/hook/cmake_prefix_path.ps1'
[5.577s] INFO:colcon.colcon_core.shell:Creating environment descriptor '/home/dronedelivery/ARC/install/dd_gazebo/share/dd_gazebo/hook/cmake_prefix_path.dsv'
[5.578s] INFO:colcon.colcon_core.shell:Creating environment hook '/home/dronedelivery/ARC/install/dd_gazebo/share/dd_gazebo/hook/cmake_prefix_path.sh'
[5.581s] Level 1:colcon.colcon_core.environment:checking '/home/dronedelivery/ARC/install/dd_gazebo/bin'
[5.581s] Level 1:colcon.colcon_core.environment:checking '/home/dronedelivery/ARC/install/dd_gazebo/lib/pkgconfig/dd_gazebo.pc'
[5.582s] Level 1:colcon.colcon_core.environment:checking '/home/dronedelivery/ARC/install/dd_gazebo/lib/python3.10/site-packages'
[5.583s] Level 1:colcon.colcon_core.environment:checking '/home/dronedelivery/ARC/install/dd_gazebo/bin'
[5.697s] INFO:colcon.colcon_core.shell:Creating package script '/home/dronedelivery/ARC/install/dd_gazebo/share/dd_gazebo/package.ps1'
[5.700s] INFO:colcon.colcon_core.shell:Creating package descriptor '/home/dronedelivery/ARC/install/dd_gazebo/share/dd_gazebo/package.dsv'
[5.702s] INFO:colcon.colcon_core.shell:Creating package script '/home/dronedelivery/ARC/install/dd_gazebo/share/dd_gazebo/package.sh'
[5.704s] INFO:colcon.colcon_core.shell:Creating package script '/home/dronedelivery/ARC/install/dd_gazebo/share/dd_gazebo/package.bash'
[5.706s] INFO:colcon.colcon_core.shell:Creating package script '/home/dronedelivery/ARC/install/dd_gazebo/share/dd_gazebo/package.zsh'
[5.708s] Level 1:colcon.colcon_core.environment:create_file_with_runtime_dependencies(/home/dronedelivery/ARC/install/dd_gazebo/share/colcon-core/packages/dd_gazebo)
[5.710s] DEBUG:colcon.colcon_parallel_executor.executor.parallel:closing loop
[5.712s] DEBUG:colcon.colcon_parallel_executor.executor.parallel:loop closed
[5.712s] DEBUG:colcon.colcon_parallel_executor.executor.parallel:run_until_complete finished with '0'
[5.712s] DEBUG:colcon.colcon_core.event_reactor:joining thread
[5.828s] INFO:colcon.colcon_core.plugin_system:Skipping extension 'colcon_notification.desktop_notification.terminal_notifier': Not used on non-Darwin systems
[5.828s] INFO:colcon.colcon_core.plugin_system:Skipping extension 'colcon_notification.desktop_notification.win32': Not used on non-Windows systems
[5.828s] INFO:colcon.colcon_notification.desktop_notification:Sending desktop notification using 'notify2'
[5.885s] DEBUG:colcon.colcon_core.event_reactor:joined thread
[5.977s] INFO:colcon.colcon_core.shell:Creating prefix script '/home/dronedelivery/ARC/install/local_setup.ps1'
[5.980s] INFO:colcon.colcon_core.shell:Creating prefix util module '/home/dronedelivery/ARC/install/_local_setup_util_ps1.py'
[5.984s] INFO:colcon.colcon_core.shell:Creating prefix chain script '/home/dronedelivery/ARC/install/setup.ps1'
[6.075s] INFO:colcon.colcon_core.shell:Creating prefix script '/home/dronedelivery/ARC/install/local_setup.sh'
[6.077s] INFO:colcon.colcon_core.shell:Creating prefix util module '/home/dronedelivery/ARC/install/_local_setup_util_sh.py'
[6.079s] INFO:colcon.colcon_core.shell:Creating prefix chain script '/home/dronedelivery/ARC/install/setup.sh'
[6.171s] INFO:colcon.colcon_core.shell:Creating prefix script '/home/dronedelivery/ARC/install/local_setup.bash'
[6.173s] INFO:colcon.colcon_core.shell:Creating prefix chain script '/home/dronedelivery/ARC/install/setup.bash'
[6.274s] INFO:colcon.colcon_core.shell:Creating prefix script '/home/dronedelivery/ARC/install/local_setup.zsh'
[6.276s] INFO:colcon.colcon_core.shell:Creating prefix chain script '/home/dronedelivery/ARC/install/setup.zsh'
