[0.045s] Invoking command in '/home/brc/DD_Nav_WS/dd_gazebo_ws/build/px4_ros_com': AMENT_PREFIX_PATH=/home/brc/DD_Nav_WS/dd_gazebo_ws/install/px4_msgs:${AMENT_PREFIX_PATH} CMAKE_PREFIX_PATH=/home/brc/DD_Nav_WS/dd_gazebo_ws/install/px4_msgs:/home/brc/DD_Nav_WS/dd_gazebo_ws/install/px4_ros_com:/home/brc/DD_Nav_WS/dd_gazebo_ws/install/drone_nav:/home/brc/DD_Nav_WS/dd_gazebo_ws/install/dd_gazebo:/home/brc/DD_Nav_WS/dd_gazebo_ws/install/px4_offboard:/opt/ros/humble LD_LIBRARY_PATH=/home/brc/DD_Nav_WS/dd_gazebo_ws/install/px4_msgs/lib:/home/brc/DD_Nav_WS/dd_gazebo_ws/install/px4_ros_com/lib:/usr/lib/x86_64-linux-gnu/gazebo-11/plugins:/opt/ros/humble/opt/rviz_ogre_vendor/lib:/opt/ros/humble/lib/x86_64-linux-gnu:/opt/ros/humble/lib PYTHONPATH=/home/brc/DD_Nav_WS/dd_gazebo_ws/install/px4_msgs/local/lib/python3.10/dist-packages:${PYTHONPATH} /usr/bin/cmake --build /home/brc/DD_Nav_WS/dd_gazebo_ws/build/px4_ros_com -- -j8 -l8
[0.067s] -- Found ament_cmake: 1.3.5 (/opt/ros/humble/share/ament_cmake/cmake)
[0.179s] -- Found builtin_interfaces: 1.2.1 (/opt/ros/humble/share/builtin_interfaces/cmake)
[0.195s] -- Found rosidl_generator_c: 3.1.5 (/opt/ros/humble/share/rosidl_generator_c/cmake)
[0.196s] -- Found rosidl_adapter: 3.1.5 (/opt/ros/humble/share/rosidl_adapter/cmake)
[0.200s] -- Found rosidl_generator_cpp: 3.1.5 (/opt/ros/humble/share/rosidl_generator_cpp/cmake)
[0.208s] -- Using all available rosidl_typesupport_c: rosidl_typesupport_fastrtps_c;rosidl_typesupport_introspection_c
[0.218s] -- Using all available rosidl_typesupport_cpp: rosidl_typesupport_fastrtps_cpp;rosidl_typesupport_introspection_cpp
[0.229s] -- Found eigen3_cmake_module: 0.1.1 (/opt/ros/humble/share/eigen3_cmake_module/cmake)
[0.232s] -- Found geometry_msgs: 4.2.3 (/opt/ros/humble/share/geometry_msgs/cmake)
[0.315s] -- Found px4_msgs: 2.0.1 (/home/brc/DD_Nav_WS/dd_gazebo_ws/install/px4_msgs/share/px4_msgs/cmake)
[0.338s] -- Found rclcpp: 16.0.6 (/opt/ros/humble/share/rclcpp/cmake)
[0.378s] -- Found rmw_implementation_cmake: 6.1.1 (/opt/ros/humble/share/rmw_implementation_cmake/cmake)
[0.380s] -- Found rmw_fastrtps_cpp: 6.2.4 (/opt/ros/humble/share/rmw_fastrtps_cpp/cmake)
[0.510s] -- Using RMW implementation 'rmw_fastrtps_cpp' as default
[0.642s] -- Found sensor_msgs: 4.2.3 (/opt/ros/humble/share/sensor_msgs/cmake)
[0.699s] -- Found rclpy: 3.3.10 (/opt/ros/humble/share/rclpy/cmake)
[0.704s] -- Found ament_lint_auto: 0.12.8 (/opt/ros/humble/share/ament_lint_auto/cmake)
[0.763s] -- Added test 'copyright' to check source files copyright and LICENSE
[0.766s] -- Added test 'cppcheck' to perform static code analysis on C / C++ code
[0.766s] -- Configured cppcheck include dirs: /home/brc/DD_Nav_WS/dd_gazebo_ws/src/px4_ros_com/include;$<BUILD_INTERFACE:/home/brc/DD_Nav_WS/dd_gazebo_ws/src/px4_ros_com/include/px4_ros_com>
[0.766s] -- Configured cppcheck exclude dirs and/or files: 
[0.769s] -- Added test 'cpplint' to check C / C++ code against the Google style
[0.769s] -- Configured cpplint exclude dirs and/or files: 
[0.770s] -- Added test 'flake8' to check Python code syntax and style conventions
[0.771s] -- Added test 'lint_cmake' to check CMake code style
[0.772s] -- Added test 'pep257' to check Python code against some of the docstring style conventions in PEP 257
[0.774s] -- Added test 'uncrustify' to check C / C++ code style
[0.774s] -- Configured uncrustify additional arguments: 
[0.774s] -- Added test 'xmllint' to check XML markup files
[0.776s] -- Configuring done
[0.794s] -- Generating done
[0.796s] -- Build files have been written to: /home/brc/DD_Nav_WS/dd_gazebo_ws/build/px4_ros_com
[0.818s] [35m[1mConsolidate compiler generated dependencies of target frame_transforms[0m
[0.818s] [35m[1mConsolidate compiler generated dependencies of target offboard_control[0m
[0.819s] [35m[1mConsolidate compiler generated dependencies of target offboard_control_srv[0m
[0.820s] [35m[1mConsolidate compiler generated dependencies of target debug_vect_advertiser[0m
[0.823s] [35m[1mConsolidate compiler generated dependencies of target vehicle_gps_position_listener[0m
[0.829s] [35m[1mConsolidate compiler generated dependencies of target sensor_combined_listener[0m
[0.848s] [  8%] [32mBuilding CXX object CMakeFiles/debug_vect_advertiser.dir/src/examples/advertisers/debug_vect_advertiser.cpp.o[0m
[0.849s] [ 25%] [32mBuilding CXX object CMakeFiles/offboard_control.dir/src/examples/offboard/offboard_control.cpp.o[0m
[0.849s] [ 25%] [32mBuilding CXX object CMakeFiles/frame_transforms.dir/src/lib/frame_transforms.cpp.o[0m
[0.850s] [ 25%] Built target ament_cmake_python_copy_px4_ros_com
[0.852s] [ 33%] [32mBuilding CXX object CMakeFiles/sensor_combined_listener.dir/src/examples/listeners/sensor_combined_listener.cpp.o[0m
[0.852s] [ 41%] [32mBuilding CXX object CMakeFiles/vehicle_gps_position_listener.dir/src/examples/listeners/vehicle_gps_position_listener.cpp.o[0m
[0.858s] [ 50%] [32mBuilding CXX object CMakeFiles/offboard_control_srv.dir/src/examples/offboard/offboard_control_srv.cpp.o[0m
[1.199s] running egg_info
[1.222s] writing px4_ros_com.egg-info/PKG-INFO
[1.223s] writing dependency_links to px4_ros_com.egg-info/dependency_links.txt
[1.224s] writing top-level names to px4_ros_com.egg-info/top_level.txt
[1.318s] reading manifest file 'px4_ros_com.egg-info/SOURCES.txt'
[1.328s] writing manifest file 'px4_ros_com.egg-info/SOURCES.txt'
[1.405s] [ 50%] Built target ament_cmake_python_build_px4_ros_com_egg
[8.512s] [ 58%] [32m[1mLinking CXX executable debug_vect_advertiser[0m
[9.230s] [ 58%] Built target debug_vect_advertiser
[9.715s] [ 66%] [32m[1mLinking CXX executable offboard_control[0m
[10.057s] [ 66%] Built target offboard_control
[10.777s] [ 75%] [32m[1mLinking CXX executable offboard_control_srv[0m
[11.178s] [ 75%] Built target offboard_control_srv
[12.946s] [ 83%] [32m[1mLinking CXX shared library libframe_transforms.so[0m
[13.303s] [ 83%] Built target frame_transforms
[13.487s] [ 91%] [32m[1mLinking CXX executable sensor_combined_listener[0m
[13.640s] [100%] [32m[1mLinking CXX executable vehicle_gps_position_listener[0m
[13.866s] [100%] Built target sensor_combined_listener
[13.980s] [100%] Built target vehicle_gps_position_listener
[13.992s] Invoked command in '/home/brc/DD_Nav_WS/dd_gazebo_ws/build/px4_ros_com' returned '0': AMENT_PREFIX_PATH=/home/brc/DD_Nav_WS/dd_gazebo_ws/install/px4_msgs:${AMENT_PREFIX_PATH} CMAKE_PREFIX_PATH=/home/brc/DD_Nav_WS/dd_gazebo_ws/install/px4_msgs:/home/brc/DD_Nav_WS/dd_gazebo_ws/install/px4_ros_com:/home/brc/DD_Nav_WS/dd_gazebo_ws/install/drone_nav:/home/brc/DD_Nav_WS/dd_gazebo_ws/install/dd_gazebo:/home/brc/DD_Nav_WS/dd_gazebo_ws/install/px4_offboard:/opt/ros/humble LD_LIBRARY_PATH=/home/brc/DD_Nav_WS/dd_gazebo_ws/install/px4_msgs/lib:/home/brc/DD_Nav_WS/dd_gazebo_ws/install/px4_ros_com/lib:/usr/lib/x86_64-linux-gnu/gazebo-11/plugins:/opt/ros/humble/opt/rviz_ogre_vendor/lib:/opt/ros/humble/lib/x86_64-linux-gnu:/opt/ros/humble/lib PYTHONPATH=/home/brc/DD_Nav_WS/dd_gazebo_ws/install/px4_msgs/local/lib/python3.10/dist-packages:${PYTHONPATH} /usr/bin/cmake --build /home/brc/DD_Nav_WS/dd_gazebo_ws/build/px4_ros_com -- -j8 -l8
[14.039s] Invoking command in '/home/brc/DD_Nav_WS/dd_gazebo_ws/build/px4_ros_com': AMENT_PREFIX_PATH=/home/brc/DD_Nav_WS/dd_gazebo_ws/install/px4_msgs:${AMENT_PREFIX_PATH} CMAKE_PREFIX_PATH=/home/brc/DD_Nav_WS/dd_gazebo_ws/install/px4_msgs:/home/brc/DD_Nav_WS/dd_gazebo_ws/install/px4_ros_com:/home/brc/DD_Nav_WS/dd_gazebo_ws/install/drone_nav:/home/brc/DD_Nav_WS/dd_gazebo_ws/install/dd_gazebo:/home/brc/DD_Nav_WS/dd_gazebo_ws/install/px4_offboard:/opt/ros/humble LD_LIBRARY_PATH=/home/brc/DD_Nav_WS/dd_gazebo_ws/install/px4_msgs/lib:/home/brc/DD_Nav_WS/dd_gazebo_ws/install/px4_ros_com/lib:/usr/lib/x86_64-linux-gnu/gazebo-11/plugins:/opt/ros/humble/opt/rviz_ogre_vendor/lib:/opt/ros/humble/lib/x86_64-linux-gnu:/opt/ros/humble/lib PYTHONPATH=/home/brc/DD_Nav_WS/dd_gazebo_ws/install/px4_msgs/local/lib/python3.10/dist-packages:${PYTHONPATH} /usr/bin/cmake --install /home/brc/DD_Nav_WS/dd_gazebo_ws/build/px4_ros_com
[14.046s] -- Install configuration: ""
[14.048s] -- Installing: /home/brc/DD_Nav_WS/dd_gazebo_ws/install/px4_ros_com/lib/px4_ros_com/sensor_combined_listener
[14.052s] -- Set runtime path of "/home/brc/DD_Nav_WS/dd_gazebo_ws/install/px4_ros_com/lib/px4_ros_com/sensor_combined_listener" to ""
[14.055s] -- Installing: /home/brc/DD_Nav_WS/dd_gazebo_ws/install/px4_ros_com/lib/px4_ros_com/vehicle_gps_position_listener
[14.060s] -- Set runtime path of "/home/brc/DD_Nav_WS/dd_gazebo_ws/install/px4_ros_com/lib/px4_ros_com/vehicle_gps_position_listener" to ""
[14.061s] -- Installing: /home/brc/DD_Nav_WS/dd_gazebo_ws/install/px4_ros_com/lib/px4_ros_com/debug_vect_advertiser
[14.063s] -- Set runtime path of "/home/brc/DD_Nav_WS/dd_gazebo_ws/install/px4_ros_com/lib/px4_ros_com/debug_vect_advertiser" to ""
[14.064s] -- Installing: /home/brc/DD_Nav_WS/dd_gazebo_ws/install/px4_ros_com/lib/px4_ros_com/offboard_control
[14.068s] -- Set runtime path of "/home/brc/DD_Nav_WS/dd_gazebo_ws/install/px4_ros_com/lib/px4_ros_com/offboard_control" to ""
[14.070s] -- Installing: /home/brc/DD_Nav_WS/dd_gazebo_ws/install/px4_ros_com/lib/px4_ros_com/offboard_control_srv
[14.072s] -- Set runtime path of "/home/brc/DD_Nav_WS/dd_gazebo_ws/install/px4_ros_com/lib/px4_ros_com/offboard_control_srv" to ""
[14.073s] -- Up-to-date: /home/brc/DD_Nav_WS/dd_gazebo_ws/install/px4_ros_com/share/px4_ros_com/environment/library_path.sh
[14.073s] -- Installing: /home/brc/DD_Nav_WS/dd_gazebo_ws/install/px4_ros_com/share/px4_ros_com/environment/library_path.dsv
[14.073s] -- Up-to-date: /home/brc/DD_Nav_WS/dd_gazebo_ws/install/px4_ros_com/include/px4_ros_com
[14.074s] -- Up-to-date: /home/brc/DD_Nav_WS/dd_gazebo_ws/install/px4_ros_com/include/px4_ros_com/frame_transforms.h
[14.075s] -- Installing: /home/brc/DD_Nav_WS/dd_gazebo_ws/install/px4_ros_com/lib/libframe_transforms.so
[14.080s] -- Set runtime path of "/home/brc/DD_Nav_WS/dd_gazebo_ws/install/px4_ros_com/lib/libframe_transforms.so" to ""
[14.081s] -- Up-to-date: /home/brc/DD_Nav_WS/dd_gazebo_ws/install/px4_ros_com/share/px4_ros_com//launch
[14.081s] -- Up-to-date: /home/brc/DD_Nav_WS/dd_gazebo_ws/install/px4_ros_com/share/px4_ros_com//launch/offboard_control_launch.yaml
[14.081s] -- Up-to-date: /home/brc/DD_Nav_WS/dd_gazebo_ws/install/px4_ros_com/share/px4_ros_com//launch/sensor_combined_listener.launch.py
[14.081s] -- Up-to-date: /home/brc/DD_Nav_WS/dd_gazebo_ws/install/px4_ros_com/share/px4_ros_com//test
[14.081s] -- Up-to-date: /home/brc/DD_Nav_WS/dd_gazebo_ws/install/px4_ros_com/share/px4_ros_com//test/test_output.py
[14.081s] -- Up-to-date: /home/brc/DD_Nav_WS/dd_gazebo_ws/install/px4_ros_com/share/px4_ros_com//test/pipeline_io_test.py
[14.082s] -- Up-to-date: /home/brc/DD_Nav_WS/dd_gazebo_ws/install/px4_ros_com/share/px4_ros_com//test/__init__.py
[14.082s] -- Up-to-date: /home/brc/DD_Nav_WS/dd_gazebo_ws/install/px4_ros_com/share/px4_ros_com//test/test_input.py
[14.082s] -- Up-to-date: /home/brc/DD_Nav_WS/dd_gazebo_ws/install/px4_ros_com/share/px4_ros_com/environment/pythonpath.sh
[14.082s] -- Installing: /home/brc/DD_Nav_WS/dd_gazebo_ws/install/px4_ros_com/share/px4_ros_com/environment/pythonpath.dsv
[14.082s] -- Up-to-date: /home/brc/DD_Nav_WS/dd_gazebo_ws/install/px4_ros_com/local/lib/python3.10/dist-packages/px4_ros_com-0.1.0-py3.10.egg-info
[14.082s] -- Installing: /home/brc/DD_Nav_WS/dd_gazebo_ws/install/px4_ros_com/local/lib/python3.10/dist-packages/px4_ros_com-0.1.0-py3.10.egg-info/PKG-INFO
[14.082s] -- Installing: /home/brc/DD_Nav_WS/dd_gazebo_ws/install/px4_ros_com/local/lib/python3.10/dist-packages/px4_ros_com-0.1.0-py3.10.egg-info/top_level.txt
[14.083s] -- Installing: /home/brc/DD_Nav_WS/dd_gazebo_ws/install/px4_ros_com/local/lib/python3.10/dist-packages/px4_ros_com-0.1.0-py3.10.egg-info/SOURCES.txt
[14.083s] -- Installing: /home/brc/DD_Nav_WS/dd_gazebo_ws/install/px4_ros_com/local/lib/python3.10/dist-packages/px4_ros_com-0.1.0-py3.10.egg-info/dependency_links.txt
[14.083s] -- Up-to-date: /home/brc/DD_Nav_WS/dd_gazebo_ws/install/px4_ros_com/local/lib/python3.10/dist-packages/px4_ros_com
[14.083s] -- Up-to-date: /home/brc/DD_Nav_WS/dd_gazebo_ws/install/px4_ros_com/local/lib/python3.10/dist-packages/px4_ros_com/module_to_import.py
[14.083s] -- Up-to-date: /home/brc/DD_Nav_WS/dd_gazebo_ws/install/px4_ros_com/local/lib/python3.10/dist-packages/px4_ros_com/__init__.py
[14.132s] Listing '/home/brc/DD_Nav_WS/dd_gazebo_ws/install/px4_ros_com/local/lib/python3.10/dist-packages/px4_ros_com'...
[14.136s] -- Up-to-date: /home/brc/DD_Nav_WS/dd_gazebo_ws/install/px4_ros_com/lib/px4_ros_com/offboard_control.py
[14.136s] -- Up-to-date: /home/brc/DD_Nav_WS/dd_gazebo_ws/install/px4_ros_com/share/ament_index/resource_index/package_run_dependencies/px4_ros_com
[14.136s] -- Installing: /home/brc/DD_Nav_WS/dd_gazebo_ws/install/px4_ros_com/share/ament_index/resource_index/parent_prefix_path/px4_ros_com
[14.136s] -- Up-to-date: /home/brc/DD_Nav_WS/dd_gazebo_ws/install/px4_ros_com/share/px4_ros_com/environment/ament_prefix_path.sh
[14.136s] -- Installing: /home/brc/DD_Nav_WS/dd_gazebo_ws/install/px4_ros_com/share/px4_ros_com/environment/ament_prefix_path.dsv
[14.136s] -- Up-to-date: /home/brc/DD_Nav_WS/dd_gazebo_ws/install/px4_ros_com/share/px4_ros_com/environment/path.sh
[14.137s] -- Installing: /home/brc/DD_Nav_WS/dd_gazebo_ws/install/px4_ros_com/share/px4_ros_com/environment/path.dsv
[14.137s] -- Up-to-date: /home/brc/DD_Nav_WS/dd_gazebo_ws/install/px4_ros_com/share/px4_ros_com/local_setup.bash
[14.137s] -- Up-to-date: /home/brc/DD_Nav_WS/dd_gazebo_ws/install/px4_ros_com/share/px4_ros_com/local_setup.sh
[14.137s] -- Up-to-date: /home/brc/DD_Nav_WS/dd_gazebo_ws/install/px4_ros_com/share/px4_ros_com/local_setup.zsh
[14.137s] -- Installing: /home/brc/DD_Nav_WS/dd_gazebo_ws/install/px4_ros_com/share/px4_ros_com/local_setup.dsv
[14.137s] -- Installing: /home/brc/DD_Nav_WS/dd_gazebo_ws/install/px4_ros_com/share/px4_ros_com/package.dsv
[14.137s] -- Up-to-date: /home/brc/DD_Nav_WS/dd_gazebo_ws/install/px4_ros_com/share/ament_index/resource_index/packages/px4_ros_com
[14.138s] -- Up-to-date: /home/brc/DD_Nav_WS/dd_gazebo_ws/install/px4_ros_com/share/px4_ros_com/cmake/export_frame_transformsExport.cmake
[14.138s] -- Up-to-date: /home/brc/DD_Nav_WS/dd_gazebo_ws/install/px4_ros_com/share/px4_ros_com/cmake/export_frame_transformsExport-noconfig.cmake
[14.138s] -- Up-to-date: /home/brc/DD_Nav_WS/dd_gazebo_ws/install/px4_ros_com/share/px4_ros_com/cmake/ament_cmake_export_dependencies-extras.cmake
[14.138s] -- Up-to-date: /home/brc/DD_Nav_WS/dd_gazebo_ws/install/px4_ros_com/share/px4_ros_com/cmake/ament_cmake_export_targets-extras.cmake
[14.138s] -- Up-to-date: /home/brc/DD_Nav_WS/dd_gazebo_ws/install/px4_ros_com/share/px4_ros_com/cmake/ament_cmake_export_include_directories-extras.cmake
[14.139s] -- Up-to-date: /home/brc/DD_Nav_WS/dd_gazebo_ws/install/px4_ros_com/share/px4_ros_com/cmake/ament_cmake_export_libraries-extras.cmake
[14.139s] -- Up-to-date: /home/brc/DD_Nav_WS/dd_gazebo_ws/install/px4_ros_com/share/px4_ros_com/cmake/px4_ros_comConfig.cmake
[14.139s] -- Up-to-date: /home/brc/DD_Nav_WS/dd_gazebo_ws/install/px4_ros_com/share/px4_ros_com/cmake/px4_ros_comConfig-version.cmake
[14.139s] -- Up-to-date: /home/brc/DD_Nav_WS/dd_gazebo_ws/install/px4_ros_com/share/px4_ros_com/package.xml
[14.141s] Invoked command in '/home/brc/DD_Nav_WS/dd_gazebo_ws/build/px4_ros_com' returned '0': AMENT_PREFIX_PATH=/home/brc/DD_Nav_WS/dd_gazebo_ws/install/px4_msgs:${AMENT_PREFIX_PATH} CMAKE_PREFIX_PATH=/home/brc/DD_Nav_WS/dd_gazebo_ws/install/px4_msgs:/home/brc/DD_Nav_WS/dd_gazebo_ws/install/px4_ros_com:/home/brc/DD_Nav_WS/dd_gazebo_ws/install/drone_nav:/home/brc/DD_Nav_WS/dd_gazebo_ws/install/dd_gazebo:/home/brc/DD_Nav_WS/dd_gazebo_ws/install/px4_offboard:/opt/ros/humble LD_LIBRARY_PATH=/home/brc/DD_Nav_WS/dd_gazebo_ws/install/px4_msgs/lib:/home/brc/DD_Nav_WS/dd_gazebo_ws/install/px4_ros_com/lib:/usr/lib/x86_64-linux-gnu/gazebo-11/plugins:/opt/ros/humble/opt/rviz_ogre_vendor/lib:/opt/ros/humble/lib/x86_64-linux-gnu:/opt/ros/humble/lib PYTHONPATH=/home/brc/DD_Nav_WS/dd_gazebo_ws/install/px4_msgs/local/lib/python3.10/dist-packages:${PYTHONPATH} /usr/bin/cmake --install /home/brc/DD_Nav_WS/dd_gazebo_ws/build/px4_ros_com
