[0.619s] Invoking command in '/home/brc/DD_Nav_WS/dd_gazebo_ws/src/px4_offboard': CMAKE_PREFIX_PATH=/home/brc/DD_Nav_WS/dd_gazebo_ws/install/px4_msgs:/home/brc/DD_Nav_WS/dd_gazebo_ws/install/px4_ros_com:/home/brc/DD_Nav_WS/dd_gazebo_ws/install/dd_gazebo LD_LIBRARY_PATH=/home/brc/DD_Nav_WS/dd_gazebo_ws/install/px4_msgs/lib:/home/brc/DD_Nav_WS/dd_gazebo_ws/install/px4_ros_com/lib:/usr/lib/x86_64-linux-gnu/gazebo-11/plugins:/opt/ros/humble/opt/rviz_ogre_vendor/lib:/opt/ros/humble/lib/x86_64-linux-gnu:/opt/ros/humble/lib PYTHONPATH=/home/brc/DD_Nav_WS/dd_gazebo_ws/build/px4_offboard/prefix_override:/home/brc/DD_Nav_WS/dd_gazebo_ws/install/px4_offboard/lib/python3.10/site-packages:${PYTHONPATH} /usr/bin/python3 setup.py egg_info --egg-base ../../build/px4_offboard build --build-base /home/brc/DD_Nav_WS/dd_gazebo_ws/build/px4_offboard/build install --record /home/brc/DD_Nav_WS/dd_gazebo_ws/build/px4_offboard/install.log --single-version-externally-managed
[0.773s] running egg_info
[0.781s] writing ../../build/px4_offboard/px4_offboard.egg-info/PKG-INFO
[0.782s] writing dependency_links to ../../build/px4_offboard/px4_offboard.egg-info/dependency_links.txt
[0.782s] writing entry points to ../../build/px4_offboard/px4_offboard.egg-info/entry_points.txt
[0.782s] writing requirements to ../../build/px4_offboard/px4_offboard.egg-info/requires.txt
[0.782s] writing top-level names to ../../build/px4_offboard/px4_offboard.egg-info/top_level.txt
[0.801s] reading manifest file '../../build/px4_offboard/px4_offboard.egg-info/SOURCES.txt'
[0.801s] adding license file 'LICENSE'
[0.802s] writing manifest file '../../build/px4_offboard/px4_offboard.egg-info/SOURCES.txt'
[0.802s] running build
[0.802s] running build_py
[0.802s] copying px4_offboard/control.py -> /home/brc/DD_Nav_WS/dd_gazebo_ws/build/px4_offboard/build/lib/px4_offboard
[0.802s] copying px4_offboard/velocity_control.py -> /home/brc/DD_Nav_WS/dd_gazebo_ws/build/px4_offboard/build/lib/px4_offboard
[0.803s] copying px4_offboard/processes.py -> /home/brc/DD_Nav_WS/dd_gazebo_ws/build/px4_offboard/build/lib/px4_offboard
[0.803s] copying px4_offboard/__init__.py -> /home/brc/DD_Nav_WS/dd_gazebo_ws/build/px4_offboard/build/lib/px4_offboard
[0.803s] copying px4_offboard/visualizer.py -> /home/brc/DD_Nav_WS/dd_gazebo_ws/build/px4_offboard/build/lib/px4_offboard
[0.803s] running install
[0.803s] /home/brc/.local/lib/python3.10/site-packages/setuptools/_distutils/cmd.py:66: SetuptoolsDeprecationWarning: setup.py install is deprecated.
[0.803s] !!
[0.804s] 
[0.804s]         ********************************************************************************
[0.804s]         Please avoid running ``setup.py`` directly.
[0.804s]         Instead, use pypa/build, pypa/installer or other
[0.804s]         standards-based tools.
[0.804s] 
[0.804s]         See https://blog.ganssle.io/articles/2021/10/setup-py-deprecated.html for details.
[0.804s]         ********************************************************************************
[0.804s] 
[0.804s] !!
[0.804s]   self.initialize_options()
[0.808s] running install_lib
[0.818s] running install_data
[0.827s] copying resource/px4_offboard -> /home/brc/DD_Nav_WS/dd_gazebo_ws/install/px4_offboard/share/ament_index/resource_index/packages
[0.828s] copying resource/visualize.rviz -> /home/brc/DD_Nav_WS/dd_gazebo_ws/install/px4_offboard/share/ament_index/resource_index/packages
[0.828s] copying package.xml -> /home/brc/DD_Nav_WS/dd_gazebo_ws/install/px4_offboard/share/px4_offboard
[0.828s] copying launch/offboard_velocity_control.launch.py -> /home/brc/DD_Nav_WS/dd_gazebo_ws/install/px4_offboard/share/px4_offboard
[0.828s] copying resource/visualize.rviz -> /home/brc/DD_Nav_WS/dd_gazebo_ws/install/px4_offboard/share/px4_offboard
[0.829s] copying resource/drone_sim_config.rviz -> /home/brc/DD_Nav_WS/dd_gazebo_ws/install/px4_offboard/share/px4_offboard
[0.829s] running install_egg_info
[0.841s] removing '/home/brc/DD_Nav_WS/dd_gazebo_ws/install/px4_offboard/lib/python3.10/site-packages/px4_offboard-0.0.0-py3.10.egg-info' (and everything under it)
[0.841s] Copying ../../build/px4_offboard/px4_offboard.egg-info to /home/brc/DD_Nav_WS/dd_gazebo_ws/install/px4_offboard/lib/python3.10/site-packages/px4_offboard-0.0.0-py3.10.egg-info
[0.843s] running install_scripts
[0.936s] Installing control script to /home/brc/DD_Nav_WS/dd_gazebo_ws/install/px4_offboard/lib/px4_offboard
[0.936s] Installing offboard_control script to /home/brc/DD_Nav_WS/dd_gazebo_ws/install/px4_offboard/lib/px4_offboard
[0.937s] Installing processes script to /home/brc/DD_Nav_WS/dd_gazebo_ws/install/px4_offboard/lib/px4_offboard
[0.937s] Installing velocity_control script to /home/brc/DD_Nav_WS/dd_gazebo_ws/install/px4_offboard/lib/px4_offboard
[0.937s] Installing visualizer script to /home/brc/DD_Nav_WS/dd_gazebo_ws/install/px4_offboard/lib/px4_offboard
[0.938s] writing list of installed files to '/home/brc/DD_Nav_WS/dd_gazebo_ws/build/px4_offboard/install.log'
[0.962s] Invoked command in '/home/brc/DD_Nav_WS/dd_gazebo_ws/src/px4_offboard' returned '0': CMAKE_PREFIX_PATH=/home/brc/DD_Nav_WS/dd_gazebo_ws/install/px4_msgs:/home/brc/DD_Nav_WS/dd_gazebo_ws/install/px4_ros_com:/home/brc/DD_Nav_WS/dd_gazebo_ws/install/dd_gazebo LD_LIBRARY_PATH=/home/brc/DD_Nav_WS/dd_gazebo_ws/install/px4_msgs/lib:/home/brc/DD_Nav_WS/dd_gazebo_ws/install/px4_ros_com/lib:/usr/lib/x86_64-linux-gnu/gazebo-11/plugins:/opt/ros/humble/opt/rviz_ogre_vendor/lib:/opt/ros/humble/lib/x86_64-linux-gnu:/opt/ros/humble/lib PYTHONPATH=/home/brc/DD_Nav_WS/dd_gazebo_ws/build/px4_offboard/prefix_override:/home/brc/DD_Nav_WS/dd_gazebo_ws/install/px4_offboard/lib/python3.10/site-packages:${PYTHONPATH} /usr/bin/python3 setup.py egg_info --egg-base ../../build/px4_offboard build --build-base /home/brc/DD_Nav_WS/dd_gazebo_ws/build/px4_offboard/build install --record /home/brc/DD_Nav_WS/dd_gazebo_ws/build/px4_offboard/install.log --single-version-externally-managed
