[0.036s] Invoking command in '/home/brc/DD_Nav_WS/dd_gazebo_ws/build/px4_ros_com': AMENT_PREFIX_PATH=/home/brc/DD_Nav_WS/dd_gazebo_ws/install/px4_msgs:${AMENT_PREFIX_PATH} CMAKE_PREFIX_PATH=/home/brc/DD_Nav_WS/dd_gazebo_ws/install/px4_msgs:/home/brc/DD_Nav_WS/dd_gazebo_ws/dd_gazebo/install/dd_gazebo:/opt/ros/humble LD_LIBRARY_PATH=/home/brc/DD_Nav_WS/dd_gazebo_ws/install/px4_msgs/lib:${LD_LIBRARY_PATH} PYTHONPATH=/home/brc/DD_Nav_WS/dd_gazebo_ws/install/px4_msgs/local/lib/python3.10/dist-packages:${PYTHONPATH} /usr/bin/cmake /home/brc/DD_Nav_WS/dd_gazebo_ws/src/px4_ros_com -DCMAKE_INSTALL_PREFIX=/home/brc/DD_Nav_WS/dd_gazebo_ws/install/px4_ros_com
[0.069s] -- The C compiler identification is GNU 11.4.0
[0.102s] -- The CXX compiler identification is GNU 11.4.0
[0.107s] -- Detecting C compiler ABI info
[0.151s] -- Detecting C compiler ABI info - done
[0.155s] -- Check for working C compiler: /usr/bin/cc - skipped
[0.155s] -- Detecting C compile features
[0.155s] -- Detecting C compile features - done
[0.157s] -- Detecting CXX compiler ABI info
[0.205s] -- Detecting CXX compiler ABI info - done
[0.209s] -- Check for working CXX compiler: /usr/bin/c++ - skipped
[0.209s] -- Detecting CXX compile features
[0.210s] -- Detecting CXX compile features - done
[0.211s] -- Found ament_cmake: 1.3.5 (/opt/ros/humble/share/ament_cmake/cmake)
[0.442s] -- Found Python3: /usr/bin/python3.10 (found version "3.10.12") found components: Interpreter 
[0.494s] -- Found builtin_interfaces: 1.2.1 (/opt/ros/humble/share/builtin_interfaces/cmake)
[0.514s] -- Found rosidl_generator_c: 3.1.5 (/opt/ros/humble/share/rosidl_generator_c/cmake)
[0.519s] -- Found rosidl_adapter: 3.1.5 (/opt/ros/humble/share/rosidl_adapter/cmake)
[0.527s] -- Found rosidl_generator_cpp: 3.1.5 (/opt/ros/humble/share/rosidl_generator_cpp/cmake)
[0.536s] -- Using all available rosidl_typesupport_c: rosidl_typesupport_fastrtps_c;rosidl_typesupport_introspection_c
[0.547s] -- Using all available rosidl_typesupport_cpp: rosidl_typesupport_fastrtps_cpp;rosidl_typesupport_introspection_cpp
[0.559s] -- Found eigen3_cmake_module: 0.1.1 (/opt/ros/humble/share/eigen3_cmake_module/cmake)
[0.565s] -- Found Eigen3: TRUE (found version "3.4.0") 
[0.566s] -- Found geometry_msgs: 4.2.3 (/opt/ros/humble/share/geometry_msgs/cmake)
[0.636s] -- Found px4_msgs: 2.0.1 (/home/brc/DD_Nav_WS/dd_gazebo_ws/install/px4_msgs/share/px4_msgs/cmake)
[0.657s] -- Found rclcpp: 16.0.6 (/opt/ros/humble/share/rclcpp/cmake)
[0.699s] -- Found rmw_implementation_cmake: 6.1.1 (/opt/ros/humble/share/rmw_implementation_cmake/cmake)
[0.701s] -- Found rmw_fastrtps_cpp: 6.2.4 (/opt/ros/humble/share/rmw_fastrtps_cpp/cmake)
[0.763s] -- Found OpenSSL: /usr/lib/x86_64-linux-gnu/libcrypto.so (found version "3.0.2")  
[0.784s] -- Found FastRTPS: /opt/ros/humble/include  
[0.814s] -- Using RMW implementation 'rmw_fastrtps_cpp' as default
[0.821s] -- Looking for pthread.h
[0.873s] -- Looking for pthread.h - found
[0.873s] -- Performing Test CMAKE_HAVE_LIBC_PTHREAD
[0.921s] -- Performing Test CMAKE_HAVE_LIBC_PTHREAD - Success
[0.922s] -- Found Threads: TRUE  
[1.004s] -- Found sensor_msgs: 4.2.3 (/opt/ros/humble/share/sensor_msgs/cmake)
[1.057s] -- Found rclpy: 3.3.10 (/opt/ros/humble/share/rclpy/cmake)
[1.062s] -- Found ament_lint_auto: 0.12.8 (/opt/ros/humble/share/ament_lint_auto/cmake)
[1.125s] -- Added test 'copyright' to check source files copyright and LICENSE
[1.128s] -- Added test 'cppcheck' to perform static code analysis on C / C++ code
[1.128s] -- Configured cppcheck include dirs: /home/brc/DD_Nav_WS/dd_gazebo_ws/src/px4_ros_com/include;$<BUILD_INTERFACE:/home/brc/DD_Nav_WS/dd_gazebo_ws/src/px4_ros_com/include/px4_ros_com>
[1.128s] -- Configured cppcheck exclude dirs and/or files: 
[1.130s] -- Added test 'cpplint' to check C / C++ code against the Google style
[1.130s] -- Configured cpplint exclude dirs and/or files: 
[1.131s] -- Added test 'flake8' to check Python code syntax and style conventions
[1.131s] -- Added test 'lint_cmake' to check CMake code style
[1.132s] -- Added test 'pep257' to check Python code against some of the docstring style conventions in PEP 257
[1.134s] -- Added test 'uncrustify' to check C / C++ code style
[1.134s] -- Configured uncrustify additional arguments: 
[1.134s] -- Added test 'xmllint' to check XML markup files
[1.135s] -- Configuring done
[1.149s] -- Generating done
[1.150s] -- Build files have been written to: /home/brc/DD_Nav_WS/dd_gazebo_ws/build/px4_ros_com
[1.158s] Invoked command in '/home/brc/DD_Nav_WS/dd_gazebo_ws/build/px4_ros_com' returned '0': AMENT_PREFIX_PATH=/home/brc/DD_Nav_WS/dd_gazebo_ws/install/px4_msgs:${AMENT_PREFIX_PATH} CMAKE_PREFIX_PATH=/home/brc/DD_Nav_WS/dd_gazebo_ws/install/px4_msgs:/home/brc/DD_Nav_WS/dd_gazebo_ws/dd_gazebo/install/dd_gazebo:/opt/ros/humble LD_LIBRARY_PATH=/home/brc/DD_Nav_WS/dd_gazebo_ws/install/px4_msgs/lib:${LD_LIBRARY_PATH} PYTHONPATH=/home/brc/DD_Nav_WS/dd_gazebo_ws/install/px4_msgs/local/lib/python3.10/dist-packages:${PYTHONPATH} /usr/bin/cmake /home/brc/DD_Nav_WS/dd_gazebo_ws/src/px4_ros_com -DCMAKE_INSTALL_PREFIX=/home/brc/DD_Nav_WS/dd_gazebo_ws/install/px4_ros_com
[1.159s] Invoking command in '/home/brc/DD_Nav_WS/dd_gazebo_ws/build/px4_ros_com': AMENT_PREFIX_PATH=/home/brc/DD_Nav_WS/dd_gazebo_ws/install/px4_msgs:${AMENT_PREFIX_PATH} CMAKE_PREFIX_PATH=/home/brc/DD_Nav_WS/dd_gazebo_ws/install/px4_msgs:/home/brc/DD_Nav_WS/dd_gazebo_ws/dd_gazebo/install/dd_gazebo:/opt/ros/humble LD_LIBRARY_PATH=/home/brc/DD_Nav_WS/dd_gazebo_ws/install/px4_msgs/lib:${LD_LIBRARY_PATH} PYTHONPATH=/home/brc/DD_Nav_WS/dd_gazebo_ws/install/px4_msgs/local/lib/python3.10/dist-packages:${PYTHONPATH} /usr/bin/cmake --build /home/brc/DD_Nav_WS/dd_gazebo_ws/build/px4_ros_com -- -j8 -l8
[1.197s] [  8%] [32mBuilding CXX object CMakeFiles/frame_transforms.dir/src/lib/frame_transforms.cpp.o[0m
[1.197s] [ 16%] [32mBuilding CXX object CMakeFiles/offboard_control_srv.dir/src/examples/offboard/offboard_control_srv.cpp.o[0m
[1.198s] [ 25%] [32mBuilding CXX object CMakeFiles/debug_vect_advertiser.dir/src/examples/advertisers/debug_vect_advertiser.cpp.o[0m
[1.198s] [ 50%] [32mBuilding CXX object CMakeFiles/offboard_control.dir/src/examples/offboard/offboard_control.cpp.o[0m
[1.198s] [ 50%] [32mBuilding CXX object CMakeFiles/sensor_combined_listener.dir/src/examples/listeners/sensor_combined_listener.cpp.o[0m
[1.198s] [ 50%] [32mBuilding CXX object CMakeFiles/vehicle_gps_position_listener.dir/src/examples/listeners/vehicle_gps_position_listener.cpp.o[0m
[1.208s] [ 50%] Built target ament_cmake_python_copy_px4_ros_com
[1.375s] running egg_info
[1.376s] creating px4_ros_com.egg-info
[1.386s] writing px4_ros_com.egg-info/PKG-INFO
[1.387s] writing dependency_links to px4_ros_com.egg-info/dependency_links.txt
[1.387s] writing top-level names to px4_ros_com.egg-info/top_level.txt
[1.388s] writing manifest file 'px4_ros_com.egg-info/SOURCES.txt'
[1.420s] reading manifest file 'px4_ros_com.egg-info/SOURCES.txt'
[1.421s] writing manifest file 'px4_ros_com.egg-info/SOURCES.txt'
[1.457s] [ 50%] Built target ament_cmake_python_build_px4_ros_com_egg
[7.269s] [ 58%] [32m[1mLinking CXX executable debug_vect_advertiser[0m
[7.705s] [ 58%] Built target debug_vect_advertiser
[7.940s] [ 66%] [32m[1mLinking CXX executable offboard_control[0m
[8.159s] [ 66%] Built target offboard_control
[10.119s] [ 75%] [32m[1mLinking CXX executable offboard_control_srv[0m
[10.566s] [ 75%] Built target offboard_control_srv
[10.635s] [ 83%] [32m[1mLinking CXX shared library libframe_transforms.so[0m
[10.644s] [ 91%] [32m[1mLinking CXX executable vehicle_gps_position_listener[0m
[10.887s] [ 91%] Built target frame_transforms
[10.966s] [ 91%] Built target vehicle_gps_position_listener
[11.422s] [100%] [32m[1mLinking CXX executable sensor_combined_listener[0m
[11.655s] [100%] Built target sensor_combined_listener
[11.662s] Invoked command in '/home/brc/DD_Nav_WS/dd_gazebo_ws/build/px4_ros_com' returned '0': AMENT_PREFIX_PATH=/home/brc/DD_Nav_WS/dd_gazebo_ws/install/px4_msgs:${AMENT_PREFIX_PATH} CMAKE_PREFIX_PATH=/home/brc/DD_Nav_WS/dd_gazebo_ws/install/px4_msgs:/home/brc/DD_Nav_WS/dd_gazebo_ws/dd_gazebo/install/dd_gazebo:/opt/ros/humble LD_LIBRARY_PATH=/home/brc/DD_Nav_WS/dd_gazebo_ws/install/px4_msgs/lib:${LD_LIBRARY_PATH} PYTHONPATH=/home/brc/DD_Nav_WS/dd_gazebo_ws/install/px4_msgs/local/lib/python3.10/dist-packages:${PYTHONPATH} /usr/bin/cmake --build /home/brc/DD_Nav_WS/dd_gazebo_ws/build/px4_ros_com -- -j8 -l8
[11.686s] Invoking command in '/home/brc/DD_Nav_WS/dd_gazebo_ws/build/px4_ros_com': AMENT_PREFIX_PATH=/home/brc/DD_Nav_WS/dd_gazebo_ws/install/px4_msgs:${AMENT_PREFIX_PATH} CMAKE_PREFIX_PATH=/home/brc/DD_Nav_WS/dd_gazebo_ws/install/px4_msgs:/home/brc/DD_Nav_WS/dd_gazebo_ws/dd_gazebo/install/dd_gazebo:/opt/ros/humble LD_LIBRARY_PATH=/home/brc/DD_Nav_WS/dd_gazebo_ws/install/px4_msgs/lib:${LD_LIBRARY_PATH} PYTHONPATH=/home/brc/DD_Nav_WS/dd_gazebo_ws/install/px4_msgs/local/lib/python3.10/dist-packages:${PYTHONPATH} /usr/bin/cmake --install /home/brc/DD_Nav_WS/dd_gazebo_ws/build/px4_ros_com
[11.691s] -- Install configuration: ""
[11.691s] -- Installing: /home/brc/DD_Nav_WS/dd_gazebo_ws/install/px4_ros_com/lib/px4_ros_com/sensor_combined_listener
[11.694s] -- Set runtime path of "/home/brc/DD_Nav_WS/dd_gazebo_ws/install/px4_ros_com/lib/px4_ros_com/sensor_combined_listener" to ""
[11.694s] -- Installing: /home/brc/DD_Nav_WS/dd_gazebo_ws/install/px4_ros_com/lib/px4_ros_com/vehicle_gps_position_listener
[11.697s] -- Set runtime path of "/home/brc/DD_Nav_WS/dd_gazebo_ws/install/px4_ros_com/lib/px4_ros_com/vehicle_gps_position_listener" to ""
[11.697s] -- Installing: /home/brc/DD_Nav_WS/dd_gazebo_ws/install/px4_ros_com/lib/px4_ros_com/debug_vect_advertiser
[11.697s] -- Set runtime path of "/home/brc/DD_Nav_WS/dd_gazebo_ws/install/px4_ros_com/lib/px4_ros_com/debug_vect_advertiser" to ""
[11.697s] -- Installing: /home/brc/DD_Nav_WS/dd_gazebo_ws/install/px4_ros_com/lib/px4_ros_com/offboard_control
[11.698s] -- Set runtime path of "/home/brc/DD_Nav_WS/dd_gazebo_ws/install/px4_ros_com/lib/px4_ros_com/offboard_control" to ""
[11.698s] -- Installing: /home/brc/DD_Nav_WS/dd_gazebo_ws/install/px4_ros_com/lib/px4_ros_com/offboard_control_srv
[11.700s] -- Set runtime path of "/home/brc/DD_Nav_WS/dd_gazebo_ws/install/px4_ros_com/lib/px4_ros_com/offboard_control_srv" to ""
[11.700s] -- Installing: /home/brc/DD_Nav_WS/dd_gazebo_ws/install/px4_ros_com/share/px4_ros_com/environment/library_path.sh
[11.700s] -- Installing: /home/brc/DD_Nav_WS/dd_gazebo_ws/install/px4_ros_com/share/px4_ros_com/environment/library_path.dsv
[11.700s] -- Installing: /home/brc/DD_Nav_WS/dd_gazebo_ws/install/px4_ros_com/include/px4_ros_com
[11.700s] -- Installing: /home/brc/DD_Nav_WS/dd_gazebo_ws/install/px4_ros_com/include/px4_ros_com/frame_transforms.h
[11.700s] -- Installing: /home/brc/DD_Nav_WS/dd_gazebo_ws/install/px4_ros_com/lib/libframe_transforms.so
[11.703s] -- Set runtime path of "/home/brc/DD_Nav_WS/dd_gazebo_ws/install/px4_ros_com/lib/libframe_transforms.so" to ""
[11.703s] -- Installing: /home/brc/DD_Nav_WS/dd_gazebo_ws/install/px4_ros_com/share/px4_ros_com//launch
[11.703s] -- Installing: /home/brc/DD_Nav_WS/dd_gazebo_ws/install/px4_ros_com/share/px4_ros_com//launch/offboard_control_launch.yaml
[11.703s] -- Installing: /home/brc/DD_Nav_WS/dd_gazebo_ws/install/px4_ros_com/share/px4_ros_com//launch/sensor_combined_listener.launch.py
[11.703s] -- Installing: /home/brc/DD_Nav_WS/dd_gazebo_ws/install/px4_ros_com/share/px4_ros_com//test
[11.703s] -- Installing: /home/brc/DD_Nav_WS/dd_gazebo_ws/install/px4_ros_com/share/px4_ros_com//test/test_output.py
[11.703s] -- Installing: /home/brc/DD_Nav_WS/dd_gazebo_ws/install/px4_ros_com/share/px4_ros_com//test/pipeline_io_test.py
[11.703s] -- Installing: /home/brc/DD_Nav_WS/dd_gazebo_ws/install/px4_ros_com/share/px4_ros_com//test/__init__.py
[11.703s] -- Installing: /home/brc/DD_Nav_WS/dd_gazebo_ws/install/px4_ros_com/share/px4_ros_com//test/test_input.py
[11.704s] -- Installing: /home/brc/DD_Nav_WS/dd_gazebo_ws/install/px4_ros_com/share/px4_ros_com/environment/pythonpath.sh
[11.704s] -- Installing: /home/brc/DD_Nav_WS/dd_gazebo_ws/install/px4_ros_com/share/px4_ros_com/environment/pythonpath.dsv
[11.704s] -- Installing: /home/brc/DD_Nav_WS/dd_gazebo_ws/install/px4_ros_com/local/lib/python3.10/dist-packages/px4_ros_com-0.1.0-py3.10.egg-info
[11.704s] -- Installing: /home/brc/DD_Nav_WS/dd_gazebo_ws/install/px4_ros_com/local/lib/python3.10/dist-packages/px4_ros_com-0.1.0-py3.10.egg-info/PKG-INFO
[11.704s] -- Installing: /home/brc/DD_Nav_WS/dd_gazebo_ws/install/px4_ros_com/local/lib/python3.10/dist-packages/px4_ros_com-0.1.0-py3.10.egg-info/top_level.txt
[11.704s] -- Installing: /home/brc/DD_Nav_WS/dd_gazebo_ws/install/px4_ros_com/local/lib/python3.10/dist-packages/px4_ros_com-0.1.0-py3.10.egg-info/SOURCES.txt
[11.704s] -- Installing: /home/brc/DD_Nav_WS/dd_gazebo_ws/install/px4_ros_com/local/lib/python3.10/dist-packages/px4_ros_com-0.1.0-py3.10.egg-info/dependency_links.txt
[11.704s] -- Installing: /home/brc/DD_Nav_WS/dd_gazebo_ws/install/px4_ros_com/local/lib/python3.10/dist-packages/px4_ros_com
[11.704s] -- Installing: /home/brc/DD_Nav_WS/dd_gazebo_ws/install/px4_ros_com/local/lib/python3.10/dist-packages/px4_ros_com/module_to_import.py
[11.704s] -- Installing: /home/brc/DD_Nav_WS/dd_gazebo_ws/install/px4_ros_com/local/lib/python3.10/dist-packages/px4_ros_com/__init__.py
[11.737s] Listing '/home/brc/DD_Nav_WS/dd_gazebo_ws/install/px4_ros_com/local/lib/python3.10/dist-packages/px4_ros_com'...
[11.737s] Compiling '/home/brc/DD_Nav_WS/dd_gazebo_ws/install/px4_ros_com/local/lib/python3.10/dist-packages/px4_ros_com/__init__.py'...
[11.737s] Compiling '/home/brc/DD_Nav_WS/dd_gazebo_ws/install/px4_ros_com/local/lib/python3.10/dist-packages/px4_ros_com/module_to_import.py'...
[11.740s] -- Installing: /home/brc/DD_Nav_WS/dd_gazebo_ws/install/px4_ros_com/lib/px4_ros_com/offboard_control.py
[11.740s] -- Installing: /home/brc/DD_Nav_WS/dd_gazebo_ws/install/px4_ros_com/share/ament_index/resource_index/package_run_dependencies/px4_ros_com
[11.740s] -- Installing: /home/brc/DD_Nav_WS/dd_gazebo_ws/install/px4_ros_com/share/ament_index/resource_index/parent_prefix_path/px4_ros_com
[11.740s] -- Installing: /home/brc/DD_Nav_WS/dd_gazebo_ws/install/px4_ros_com/share/px4_ros_com/environment/ament_prefix_path.sh
[11.740s] -- Installing: /home/brc/DD_Nav_WS/dd_gazebo_ws/install/px4_ros_com/share/px4_ros_com/environment/ament_prefix_path.dsv
[11.741s] -- Installing: /home/brc/DD_Nav_WS/dd_gazebo_ws/install/px4_ros_com/share/px4_ros_com/environment/path.sh
[11.741s] -- Installing: /home/brc/DD_Nav_WS/dd_gazebo_ws/install/px4_ros_com/share/px4_ros_com/environment/path.dsv
[11.741s] -- Installing: /home/brc/DD_Nav_WS/dd_gazebo_ws/install/px4_ros_com/share/px4_ros_com/local_setup.bash
[11.741s] -- Installing: /home/brc/DD_Nav_WS/dd_gazebo_ws/install/px4_ros_com/share/px4_ros_com/local_setup.sh
[11.741s] -- Installing: /home/brc/DD_Nav_WS/dd_gazebo_ws/install/px4_ros_com/share/px4_ros_com/local_setup.zsh
[11.741s] -- Installing: /home/brc/DD_Nav_WS/dd_gazebo_ws/install/px4_ros_com/share/px4_ros_com/local_setup.dsv
[11.741s] -- Installing: /home/brc/DD_Nav_WS/dd_gazebo_ws/install/px4_ros_com/share/px4_ros_com/package.dsv
[11.741s] -- Installing: /home/brc/DD_Nav_WS/dd_gazebo_ws/install/px4_ros_com/share/ament_index/resource_index/packages/px4_ros_com
[11.741s] -- Installing: /home/brc/DD_Nav_WS/dd_gazebo_ws/install/px4_ros_com/share/px4_ros_com/cmake/export_frame_transformsExport.cmake
[11.742s] -- Installing: /home/brc/DD_Nav_WS/dd_gazebo_ws/install/px4_ros_com/share/px4_ros_com/cmake/export_frame_transformsExport-noconfig.cmake
[11.742s] -- Installing: /home/brc/DD_Nav_WS/dd_gazebo_ws/install/px4_ros_com/share/px4_ros_com/cmake/ament_cmake_export_dependencies-extras.cmake
[11.742s] -- Installing: /home/brc/DD_Nav_WS/dd_gazebo_ws/install/px4_ros_com/share/px4_ros_com/cmake/ament_cmake_export_targets-extras.cmake
[11.742s] -- Installing: /home/brc/DD_Nav_WS/dd_gazebo_ws/install/px4_ros_com/share/px4_ros_com/cmake/ament_cmake_export_include_directories-extras.cmake
[11.742s] -- Installing: /home/brc/DD_Nav_WS/dd_gazebo_ws/install/px4_ros_com/share/px4_ros_com/cmake/ament_cmake_export_libraries-extras.cmake
[11.742s] -- Installing: /home/brc/DD_Nav_WS/dd_gazebo_ws/install/px4_ros_com/share/px4_ros_com/cmake/px4_ros_comConfig.cmake
[11.742s] -- Installing: /home/brc/DD_Nav_WS/dd_gazebo_ws/install/px4_ros_com/share/px4_ros_com/cmake/px4_ros_comConfig-version.cmake
[11.742s] -- Installing: /home/brc/DD_Nav_WS/dd_gazebo_ws/install/px4_ros_com/share/px4_ros_com/package.xml
[11.744s] Invoked command in '/home/brc/DD_Nav_WS/dd_gazebo_ws/build/px4_ros_com' returned '0': AMENT_PREFIX_PATH=/home/brc/DD_Nav_WS/dd_gazebo_ws/install/px4_msgs:${AMENT_PREFIX_PATH} CMAKE_PREFIX_PATH=/home/brc/DD_Nav_WS/dd_gazebo_ws/install/px4_msgs:/home/brc/DD_Nav_WS/dd_gazebo_ws/dd_gazebo/install/dd_gazebo:/opt/ros/humble LD_LIBRARY_PATH=/home/brc/DD_Nav_WS/dd_gazebo_ws/install/px4_msgs/lib:${LD_LIBRARY_PATH} PYTHONPATH=/home/brc/DD_Nav_WS/dd_gazebo_ws/install/px4_msgs/local/lib/python3.10/dist-packages:${PYTHONPATH} /usr/bin/cmake --install /home/brc/DD_Nav_WS/dd_gazebo_ws/build/px4_ros_com
