[0.195s] Invoking command in '/home/dronedelivery/Desktop/DD_Nav_WS/dd_gazebo_ws/build/dd_gazebo': CMAKE_PREFIX_PATH=${CMAKE_PREFIX_PATH}:/opt/ros/humble /usr/bin/cmake --build /home/dronedelivery/Desktop/DD_Nav_WS/dd_gazebo_ws/build/dd_gazebo -- -j16 -l16
[0.239s] -- Found ament_cmake: 1.3.7 (/opt/ros/humble/share/ament_cmake/cmake)
[0.497s] -- Found ament_lint_auto: 0.12.10 (/opt/ros/humble/share/ament_lint_auto/cmake)
[0.624s] -- Added test 'cppcheck' to perform static code analysis on C / C++ code
[0.625s] -- Configured cppcheck include dirs: 
[0.626s] -- Configured cppcheck exclude dirs and/or files: 
[0.626s] -- Added test 'flake8' to check Python code syntax and style conventions
[0.627s] -- Added test 'lint_cmake' to check CMake code style
[0.628s] -- Added test 'pep257' to check Python code against some of the docstring style conventions in PEP 257
[0.630s] -- Added test 'uncrustify' to check C / C++ code style
[0.630s] -- Configured uncrustify additional arguments: 
[0.631s] -- Added test 'xmllint' to check XML markup files
[0.632s] -- Configuring done
[0.640s] -- Generating done
[0.643s] -- Build files have been written to: /home/dronedelivery/Desktop/DD_Nav_WS/dd_gazebo_ws/build/dd_gazebo
[0.676s] Invoked command in '/home/dronedelivery/Desktop/DD_Nav_WS/dd_gazebo_ws/build/dd_gazebo' returned '0': CMAKE_PREFIX_PATH=${CMAKE_PREFIX_PATH}:/opt/ros/humble /usr/bin/cmake --build /home/dronedelivery/Desktop/DD_Nav_WS/dd_gazebo_ws/build/dd_gazebo -- -j16 -l16
[0.734s] Invoking command in '/home/dronedelivery/Desktop/DD_Nav_WS/dd_gazebo_ws/build/dd_gazebo': CMAKE_PREFIX_PATH=${CMAKE_PREFIX_PATH}:/opt/ros/humble /usr/bin/cmake --install /home/dronedelivery/Desktop/DD_Nav_WS/dd_gazebo_ws/build/dd_gazebo
[0.749s] -- Install configuration: ""
[0.749s] -- Installing: /home/dronedelivery/Desktop/DD_Nav_WS/dd_gazebo_ws/install/dd_gazebo/share/ament_index/resource_index/package_run_dependencies/dd_gazebo
[0.750s] -- Up-to-date: /home/dronedelivery/Desktop/DD_Nav_WS/dd_gazebo_ws/install/dd_gazebo/share/ament_index/resource_index/parent_prefix_path/dd_gazebo
[0.750s] -- Up-to-date: /home/dronedelivery/Desktop/DD_Nav_WS/dd_gazebo_ws/install/dd_gazebo/share/dd_gazebo/environment/ament_prefix_path.sh
[0.750s] -- Installing: /home/dronedelivery/Desktop/DD_Nav_WS/dd_gazebo_ws/install/dd_gazebo/share/dd_gazebo/environment/ament_prefix_path.dsv
[0.751s] -- Up-to-date: /home/dronedelivery/Desktop/DD_Nav_WS/dd_gazebo_ws/install/dd_gazebo/share/dd_gazebo/environment/path.sh
[0.751s] -- Installing: /home/dronedelivery/Desktop/DD_Nav_WS/dd_gazebo_ws/install/dd_gazebo/share/dd_gazebo/environment/path.dsv
[0.751s] -- Up-to-date: /home/dronedelivery/Desktop/DD_Nav_WS/dd_gazebo_ws/install/dd_gazebo/share/dd_gazebo/local_setup.bash
[0.752s] -- Up-to-date: /home/dronedelivery/Desktop/DD_Nav_WS/dd_gazebo_ws/install/dd_gazebo/share/dd_gazebo/local_setup.sh
[0.752s] -- Up-to-date: /home/dronedelivery/Desktop/DD_Nav_WS/dd_gazebo_ws/install/dd_gazebo/share/dd_gazebo/local_setup.zsh
[0.752s] -- Installing: /home/dronedelivery/Desktop/DD_Nav_WS/dd_gazebo_ws/install/dd_gazebo/share/dd_gazebo/local_setup.dsv
[0.753s] -- Installing: /home/dronedelivery/Desktop/DD_Nav_WS/dd_gazebo_ws/install/dd_gazebo/share/dd_gazebo/package.dsv
[0.753s] -- Up-to-date: /home/dronedelivery/Desktop/DD_Nav_WS/dd_gazebo_ws/install/dd_gazebo/share/ament_index/resource_index/packages/dd_gazebo
[0.753s] -- Up-to-date: /home/dronedelivery/Desktop/DD_Nav_WS/dd_gazebo_ws/install/dd_gazebo/share/dd_gazebo/cmake/dd_gazeboConfig.cmake
[0.754s] -- Up-to-date: /home/dronedelivery/Desktop/DD_Nav_WS/dd_gazebo_ws/install/dd_gazebo/share/dd_gazebo/cmake/dd_gazeboConfig-version.cmake
[0.754s] -- Installing: /home/dronedelivery/Desktop/DD_Nav_WS/dd_gazebo_ws/install/dd_gazebo/share/dd_gazebo/package.xml
[0.754s] -- Up-to-date: /home/dronedelivery/Desktop/DD_Nav_WS/dd_gazebo_ws/install/dd_gazebo/share/dd_gazebo/src
[0.754s] -- Up-to-date: /home/dronedelivery/Desktop/DD_Nav_WS/dd_gazebo_ws/install/dd_gazebo/share/dd_gazebo/src/description
[0.755s] -- Installing: /home/dronedelivery/Desktop/DD_Nav_WS/dd_gazebo_ws/install/dd_gazebo/share/dd_gazebo/src/description/drone_description.urdf
[0.755s] -- Up-to-date: /home/dronedelivery/Desktop/DD_Nav_WS/dd_gazebo_ws/install/dd_gazebo/share/dd_gazebo/src/main.cpp
[0.756s] -- Up-to-date: /home/dronedelivery/Desktop/DD_Nav_WS/dd_gazebo_ws/install/dd_gazebo/share/dd_gazebo/launch
[0.757s] -- Installing: /home/dronedelivery/Desktop/DD_Nav_WS/dd_gazebo_ws/install/dd_gazebo/share/dd_gazebo/launch/simulation.launch.py
[0.758s] -- Up-to-date: /home/dronedelivery/Desktop/DD_Nav_WS/dd_gazebo_ws/install/dd_gazebo/share/dd_gazebo/rviz
[0.758s] -- Up-to-date: /home/dronedelivery/Desktop/DD_Nav_WS/dd_gazebo_ws/install/dd_gazebo/share/dd_gazebo/rviz/drone_sim_config.rviz
[0.758s] -- Up-to-date: /home/dronedelivery/Desktop/DD_Nav_WS/dd_gazebo_ws/install/dd_gazebo/share/dd_gazebo/config
[0.759s] -- Up-to-date: /home/dronedelivery/Desktop/DD_Nav_WS/dd_gazebo_ws/install/dd_gazebo/share/dd_gazebo/config/ekf.yaml
[0.760s] Invoked command in '/home/dronedelivery/Desktop/DD_Nav_WS/dd_gazebo_ws/build/dd_gazebo' returned '0': CMAKE_PREFIX_PATH=${CMAKE_PREFIX_PATH}:/opt/ros/humble /usr/bin/cmake --install /home/dronedelivery/Desktop/DD_Nav_WS/dd_gazebo_ws/build/dd_gazebo
