-- Found ament_cmake: 1.3.5 (/opt/ros/humble/share/ament_cmake/cmake)
-- Found rclcpp: 16.0.6 (/opt/ros/humble/share/rclcpp/cmake)
-- Found rosidl_generator_c: 3.1.5 (/opt/ros/humble/share/rosidl_generator_c/cmake)
-- Found rosidl_adapter: 3.1.5 (/opt/ros/humble/share/rosidl_adapter/cmake)
-- Found rosidl_generator_cpp: 3.1.5 (/opt/ros/humble/share/rosidl_generator_cpp/cmake)
-- Using all available rosidl_typesupport_c: rosidl_typesupport_fastrtps_c;rosidl_typesupport_introspection_c
-- Using all available rosidl_typesupport_cpp: rosidl_typesupport_fastrtps_cpp;rosidl_typesupport_introspection_cpp
-- Found rmw_implementation_cmake: 6.1.1 (/opt/ros/humble/share/rmw_implementation_cmake/cmake)
-- Found rmw_fastrtps_cpp: 6.2.4 (/opt/ros/humble/share/rmw_fastrtps_cpp/cmake)
-- Using RMW implementation 'rmw_fastrtps_cpp' as default
-- Found rclpy: 3.3.10 (/opt/ros/humble/share/rclpy/cmake)
-- Found geometry_msgs: 4.2.3 (/opt/ros/humble/share/geometry_msgs/cmake)
-- Found tf2: 0.25.4 (/opt/ros/humble/share/tf2/cmake)
-- Found tf2_ros: 0.25.4 (/opt/ros/humble/share/tf2_ros/cmake)
-- Found sensor_msgs: 4.2.3 (/opt/ros/humble/share/sensor_msgs/cmake)
-- Found px4_msgs: 2.0.1 (/home/brc/DD_Nav_WS/dd_gazebo_ws/install/px4_msgs/share/px4_msgs/cmake)
-- Found ament_lint_auto: 0.12.8 (/opt/ros/humble/share/ament_lint_auto/cmake)
-- Added test 'cppcheck' to perform static code analysis on C / C++ code
-- Configured cppcheck include dirs: 
-- Configured cppcheck exclude dirs and/or files: 
-- Added test 'flake8' to check Python code syntax and style conventions
-- Added test 'lint_cmake' to check CMake code style
-- Added test 'pep257' to check Python code against some of the docstring style conventions in PEP 257
-- Added test 'uncrustify' to check C / C++ code style
-- Configured uncrustify additional arguments: 
-- Added test 'xmllint' to check XML markup files
-- Configuring done
-- Generating done
-- Build files have been written to: /home/brc/DD_Nav_WS/dd_gazebo_ws/build/drone_nav
[35m[1mConsolidate compiler generated dependencies of target stabilized_tf_broadcaster[0m
[35m[1mConsolidate compiler generated dependencies of target footprint_tf_broadcaster[0m
[ 50%] Built target stabilized_tf_broadcaster
[ 75%] [32mBuilding CXX object CMakeFiles/footprint_tf_broadcaster.dir/src/footprint_tf_broadcaster.cpp.o[0m
[100%] [32m[1mLinking CXX executable footprint_tf_broadcaster[0m
[100%] Built target footprint_tf_broadcaster
-- Install configuration: ""
-- Up-to-date: /home/brc/DD_Nav_WS/dd_gazebo_ws/install/drone_nav/share/ament_index/resource_index/package_run_dependencies/drone_nav
-- Installing: /home/brc/DD_Nav_WS/dd_gazebo_ws/install/drone_nav/share/ament_index/resource_index/parent_prefix_path/drone_nav
-- Up-to-date: /home/brc/DD_Nav_WS/dd_gazebo_ws/install/drone_nav/share/drone_nav/environment/ament_prefix_path.sh
-- Installing: /home/brc/DD_Nav_WS/dd_gazebo_ws/install/drone_nav/share/drone_nav/environment/ament_prefix_path.dsv
-- Up-to-date: /home/brc/DD_Nav_WS/dd_gazebo_ws/install/drone_nav/share/drone_nav/environment/path.sh
-- Installing: /home/brc/DD_Nav_WS/dd_gazebo_ws/install/drone_nav/share/drone_nav/environment/path.dsv
-- Up-to-date: /home/brc/DD_Nav_WS/dd_gazebo_ws/install/drone_nav/share/drone_nav/local_setup.bash
-- Up-to-date: /home/brc/DD_Nav_WS/dd_gazebo_ws/install/drone_nav/share/drone_nav/local_setup.sh
-- Up-to-date: /home/brc/DD_Nav_WS/dd_gazebo_ws/install/drone_nav/share/drone_nav/local_setup.zsh
-- Installing: /home/brc/DD_Nav_WS/dd_gazebo_ws/install/drone_nav/share/drone_nav/local_setup.dsv
-- Installing: /home/brc/DD_Nav_WS/dd_gazebo_ws/install/drone_nav/share/drone_nav/package.dsv
-- Up-to-date: /home/brc/DD_Nav_WS/dd_gazebo_ws/install/drone_nav/share/ament_index/resource_index/packages/drone_nav
-- Up-to-date: /home/brc/DD_Nav_WS/dd_gazebo_ws/install/drone_nav/share/drone_nav/cmake/drone_navConfig.cmake
-- Up-to-date: /home/brc/DD_Nav_WS/dd_gazebo_ws/install/drone_nav/share/drone_nav/cmake/drone_navConfig-version.cmake
-- Up-to-date: /home/brc/DD_Nav_WS/dd_gazebo_ws/install/drone_nav/share/drone_nav/package.xml
-- Installing: /home/brc/DD_Nav_WS/dd_gazebo_ws/install/drone_nav/lib/drone_nav/stabilized_tf_broadcaster
-- Set runtime path of "/home/brc/DD_Nav_WS/dd_gazebo_ws/install/drone_nav/lib/drone_nav/stabilized_tf_broadcaster" to ""
-- Installing: /home/brc/DD_Nav_WS/dd_gazebo_ws/install/drone_nav/lib/drone_nav/footprint_tf_broadcaster
-- Set runtime path of "/home/brc/DD_Nav_WS/dd_gazebo_ws/install/drone_nav/lib/drone_nav/footprint_tf_broadcaster" to ""
-- Up-to-date: /home/brc/DD_Nav_WS/dd_gazebo_ws/install/drone_nav/share/drone_nav/src
-- Installing: /home/brc/DD_Nav_WS/dd_gazebo_ws/install/drone_nav/share/drone_nav/src/stabilized_tf_broadcaster.cpp
-- Installing: /home/brc/DD_Nav_WS/dd_gazebo_ws/install/drone_nav/share/drone_nav/src/footprint_tf_broadcaster.cpp
-- Up-to-date: /home/brc/DD_Nav_WS/dd_gazebo_ws/install/drone_nav/share/drone_nav/launch
-- Installing: /home/brc/DD_Nav_WS/dd_gazebo_ws/install/drone_nav/share/drone_nav/launch/navigation.launch.py
-- Up-to-date: /home/brc/DD_Nav_WS/dd_gazebo_ws/install/drone_nav/share/drone_nav/config
-- Up-to-date: /home/brc/DD_Nav_WS/dd_gazebo_ws/install/drone_nav/share/drone_nav/config/nav2_params.yaml
-- Up-to-date: /home/brc/DD_Nav_WS/dd_gazebo_ws/install/drone_nav/share/drone_nav/config/ekf.yaml
-- Up-to-date: /home/brc/DD_Nav_WS/dd_gazebo_ws/install/drone_nav/share/drone_nav/behavior_trees
-- Up-to-date: /home/brc/DD_Nav_WS/dd_gazebo_ws/install/drone_nav/share/drone_nav/behavior_trees/navigation_bt.xml
-- Up-to-date: /home/brc/DD_Nav_WS/dd_gazebo_ws/install/drone_nav/share/drone_nav/description
-- Up-to-date: /home/brc/DD_Nav_WS/dd_gazebo_ws/install/drone_nav/share/drone_nav/description/original_drone_model.urdf
-- Up-to-date: /home/brc/DD_Nav_WS/dd_gazebo_ws/install/drone_nav/share/drone_nav/description/meshes
-- Up-to-date: /home/brc/DD_Nav_WS/dd_gazebo_ws/install/drone_nav/share/drone_nav/description/meshes/cgo3_vertical_arm_remeshed_v1.stl
-- Up-to-date: /home/brc/DD_Nav_WS/dd_gazebo_ws/install/drone_nav/share/drone_nav/description/meshes/leg1_remeshed_v3.stl
-- Up-to-date: /home/brc/DD_Nav_WS/dd_gazebo_ws/install/drone_nav/share/drone_nav/description/meshes/cgo3_horizontal_arm_remeshed_v1.stl
-- Up-to-date: /home/brc/DD_Nav_WS/dd_gazebo_ws/install/drone_nav/share/drone_nav/description/meshes/cgo3_mount_remeshed_v1.stl
-- Up-to-date: /home/brc/DD_Nav_WS/dd_gazebo_ws/install/drone_nav/share/drone_nav/description/meshes/prop_cw_assembly_remeshed_v3.stl
-- Up-to-date: /home/brc/DD_Nav_WS/dd_gazebo_ws/install/drone_nav/share/drone_nav/description/meshes/prop_ccw_assembly_remeshed_v3.stl
-- Up-to-date: /home/brc/DD_Nav_WS/dd_gazebo_ws/install/drone_nav/share/drone_nav/description/meshes/main_body_remeshed_v3.stl
-- Up-to-date: /home/brc/DD_Nav_WS/dd_gazebo_ws/install/drone_nav/share/drone_nav/description/meshes/leg2_remeshed_v3.stl
-- Up-to-date: /home/brc/DD_Nav_WS/dd_gazebo_ws/install/drone_nav/share/drone_nav/description/meshes/prop_guard_jybhz.stl
-- Up-to-date: /home/brc/DD_Nav_WS/dd_gazebo_ws/install/drone_nav/share/drone_nav/description/meshes/cgo3_camera_remeshed_v1.stl
-- Up-to-date: /home/brc/DD_Nav_WS/dd_gazebo_ws/install/drone_nav/share/drone_nav/description/drone_model.urdf
