[1.616s] DEBUG:colcon:Command line arguments: ['/usr/bin/colcon', 'build']
[1.616s] DEBUG:colcon:Parsed command line arguments: Namespace(log_base=None, log_level=None, verb_name='build', build_base='build', install_base='install', merge_install=False, symlink_install=False, test_result_base=None, continue_on_error=False, executor='parallel', parallel_workers=16, event_handlers=None, ignore_user_meta=False, metas=['./colcon.meta'], base_paths=['.'], packages_ignore=None, packages_ignore_regex=None, paths=None, packages_up_to=None, packages_up_to_regex=None, packages_above=None, packages_above_and_dependencies=None, packages_above_depth=None, packages_select_by_dep=None, packages_skip_by_dep=None, packages_skip_up_to=None, packages_select_build_failed=False, packages_skip_build_finished=False, packages_select_test_failures=False, packages_skip_test_passed=False, packages_select=None, packages_skip=None, packages_select_regex=None, packages_skip_regex=None, packages_start=None, packages_end=None, allow_overriding=[], cmake_args=None, cmake_target=None, cmake_target_skip_unavailable=False, cmake_clean_cache=False, cmake_clean_first=False, cmake_force_configure=False, ament_cmake_args=None, catkin_cmake_args=None, catkin_skip_building_tests=False, verb_parser=<colcon_defaults.argument_parser.defaults.DefaultArgumentsDecorator object at 0x7fb3ef7b2350>, verb_extension=<colcon_core.verb.build.BuildVerb object at 0x7fb3ef7b2920>, main=<bound method BuildVerb.main of <colcon_core.verb.build.BuildVerb object at 0x7fb3ef7b2920>>)
[1.699s] Level 1:colcon.colcon_core.package_discovery:discover_packages(colcon_meta) check parameters
[1.699s] Level 1:colcon.colcon_core.package_discovery:discover_packages(recursive) check parameters
[1.699s] Level 1:colcon.colcon_core.package_discovery:discover_packages(ignore) check parameters
[1.699s] Level 1:colcon.colcon_core.package_discovery:discover_packages(path) check parameters
[1.699s] Level 1:colcon.colcon_core.package_discovery:discover_packages(colcon_meta) discover
[1.699s] Level 1:colcon.colcon_core.package_discovery:discover_packages(recursive) discover
[1.699s] INFO:colcon.colcon_core.package_discovery:Crawling recursively for packages in '/home/dronedelivery/Desktop/DD_Nav_WS/dd_gazebo_ws'
[1.700s] Level 1:colcon.colcon_core.package_identification:_identify(.) by extensions ['ignore', 'ignore_ament_install']
[1.700s] Level 1:colcon.colcon_core.package_identification:_identify(.) by extension 'ignore'
[1.700s] Level 1:colcon.colcon_core.package_identification:_identify(.) by extension 'ignore_ament_install'
[1.700s] Level 1:colcon.colcon_core.package_identification:_identify(.) by extensions ['colcon_pkg']
[1.700s] Level 1:colcon.colcon_core.package_identification:_identify(.) by extension 'colcon_pkg'
[1.700s] Level 1:colcon.colcon_core.package_identification:_identify(.) by extensions ['colcon_meta']
[1.701s] Level 1:colcon.colcon_core.package_identification:_identify(.) by extension 'colcon_meta'
[1.701s] Level 1:colcon.colcon_core.package_identification:_identify(.) by extensions ['ros']
[1.701s] Level 1:colcon.colcon_core.package_identification:_identify(.) by extension 'ros'
[1.728s] Level 1:colcon.colcon_core.package_identification:_identify(.) by extensions ['cmake', 'python']
[1.728s] Level 1:colcon.colcon_core.package_identification:_identify(.) by extension 'cmake'
[1.728s] Level 1:colcon.colcon_core.package_identification:_identify(.) by extension 'python'
[1.728s] Level 1:colcon.colcon_core.package_identification:_identify(.) by extensions ['python_setup_py']
[1.728s] Level 1:colcon.colcon_core.package_identification:_identify(.) by extension 'python_setup_py'
[1.729s] Level 1:colcon.colcon_core.package_identification:_identify(build) by extensions ['ignore', 'ignore_ament_install']
[1.729s] Level 1:colcon.colcon_core.package_identification:_identify(build) by extension 'ignore'
[1.729s] Level 1:colcon.colcon_core.package_identification:_identify(build) ignored
[1.729s] Level 1:colcon.colcon_core.package_identification:_identify(dd_gazebo) by extensions ['ignore', 'ignore_ament_install']
[1.729s] Level 1:colcon.colcon_core.package_identification:_identify(dd_gazebo) by extension 'ignore'
[1.730s] Level 1:colcon.colcon_core.package_identification:_identify(dd_gazebo) by extension 'ignore_ament_install'
[1.730s] Level 1:colcon.colcon_core.package_identification:_identify(dd_gazebo) by extensions ['colcon_pkg']
[1.730s] Level 1:colcon.colcon_core.package_identification:_identify(dd_gazebo) by extension 'colcon_pkg'
[1.730s] Level 1:colcon.colcon_core.package_identification:_identify(dd_gazebo) by extensions ['colcon_meta']
[1.730s] Level 1:colcon.colcon_core.package_identification:_identify(dd_gazebo) by extension 'colcon_meta'
[1.730s] Level 1:colcon.colcon_core.package_identification:_identify(dd_gazebo) by extensions ['ros']
[1.730s] Level 1:colcon.colcon_core.package_identification:_identify(dd_gazebo) by extension 'ros'
[1.735s] DEBUG:colcon.colcon_core.package_identification:Package 'dd_gazebo' with type 'ros.ament_cmake' and name 'dd_gazebo'
[1.735s] Level 1:colcon.colcon_core.package_identification:_identify(install) by extensions ['ignore', 'ignore_ament_install']
[1.735s] Level 1:colcon.colcon_core.package_identification:_identify(install) by extension 'ignore'
[1.736s] Level 1:colcon.colcon_core.package_identification:_identify(install) ignored
[1.736s] Level 1:colcon.colcon_core.package_identification:_identify(log) by extensions ['ignore', 'ignore_ament_install']
[1.736s] Level 1:colcon.colcon_core.package_identification:_identify(log) by extension 'ignore'
[1.736s] Level 1:colcon.colcon_core.package_identification:_identify(log) ignored
[1.736s] Level 1:colcon.colcon_core.package_discovery:discover_packages(recursive) using defaults
[1.736s] Level 1:colcon.colcon_core.package_discovery:discover_packages(ignore) discover
[1.736s] Level 1:colcon.colcon_core.package_discovery:discover_packages(ignore) using defaults
[1.737s] Level 1:colcon.colcon_core.package_discovery:discover_packages(path) discover
[1.737s] Level 1:colcon.colcon_core.package_discovery:discover_packages(path) using defaults
[1.899s] Level 1:colcon.colcon_core.package_discovery:discover_packages(prefix_path) check parameters
[1.899s] Level 1:colcon.colcon_core.package_discovery:discover_packages(prefix_path) discover
[1.982s] DEBUG:colcon.colcon_installed_package_information.package_discovery:Found 1 installed packages in /home/dronedelivery/Desktop/DD_Nav_WS/dd_gazebo_ws/install
[1.982s] Level 1:colcon.colcon_core.package_discovery:discover_packages(prefix_path) using defaults
[2.032s] Level 5:colcon.colcon_core.verb:set package 'dd_gazebo' build argument 'cmake_args' from command line to 'None'
[2.032s] Level 5:colcon.colcon_core.verb:set package 'dd_gazebo' build argument 'cmake_target' from command line to 'None'
[2.033s] Level 5:colcon.colcon_core.verb:set package 'dd_gazebo' build argument 'cmake_target_skip_unavailable' from command line to 'False'
[2.033s] Level 5:colcon.colcon_core.verb:set package 'dd_gazebo' build argument 'cmake_clean_cache' from command line to 'False'
[2.033s] Level 5:colcon.colcon_core.verb:set package 'dd_gazebo' build argument 'cmake_clean_first' from command line to 'False'
[2.033s] Level 5:colcon.colcon_core.verb:set package 'dd_gazebo' build argument 'cmake_force_configure' from command line to 'False'
[2.033s] Level 5:colcon.colcon_core.verb:set package 'dd_gazebo' build argument 'ament_cmake_args' from command line to 'None'
[2.033s] Level 5:colcon.colcon_core.verb:set package 'dd_gazebo' build argument 'catkin_cmake_args' from command line to 'None'
[2.033s] Level 5:colcon.colcon_core.verb:set package 'dd_gazebo' build argument 'catkin_skip_building_tests' from command line to 'False'
[2.033s] DEBUG:colcon.colcon_core.verb:Building package 'dd_gazebo' with the following arguments: {'ament_cmake_args': None, 'build_base': '/home/dronedelivery/Desktop/DD_Nav_WS/dd_gazebo_ws/build/dd_gazebo', 'catkin_cmake_args': None, 'catkin_skip_building_tests': False, 'cmake_args': None, 'cmake_clean_cache': False, 'cmake_clean_first': False, 'cmake_force_configure': False, 'cmake_target': None, 'cmake_target_skip_unavailable': False, 'install_base': '/home/dronedelivery/Desktop/DD_Nav_WS/dd_gazebo_ws/install/dd_gazebo', 'merge_install': False, 'path': '/home/dronedelivery/Desktop/DD_Nav_WS/dd_gazebo_ws/dd_gazebo', 'symlink_install': False, 'test_result_base': None}
[2.060s] INFO:colcon.colcon_core.executor:Executing jobs using 'parallel' executor
[2.088s] DEBUG:colcon.colcon_parallel_executor.executor.parallel:run_until_complete
[2.088s] INFO:colcon.colcon_ros.task.ament_cmake.build:Building ROS package in '/home/dronedelivery/Desktop/DD_Nav_WS/dd_gazebo_ws/dd_gazebo' with build type 'ament_cmake'
[2.089s] INFO:colcon.colcon_cmake.task.cmake.build:Building CMake package in '/home/dronedelivery/Desktop/DD_Nav_WS/dd_gazebo_ws/dd_gazebo'
[2.120s] INFO:colcon.colcon_core.plugin_system:Skipping extension 'colcon_core.shell.bat': Not used on non-Windows systems
[2.120s] INFO:colcon.colcon_core.shell:Skip shell extension 'powershell' for command environment: Not usable outside of PowerShell
[2.120s] DEBUG:colcon.colcon_core.shell:Skip shell extension 'dsv' for command environment
[2.187s] DEBUG:colcon.colcon_core.event_handler.log_command:Invoking command in '/home/dronedelivery/Desktop/DD_Nav_WS/dd_gazebo_ws/build/dd_gazebo': /usr/bin/cmake /home/dronedelivery/Desktop/DD_Nav_WS/dd_gazebo_ws/dd_gazebo -DCMAKE_INSTALL_PREFIX=/home/dronedelivery/Desktop/DD_Nav_WS/dd_gazebo_ws/install/dd_gazebo
[2.233s] DEBUG:colcon.colcon_core.event_handler.log_command:Invoked command in '/home/dronedelivery/Desktop/DD_Nav_WS/dd_gazebo_ws/build/dd_gazebo' returned '1': /usr/bin/cmake /home/dronedelivery/Desktop/DD_Nav_WS/dd_gazebo_ws/dd_gazebo -DCMAKE_INSTALL_PREFIX=/home/dronedelivery/Desktop/DD_Nav_WS/dd_gazebo_ws/install/dd_gazebo
[2.245s] Level 1:colcon.colcon_core.environment:create_environment_scripts_only(dd_gazebo)
[2.276s] Level 1:colcon.colcon_core.environment:checking '/home/dronedelivery/Desktop/DD_Nav_WS/dd_gazebo_ws/install/dd_gazebo' for CMake module files
[2.277s] Level 1:colcon.colcon_core.environment:checking '/home/dronedelivery/Desktop/DD_Nav_WS/dd_gazebo_ws/install/dd_gazebo' for CMake config files
[2.278s] Level 1:colcon.colcon_core.environment:checking '/home/dronedelivery/Desktop/DD_Nav_WS/dd_gazebo_ws/install/dd_gazebo/bin'
[2.278s] Level 1:colcon.colcon_core.environment:checking '/home/dronedelivery/Desktop/DD_Nav_WS/dd_gazebo_ws/install/dd_gazebo/lib/pkgconfig/dd_gazebo.pc'
[2.281s] Level 1:colcon.colcon_core.environment:checking '/home/dronedelivery/Desktop/DD_Nav_WS/dd_gazebo_ws/install/dd_gazebo/lib/python3.10/site-packages'
[2.282s] Level 1:colcon.colcon_core.environment:checking '/home/dronedelivery/Desktop/DD_Nav_WS/dd_gazebo_ws/install/dd_gazebo/bin'
[2.307s] INFO:colcon.colcon_core.shell:Creating package script '/home/dronedelivery/Desktop/DD_Nav_WS/dd_gazebo_ws/install/dd_gazebo/share/dd_gazebo/package.ps1'
[2.308s] INFO:colcon.colcon_core.shell:Creating package descriptor '/home/dronedelivery/Desktop/DD_Nav_WS/dd_gazebo_ws/install/dd_gazebo/share/dd_gazebo/package.dsv'
[2.309s] INFO:colcon.colcon_core.shell:Creating package script '/home/dronedelivery/Desktop/DD_Nav_WS/dd_gazebo_ws/install/dd_gazebo/share/dd_gazebo/package.sh'
[2.310s] INFO:colcon.colcon_core.shell:Creating package script '/home/dronedelivery/Desktop/DD_Nav_WS/dd_gazebo_ws/install/dd_gazebo/share/dd_gazebo/package.bash'
[2.311s] INFO:colcon.colcon_core.shell:Creating package script '/home/dronedelivery/Desktop/DD_Nav_WS/dd_gazebo_ws/install/dd_gazebo/share/dd_gazebo/package.zsh'
[2.312s] Level 1:colcon.colcon_core.environment:create_file_with_runtime_dependencies(/home/dronedelivery/Desktop/DD_Nav_WS/dd_gazebo_ws/install/dd_gazebo/share/colcon-core/packages/dd_gazebo)
[2.323s] DEBUG:colcon.colcon_parallel_executor.executor.parallel:closing loop
[2.323s] DEBUG:colcon.colcon_parallel_executor.executor.parallel:loop closed
[2.323s] DEBUG:colcon.colcon_parallel_executor.executor.parallel:run_until_complete finished with '1'
[2.323s] DEBUG:colcon.colcon_core.event_reactor:joining thread
[2.354s] INFO:colcon.colcon_core.plugin_system:Skipping extension 'colcon_notification.desktop_notification.terminal_notifier': Not used on non-Darwin systems
[2.354s] INFO:colcon.colcon_core.plugin_system:Skipping extension 'colcon_notification.desktop_notification.win32': Not used on non-Windows systems
[2.355s] INFO:colcon.colcon_notification.desktop_notification:Sending desktop notification using 'notify2'
[2.385s] DEBUG:colcon.colcon_core.event_reactor:joined thread
[2.410s] INFO:colcon.colcon_core.shell:Creating prefix script '/home/dronedelivery/Desktop/DD_Nav_WS/dd_gazebo_ws/install/local_setup.ps1'
[2.412s] INFO:colcon.colcon_core.shell:Creating prefix util module '/home/dronedelivery/Desktop/DD_Nav_WS/dd_gazebo_ws/install/_local_setup_util_ps1.py'
[2.414s] INFO:colcon.colcon_core.shell:Creating prefix chain script '/home/dronedelivery/Desktop/DD_Nav_WS/dd_gazebo_ws/install/setup.ps1'
[2.440s] INFO:colcon.colcon_core.shell:Creating prefix script '/home/dronedelivery/Desktop/DD_Nav_WS/dd_gazebo_ws/install/local_setup.sh'
[2.442s] INFO:colcon.colcon_core.shell:Creating prefix util module '/home/dronedelivery/Desktop/DD_Nav_WS/dd_gazebo_ws/install/_local_setup_util_sh.py'
[2.442s] INFO:colcon.colcon_core.shell:Creating prefix chain script '/home/dronedelivery/Desktop/DD_Nav_WS/dd_gazebo_ws/install/setup.sh'
[2.469s] INFO:colcon.colcon_core.shell:Creating prefix script '/home/dronedelivery/Desktop/DD_Nav_WS/dd_gazebo_ws/install/local_setup.bash'
[2.470s] INFO:colcon.colcon_core.shell:Creating prefix chain script '/home/dronedelivery/Desktop/DD_Nav_WS/dd_gazebo_ws/install/setup.bash'
[2.495s] INFO:colcon.colcon_core.shell:Creating prefix script '/home/dronedelivery/Desktop/DD_Nav_WS/dd_gazebo_ws/install/local_setup.zsh'
[2.496s] INFO:colcon.colcon_core.shell:Creating prefix chain script '/home/dronedelivery/Desktop/DD_Nav_WS/dd_gazebo_ws/install/setup.zsh'
