[0.206s] Invoking command in '/home/dronedelivery/Desktop/DD_Nav_WS/dd_gazebo_ws/build/dd_gazebo': CMAKE_PREFIX_PATH=${CMAKE_PREFIX_PATH}:/opt/ros/humble /usr/bin/cmake --build /home/dronedelivery/Desktop/DD_Nav_WS/dd_gazebo_ws/build/dd_gazebo -- -j16 -l16
[0.330s] Invoked command in '/home/dronedelivery/Desktop/DD_Nav_WS/dd_gazebo_ws/build/dd_gazebo' returned '0': CMAKE_PREFIX_PATH=${CMAKE_PREFIX_PATH}:/opt/ros/humble /usr/bin/cmake --build /home/dronedelivery/Desktop/DD_Nav_WS/dd_gazebo_ws/build/dd_gazebo -- -j16 -l16
[0.417s] Invoking command in '/home/dronedelivery/Desktop/DD_Nav_WS/dd_gazebo_ws/build/dd_gazebo': CMAKE_PREFIX_PATH=${CMAKE_PREFIX_PATH}:/opt/ros/humble /usr/bin/cmake --install /home/dronedelivery/Desktop/DD_Nav_WS/dd_gazebo_ws/build/dd_gazebo
[0.461s] -- Install configuration: ""
[0.462s] -- Up-to-date: /home/dronedelivery/Desktop/DD_Nav_WS/dd_gazebo_ws/install/dd_gazebo/share/ament_index/resource_index/package_run_dependencies/dd_gazebo
[0.462s] -- Up-to-date: /home/dronedelivery/Desktop/DD_Nav_WS/dd_gazebo_ws/install/dd_gazebo/share/ament_index/resource_index/parent_prefix_path/dd_gazebo
[0.462s] -- Up-to-date: /home/dronedelivery/Desktop/DD_Nav_WS/dd_gazebo_ws/install/dd_gazebo/share/dd_gazebo/environment/ament_prefix_path.sh
[0.463s] -- Up-to-date: /home/dronedelivery/Desktop/DD_Nav_WS/dd_gazebo_ws/install/dd_gazebo/share/dd_gazebo/environment/ament_prefix_path.dsv
[0.463s] -- Up-to-date: /home/dronedelivery/Desktop/DD_Nav_WS/dd_gazebo_ws/install/dd_gazebo/share/dd_gazebo/environment/path.sh
[0.464s] -- Up-to-date: /home/dronedelivery/Desktop/DD_Nav_WS/dd_gazebo_ws/install/dd_gazebo/share/dd_gazebo/environment/path.dsv
[0.464s] -- Up-to-date: /home/dronedelivery/Desktop/DD_Nav_WS/dd_gazebo_ws/install/dd_gazebo/share/dd_gazebo/local_setup.bash
[0.465s] -- Up-to-date: /home/dronedelivery/Desktop/DD_Nav_WS/dd_gazebo_ws/install/dd_gazebo/share/dd_gazebo/local_setup.sh
[0.465s] -- Up-to-date: /home/dronedelivery/Desktop/DD_Nav_WS/dd_gazebo_ws/install/dd_gazebo/share/dd_gazebo/local_setup.zsh
[0.466s] -- Up-to-date: /home/dronedelivery/Desktop/DD_Nav_WS/dd_gazebo_ws/install/dd_gazebo/share/dd_gazebo/local_setup.dsv
[0.466s] -- Up-to-date: /home/dronedelivery/Desktop/DD_Nav_WS/dd_gazebo_ws/install/dd_gazebo/share/dd_gazebo/package.dsv
[0.467s] -- Up-to-date: /home/dronedelivery/Desktop/DD_Nav_WS/dd_gazebo_ws/install/dd_gazebo/share/ament_index/resource_index/packages/dd_gazebo
[0.467s] -- Up-to-date: /home/dronedelivery/Desktop/DD_Nav_WS/dd_gazebo_ws/install/dd_gazebo/share/dd_gazebo/cmake/dd_gazeboConfig.cmake
[0.467s] -- Up-to-date: /home/dronedelivery/Desktop/DD_Nav_WS/dd_gazebo_ws/install/dd_gazebo/share/dd_gazebo/cmake/dd_gazeboConfig-version.cmake
[0.468s] -- Up-to-date: /home/dronedelivery/Desktop/DD_Nav_WS/dd_gazebo_ws/install/dd_gazebo/share/dd_gazebo/package.xml
[0.468s] -- Up-to-date: /home/dronedelivery/Desktop/DD_Nav_WS/dd_gazebo_ws/install/dd_gazebo/share/dd_gazebo/src
[0.468s] -- Up-to-date: /home/dronedelivery/Desktop/DD_Nav_WS/dd_gazebo_ws/install/dd_gazebo/share/dd_gazebo/src/description
[0.469s] -- Installing: /home/dronedelivery/Desktop/DD_Nav_WS/dd_gazebo_ws/install/dd_gazebo/share/dd_gazebo/src/description/drone_description.urdf
[0.471s] -- Up-to-date: /home/dronedelivery/Desktop/DD_Nav_WS/dd_gazebo_ws/install/dd_gazebo/share/dd_gazebo/src/main.cpp
[0.471s] -- Up-to-date: /home/dronedelivery/Desktop/DD_Nav_WS/dd_gazebo_ws/install/dd_gazebo/share/dd_gazebo/launch
[0.471s] -- Up-to-date: /home/dronedelivery/Desktop/DD_Nav_WS/dd_gazebo_ws/install/dd_gazebo/share/dd_gazebo/launch/simulation.launch.py
[0.472s] -- Up-to-date: /home/dronedelivery/Desktop/DD_Nav_WS/dd_gazebo_ws/install/dd_gazebo/share/dd_gazebo/rviz
[0.472s] -- Up-to-date: /home/dronedelivery/Desktop/DD_Nav_WS/dd_gazebo_ws/install/dd_gazebo/share/dd_gazebo/rviz/drone_sim_config.rviz
[0.472s] -- Up-to-date: /home/dronedelivery/Desktop/DD_Nav_WS/dd_gazebo_ws/install/dd_gazebo/share/dd_gazebo/config
[0.473s] -- Up-to-date: /home/dronedelivery/Desktop/DD_Nav_WS/dd_gazebo_ws/install/dd_gazebo/share/dd_gazebo/config/ekf.yaml
[0.480s] Invoked command in '/home/dronedelivery/Desktop/DD_Nav_WS/dd_gazebo_ws/build/dd_gazebo' returned '0': CMAKE_PREFIX_PATH=${CMAKE_PREFIX_PATH}:/opt/ros/humble /usr/bin/cmake --install /home/dronedelivery/Desktop/DD_Nav_WS/dd_gazebo_ws/build/dd_gazebo
