[0.036s] Invoking command in '/home/brc/DD_Nav_WS/dd_gazebo_ws/build/drone_nav': CMAKE_PREFIX_PATH=/opt/ros/humble /usr/bin/cmake --build /home/brc/DD_Nav_WS/dd_gazebo_ws/build/drone_nav -- -j8 -l8
[0.072s] [35m[1mConsolidate compiler generated dependencies of target stabilized_tf_broadcaster[0m
[0.086s] [ 50%] [32mBuilding CXX object CMakeFiles/stabilized_tf_broadcaster.dir/src/stabilized_tf_broadcaster.cpp.o[0m
[1.644s] [01m[K/home/brc/DD_Nav_WS/dd_gazebo_ws/src/drone_nav/src/stabilized_tf_broadcaster.cpp:[m[K In member function ‘[01m[Kvoid StabilizedBroadcaster::tf_sub_callback(std::shared_ptr<sensor_msgs::msg::Imu_<std::allocator<void> > >)[m[K’:
[1.644s] [01m[K/home/brc/DD_Nav_WS/dd_gazebo_ws/src/drone_nav/src/stabilized_tf_broadcaster.cpp:15:5:[m[K [01;35m[Kwarning: [m[Kstatement has no effect [[01;35m[K]8;;https://gcc.gnu.org/onlinedocs/gcc/Warning-Options.html#index-Wunused-value-Wunused-value]8;;[m[K]
[1.644s]    15 |     [01;35m[Kmsg[m[K;
[1.644s]       |     [01;35m[K^~~[m[K
[5.168s] [100%] [32m[1mLinking CXX executable stabilized_tf_broadcaster[0m
[5.465s] [100%] Built target stabilized_tf_broadcaster
[5.473s] Invoked command in '/home/brc/DD_Nav_WS/dd_gazebo_ws/build/drone_nav' returned '0': CMAKE_PREFIX_PATH=/opt/ros/humble /usr/bin/cmake --build /home/brc/DD_Nav_WS/dd_gazebo_ws/build/drone_nav -- -j8 -l8
[5.498s] Invoking command in '/home/brc/DD_Nav_WS/dd_gazebo_ws/build/drone_nav': CMAKE_PREFIX_PATH=/opt/ros/humble /usr/bin/cmake --install /home/brc/DD_Nav_WS/dd_gazebo_ws/build/drone_nav
[5.503s] -- Install configuration: ""
[5.503s] -- Up-to-date: /home/brc/DD_Nav_WS/dd_gazebo_ws/install/drone_nav/share/ament_index/resource_index/package_run_dependencies/drone_nav
[5.503s] -- Up-to-date: /home/brc/DD_Nav_WS/dd_gazebo_ws/install/drone_nav/share/ament_index/resource_index/parent_prefix_path/drone_nav
[5.503s] -- Up-to-date: /home/brc/DD_Nav_WS/dd_gazebo_ws/install/drone_nav/share/drone_nav/environment/ament_prefix_path.sh
[5.503s] -- Up-to-date: /home/brc/DD_Nav_WS/dd_gazebo_ws/install/drone_nav/share/drone_nav/environment/ament_prefix_path.dsv
[5.503s] -- Up-to-date: /home/brc/DD_Nav_WS/dd_gazebo_ws/install/drone_nav/share/drone_nav/environment/path.sh
[5.503s] -- Up-to-date: /home/brc/DD_Nav_WS/dd_gazebo_ws/install/drone_nav/share/drone_nav/environment/path.dsv
[5.504s] -- Up-to-date: /home/brc/DD_Nav_WS/dd_gazebo_ws/install/drone_nav/share/drone_nav/local_setup.bash
[5.504s] -- Up-to-date: /home/brc/DD_Nav_WS/dd_gazebo_ws/install/drone_nav/share/drone_nav/local_setup.sh
[5.504s] -- Up-to-date: /home/brc/DD_Nav_WS/dd_gazebo_ws/install/drone_nav/share/drone_nav/local_setup.zsh
[5.504s] -- Up-to-date: /home/brc/DD_Nav_WS/dd_gazebo_ws/install/drone_nav/share/drone_nav/local_setup.dsv
[5.504s] -- Installing: /home/brc/DD_Nav_WS/dd_gazebo_ws/install/drone_nav/share/drone_nav/package.dsv
[5.504s] -- Up-to-date: /home/brc/DD_Nav_WS/dd_gazebo_ws/install/drone_nav/share/ament_index/resource_index/packages/drone_nav
[5.504s] -- Up-to-date: /home/brc/DD_Nav_WS/dd_gazebo_ws/install/drone_nav/share/drone_nav/cmake/drone_navConfig.cmake
[5.504s] -- Up-to-date: /home/brc/DD_Nav_WS/dd_gazebo_ws/install/drone_nav/share/drone_nav/cmake/drone_navConfig-version.cmake
[5.504s] -- Up-to-date: /home/brc/DD_Nav_WS/dd_gazebo_ws/install/drone_nav/share/drone_nav/package.xml
[5.504s] -- Installing: /home/brc/DD_Nav_WS/dd_gazebo_ws/install/drone_nav/lib/drone_nav/stabilized_tf_broadcaster
[5.506s] -- Set runtime path of "/home/brc/DD_Nav_WS/dd_gazebo_ws/install/drone_nav/lib/drone_nav/stabilized_tf_broadcaster" to ""
[5.506s] -- Up-to-date: /home/brc/DD_Nav_WS/dd_gazebo_ws/install/drone_nav/share/drone_nav/src
[5.506s] -- Installing: /home/brc/DD_Nav_WS/dd_gazebo_ws/install/drone_nav/share/drone_nav/src/stabilized_tf_broadcaster.cpp
[5.506s] -- Up-to-date: /home/brc/DD_Nav_WS/dd_gazebo_ws/install/drone_nav/share/drone_nav/launch
[5.506s] -- Up-to-date: /home/brc/DD_Nav_WS/dd_gazebo_ws/install/drone_nav/share/drone_nav/launch/navigation.launch.py
[5.507s] Invoked command in '/home/brc/DD_Nav_WS/dd_gazebo_ws/build/drone_nav' returned '0': CMAKE_PREFIX_PATH=/opt/ros/humble /usr/bin/cmake --install /home/brc/DD_Nav_WS/dd_gazebo_ws/build/drone_nav
