[0.013s] Invoking command in '/home/ubuntu/Desktop/DD_Nav_WS/build/dd_gazebo': CMAKE_PREFIX_PATH=/opt/ros/humble /usr/bin/cmake /home/ubuntu/Desktop/DD_Nav_WS/dd_gazebo_ws/dd_gazebo -DCMAKE_INSTALL_PREFIX=/home/ubuntu/Desktop/DD_Nav_WS/install/dd_gazebo
[0.424s] -- The C compiler identification is GNU 11.4.0
[0.556s] -- The CXX compiler identification is GNU 11.4.0
[0.565s] -- Detecting C compiler ABI info
[0.766s] -- Detecting C compiler ABI info - done
[0.773s] -- Check for working C compiler: /usr/bin/cc - skipped
[0.773s] -- Detecting C compile features
[0.773s] -- Detecting C compile features - done
[0.776s] -- Detecting CXX compiler ABI info
[0.975s] -- Detecting CXX compiler ABI info - done
[0.982s] -- Check for working CXX compiler: /usr/bin/c++ - skipped
[0.983s] -- Detecting CXX compile features
[0.983s] -- Detecting CXX compile features - done
[0.986s] -- Found ament_cmake: 1.3.8 (/opt/ros/humble/share/ament_cmake/cmake)
[1.116s] -- Found Python3: /usr/bin/python3 (found version "3.10.12") found components: Interpreter 
[1.277s] -- Found ament_lint_auto: 0.12.10 (/opt/ros/humble/share/ament_lint_auto/cmake)
[1.344s] -- Added test 'cppcheck' to perform static code analysis on C / C++ code
[1.344s] -- Configured cppcheck include dirs: 
[1.344s] -- Configured cppcheck exclude dirs and/or files: 
[1.345s] -- Added test 'flake8' to check Python code syntax and style conventions
[1.345s] -- Added test 'lint_cmake' to check CMake code style
[1.346s] -- Added test 'pep257' to check Python code against some of the docstring style conventions in PEP 257
[1.347s] -- Added test 'uncrustify' to check C / C++ code style
[1.347s] -- Configured uncrustify additional arguments: 
[1.347s] -- Added test 'xmllint' to check XML markup files
[1.349s] -- Configuring done
[1.354s] -- Generating done
[1.355s] -- Build files have been written to: /home/ubuntu/Desktop/DD_Nav_WS/build/dd_gazebo
[1.363s] Invoked command in '/home/ubuntu/Desktop/DD_Nav_WS/build/dd_gazebo' returned '0': CMAKE_PREFIX_PATH=/opt/ros/humble /usr/bin/cmake /home/ubuntu/Desktop/DD_Nav_WS/dd_gazebo_ws/dd_gazebo -DCMAKE_INSTALL_PREFIX=/home/ubuntu/Desktop/DD_Nav_WS/install/dd_gazebo
[1.363s] Invoking command in '/home/ubuntu/Desktop/DD_Nav_WS/build/dd_gazebo': CMAKE_PREFIX_PATH=/opt/ros/humble /usr/bin/cmake --build /home/ubuntu/Desktop/DD_Nav_WS/build/dd_gazebo -- -j8 -l8
[1.404s] Invoked command in '/home/ubuntu/Desktop/DD_Nav_WS/build/dd_gazebo' returned '0': CMAKE_PREFIX_PATH=/opt/ros/humble /usr/bin/cmake --build /home/ubuntu/Desktop/DD_Nav_WS/build/dd_gazebo -- -j8 -l8
[1.441s] Invoking command in '/home/ubuntu/Desktop/DD_Nav_WS/build/dd_gazebo': CMAKE_PREFIX_PATH=/opt/ros/humble /usr/bin/cmake --install /home/ubuntu/Desktop/DD_Nav_WS/build/dd_gazebo
[1.449s] -- Install configuration: ""
[1.451s] -- Installing: /home/ubuntu/Desktop/DD_Nav_WS/install/dd_gazebo/share/ament_index/resource_index/package_run_dependencies/dd_gazebo
[1.451s] -- Installing: /home/ubuntu/Desktop/DD_Nav_WS/install/dd_gazebo/share/ament_index/resource_index/parent_prefix_path/dd_gazebo
[1.451s] -- Installing: /home/ubuntu/Desktop/DD_Nav_WS/install/dd_gazebo/share/dd_gazebo/environment/ament_prefix_path.sh
[1.451s] -- Installing: /home/ubuntu/Desktop/DD_Nav_WS/install/dd_gazebo/share/dd_gazebo/environment/ament_prefix_path.dsv
[1.451s] -- Installing: /home/ubuntu/Desktop/DD_Nav_WS/install/dd_gazebo/share/dd_gazebo/environment/path.sh
[1.452s] -- Installing: /home/ubuntu/Desktop/DD_Nav_WS/install/dd_gazebo/share/dd_gazebo/environment/path.dsv
[1.452s] -- Installing: /home/ubuntu/Desktop/DD_Nav_WS/install/dd_gazebo/share/dd_gazebo/local_setup.bash
[1.452s] -- Installing: /home/ubuntu/Desktop/DD_Nav_WS/install/dd_gazebo/share/dd_gazebo/local_setup.sh
[1.452s] -- Installing: /home/ubuntu/Desktop/DD_Nav_WS/install/dd_gazebo/share/dd_gazebo/local_setup.zsh
[1.452s] -- Installing: /home/ubuntu/Desktop/DD_Nav_WS/install/dd_gazebo/share/dd_gazebo/local_setup.dsv
[1.454s] -- Installing: /home/ubuntu/Desktop/DD_Nav_WS/install/dd_gazebo/share/dd_gazebo/package.dsv
[1.454s] -- Installing: /home/ubuntu/Desktop/DD_Nav_WS/install/dd_gazebo/share/ament_index/resource_index/packages/dd_gazebo
[1.454s] -- Installing: /home/ubuntu/Desktop/DD_Nav_WS/install/dd_gazebo/share/dd_gazebo/cmake/dd_gazeboConfig.cmake
[1.454s] -- Installing: /home/ubuntu/Desktop/DD_Nav_WS/install/dd_gazebo/share/dd_gazebo/cmake/dd_gazeboConfig-version.cmake
[1.454s] -- Installing: /home/ubuntu/Desktop/DD_Nav_WS/install/dd_gazebo/share/dd_gazebo/package.xml
[1.454s] -- Installing: /home/ubuntu/Desktop/DD_Nav_WS/install/dd_gazebo/share/dd_gazebo/launch
[1.454s] -- Installing: /home/ubuntu/Desktop/DD_Nav_WS/install/dd_gazebo/share/dd_gazebo/launch/simulation.launch.py
[1.459s] Invoked command in '/home/ubuntu/Desktop/DD_Nav_WS/build/dd_gazebo' returned '0': CMAKE_PREFIX_PATH=/opt/ros/humble /usr/bin/cmake --install /home/ubuntu/Desktop/DD_Nav_WS/build/dd_gazebo
