[0.193s] Invoking command in '/home/dronedelivery/ARC/build/dd_gazebo': CMAKE_PREFIX_PATH=${CMAKE_PREFIX_PATH}:/opt/ros/humble /usr/bin/cmake --build /home/dronedelivery/ARC/build/dd_gazebo -- -j16 -l16
[0.241s] -- Found ament_cmake: 1.3.7 (/opt/ros/humble/share/ament_cmake/cmake)
[0.466s] -- Found ament_lint_auto: 0.12.10 (/opt/ros/humble/share/ament_lint_auto/cmake)
[0.569s] -- Added test 'cppcheck' to perform static code analysis on C / C++ code
[0.570s] -- Configured cppcheck include dirs: 
[0.570s] -- Configured cppcheck exclude dirs and/or files: 
[0.570s] -- Added test 'flake8' to check Python code syntax and style conventions
[0.571s] -- Added test 'lint_cmake' to check CMake code style
[0.571s] -- Added test 'pep257' to check Python code against some of the docstring style conventions in PEP 257
[0.573s] -- Added test 'uncrustify' to check C / C++ code style
[0.574s] -- Configured uncrustify additional arguments: 
[0.574s] -- Added test 'xmllint' to check XML markup files
[0.575s] -- Configuring done
[0.582s] -- Generating done
[0.584s] -- Build files have been written to: /home/dronedelivery/ARC/build/dd_gazebo
[0.619s] Invoked command in '/home/dronedelivery/ARC/build/dd_gazebo' returned '0': CMAKE_PREFIX_PATH=${CMAKE_PREFIX_PATH}:/opt/ros/humble /usr/bin/cmake --build /home/dronedelivery/ARC/build/dd_gazebo -- -j16 -l16
[0.734s] Invoking command in '/home/dronedelivery/ARC/build/dd_gazebo': CMAKE_PREFIX_PATH=${CMAKE_PREFIX_PATH}:/opt/ros/humble /usr/bin/cmake --install /home/dronedelivery/ARC/build/dd_gazebo
[0.760s] -- Install configuration: ""
[0.761s] -- Installing: /home/dronedelivery/ARC/install/dd_gazebo/share/$(dd_gazebo)/launch
[0.761s] -- Installing: /home/dronedelivery/ARC/install/dd_gazebo/share/$(dd_gazebo)/launch/simulation.launch.py
[0.763s] -- Up-to-date: /home/dronedelivery/ARC/install/dd_gazebo/share/ament_index/resource_index/package_run_dependencies/dd_gazebo
[0.763s] -- Up-to-date: /home/dronedelivery/ARC/install/dd_gazebo/share/ament_index/resource_index/parent_prefix_path/dd_gazebo
[0.764s] -- Up-to-date: /home/dronedelivery/ARC/install/dd_gazebo/share/dd_gazebo/environment/ament_prefix_path.sh
[0.765s] -- Installing: /home/dronedelivery/ARC/install/dd_gazebo/share/dd_gazebo/environment/ament_prefix_path.dsv
[0.765s] -- Up-to-date: /home/dronedelivery/ARC/install/dd_gazebo/share/dd_gazebo/environment/path.sh
[0.766s] -- Installing: /home/dronedelivery/ARC/install/dd_gazebo/share/dd_gazebo/environment/path.dsv
[0.767s] -- Up-to-date: /home/dronedelivery/ARC/install/dd_gazebo/share/dd_gazebo/local_setup.bash
[0.767s] -- Up-to-date: /home/dronedelivery/ARC/install/dd_gazebo/share/dd_gazebo/local_setup.sh
[0.768s] -- Up-to-date: /home/dronedelivery/ARC/install/dd_gazebo/share/dd_gazebo/local_setup.zsh
[0.769s] -- Installing: /home/dronedelivery/ARC/install/dd_gazebo/share/dd_gazebo/local_setup.dsv
[0.769s] -- Installing: /home/dronedelivery/ARC/install/dd_gazebo/share/dd_gazebo/package.dsv
[0.770s] -- Up-to-date: /home/dronedelivery/ARC/install/dd_gazebo/share/ament_index/resource_index/packages/dd_gazebo
[0.770s] -- Up-to-date: /home/dronedelivery/ARC/install/dd_gazebo/share/dd_gazebo/cmake/dd_gazeboConfig.cmake
[0.771s] -- Up-to-date: /home/dronedelivery/ARC/install/dd_gazebo/share/dd_gazebo/cmake/dd_gazeboConfig-version.cmake
[0.771s] -- Up-to-date: /home/dronedelivery/ARC/install/dd_gazebo/share/dd_gazebo/package.xml
[0.776s] Invoked command in '/home/dronedelivery/ARC/build/dd_gazebo' returned '0': CMAKE_PREFIX_PATH=${CMAKE_PREFIX_PATH}:/opt/ros/humble /usr/bin/cmake --install /home/dronedelivery/ARC/build/dd_gazebo
