[0.746s] DEBUG:colcon:Command line arguments: ['/usr/bin/colcon', 'build', '--packages-select', 'px4_offboard']
[0.746s] DEBUG:colcon:Parsed command line arguments: Namespace(log_base=None, log_level=None, verb_name='build', build_base='build', install_base='install', merge_install=False, symlink_install=False, test_result_base=None, continue_on_error=False, executor='parallel', parallel_workers=8, event_handlers=None, ignore_user_meta=False, metas=['./colcon.meta'], base_paths=['.'], packages_ignore=None, packages_ignore_regex=None, paths=None, packages_up_to=None, packages_up_to_regex=None, packages_above=None, packages_above_and_dependencies=None, packages_above_depth=None, packages_select_by_dep=None, packages_skip_by_dep=None, packages_skip_up_to=None, packages_select_build_failed=False, packages_skip_build_finished=False, packages_select_test_failures=False, packages_skip_test_passed=False, packages_select=['px4_offboard'], packages_skip=None, packages_select_regex=None, packages_skip_regex=None, packages_start=None, packages_end=None, allow_overriding=[], cmake_args=None, cmake_target=None, cmake_target_skip_unavailable=False, cmake_clean_cache=False, cmake_clean_first=False, cmake_force_configure=False, ament_cmake_args=None, catkin_cmake_args=None, catkin_skip_building_tests=False, mixin_files=None, mixin=None, verb_parser=<colcon_mixin.mixin.mixin_argument.MixinArgumentDecorator object at 0x74276571b820>, verb_extension=<colcon_core.verb.build.BuildVerb object at 0x7427658dd630>, main=<bound method BuildVerb.main of <colcon_core.verb.build.BuildVerb object at 0x7427658dd630>>, mixin_verb=('build',))
[0.792s] Level 1:colcon.colcon_core.package_discovery:discover_packages(colcon_meta) check parameters
[0.792s] Level 1:colcon.colcon_core.package_discovery:discover_packages(recursive) check parameters
[0.792s] Level 1:colcon.colcon_core.package_discovery:discover_packages(ignore) check parameters
[0.792s] Level 1:colcon.colcon_core.package_discovery:discover_packages(path) check parameters
[0.792s] Level 1:colcon.colcon_core.package_discovery:discover_packages(colcon_meta) discover
[0.792s] Level 1:colcon.colcon_core.package_discovery:discover_packages(recursive) discover
[0.792s] INFO:colcon.colcon_core.package_discovery:Crawling recursively for packages in '/home/brc/DD_Nav_WS/dd_gazebo_ws'
[0.792s] Level 1:colcon.colcon_core.package_identification:_identify(.) by extensions ['ignore', 'ignore_ament_install']
[0.792s] Level 1:colcon.colcon_core.package_identification:_identify(.) by extension 'ignore'
[0.792s] Level 1:colcon.colcon_core.package_identification:_identify(.) by extension 'ignore_ament_install'
[0.793s] Level 1:colcon.colcon_core.package_identification:_identify(.) by extensions ['colcon_pkg']
[0.793s] Level 1:colcon.colcon_core.package_identification:_identify(.) by extension 'colcon_pkg'
[0.793s] Level 1:colcon.colcon_core.package_identification:_identify(.) by extensions ['colcon_meta']
[0.793s] Level 1:colcon.colcon_core.package_identification:_identify(.) by extension 'colcon_meta'
[0.793s] Level 1:colcon.colcon_core.package_identification:_identify(.) by extensions ['ros']
[0.793s] Level 1:colcon.colcon_core.package_identification:_identify(.) by extension 'ros'
[0.804s] Level 1:colcon.colcon_core.package_identification:_identify(.) by extensions ['cmake', 'python']
[0.804s] Level 1:colcon.colcon_core.package_identification:_identify(.) by extension 'cmake'
[0.804s] Level 1:colcon.colcon_core.package_identification:_identify(.) by extension 'python'
[0.804s] Level 1:colcon.colcon_core.package_identification:_identify(.) by extensions ['python_setup_py']
[0.804s] Level 1:colcon.colcon_core.package_identification:_identify(.) by extension 'python_setup_py'
[0.804s] Level 1:colcon.colcon_core.package_identification:_identify(build) by extensions ['ignore', 'ignore_ament_install']
[0.805s] Level 1:colcon.colcon_core.package_identification:_identify(build) by extension 'ignore'
[0.805s] Level 1:colcon.colcon_core.package_identification:_identify(build) ignored
[0.805s] Level 1:colcon.colcon_core.package_identification:_identify(dd_gazebo) by extensions ['ignore', 'ignore_ament_install']
[0.805s] Level 1:colcon.colcon_core.package_identification:_identify(dd_gazebo) by extension 'ignore'
[0.805s] Level 1:colcon.colcon_core.package_identification:_identify(dd_gazebo) by extension 'ignore_ament_install'
[0.805s] Level 1:colcon.colcon_core.package_identification:_identify(dd_gazebo) by extensions ['colcon_pkg']
[0.805s] Level 1:colcon.colcon_core.package_identification:_identify(dd_gazebo) by extension 'colcon_pkg'
[0.805s] Level 1:colcon.colcon_core.package_identification:_identify(dd_gazebo) by extensions ['colcon_meta']
[0.805s] Level 1:colcon.colcon_core.package_identification:_identify(dd_gazebo) by extension 'colcon_meta'
[0.805s] Level 1:colcon.colcon_core.package_identification:_identify(dd_gazebo) by extensions ['ros']
[0.805s] Level 1:colcon.colcon_core.package_identification:_identify(dd_gazebo) by extension 'ros'
[0.807s] DEBUG:colcon.colcon_core.package_identification:Package 'dd_gazebo' with type 'ros.ament_cmake' and name 'dd_gazebo'
[0.807s] Level 1:colcon.colcon_core.package_identification:_identify(install) by extensions ['ignore', 'ignore_ament_install']
[0.807s] Level 1:colcon.colcon_core.package_identification:_identify(install) by extension 'ignore'
[0.807s] Level 1:colcon.colcon_core.package_identification:_identify(install) ignored
[0.807s] Level 1:colcon.colcon_core.package_identification:_identify(log) by extensions ['ignore', 'ignore_ament_install']
[0.807s] Level 1:colcon.colcon_core.package_identification:_identify(log) by extension 'ignore'
[0.807s] Level 1:colcon.colcon_core.package_identification:_identify(log) ignored
[0.807s] Level 1:colcon.colcon_core.package_identification:_identify(src) by extensions ['ignore', 'ignore_ament_install']
[0.807s] Level 1:colcon.colcon_core.package_identification:_identify(src) by extension 'ignore'
[0.807s] Level 1:colcon.colcon_core.package_identification:_identify(src) by extension 'ignore_ament_install'
[0.807s] Level 1:colcon.colcon_core.package_identification:_identify(src) by extensions ['colcon_pkg']
[0.807s] Level 1:colcon.colcon_core.package_identification:_identify(src) by extension 'colcon_pkg'
[0.807s] Level 1:colcon.colcon_core.package_identification:_identify(src) by extensions ['colcon_meta']
[0.808s] Level 1:colcon.colcon_core.package_identification:_identify(src) by extension 'colcon_meta'
[0.808s] Level 1:colcon.colcon_core.package_identification:_identify(src) by extensions ['ros']
[0.808s] Level 1:colcon.colcon_core.package_identification:_identify(src) by extension 'ros'
[0.808s] Level 1:colcon.colcon_core.package_identification:_identify(src) by extensions ['cmake', 'python']
[0.808s] Level 1:colcon.colcon_core.package_identification:_identify(src) by extension 'cmake'
[0.808s] Level 1:colcon.colcon_core.package_identification:_identify(src) by extension 'python'
[0.808s] Level 1:colcon.colcon_core.package_identification:_identify(src) by extensions ['python_setup_py']
[0.808s] Level 1:colcon.colcon_core.package_identification:_identify(src) by extension 'python_setup_py'
[0.808s] Level 1:colcon.colcon_core.package_identification:_identify(src/px4_msgs) by extensions ['ignore', 'ignore_ament_install']
[0.808s] Level 1:colcon.colcon_core.package_identification:_identify(src/px4_msgs) by extension 'ignore'
[0.808s] Level 1:colcon.colcon_core.package_identification:_identify(src/px4_msgs) by extension 'ignore_ament_install'
[0.808s] Level 1:colcon.colcon_core.package_identification:_identify(src/px4_msgs) by extensions ['colcon_pkg']
[0.808s] Level 1:colcon.colcon_core.package_identification:_identify(src/px4_msgs) by extension 'colcon_pkg'
[0.808s] Level 1:colcon.colcon_core.package_identification:_identify(src/px4_msgs) by extensions ['colcon_meta']
[0.808s] Level 1:colcon.colcon_core.package_identification:_identify(src/px4_msgs) by extension 'colcon_meta'
[0.808s] Level 1:colcon.colcon_core.package_identification:_identify(src/px4_msgs) by extensions ['ros']
[0.808s] Level 1:colcon.colcon_core.package_identification:_identify(src/px4_msgs) by extension 'ros'
[0.809s] DEBUG:colcon.colcon_core.package_identification:Package 'src/px4_msgs' with type 'ros.ament_cmake' and name 'px4_msgs'
[0.809s] Level 1:colcon.colcon_core.package_identification:_identify(src/px4_offboard) by extensions ['ignore', 'ignore_ament_install']
[0.809s] Level 1:colcon.colcon_core.package_identification:_identify(src/px4_offboard) by extension 'ignore'
[0.809s] Level 1:colcon.colcon_core.package_identification:_identify(src/px4_offboard) by extension 'ignore_ament_install'
[0.809s] Level 1:colcon.colcon_core.package_identification:_identify(src/px4_offboard) by extensions ['colcon_pkg']
[0.809s] Level 1:colcon.colcon_core.package_identification:_identify(src/px4_offboard) by extension 'colcon_pkg'
[0.809s] Level 1:colcon.colcon_core.package_identification:_identify(src/px4_offboard) by extensions ['colcon_meta']
[0.809s] Level 1:colcon.colcon_core.package_identification:_identify(src/px4_offboard) by extension 'colcon_meta'
[0.809s] Level 1:colcon.colcon_core.package_identification:_identify(src/px4_offboard) by extensions ['ros']
[0.809s] Level 1:colcon.colcon_core.package_identification:_identify(src/px4_offboard) by extension 'ros'
[0.809s] DEBUG:colcon.colcon_core.package_identification:Package 'src/px4_offboard' with type 'ros.ament_python' and name 'px4_offboard'
[0.809s] Level 1:colcon.colcon_core.package_identification:_identify(src/px4_ros_com) by extensions ['ignore', 'ignore_ament_install']
[0.809s] Level 1:colcon.colcon_core.package_identification:_identify(src/px4_ros_com) by extension 'ignore'
[0.809s] Level 1:colcon.colcon_core.package_identification:_identify(src/px4_ros_com) by extension 'ignore_ament_install'
[0.809s] Level 1:colcon.colcon_core.package_identification:_identify(src/px4_ros_com) by extensions ['colcon_pkg']
[0.809s] Level 1:colcon.colcon_core.package_identification:_identify(src/px4_ros_com) by extension 'colcon_pkg'
[0.809s] Level 1:colcon.colcon_core.package_identification:_identify(src/px4_ros_com) by extensions ['colcon_meta']
[0.809s] Level 1:colcon.colcon_core.package_identification:_identify(src/px4_ros_com) by extension 'colcon_meta'
[0.809s] Level 1:colcon.colcon_core.package_identification:_identify(src/px4_ros_com) by extensions ['ros']
[0.809s] Level 1:colcon.colcon_core.package_identification:_identify(src/px4_ros_com) by extension 'ros'
[0.810s] DEBUG:colcon.colcon_core.package_identification:Package 'src/px4_ros_com' with type 'ros.ament_cmake' and name 'px4_ros_com'
[0.810s] Level 1:colcon.colcon_core.package_discovery:discover_packages(recursive) using defaults
[0.810s] Level 1:colcon.colcon_core.package_discovery:discover_packages(ignore) discover
[0.810s] Level 1:colcon.colcon_core.package_discovery:discover_packages(ignore) using defaults
[0.810s] Level 1:colcon.colcon_core.package_discovery:discover_packages(path) discover
[0.810s] Level 1:colcon.colcon_core.package_discovery:discover_packages(path) using defaults
[0.873s] INFO:colcon.colcon_core.package_selection:Skipping not selected package 'dd_gazebo' in 'dd_gazebo'
[0.873s] INFO:colcon.colcon_core.package_selection:Skipping not selected package 'px4_msgs' in 'src/px4_msgs'
[0.873s] INFO:colcon.colcon_core.package_selection:Skipping not selected package 'px4_ros_com' in 'src/px4_ros_com'
[0.893s] Level 1:colcon.colcon_core.package_discovery:discover_packages(prefix_path) check parameters
[0.893s] Level 1:colcon.colcon_core.package_discovery:discover_packages(prefix_path) discover
[0.912s] DEBUG:colcon.colcon_installed_package_information.package_discovery:Found 4 installed packages in /home/brc/DD_Nav_WS/dd_gazebo_ws/install
[0.921s] DEBUG:colcon.colcon_installed_package_information.package_discovery:Found 358 installed packages in /opt/ros/humble
[0.922s] Level 1:colcon.colcon_core.package_discovery:discover_packages(prefix_path) using defaults
[0.977s] Level 5:colcon.colcon_core.verb:set package 'px4_offboard' build argument 'cmake_args' from command line to 'None'
[0.977s] Level 5:colcon.colcon_core.verb:set package 'px4_offboard' build argument 'cmake_target' from command line to 'None'
[0.977s] Level 5:colcon.colcon_core.verb:set package 'px4_offboard' build argument 'cmake_target_skip_unavailable' from command line to 'False'
[0.977s] Level 5:colcon.colcon_core.verb:set package 'px4_offboard' build argument 'cmake_clean_cache' from command line to 'False'
[0.977s] Level 5:colcon.colcon_core.verb:set package 'px4_offboard' build argument 'cmake_clean_first' from command line to 'False'
[0.977s] Level 5:colcon.colcon_core.verb:set package 'px4_offboard' build argument 'cmake_force_configure' from command line to 'False'
[0.977s] Level 5:colcon.colcon_core.verb:set package 'px4_offboard' build argument 'ament_cmake_args' from command line to 'None'
[0.977s] Level 5:colcon.colcon_core.verb:set package 'px4_offboard' build argument 'catkin_cmake_args' from command line to 'None'
[0.977s] Level 5:colcon.colcon_core.verb:set package 'px4_offboard' build argument 'catkin_skip_building_tests' from command line to 'False'
[0.977s] DEBUG:colcon.colcon_core.verb:Building package 'px4_offboard' with the following arguments: {'ament_cmake_args': None, 'build_base': '/home/brc/DD_Nav_WS/dd_gazebo_ws/build/px4_offboard', 'catkin_cmake_args': None, 'catkin_skip_building_tests': False, 'cmake_args': None, 'cmake_clean_cache': False, 'cmake_clean_first': False, 'cmake_force_configure': False, 'cmake_target': None, 'cmake_target_skip_unavailable': False, 'install_base': '/home/brc/DD_Nav_WS/dd_gazebo_ws/install/px4_offboard', 'merge_install': False, 'path': '/home/brc/DD_Nav_WS/dd_gazebo_ws/src/px4_offboard', 'symlink_install': False, 'test_result_base': None}
[0.985s] INFO:colcon.colcon_core.executor:Executing jobs using 'parallel' executor
[0.993s] DEBUG:colcon.colcon_parallel_executor.executor.parallel:run_until_complete
[0.994s] INFO:colcon.colcon_ros.task.ament_python.build:Building ROS package in '/home/brc/DD_Nav_WS/dd_gazebo_ws/src/px4_offboard' with build type 'ament_python'
[0.994s] Level 1:colcon.colcon_core.shell:create_environment_hook('px4_offboard', 'ament_prefix_path')
[1.003s] INFO:colcon.colcon_core.plugin_system:Skipping extension 'colcon_core.shell.bat': Not used on non-Windows systems
[1.003s] INFO:colcon.colcon_core.shell:Creating environment hook '/home/brc/DD_Nav_WS/dd_gazebo_ws/install/px4_offboard/share/px4_offboard/hook/ament_prefix_path.ps1'
[1.004s] INFO:colcon.colcon_core.shell:Creating environment descriptor '/home/brc/DD_Nav_WS/dd_gazebo_ws/install/px4_offboard/share/px4_offboard/hook/ament_prefix_path.dsv'
[1.005s] INFO:colcon.colcon_core.shell:Creating environment hook '/home/brc/DD_Nav_WS/dd_gazebo_ws/install/px4_offboard/share/px4_offboard/hook/ament_prefix_path.sh'
[1.013s] INFO:colcon.colcon_core.shell:Skip shell extension 'powershell' for command environment: Not usable outside of PowerShell
[1.014s] DEBUG:colcon.colcon_core.shell:Skip shell extension 'dsv' for command environment
[1.161s] INFO:colcon.colcon_core.task.python.build:Building Python package in '/home/brc/DD_Nav_WS/dd_gazebo_ws/src/px4_offboard'
[1.168s] INFO:colcon.colcon_core.shell:Skip shell extension 'powershell' for command environment: Not usable outside of PowerShell
[1.169s] DEBUG:colcon.colcon_core.shell:Skip shell extension 'dsv' for command environment
[1.624s] DEBUG:colcon.colcon_core.event_handler.log_command:Invoking command in '/home/brc/DD_Nav_WS/dd_gazebo_ws/src/px4_offboard': CMAKE_PREFIX_PATH=/home/brc/DD_Nav_WS/dd_gazebo_ws/install/px4_msgs:/home/brc/DD_Nav_WS/dd_gazebo_ws/install/px4_ros_com:/home/brc/DD_Nav_WS/dd_gazebo_ws/install/dd_gazebo LD_LIBRARY_PATH=/home/brc/DD_Nav_WS/dd_gazebo_ws/install/px4_msgs/lib:/home/brc/DD_Nav_WS/dd_gazebo_ws/install/px4_ros_com/lib:/usr/lib/x86_64-linux-gnu/gazebo-11/plugins:/opt/ros/humble/opt/rviz_ogre_vendor/lib:/opt/ros/humble/lib/x86_64-linux-gnu:/opt/ros/humble/lib PYTHONPATH=/home/brc/DD_Nav_WS/dd_gazebo_ws/build/px4_offboard/prefix_override:/home/brc/DD_Nav_WS/dd_gazebo_ws/install/px4_offboard/lib/python3.10/site-packages:${PYTHONPATH} /usr/bin/python3 setup.py egg_info --egg-base ../../build/px4_offboard build --build-base /home/brc/DD_Nav_WS/dd_gazebo_ws/build/px4_offboard/build install --record /home/brc/DD_Nav_WS/dd_gazebo_ws/build/px4_offboard/install.log --single-version-externally-managed
[1.904s] DEBUG:colcon.colcon_core.event_handler.log_command:Invoked command in '/home/brc/DD_Nav_WS/dd_gazebo_ws/src/px4_offboard' returned '0': CMAKE_PREFIX_PATH=/home/brc/DD_Nav_WS/dd_gazebo_ws/install/px4_msgs:/home/brc/DD_Nav_WS/dd_gazebo_ws/install/px4_ros_com:/home/brc/DD_Nav_WS/dd_gazebo_ws/install/dd_gazebo LD_LIBRARY_PATH=/home/brc/DD_Nav_WS/dd_gazebo_ws/install/px4_msgs/lib:/home/brc/DD_Nav_WS/dd_gazebo_ws/install/px4_ros_com/lib:/usr/lib/x86_64-linux-gnu/gazebo-11/plugins:/opt/ros/humble/opt/rviz_ogre_vendor/lib:/opt/ros/humble/lib/x86_64-linux-gnu:/opt/ros/humble/lib PYTHONPATH=/home/brc/DD_Nav_WS/dd_gazebo_ws/build/px4_offboard/prefix_override:/home/brc/DD_Nav_WS/dd_gazebo_ws/install/px4_offboard/lib/python3.10/site-packages:${PYTHONPATH} /usr/bin/python3 setup.py egg_info --egg-base ../../build/px4_offboard build --build-base /home/brc/DD_Nav_WS/dd_gazebo_ws/build/px4_offboard/build install --record /home/brc/DD_Nav_WS/dd_gazebo_ws/build/px4_offboard/install.log --single-version-externally-managed
[1.915s] Level 1:colcon.colcon_core.environment:checking '/home/brc/DD_Nav_WS/dd_gazebo_ws/install/px4_offboard' for CMake module files
[1.915s] Level 1:colcon.colcon_core.environment:checking '/home/brc/DD_Nav_WS/dd_gazebo_ws/install/px4_offboard' for CMake config files
[1.916s] Level 1:colcon.colcon_core.environment:checking '/home/brc/DD_Nav_WS/dd_gazebo_ws/install/px4_offboard/lib'
[1.916s] Level 1:colcon.colcon_core.environment:checking '/home/brc/DD_Nav_WS/dd_gazebo_ws/install/px4_offboard/bin'
[1.916s] Level 1:colcon.colcon_core.environment:checking '/home/brc/DD_Nav_WS/dd_gazebo_ws/install/px4_offboard/lib/pkgconfig/px4_offboard.pc'
[1.916s] Level 1:colcon.colcon_core.environment:checking '/home/brc/DD_Nav_WS/dd_gazebo_ws/install/px4_offboard/lib/python3.10/site-packages'
[1.916s] Level 1:colcon.colcon_core.shell:create_environment_hook('px4_offboard', 'pythonpath')
[1.924s] INFO:colcon.colcon_core.shell:Creating environment hook '/home/brc/DD_Nav_WS/dd_gazebo_ws/install/px4_offboard/share/px4_offboard/hook/pythonpath.ps1'
[1.925s] INFO:colcon.colcon_core.shell:Creating environment descriptor '/home/brc/DD_Nav_WS/dd_gazebo_ws/install/px4_offboard/share/px4_offboard/hook/pythonpath.dsv'
[1.925s] INFO:colcon.colcon_core.shell:Creating environment hook '/home/brc/DD_Nav_WS/dd_gazebo_ws/install/px4_offboard/share/px4_offboard/hook/pythonpath.sh'
[1.926s] Level 1:colcon.colcon_core.environment:checking '/home/brc/DD_Nav_WS/dd_gazebo_ws/install/px4_offboard/bin'
[1.926s] Level 1:colcon.colcon_core.environment:create_environment_scripts_only(px4_offboard)
[1.933s] INFO:colcon.colcon_core.shell:Creating package script '/home/brc/DD_Nav_WS/dd_gazebo_ws/install/px4_offboard/share/px4_offboard/package.ps1'
[1.934s] INFO:colcon.colcon_core.shell:Creating package descriptor '/home/brc/DD_Nav_WS/dd_gazebo_ws/install/px4_offboard/share/px4_offboard/package.dsv'
[1.934s] INFO:colcon.colcon_core.shell:Creating package script '/home/brc/DD_Nav_WS/dd_gazebo_ws/install/px4_offboard/share/px4_offboard/package.sh'
[1.935s] INFO:colcon.colcon_core.shell:Creating package script '/home/brc/DD_Nav_WS/dd_gazebo_ws/install/px4_offboard/share/px4_offboard/package.bash'
[1.935s] INFO:colcon.colcon_core.shell:Creating package script '/home/brc/DD_Nav_WS/dd_gazebo_ws/install/px4_offboard/share/px4_offboard/package.zsh'
[1.936s] Level 1:colcon.colcon_core.environment:create_file_with_runtime_dependencies(/home/brc/DD_Nav_WS/dd_gazebo_ws/install/px4_offboard/share/colcon-core/packages/px4_offboard)
[1.936s] DEBUG:colcon.colcon_parallel_executor.executor.parallel:closing loop
[1.936s] DEBUG:colcon.colcon_parallel_executor.executor.parallel:loop closed
[1.936s] DEBUG:colcon.colcon_parallel_executor.executor.parallel:run_until_complete finished with '0'
[1.936s] DEBUG:colcon.colcon_core.event_reactor:joining thread
[1.954s] INFO:colcon.colcon_core.plugin_system:Skipping extension 'colcon_notification.desktop_notification.terminal_notifier': Not used on non-Darwin systems
[1.954s] INFO:colcon.colcon_core.plugin_system:Skipping extension 'colcon_notification.desktop_notification.win32': Not used on non-Windows systems
[1.954s] INFO:colcon.colcon_notification.desktop_notification:Sending desktop notification using 'notify2'
[1.970s] DEBUG:colcon.colcon_core.event_reactor:joined thread
[1.980s] INFO:colcon.colcon_core.shell:Creating prefix script '/home/brc/DD_Nav_WS/dd_gazebo_ws/install/local_setup.ps1'
[1.981s] INFO:colcon.colcon_core.shell:Creating prefix util module '/home/brc/DD_Nav_WS/dd_gazebo_ws/install/_local_setup_util_ps1.py'
[1.982s] INFO:colcon.colcon_core.shell:Creating prefix chain script '/home/brc/DD_Nav_WS/dd_gazebo_ws/install/setup.ps1'
[1.992s] INFO:colcon.colcon_core.shell:Creating prefix script '/home/brc/DD_Nav_WS/dd_gazebo_ws/install/local_setup.sh'
[1.993s] INFO:colcon.colcon_core.shell:Creating prefix util module '/home/brc/DD_Nav_WS/dd_gazebo_ws/install/_local_setup_util_sh.py'
[1.993s] INFO:colcon.colcon_core.shell:Creating prefix chain script '/home/brc/DD_Nav_WS/dd_gazebo_ws/install/setup.sh'
[2.003s] INFO:colcon.colcon_core.shell:Creating prefix script '/home/brc/DD_Nav_WS/dd_gazebo_ws/install/local_setup.bash'
[2.004s] INFO:colcon.colcon_core.shell:Creating prefix chain script '/home/brc/DD_Nav_WS/dd_gazebo_ws/install/setup.bash'
[2.013s] INFO:colcon.colcon_core.shell:Creating prefix script '/home/brc/DD_Nav_WS/dd_gazebo_ws/install/local_setup.zsh'
[2.013s] INFO:colcon.colcon_core.shell:Creating prefix chain script '/home/brc/DD_Nav_WS/dd_gazebo_ws/install/setup.zsh'
