[4.596s] DEBUG:colcon:Command line arguments: ['/usr/bin/colcon', 'build', '--packages-select', 'drone_nav']
[4.597s] DEBUG:colcon:Parsed command line arguments: Namespace(log_base=None, log_level=None, verb_name='build', build_base='build', install_base='install', merge_install=False, symlink_install=False, test_result_base=None, continue_on_error=False, executor='parallel', parallel_workers=8, event_handlers=None, ignore_user_meta=False, metas=['./colcon.meta'], base_paths=['.'], packages_ignore=None, packages_ignore_regex=None, paths=None, packages_up_to=None, packages_up_to_regex=None, packages_above=None, packages_above_and_dependencies=None, packages_above_depth=None, packages_select_by_dep=None, packages_skip_by_dep=None, packages_skip_up_to=None, packages_select_build_failed=False, packages_skip_build_finished=False, packages_select_test_failures=False, packages_skip_test_passed=False, packages_select=['drone_nav'], packages_skip=None, packages_select_regex=None, packages_skip_regex=None, packages_start=None, packages_end=None, allow_overriding=[], cmake_args=None, cmake_target=None, cmake_target_skip_unavailable=False, cmake_clean_cache=False, cmake_clean_first=False, cmake_force_configure=False, ament_cmake_args=None, catkin_cmake_args=None, catkin_skip_building_tests=False, mixin_files=None, mixin=None, verb_parser=<colcon_mixin.mixin.mixin_argument.MixinArgumentDecorator object at 0x76fd96623970>, verb_extension=<colcon_core.verb.build.BuildVerb object at 0x76fd967f1780>, main=<bound method BuildVerb.main of <colcon_core.verb.build.BuildVerb object at 0x76fd967f1780>>, mixin_verb=('build',))
[4.834s] Level 1:colcon.colcon_core.package_discovery:discover_packages(colcon_meta) check parameters
[4.834s] Level 1:colcon.colcon_core.package_discovery:discover_packages(recursive) check parameters
[4.834s] Level 1:colcon.colcon_core.package_discovery:discover_packages(ignore) check parameters
[4.834s] Level 1:colcon.colcon_core.package_discovery:discover_packages(path) check parameters
[4.834s] Level 1:colcon.colcon_core.package_discovery:discover_packages(colcon_meta) discover
[4.835s] Level 1:colcon.colcon_core.package_discovery:discover_packages(recursive) discover
[4.835s] INFO:colcon.colcon_core.package_discovery:Crawling recursively for packages in '/home/brc/DD_Nav_WS/dd_gazebo_ws'
[4.835s] Level 1:colcon.colcon_core.package_identification:_identify(.) by extensions ['ignore', 'ignore_ament_install']
[4.835s] Level 1:colcon.colcon_core.package_identification:_identify(.) by extension 'ignore'
[4.836s] Level 1:colcon.colcon_core.package_identification:_identify(.) by extension 'ignore_ament_install'
[4.836s] Level 1:colcon.colcon_core.package_identification:_identify(.) by extensions ['colcon_pkg']
[4.836s] Level 1:colcon.colcon_core.package_identification:_identify(.) by extension 'colcon_pkg'
[4.836s] Level 1:colcon.colcon_core.package_identification:_identify(.) by extensions ['colcon_meta']
[4.836s] Level 1:colcon.colcon_core.package_identification:_identify(.) by extension 'colcon_meta'
[4.836s] Level 1:colcon.colcon_core.package_identification:_identify(.) by extensions ['ros']
[4.836s] Level 1:colcon.colcon_core.package_identification:_identify(.) by extension 'ros'
[4.890s] Level 1:colcon.colcon_core.package_identification:_identify(.) by extensions ['cmake', 'python']
[4.890s] Level 1:colcon.colcon_core.package_identification:_identify(.) by extension 'cmake'
[4.890s] Level 1:colcon.colcon_core.package_identification:_identify(.) by extension 'python'
[4.891s] Level 1:colcon.colcon_core.package_identification:_identify(.) by extensions ['python_setup_py']
[4.891s] Level 1:colcon.colcon_core.package_identification:_identify(.) by extension 'python_setup_py'
[4.891s] Level 1:colcon.colcon_core.package_identification:_identify(build) by extensions ['ignore', 'ignore_ament_install']
[4.891s] Level 1:colcon.colcon_core.package_identification:_identify(build) by extension 'ignore'
[4.892s] Level 1:colcon.colcon_core.package_identification:_identify(build) ignored
[4.892s] Level 1:colcon.colcon_core.package_identification:_identify(install) by extensions ['ignore', 'ignore_ament_install']
[4.892s] Level 1:colcon.colcon_core.package_identification:_identify(install) by extension 'ignore'
[4.892s] Level 1:colcon.colcon_core.package_identification:_identify(install) ignored
[4.893s] Level 1:colcon.colcon_core.package_identification:_identify(log) by extensions ['ignore', 'ignore_ament_install']
[4.893s] Level 1:colcon.colcon_core.package_identification:_identify(log) by extension 'ignore'
[4.893s] Level 1:colcon.colcon_core.package_identification:_identify(log) ignored
[4.894s] Level 1:colcon.colcon_core.package_identification:_identify(src) by extensions ['ignore', 'ignore_ament_install']
[4.894s] Level 1:colcon.colcon_core.package_identification:_identify(src) by extension 'ignore'
[4.894s] Level 1:colcon.colcon_core.package_identification:_identify(src) by extension 'ignore_ament_install'
[4.894s] Level 1:colcon.colcon_core.package_identification:_identify(src) by extensions ['colcon_pkg']
[4.894s] Level 1:colcon.colcon_core.package_identification:_identify(src) by extension 'colcon_pkg'
[4.894s] Level 1:colcon.colcon_core.package_identification:_identify(src) by extensions ['colcon_meta']
[4.894s] Level 1:colcon.colcon_core.package_identification:_identify(src) by extension 'colcon_meta'
[4.895s] Level 1:colcon.colcon_core.package_identification:_identify(src) by extensions ['ros']
[4.895s] Level 1:colcon.colcon_core.package_identification:_identify(src) by extension 'ros'
[4.895s] Level 1:colcon.colcon_core.package_identification:_identify(src) by extensions ['cmake', 'python']
[4.895s] Level 1:colcon.colcon_core.package_identification:_identify(src) by extension 'cmake'
[4.895s] Level 1:colcon.colcon_core.package_identification:_identify(src) by extension 'python'
[4.895s] Level 1:colcon.colcon_core.package_identification:_identify(src) by extensions ['python_setup_py']
[4.895s] Level 1:colcon.colcon_core.package_identification:_identify(src) by extension 'python_setup_py'
[4.896s] Level 1:colcon.colcon_core.package_identification:_identify(src/dd_gazebo) by extensions ['ignore', 'ignore_ament_install']
[4.896s] Level 1:colcon.colcon_core.package_identification:_identify(src/dd_gazebo) by extension 'ignore'
[4.896s] Level 1:colcon.colcon_core.package_identification:_identify(src/dd_gazebo) by extension 'ignore_ament_install'
[4.896s] Level 1:colcon.colcon_core.package_identification:_identify(src/dd_gazebo) by extensions ['colcon_pkg']
[4.896s] Level 1:colcon.colcon_core.package_identification:_identify(src/dd_gazebo) by extension 'colcon_pkg'
[4.896s] Level 1:colcon.colcon_core.package_identification:_identify(src/dd_gazebo) by extensions ['colcon_meta']
[4.896s] Level 1:colcon.colcon_core.package_identification:_identify(src/dd_gazebo) by extension 'colcon_meta'
[4.897s] Level 1:colcon.colcon_core.package_identification:_identify(src/dd_gazebo) by extensions ['ros']
[4.897s] Level 1:colcon.colcon_core.package_identification:_identify(src/dd_gazebo) by extension 'ros'
[4.904s] DEBUG:colcon.colcon_core.package_identification:Package 'src/dd_gazebo' with type 'ros.ament_cmake' and name 'dd_gazebo'
[4.905s] Level 1:colcon.colcon_core.package_identification:_identify(src/drone_nav) by extensions ['ignore', 'ignore_ament_install']
[4.905s] Level 1:colcon.colcon_core.package_identification:_identify(src/drone_nav) by extension 'ignore'
[4.906s] Level 1:colcon.colcon_core.package_identification:_identify(src/drone_nav) by extension 'ignore_ament_install'
[4.906s] Level 1:colcon.colcon_core.package_identification:_identify(src/drone_nav) by extensions ['colcon_pkg']
[4.906s] Level 1:colcon.colcon_core.package_identification:_identify(src/drone_nav) by extension 'colcon_pkg'
[4.906s] Level 1:colcon.colcon_core.package_identification:_identify(src/drone_nav) by extensions ['colcon_meta']
[4.906s] Level 1:colcon.colcon_core.package_identification:_identify(src/drone_nav) by extension 'colcon_meta'
[4.906s] Level 1:colcon.colcon_core.package_identification:_identify(src/drone_nav) by extensions ['ros']
[4.907s] Level 1:colcon.colcon_core.package_identification:_identify(src/drone_nav) by extension 'ros'
[4.910s] DEBUG:colcon.colcon_core.package_identification:Package 'src/drone_nav' with type 'ros.ament_cmake' and name 'drone_nav'
[4.911s] Level 1:colcon.colcon_core.package_identification:_identify(src/px4_msgs) by extensions ['ignore', 'ignore_ament_install']
[4.911s] Level 1:colcon.colcon_core.package_identification:_identify(src/px4_msgs) by extension 'ignore'
[4.911s] Level 1:colcon.colcon_core.package_identification:_identify(src/px4_msgs) by extension 'ignore_ament_install'
[4.912s] Level 1:colcon.colcon_core.package_identification:_identify(src/px4_msgs) by extensions ['colcon_pkg']
[4.912s] Level 1:colcon.colcon_core.package_identification:_identify(src/px4_msgs) by extension 'colcon_pkg'
[4.912s] Level 1:colcon.colcon_core.package_identification:_identify(src/px4_msgs) by extensions ['colcon_meta']
[4.912s] Level 1:colcon.colcon_core.package_identification:_identify(src/px4_msgs) by extension 'colcon_meta'
[4.912s] Level 1:colcon.colcon_core.package_identification:_identify(src/px4_msgs) by extensions ['ros']
[4.912s] Level 1:colcon.colcon_core.package_identification:_identify(src/px4_msgs) by extension 'ros'
[4.914s] DEBUG:colcon.colcon_core.package_identification:Package 'src/px4_msgs' with type 'ros.ament_cmake' and name 'px4_msgs'
[4.915s] Level 1:colcon.colcon_core.package_identification:_identify(src/px4_offboard) by extensions ['ignore', 'ignore_ament_install']
[4.915s] Level 1:colcon.colcon_core.package_identification:_identify(src/px4_offboard) by extension 'ignore'
[4.915s] Level 1:colcon.colcon_core.package_identification:_identify(src/px4_offboard) by extension 'ignore_ament_install'
[4.915s] Level 1:colcon.colcon_core.package_identification:_identify(src/px4_offboard) by extensions ['colcon_pkg']
[4.916s] Level 1:colcon.colcon_core.package_identification:_identify(src/px4_offboard) by extension 'colcon_pkg'
[4.916s] Level 1:colcon.colcon_core.package_identification:_identify(src/px4_offboard) by extensions ['colcon_meta']
[4.916s] Level 1:colcon.colcon_core.package_identification:_identify(src/px4_offboard) by extension 'colcon_meta'
[4.916s] Level 1:colcon.colcon_core.package_identification:_identify(src/px4_offboard) by extensions ['ros']
[4.916s] Level 1:colcon.colcon_core.package_identification:_identify(src/px4_offboard) by extension 'ros'
[4.918s] DEBUG:colcon.colcon_core.package_identification:Package 'src/px4_offboard' with type 'ros.ament_python' and name 'px4_offboard'
[4.920s] Level 1:colcon.colcon_core.package_identification:_identify(src/px4_ros_com) by extensions ['ignore', 'ignore_ament_install']
[4.920s] Level 1:colcon.colcon_core.package_identification:_identify(src/px4_ros_com) by extension 'ignore'
[4.920s] Level 1:colcon.colcon_core.package_identification:_identify(src/px4_ros_com) by extension 'ignore_ament_install'
[4.921s] Level 1:colcon.colcon_core.package_identification:_identify(src/px4_ros_com) by extensions ['colcon_pkg']
[4.921s] Level 1:colcon.colcon_core.package_identification:_identify(src/px4_ros_com) by extension 'colcon_pkg'
[4.921s] Level 1:colcon.colcon_core.package_identification:_identify(src/px4_ros_com) by extensions ['colcon_meta']
[4.921s] Level 1:colcon.colcon_core.package_identification:_identify(src/px4_ros_com) by extension 'colcon_meta'
[4.921s] Level 1:colcon.colcon_core.package_identification:_identify(src/px4_ros_com) by extensions ['ros']
[4.921s] Level 1:colcon.colcon_core.package_identification:_identify(src/px4_ros_com) by extension 'ros'
[4.925s] DEBUG:colcon.colcon_core.package_identification:Package 'src/px4_ros_com' with type 'ros.ament_cmake' and name 'px4_ros_com'
[4.926s] Level 1:colcon.colcon_core.package_discovery:discover_packages(recursive) using defaults
[4.926s] Level 1:colcon.colcon_core.package_discovery:discover_packages(ignore) discover
[4.926s] Level 1:colcon.colcon_core.package_discovery:discover_packages(ignore) using defaults
[4.926s] Level 1:colcon.colcon_core.package_discovery:discover_packages(path) discover
[4.926s] Level 1:colcon.colcon_core.package_discovery:discover_packages(path) using defaults
[5.297s] INFO:colcon.colcon_core.package_selection:Skipping not selected package 'dd_gazebo' in 'src/dd_gazebo'
[5.298s] INFO:colcon.colcon_core.package_selection:Skipping not selected package 'px4_msgs' in 'src/px4_msgs'
[5.298s] INFO:colcon.colcon_core.package_selection:Skipping not selected package 'px4_offboard' in 'src/px4_offboard'
[5.298s] INFO:colcon.colcon_core.package_selection:Skipping not selected package 'px4_ros_com' in 'src/px4_ros_com'
[5.496s] Level 1:colcon.colcon_core.package_discovery:discover_packages(prefix_path) check parameters
[5.497s] Level 1:colcon.colcon_core.package_discovery:discover_packages(prefix_path) discover
[5.703s] DEBUG:colcon.colcon_installed_package_information.package_discovery:Found 5 installed packages in /home/brc/DD_Nav_WS/dd_gazebo_ws/install
[5.758s] DEBUG:colcon.colcon_installed_package_information.package_discovery:Found 358 installed packages in /opt/ros/humble
[5.771s] Level 1:colcon.colcon_core.package_discovery:discover_packages(prefix_path) using defaults
[6.252s] Level 5:colcon.colcon_core.verb:set package 'drone_nav' build argument 'cmake_args' from command line to 'None'
[6.253s] Level 5:colcon.colcon_core.verb:set package 'drone_nav' build argument 'cmake_target' from command line to 'None'
[6.253s] Level 5:colcon.colcon_core.verb:set package 'drone_nav' build argument 'cmake_target_skip_unavailable' from command line to 'False'
[6.253s] Level 5:colcon.colcon_core.verb:set package 'drone_nav' build argument 'cmake_clean_cache' from command line to 'False'
[6.253s] Level 5:colcon.colcon_core.verb:set package 'drone_nav' build argument 'cmake_clean_first' from command line to 'False'
[6.253s] Level 5:colcon.colcon_core.verb:set package 'drone_nav' build argument 'cmake_force_configure' from command line to 'False'
[6.253s] Level 5:colcon.colcon_core.verb:set package 'drone_nav' build argument 'ament_cmake_args' from command line to 'None'
[6.253s] Level 5:colcon.colcon_core.verb:set package 'drone_nav' build argument 'catkin_cmake_args' from command line to 'None'
[6.253s] Level 5:colcon.colcon_core.verb:set package 'drone_nav' build argument 'catkin_skip_building_tests' from command line to 'False'
[6.253s] DEBUG:colcon.colcon_core.verb:Building package 'drone_nav' with the following arguments: {'ament_cmake_args': None, 'build_base': '/home/brc/DD_Nav_WS/dd_gazebo_ws/build/drone_nav', 'catkin_cmake_args': None, 'catkin_skip_building_tests': False, 'cmake_args': None, 'cmake_clean_cache': False, 'cmake_clean_first': False, 'cmake_force_configure': False, 'cmake_target': None, 'cmake_target_skip_unavailable': False, 'install_base': '/home/brc/DD_Nav_WS/dd_gazebo_ws/install/drone_nav', 'merge_install': False, 'path': '/home/brc/DD_Nav_WS/dd_gazebo_ws/src/drone_nav', 'symlink_install': False, 'test_result_base': None}
[6.302s] INFO:colcon.colcon_core.executor:Executing jobs using 'parallel' executor
[6.339s] DEBUG:colcon.colcon_parallel_executor.executor.parallel:run_until_complete
[6.341s] INFO:colcon.colcon_ros.task.ament_cmake.build:Building ROS package in '/home/brc/DD_Nav_WS/dd_gazebo_ws/src/drone_nav' with build type 'ament_cmake'
[6.341s] INFO:colcon.colcon_cmake.task.cmake.build:Building CMake package in '/home/brc/DD_Nav_WS/dd_gazebo_ws/src/drone_nav'
[6.424s] INFO:colcon.colcon_core.plugin_system:Skipping extension 'colcon_core.shell.bat': Not used on non-Windows systems
[6.425s] INFO:colcon.colcon_core.shell:Skip shell extension 'powershell' for command environment: Not usable outside of PowerShell
[6.425s] DEBUG:colcon.colcon_core.shell:Skip shell extension 'dsv' for command environment
[6.647s] DEBUG:colcon.colcon_core.event_handler.log_command:Invoking command in '/home/brc/DD_Nav_WS/dd_gazebo_ws/build/drone_nav': CMAKE_PREFIX_PATH=/home/brc/DD_Nav_WS/dd_gazebo_ws/install/px4_msgs:/home/brc/DD_Nav_WS/dd_gazebo_ws/install/px4_ros_com:/home/brc/DD_Nav_WS/dd_gazebo_ws/install/drone_nav:/home/brc/DD_Nav_WS/dd_gazebo_ws/install/dd_gazebo:/home/brc/DD_Nav_WS/dd_gazebo_ws/install/px4_offboard:/opt/ros/humble LD_LIBRARY_PATH=/home/brc/DD_Nav_WS/dd_gazebo_ws/install/px4_msgs/lib:/home/brc/DD_Nav_WS/dd_gazebo_ws/install/px4_ros_com/lib:/usr/lib/x86_64-linux-gnu/gazebo-11/plugins:/opt/ros/humble/opt/rviz_ogre_vendor/lib:/opt/ros/humble/lib/x86_64-linux-gnu:/opt/ros/humble/lib /usr/bin/cmake --build /home/brc/DD_Nav_WS/dd_gazebo_ws/build/drone_nav -- -j8 -l8
[6.977s] DEBUG:colcon.colcon_core.event_handler.log_command:Invoked command in '/home/brc/DD_Nav_WS/dd_gazebo_ws/build/drone_nav' returned '0': CMAKE_PREFIX_PATH=/home/brc/DD_Nav_WS/dd_gazebo_ws/install/px4_msgs:/home/brc/DD_Nav_WS/dd_gazebo_ws/install/px4_ros_com:/home/brc/DD_Nav_WS/dd_gazebo_ws/install/drone_nav:/home/brc/DD_Nav_WS/dd_gazebo_ws/install/dd_gazebo:/home/brc/DD_Nav_WS/dd_gazebo_ws/install/px4_offboard:/opt/ros/humble LD_LIBRARY_PATH=/home/brc/DD_Nav_WS/dd_gazebo_ws/install/px4_msgs/lib:/home/brc/DD_Nav_WS/dd_gazebo_ws/install/px4_ros_com/lib:/usr/lib/x86_64-linux-gnu/gazebo-11/plugins:/opt/ros/humble/opt/rviz_ogre_vendor/lib:/opt/ros/humble/lib/x86_64-linux-gnu:/opt/ros/humble/lib /usr/bin/cmake --build /home/brc/DD_Nav_WS/dd_gazebo_ws/build/drone_nav -- -j8 -l8
[7.073s] DEBUG:colcon.colcon_core.event_handler.log_command:Invoking command in '/home/brc/DD_Nav_WS/dd_gazebo_ws/build/drone_nav': CMAKE_PREFIX_PATH=/home/brc/DD_Nav_WS/dd_gazebo_ws/install/px4_msgs:/home/brc/DD_Nav_WS/dd_gazebo_ws/install/px4_ros_com:/home/brc/DD_Nav_WS/dd_gazebo_ws/install/drone_nav:/home/brc/DD_Nav_WS/dd_gazebo_ws/install/dd_gazebo:/home/brc/DD_Nav_WS/dd_gazebo_ws/install/px4_offboard:/opt/ros/humble LD_LIBRARY_PATH=/home/brc/DD_Nav_WS/dd_gazebo_ws/install/px4_msgs/lib:/home/brc/DD_Nav_WS/dd_gazebo_ws/install/px4_ros_com/lib:/usr/lib/x86_64-linux-gnu/gazebo-11/plugins:/opt/ros/humble/opt/rviz_ogre_vendor/lib:/opt/ros/humble/lib/x86_64-linux-gnu:/opt/ros/humble/lib /usr/bin/cmake --install /home/brc/DD_Nav_WS/dd_gazebo_ws/build/drone_nav
[7.130s] Level 1:colcon.colcon_core.environment:create_environment_scripts_only(drone_nav)
[7.147s] DEBUG:colcon.colcon_core.event_handler.log_command:Invoked command in '/home/brc/DD_Nav_WS/dd_gazebo_ws/build/drone_nav' returned '0': CMAKE_PREFIX_PATH=/home/brc/DD_Nav_WS/dd_gazebo_ws/install/px4_msgs:/home/brc/DD_Nav_WS/dd_gazebo_ws/install/px4_ros_com:/home/brc/DD_Nav_WS/dd_gazebo_ws/install/drone_nav:/home/brc/DD_Nav_WS/dd_gazebo_ws/install/dd_gazebo:/home/brc/DD_Nav_WS/dd_gazebo_ws/install/px4_offboard:/opt/ros/humble LD_LIBRARY_PATH=/home/brc/DD_Nav_WS/dd_gazebo_ws/install/px4_msgs/lib:/home/brc/DD_Nav_WS/dd_gazebo_ws/install/px4_ros_com/lib:/usr/lib/x86_64-linux-gnu/gazebo-11/plugins:/opt/ros/humble/opt/rviz_ogre_vendor/lib:/opt/ros/humble/lib/x86_64-linux-gnu:/opt/ros/humble/lib /usr/bin/cmake --install /home/brc/DD_Nav_WS/dd_gazebo_ws/build/drone_nav
[7.222s] Level 1:colcon.colcon_core.environment:checking '/home/brc/DD_Nav_WS/dd_gazebo_ws/install/drone_nav' for CMake module files
[7.227s] Level 1:colcon.colcon_core.environment:checking '/home/brc/DD_Nav_WS/dd_gazebo_ws/install/drone_nav' for CMake config files
[7.227s] Level 1:colcon.colcon_core.shell:create_environment_hook('drone_nav', 'cmake_prefix_path')
[7.303s] INFO:colcon.colcon_core.shell:Creating environment hook '/home/brc/DD_Nav_WS/dd_gazebo_ws/install/drone_nav/share/drone_nav/hook/cmake_prefix_path.ps1'
[7.306s] INFO:colcon.colcon_core.shell:Creating environment descriptor '/home/brc/DD_Nav_WS/dd_gazebo_ws/install/drone_nav/share/drone_nav/hook/cmake_prefix_path.dsv'
[7.307s] INFO:colcon.colcon_core.shell:Creating environment hook '/home/brc/DD_Nav_WS/dd_gazebo_ws/install/drone_nav/share/drone_nav/hook/cmake_prefix_path.sh'
[7.309s] Level 1:colcon.colcon_core.environment:checking '/home/brc/DD_Nav_WS/dd_gazebo_ws/install/drone_nav/lib'
[7.310s] Level 1:colcon.colcon_core.environment:checking '/home/brc/DD_Nav_WS/dd_gazebo_ws/install/drone_nav/bin'
[7.310s] Level 1:colcon.colcon_core.environment:checking '/home/brc/DD_Nav_WS/dd_gazebo_ws/install/drone_nav/lib/pkgconfig/drone_nav.pc'
[7.311s] Level 1:colcon.colcon_core.environment:checking '/home/brc/DD_Nav_WS/dd_gazebo_ws/install/drone_nav/lib/python3.10/site-packages'
[7.311s] Level 1:colcon.colcon_core.environment:checking '/home/brc/DD_Nav_WS/dd_gazebo_ws/install/drone_nav/bin'
[7.346s] INFO:colcon.colcon_core.shell:Creating package script '/home/brc/DD_Nav_WS/dd_gazebo_ws/install/drone_nav/share/drone_nav/package.ps1'
[7.348s] INFO:colcon.colcon_core.shell:Creating package descriptor '/home/brc/DD_Nav_WS/dd_gazebo_ws/install/drone_nav/share/drone_nav/package.dsv'
[7.349s] INFO:colcon.colcon_core.shell:Creating package script '/home/brc/DD_Nav_WS/dd_gazebo_ws/install/drone_nav/share/drone_nav/package.sh'
[7.351s] INFO:colcon.colcon_core.shell:Creating package script '/home/brc/DD_Nav_WS/dd_gazebo_ws/install/drone_nav/share/drone_nav/package.bash'
[7.353s] INFO:colcon.colcon_core.shell:Creating package script '/home/brc/DD_Nav_WS/dd_gazebo_ws/install/drone_nav/share/drone_nav/package.zsh'
[7.354s] Level 1:colcon.colcon_core.environment:create_file_with_runtime_dependencies(/home/brc/DD_Nav_WS/dd_gazebo_ws/install/drone_nav/share/colcon-core/packages/drone_nav)
[7.570s] Level 1:colcon.colcon_core.environment:create_environment_scripts_only(drone_nav)
[7.662s] Level 1:colcon.colcon_core.environment:checking '/home/brc/DD_Nav_WS/dd_gazebo_ws/install/drone_nav' for CMake module files
[7.663s] Level 1:colcon.colcon_core.environment:checking '/home/brc/DD_Nav_WS/dd_gazebo_ws/install/drone_nav' for CMake config files
[7.664s] Level 1:colcon.colcon_core.shell:create_environment_hook('drone_nav', 'cmake_prefix_path')
[7.697s] INFO:colcon.colcon_core.shell:Creating environment hook '/home/brc/DD_Nav_WS/dd_gazebo_ws/install/drone_nav/share/drone_nav/hook/cmake_prefix_path.ps1'
[7.699s] INFO:colcon.colcon_core.shell:Creating environment descriptor '/home/brc/DD_Nav_WS/dd_gazebo_ws/install/drone_nav/share/drone_nav/hook/cmake_prefix_path.dsv'
[7.700s] INFO:colcon.colcon_core.shell:Creating environment hook '/home/brc/DD_Nav_WS/dd_gazebo_ws/install/drone_nav/share/drone_nav/hook/cmake_prefix_path.sh'
[7.703s] Level 1:colcon.colcon_core.environment:checking '/home/brc/DD_Nav_WS/dd_gazebo_ws/install/drone_nav/lib'
[7.703s] Level 1:colcon.colcon_core.environment:checking '/home/brc/DD_Nav_WS/dd_gazebo_ws/install/drone_nav/bin'
[7.704s] Level 1:colcon.colcon_core.environment:checking '/home/brc/DD_Nav_WS/dd_gazebo_ws/install/drone_nav/lib/pkgconfig/drone_nav.pc'
[7.705s] Level 1:colcon.colcon_core.environment:checking '/home/brc/DD_Nav_WS/dd_gazebo_ws/install/drone_nav/lib/python3.10/site-packages'
[7.705s] Level 1:colcon.colcon_core.environment:checking '/home/brc/DD_Nav_WS/dd_gazebo_ws/install/drone_nav/bin'
[7.741s] INFO:colcon.colcon_core.shell:Creating package script '/home/brc/DD_Nav_WS/dd_gazebo_ws/install/drone_nav/share/drone_nav/package.ps1'
[7.742s] INFO:colcon.colcon_core.shell:Creating package descriptor '/home/brc/DD_Nav_WS/dd_gazebo_ws/install/drone_nav/share/drone_nav/package.dsv'
[7.744s] INFO:colcon.colcon_core.shell:Creating package script '/home/brc/DD_Nav_WS/dd_gazebo_ws/install/drone_nav/share/drone_nav/package.sh'
[7.745s] INFO:colcon.colcon_core.shell:Creating package script '/home/brc/DD_Nav_WS/dd_gazebo_ws/install/drone_nav/share/drone_nav/package.bash'
[7.746s] INFO:colcon.colcon_core.shell:Creating package script '/home/brc/DD_Nav_WS/dd_gazebo_ws/install/drone_nav/share/drone_nav/package.zsh'
[7.747s] Level 1:colcon.colcon_core.environment:create_file_with_runtime_dependencies(/home/brc/DD_Nav_WS/dd_gazebo_ws/install/drone_nav/share/colcon-core/packages/drone_nav)
[7.748s] DEBUG:colcon.colcon_parallel_executor.executor.parallel:closing loop
[7.749s] DEBUG:colcon.colcon_parallel_executor.executor.parallel:loop closed
[7.749s] DEBUG:colcon.colcon_parallel_executor.executor.parallel:run_until_complete finished with '0'
[7.749s] DEBUG:colcon.colcon_core.event_reactor:joining thread
[7.858s] INFO:colcon.colcon_core.plugin_system:Skipping extension 'colcon_notification.desktop_notification.terminal_notifier': Not used on non-Darwin systems
[7.858s] INFO:colcon.colcon_core.plugin_system:Skipping extension 'colcon_notification.desktop_notification.win32': Not used on non-Windows systems
[7.858s] INFO:colcon.colcon_notification.desktop_notification:Sending desktop notification using 'notify2'
[7.934s] DEBUG:colcon.colcon_core.event_reactor:joined thread
[7.974s] INFO:colcon.colcon_core.shell:Creating prefix script '/home/brc/DD_Nav_WS/dd_gazebo_ws/install/local_setup.ps1'
[7.979s] INFO:colcon.colcon_core.shell:Creating prefix util module '/home/brc/DD_Nav_WS/dd_gazebo_ws/install/_local_setup_util_ps1.py'
[7.987s] INFO:colcon.colcon_core.shell:Creating prefix chain script '/home/brc/DD_Nav_WS/dd_gazebo_ws/install/setup.ps1'
[8.070s] INFO:colcon.colcon_core.shell:Creating prefix script '/home/brc/DD_Nav_WS/dd_gazebo_ws/install/local_setup.sh'
[8.071s] INFO:colcon.colcon_core.shell:Creating prefix util module '/home/brc/DD_Nav_WS/dd_gazebo_ws/install/_local_setup_util_sh.py'
[8.073s] INFO:colcon.colcon_core.shell:Creating prefix chain script '/home/brc/DD_Nav_WS/dd_gazebo_ws/install/setup.sh'
[8.174s] INFO:colcon.colcon_core.shell:Creating prefix script '/home/brc/DD_Nav_WS/dd_gazebo_ws/install/local_setup.bash'
[8.177s] INFO:colcon.colcon_core.shell:Creating prefix chain script '/home/brc/DD_Nav_WS/dd_gazebo_ws/install/setup.bash'
[8.274s] INFO:colcon.colcon_core.shell:Creating prefix script '/home/brc/DD_Nav_WS/dd_gazebo_ws/install/local_setup.zsh'
[8.275s] INFO:colcon.colcon_core.shell:Creating prefix chain script '/home/brc/DD_Nav_WS/dd_gazebo_ws/install/setup.zsh'
