[2.450s] DEBUG:colcon:Command line arguments: ['/usr/bin/colcon', 'build']
[2.450s] DEBUG:colcon:Parsed command line arguments: Namespace(log_base=None, log_level=None, verb_name='build', build_base='build', install_base='install', merge_install=False, symlink_install=False, test_result_base=None, continue_on_error=False, executor='parallel', parallel_workers=16, event_handlers=None, ignore_user_meta=False, metas=['./colcon.meta'], base_paths=['.'], packages_ignore=None, packages_ignore_regex=None, paths=None, packages_up_to=None, packages_up_to_regex=None, packages_above=None, packages_above_and_dependencies=None, packages_above_depth=None, packages_select_by_dep=None, packages_skip_by_dep=None, packages_skip_up_to=None, packages_select_build_failed=False, packages_skip_build_finished=False, packages_select_test_failures=False, packages_skip_test_passed=False, packages_select=None, packages_skip=None, packages_select_regex=None, packages_skip_regex=None, packages_start=None, packages_end=None, allow_overriding=[], cmake_args=None, cmake_target=None, cmake_target_skip_unavailable=False, cmake_clean_cache=False, cmake_clean_first=False, cmake_force_configure=False, ament_cmake_args=None, catkin_cmake_args=None, catkin_skip_building_tests=False, verb_parser=<colcon_defaults.argument_parser.defaults.DefaultArgumentsDecorator object at 0x7f522a65e350>, verb_extension=<colcon_core.verb.build.BuildVerb object at 0x7f522a65e920>, main=<bound method BuildVerb.main of <colcon_core.verb.build.BuildVerb object at 0x7f522a65e920>>)
[2.924s] Level 1:colcon.colcon_core.package_discovery:discover_packages(colcon_meta) check parameters
[2.924s] Level 1:colcon.colcon_core.package_discovery:discover_packages(recursive) check parameters
[2.924s] Level 1:colcon.colcon_core.package_discovery:discover_packages(ignore) check parameters
[2.924s] Level 1:colcon.colcon_core.package_discovery:discover_packages(path) check parameters
[2.924s] Level 1:colcon.colcon_core.package_discovery:discover_packages(colcon_meta) discover
[2.924s] Level 1:colcon.colcon_core.package_discovery:discover_packages(recursive) discover
[2.925s] INFO:colcon.colcon_core.package_discovery:Crawling recursively for packages in '/home/dronedelivery/Desktop/DD_Nav_WS/dd_gazebo_ws'
[2.925s] Level 1:colcon.colcon_core.package_identification:_identify(.) by extensions ['ignore', 'ignore_ament_install']
[2.925s] Level 1:colcon.colcon_core.package_identification:_identify(.) by extension 'ignore'
[2.925s] Level 1:colcon.colcon_core.package_identification:_identify(.) by extension 'ignore_ament_install'
[2.925s] Level 1:colcon.colcon_core.package_identification:_identify(.) by extensions ['colcon_pkg']
[2.925s] Level 1:colcon.colcon_core.package_identification:_identify(.) by extension 'colcon_pkg'
[2.926s] Level 1:colcon.colcon_core.package_identification:_identify(.) by extensions ['colcon_meta']
[2.926s] Level 1:colcon.colcon_core.package_identification:_identify(.) by extension 'colcon_meta'
[2.926s] Level 1:colcon.colcon_core.package_identification:_identify(.) by extensions ['ros']
[2.926s] Level 1:colcon.colcon_core.package_identification:_identify(.) by extension 'ros'
[2.950s] Level 1:colcon.colcon_core.package_identification:_identify(.) by extensions ['cmake', 'python']
[2.950s] Level 1:colcon.colcon_core.package_identification:_identify(.) by extension 'cmake'
[2.950s] Level 1:colcon.colcon_core.package_identification:_identify(.) by extension 'python'
[2.950s] Level 1:colcon.colcon_core.package_identification:_identify(.) by extensions ['python_setup_py']
[2.950s] Level 1:colcon.colcon_core.package_identification:_identify(.) by extension 'python_setup_py'
[2.950s] Level 1:colcon.colcon_core.package_identification:_identify(build) by extensions ['ignore', 'ignore_ament_install']
[2.951s] Level 1:colcon.colcon_core.package_identification:_identify(build) by extension 'ignore'
[2.951s] Level 1:colcon.colcon_core.package_identification:_identify(build) ignored
[2.951s] Level 1:colcon.colcon_core.package_identification:_identify(dd_gazebo) by extensions ['ignore', 'ignore_ament_install']
[2.951s] Level 1:colcon.colcon_core.package_identification:_identify(dd_gazebo) by extension 'ignore'
[2.951s] Level 1:colcon.colcon_core.package_identification:_identify(dd_gazebo) by extension 'ignore_ament_install'
[2.952s] Level 1:colcon.colcon_core.package_identification:_identify(dd_gazebo) by extensions ['colcon_pkg']
[2.952s] Level 1:colcon.colcon_core.package_identification:_identify(dd_gazebo) by extension 'colcon_pkg'
[2.952s] Level 1:colcon.colcon_core.package_identification:_identify(dd_gazebo) by extensions ['colcon_meta']
[2.952s] Level 1:colcon.colcon_core.package_identification:_identify(dd_gazebo) by extension 'colcon_meta'
[2.952s] Level 1:colcon.colcon_core.package_identification:_identify(dd_gazebo) by extensions ['ros']
[2.952s] Level 1:colcon.colcon_core.package_identification:_identify(dd_gazebo) by extension 'ros'
[2.997s] DEBUG:colcon.colcon_core.package_identification:Package 'dd_gazebo' with type 'ros.ament_cmake' and name 'dd_gazebo'
[2.997s] Level 1:colcon.colcon_core.package_identification:_identify(install) by extensions ['ignore', 'ignore_ament_install']
[2.997s] Level 1:colcon.colcon_core.package_identification:_identify(install) by extension 'ignore'
[2.997s] Level 1:colcon.colcon_core.package_identification:_identify(install) ignored
[2.998s] Level 1:colcon.colcon_core.package_identification:_identify(log) by extensions ['ignore', 'ignore_ament_install']
[2.998s] Level 1:colcon.colcon_core.package_identification:_identify(log) by extension 'ignore'
[2.998s] Level 1:colcon.colcon_core.package_identification:_identify(log) ignored
[2.998s] Level 1:colcon.colcon_core.package_discovery:discover_packages(recursive) using defaults
[2.998s] Level 1:colcon.colcon_core.package_discovery:discover_packages(ignore) discover
[2.998s] Level 1:colcon.colcon_core.package_discovery:discover_packages(ignore) using defaults
[2.998s] Level 1:colcon.colcon_core.package_discovery:discover_packages(path) discover
[2.998s] Level 1:colcon.colcon_core.package_discovery:discover_packages(path) using defaults
[3.363s] Level 1:colcon.colcon_core.package_discovery:discover_packages(prefix_path) check parameters
[3.363s] Level 1:colcon.colcon_core.package_discovery:discover_packages(prefix_path) discover
[3.392s] Level 1:colcon.colcon_core.package_discovery:discover_packages(prefix_path) using defaults
[3.466s] Level 5:colcon.colcon_core.verb:set package 'dd_gazebo' build argument 'cmake_args' from command line to 'None'
[3.467s] Level 5:colcon.colcon_core.verb:set package 'dd_gazebo' build argument 'cmake_target' from command line to 'None'
[3.467s] Level 5:colcon.colcon_core.verb:set package 'dd_gazebo' build argument 'cmake_target_skip_unavailable' from command line to 'False'
[3.467s] Level 5:colcon.colcon_core.verb:set package 'dd_gazebo' build argument 'cmake_clean_cache' from command line to 'False'
[3.467s] Level 5:colcon.colcon_core.verb:set package 'dd_gazebo' build argument 'cmake_clean_first' from command line to 'False'
[3.467s] Level 5:colcon.colcon_core.verb:set package 'dd_gazebo' build argument 'cmake_force_configure' from command line to 'False'
[3.467s] Level 5:colcon.colcon_core.verb:set package 'dd_gazebo' build argument 'ament_cmake_args' from command line to 'None'
[3.467s] Level 5:colcon.colcon_core.verb:set package 'dd_gazebo' build argument 'catkin_cmake_args' from command line to 'None'
[3.467s] Level 5:colcon.colcon_core.verb:set package 'dd_gazebo' build argument 'catkin_skip_building_tests' from command line to 'False'
[3.467s] DEBUG:colcon.colcon_core.verb:Building package 'dd_gazebo' with the following arguments: {'ament_cmake_args': None, 'build_base': '/home/dronedelivery/Desktop/DD_Nav_WS/dd_gazebo_ws/build/dd_gazebo', 'catkin_cmake_args': None, 'catkin_skip_building_tests': False, 'cmake_args': None, 'cmake_clean_cache': False, 'cmake_clean_first': False, 'cmake_force_configure': False, 'cmake_target': None, 'cmake_target_skip_unavailable': False, 'install_base': '/home/dronedelivery/Desktop/DD_Nav_WS/dd_gazebo_ws/install/dd_gazebo', 'merge_install': False, 'path': '/home/dronedelivery/Desktop/DD_Nav_WS/dd_gazebo_ws/dd_gazebo', 'symlink_install': False, 'test_result_base': None}
[3.505s] INFO:colcon.colcon_core.executor:Executing jobs using 'parallel' executor
[3.537s] DEBUG:colcon.colcon_parallel_executor.executor.parallel:run_until_complete
[3.537s] INFO:colcon.colcon_ros.task.ament_cmake.build:Building ROS package in '/home/dronedelivery/Desktop/DD_Nav_WS/dd_gazebo_ws/dd_gazebo' with build type 'ament_cmake'
[3.538s] INFO:colcon.colcon_cmake.task.cmake.build:Building CMake package in '/home/dronedelivery/Desktop/DD_Nav_WS/dd_gazebo_ws/dd_gazebo'
[3.581s] INFO:colcon.colcon_core.plugin_system:Skipping extension 'colcon_core.shell.bat': Not used on non-Windows systems
[3.581s] INFO:colcon.colcon_core.shell:Skip shell extension 'powershell' for command environment: Not usable outside of PowerShell
[3.581s] DEBUG:colcon.colcon_core.shell:Skip shell extension 'dsv' for command environment
[3.672s] DEBUG:colcon.colcon_core.event_handler.log_command:Invoking command in '/home/dronedelivery/Desktop/DD_Nav_WS/dd_gazebo_ws/build/dd_gazebo': /usr/bin/cmake /home/dronedelivery/Desktop/DD_Nav_WS/dd_gazebo_ws/dd_gazebo -DCMAKE_INSTALL_PREFIX=/home/dronedelivery/Desktop/DD_Nav_WS/dd_gazebo_ws/install/dd_gazebo
[7.370s] DEBUG:colcon.colcon_core.event_handler.log_command:Invoked command in '/home/dronedelivery/Desktop/DD_Nav_WS/dd_gazebo_ws/build/dd_gazebo' returned '1': /usr/bin/cmake /home/dronedelivery/Desktop/DD_Nav_WS/dd_gazebo_ws/dd_gazebo -DCMAKE_INSTALL_PREFIX=/home/dronedelivery/Desktop/DD_Nav_WS/dd_gazebo_ws/install/dd_gazebo
[7.385s] Level 1:colcon.colcon_core.environment:create_environment_scripts_only(dd_gazebo)
[7.515s] Level 1:colcon.colcon_core.environment:checking '/home/dronedelivery/Desktop/DD_Nav_WS/dd_gazebo_ws/install/dd_gazebo' for CMake module files
[7.516s] Level 1:colcon.colcon_core.environment:checking '/home/dronedelivery/Desktop/DD_Nav_WS/dd_gazebo_ws/install/dd_gazebo' for CMake config files
[7.517s] Level 1:colcon.colcon_core.environment:checking '/home/dronedelivery/Desktop/DD_Nav_WS/dd_gazebo_ws/install/dd_gazebo/bin'
[7.517s] Level 1:colcon.colcon_core.environment:checking '/home/dronedelivery/Desktop/DD_Nav_WS/dd_gazebo_ws/install/dd_gazebo/lib/pkgconfig/dd_gazebo.pc'
[7.526s] Level 1:colcon.colcon_core.environment:checking '/home/dronedelivery/Desktop/DD_Nav_WS/dd_gazebo_ws/install/dd_gazebo/lib/python3.10/site-packages'
[7.526s] Level 1:colcon.colcon_core.environment:checking '/home/dronedelivery/Desktop/DD_Nav_WS/dd_gazebo_ws/install/dd_gazebo/bin'
[7.551s] INFO:colcon.colcon_core.shell:Creating package script '/home/dronedelivery/Desktop/DD_Nav_WS/dd_gazebo_ws/install/dd_gazebo/share/dd_gazebo/package.ps1'
[7.567s] INFO:colcon.colcon_core.shell:Creating package descriptor '/home/dronedelivery/Desktop/DD_Nav_WS/dd_gazebo_ws/install/dd_gazebo/share/dd_gazebo/package.dsv'
[7.583s] INFO:colcon.colcon_core.shell:Creating package script '/home/dronedelivery/Desktop/DD_Nav_WS/dd_gazebo_ws/install/dd_gazebo/share/dd_gazebo/package.sh'
[7.637s] INFO:colcon.colcon_core.shell:Creating package script '/home/dronedelivery/Desktop/DD_Nav_WS/dd_gazebo_ws/install/dd_gazebo/share/dd_gazebo/package.bash'
[7.840s] INFO:colcon.colcon_core.shell:Creating package script '/home/dronedelivery/Desktop/DD_Nav_WS/dd_gazebo_ws/install/dd_gazebo/share/dd_gazebo/package.zsh'
[7.874s] Level 1:colcon.colcon_core.environment:create_file_with_runtime_dependencies(/home/dronedelivery/Desktop/DD_Nav_WS/dd_gazebo_ws/install/dd_gazebo/share/colcon-core/packages/dd_gazebo)
[7.885s] DEBUG:colcon.colcon_parallel_executor.executor.parallel:closing loop
[7.886s] DEBUG:colcon.colcon_parallel_executor.executor.parallel:loop closed
[7.886s] DEBUG:colcon.colcon_parallel_executor.executor.parallel:run_until_complete finished with '1'
[7.886s] DEBUG:colcon.colcon_core.event_reactor:joining thread
[8.019s] INFO:colcon.colcon_core.plugin_system:Skipping extension 'colcon_notification.desktop_notification.terminal_notifier': Not used on non-Darwin systems
[8.019s] INFO:colcon.colcon_core.plugin_system:Skipping extension 'colcon_notification.desktop_notification.win32': Not used on non-Windows systems
[8.020s] INFO:colcon.colcon_notification.desktop_notification:Sending desktop notification using 'notify2'
[8.069s] DEBUG:colcon.colcon_core.event_reactor:joined thread
[8.094s] INFO:colcon.colcon_core.shell:Creating prefix script '/home/dronedelivery/Desktop/DD_Nav_WS/dd_gazebo_ws/install/local_setup.ps1'
[8.096s] INFO:colcon.colcon_core.shell:Creating prefix util module '/home/dronedelivery/Desktop/DD_Nav_WS/dd_gazebo_ws/install/_local_setup_util_ps1.py'
[8.099s] INFO:colcon.colcon_core.shell:Creating prefix chain script '/home/dronedelivery/Desktop/DD_Nav_WS/dd_gazebo_ws/install/setup.ps1'
[8.124s] INFO:colcon.colcon_core.shell:Creating prefix script '/home/dronedelivery/Desktop/DD_Nav_WS/dd_gazebo_ws/install/local_setup.sh'
[8.125s] INFO:colcon.colcon_core.shell:Creating prefix util module '/home/dronedelivery/Desktop/DD_Nav_WS/dd_gazebo_ws/install/_local_setup_util_sh.py'
[8.126s] INFO:colcon.colcon_core.shell:Creating prefix chain script '/home/dronedelivery/Desktop/DD_Nav_WS/dd_gazebo_ws/install/setup.sh'
[8.151s] INFO:colcon.colcon_core.shell:Creating prefix script '/home/dronedelivery/Desktop/DD_Nav_WS/dd_gazebo_ws/install/local_setup.bash'
[8.153s] INFO:colcon.colcon_core.shell:Creating prefix chain script '/home/dronedelivery/Desktop/DD_Nav_WS/dd_gazebo_ws/install/setup.bash'
[8.179s] INFO:colcon.colcon_core.shell:Creating prefix script '/home/dronedelivery/Desktop/DD_Nav_WS/dd_gazebo_ws/install/local_setup.zsh'
[8.180s] INFO:colcon.colcon_core.shell:Creating prefix chain script '/home/dronedelivery/Desktop/DD_Nav_WS/dd_gazebo_ws/install/setup.zsh'
