[0.190s] Invoking command in '/home/dronedelivery/ARC/build/dd_gazebo': CMAKE_PREFIX_PATH=${CMAKE_PREFIX_PATH}:/opt/ros/humble /usr/bin/cmake --build /home/dronedelivery/ARC/build/dd_gazebo -- -j16 -l16
[0.270s] Invoked command in '/home/dronedelivery/ARC/build/dd_gazebo' returned '0': CMAKE_PREFIX_PATH=${CMAKE_PREFIX_PATH}:/opt/ros/humble /usr/bin/cmake --build /home/dronedelivery/ARC/build/dd_gazebo -- -j16 -l16
[0.321s] Invoking command in '/home/dronedelivery/ARC/build/dd_gazebo': CMAKE_PREFIX_PATH=${CMAKE_PREFIX_PATH}:/opt/ros/humble /usr/bin/cmake --install /home/dronedelivery/ARC/build/dd_gazebo
[0.330s] -- Install configuration: ""
[0.331s] -- Up-to-date: /home/dronedelivery/ARC/install/dd_gazebo/share//launch
[0.331s] -- Up-to-date: /home/dronedelivery/ARC/install/dd_gazebo/share//launch/simulation.launch.py
[0.332s] -- Up-to-date: /home/dronedelivery/ARC/install/dd_gazebo/share/ament_index/resource_index/package_run_dependencies/dd_gazebo
[0.332s] -- Up-to-date: /home/dronedelivery/ARC/install/dd_gazebo/share/ament_index/resource_index/parent_prefix_path/dd_gazebo
[0.333s] -- Up-to-date: /home/dronedelivery/ARC/install/dd_gazebo/share/dd_gazebo/environment/ament_prefix_path.sh
[0.336s] -- Up-to-date: /home/dronedelivery/ARC/install/dd_gazebo/share/dd_gazebo/environment/ament_prefix_path.dsv
[0.337s] -- Up-to-date: /home/dronedelivery/ARC/install/dd_gazebo/share/dd_gazebo/environment/path.sh
[0.340s] -- Up-to-date: /home/dronedelivery/ARC/install/dd_gazebo/share/dd_gazebo/environment/path.dsv
[0.341s] -- Up-to-date: /home/dronedelivery/ARC/install/dd_gazebo/share/dd_gazebo/local_setup.bash
[0.342s] -- Up-to-date: /home/dronedelivery/ARC/install/dd_gazebo/share/dd_gazebo/local_setup.sh
[0.344s] -- Up-to-date: /home/dronedelivery/ARC/install/dd_gazebo/share/dd_gazebo/local_setup.zsh
[0.346s] -- Up-to-date: /home/dronedelivery/ARC/install/dd_gazebo/share/dd_gazebo/local_setup.dsv
[0.348s] -- Installing: /home/dronedelivery/ARC/install/dd_gazebo/share/dd_gazebo/package.dsv
[0.350s] -- Up-to-date: /home/dronedelivery/ARC/install/dd_gazebo/share/ament_index/resource_index/packages/dd_gazebo
[0.351s] -- Up-to-date: /home/dronedelivery/ARC/install/dd_gazebo/share/dd_gazebo/cmake/dd_gazeboConfig.cmake
[0.353s] -- Up-to-date: /home/dronedelivery/ARC/install/dd_gazebo/share/dd_gazebo/cmake/dd_gazeboConfig-version.cmake
[0.354s] -- Up-to-date: /home/dronedelivery/ARC/install/dd_gazebo/share/dd_gazebo/package.xml
[0.356s] Invoked command in '/home/dronedelivery/ARC/build/dd_gazebo' returned '0': CMAKE_PREFIX_PATH=${CMAKE_PREFIX_PATH}:/opt/ros/humble /usr/bin/cmake --install /home/dronedelivery/ARC/build/dd_gazebo
