[1.613s] DEBUG:colcon:Command line arguments: ['/usr/bin/colcon', 'build']
[1.613s] DEBUG:colcon:Parsed command line arguments: Namespace(log_base=None, log_level=None, verb_name='build', build_base='build', install_base='install', merge_install=False, symlink_install=False, test_result_base=None, continue_on_error=False, executor='parallel', parallel_workers=16, event_handlers=None, ignore_user_meta=False, metas=['./colcon.meta'], base_paths=['.'], packages_ignore=None, packages_ignore_regex=None, paths=None, packages_up_to=None, packages_up_to_regex=None, packages_above=None, packages_above_and_dependencies=None, packages_above_depth=None, packages_select_by_dep=None, packages_skip_by_dep=None, packages_skip_up_to=None, packages_select_build_failed=False, packages_skip_build_finished=False, packages_select_test_failures=False, packages_skip_test_passed=False, packages_select=None, packages_skip=None, packages_select_regex=None, packages_skip_regex=None, packages_start=None, packages_end=None, allow_overriding=[], cmake_args=None, cmake_target=None, cmake_target_skip_unavailable=False, cmake_clean_cache=False, cmake_clean_first=False, cmake_force_configure=False, ament_cmake_args=None, catkin_cmake_args=None, catkin_skip_building_tests=False, verb_parser=<colcon_defaults.argument_parser.defaults.DefaultArgumentsDecorator object at 0x7f0d03d8d3c0>, verb_extension=<colcon_core.verb.build.BuildVerb object at 0x7f0d03d8e620>, main=<bound method BuildVerb.main of <colcon_core.verb.build.BuildVerb object at 0x7f0d03d8e620>>)
[1.694s] Level 1:colcon.colcon_core.package_discovery:discover_packages(colcon_meta) check parameters
[1.694s] Level 1:colcon.colcon_core.package_discovery:discover_packages(recursive) check parameters
[1.694s] Level 1:colcon.colcon_core.package_discovery:discover_packages(ignore) check parameters
[1.694s] Level 1:colcon.colcon_core.package_discovery:discover_packages(path) check parameters
[1.694s] Level 1:colcon.colcon_core.package_discovery:discover_packages(colcon_meta) discover
[1.694s] Level 1:colcon.colcon_core.package_discovery:discover_packages(recursive) discover
[1.694s] INFO:colcon.colcon_core.package_discovery:Crawling recursively for packages in '/home/dronedelivery/Desktop/DD_Nav_WS/dd_gazebo_ws'
[1.695s] Level 1:colcon.colcon_core.package_identification:_identify(.) by extensions ['ignore', 'ignore_ament_install']
[1.695s] Level 1:colcon.colcon_core.package_identification:_identify(.) by extension 'ignore'
[1.695s] Level 1:colcon.colcon_core.package_identification:_identify(.) by extension 'ignore_ament_install'
[1.695s] Level 1:colcon.colcon_core.package_identification:_identify(.) by extensions ['colcon_pkg']
[1.695s] Level 1:colcon.colcon_core.package_identification:_identify(.) by extension 'colcon_pkg'
[1.695s] Level 1:colcon.colcon_core.package_identification:_identify(.) by extensions ['colcon_meta']
[1.695s] Level 1:colcon.colcon_core.package_identification:_identify(.) by extension 'colcon_meta'
[1.696s] Level 1:colcon.colcon_core.package_identification:_identify(.) by extensions ['ros']
[1.696s] Level 1:colcon.colcon_core.package_identification:_identify(.) by extension 'ros'
[1.716s] Level 1:colcon.colcon_core.package_identification:_identify(.) by extensions ['cmake', 'python']
[1.716s] Level 1:colcon.colcon_core.package_identification:_identify(.) by extension 'cmake'
[1.717s] Level 1:colcon.colcon_core.package_identification:_identify(.) by extension 'python'
[1.717s] Level 1:colcon.colcon_core.package_identification:_identify(.) by extensions ['python_setup_py']
[1.717s] Level 1:colcon.colcon_core.package_identification:_identify(.) by extension 'python_setup_py'
[1.717s] Level 1:colcon.colcon_core.package_identification:_identify(build) by extensions ['ignore', 'ignore_ament_install']
[1.717s] Level 1:colcon.colcon_core.package_identification:_identify(build) by extension 'ignore'
[1.717s] Level 1:colcon.colcon_core.package_identification:_identify(build) ignored
[1.718s] Level 1:colcon.colcon_core.package_identification:_identify(dd_gazebo) by extensions ['ignore', 'ignore_ament_install']
[1.718s] Level 1:colcon.colcon_core.package_identification:_identify(dd_gazebo) by extension 'ignore'
[1.718s] Level 1:colcon.colcon_core.package_identification:_identify(dd_gazebo) by extension 'ignore_ament_install'
[1.718s] Level 1:colcon.colcon_core.package_identification:_identify(dd_gazebo) by extensions ['colcon_pkg']
[1.718s] Level 1:colcon.colcon_core.package_identification:_identify(dd_gazebo) by extension 'colcon_pkg'
[1.718s] Level 1:colcon.colcon_core.package_identification:_identify(dd_gazebo) by extensions ['colcon_meta']
[1.718s] Level 1:colcon.colcon_core.package_identification:_identify(dd_gazebo) by extension 'colcon_meta'
[1.718s] Level 1:colcon.colcon_core.package_identification:_identify(dd_gazebo) by extensions ['ros']
[1.718s] Level 1:colcon.colcon_core.package_identification:_identify(dd_gazebo) by extension 'ros'
[1.722s] DEBUG:colcon.colcon_core.package_identification:Package 'dd_gazebo' with type 'ros.ament_cmake' and name 'dd_gazebo'
[1.723s] Level 1:colcon.colcon_core.package_identification:_identify(install) by extensions ['ignore', 'ignore_ament_install']
[1.723s] Level 1:colcon.colcon_core.package_identification:_identify(install) by extension 'ignore'
[1.723s] Level 1:colcon.colcon_core.package_identification:_identify(install) ignored
[1.723s] Level 1:colcon.colcon_core.package_identification:_identify(log) by extensions ['ignore', 'ignore_ament_install']
[1.723s] Level 1:colcon.colcon_core.package_identification:_identify(log) by extension 'ignore'
[1.723s] Level 1:colcon.colcon_core.package_identification:_identify(log) ignored
[1.723s] Level 1:colcon.colcon_core.package_discovery:discover_packages(recursive) using defaults
[1.724s] Level 1:colcon.colcon_core.package_discovery:discover_packages(ignore) discover
[1.724s] Level 1:colcon.colcon_core.package_discovery:discover_packages(ignore) using defaults
[1.724s] Level 1:colcon.colcon_core.package_discovery:discover_packages(path) discover
[1.724s] Level 1:colcon.colcon_core.package_discovery:discover_packages(path) using defaults
[1.872s] Level 1:colcon.colcon_core.package_discovery:discover_packages(prefix_path) check parameters
[1.873s] Level 1:colcon.colcon_core.package_discovery:discover_packages(prefix_path) discover
[1.897s] Level 1:colcon.colcon_core.package_discovery:discover_packages(prefix_path) using defaults
[1.946s] Level 5:colcon.colcon_core.verb:set package 'dd_gazebo' build argument 'cmake_args' from command line to 'None'
[1.946s] Level 5:colcon.colcon_core.verb:set package 'dd_gazebo' build argument 'cmake_target' from command line to 'None'
[1.946s] Level 5:colcon.colcon_core.verb:set package 'dd_gazebo' build argument 'cmake_target_skip_unavailable' from command line to 'False'
[1.946s] Level 5:colcon.colcon_core.verb:set package 'dd_gazebo' build argument 'cmake_clean_cache' from command line to 'False'
[1.946s] Level 5:colcon.colcon_core.verb:set package 'dd_gazebo' build argument 'cmake_clean_first' from command line to 'False'
[1.946s] Level 5:colcon.colcon_core.verb:set package 'dd_gazebo' build argument 'cmake_force_configure' from command line to 'False'
[1.946s] Level 5:colcon.colcon_core.verb:set package 'dd_gazebo' build argument 'ament_cmake_args' from command line to 'None'
[1.946s] Level 5:colcon.colcon_core.verb:set package 'dd_gazebo' build argument 'catkin_cmake_args' from command line to 'None'
[1.946s] Level 5:colcon.colcon_core.verb:set package 'dd_gazebo' build argument 'catkin_skip_building_tests' from command line to 'False'
[1.946s] DEBUG:colcon.colcon_core.verb:Building package 'dd_gazebo' with the following arguments: {'ament_cmake_args': None, 'build_base': '/home/dronedelivery/Desktop/DD_Nav_WS/dd_gazebo_ws/build/dd_gazebo', 'catkin_cmake_args': None, 'catkin_skip_building_tests': False, 'cmake_args': None, 'cmake_clean_cache': False, 'cmake_clean_first': False, 'cmake_force_configure': False, 'cmake_target': None, 'cmake_target_skip_unavailable': False, 'install_base': '/home/dronedelivery/Desktop/DD_Nav_WS/dd_gazebo_ws/install/dd_gazebo', 'merge_install': False, 'path': '/home/dronedelivery/Desktop/DD_Nav_WS/dd_gazebo_ws/dd_gazebo', 'symlink_install': False, 'test_result_base': None}
[1.970s] INFO:colcon.colcon_core.executor:Executing jobs using 'parallel' executor
[1.995s] DEBUG:colcon.colcon_parallel_executor.executor.parallel:run_until_complete
[1.996s] INFO:colcon.colcon_ros.task.ament_cmake.build:Building ROS package in '/home/dronedelivery/Desktop/DD_Nav_WS/dd_gazebo_ws/dd_gazebo' with build type 'ament_cmake'
[1.996s] INFO:colcon.colcon_cmake.task.cmake.build:Building CMake package in '/home/dronedelivery/Desktop/DD_Nav_WS/dd_gazebo_ws/dd_gazebo'
[2.025s] INFO:colcon.colcon_core.plugin_system:Skipping extension 'colcon_core.shell.bat': Not used on non-Windows systems
[2.025s] INFO:colcon.colcon_core.shell:Skip shell extension 'powershell' for command environment: Not usable outside of PowerShell
[2.025s] DEBUG:colcon.colcon_core.shell:Skip shell extension 'dsv' for command environment
[2.799s] DEBUG:colcon.colcon_core.event_handler.log_command:Invoking command in '/home/dronedelivery/Desktop/DD_Nav_WS/dd_gazebo_ws/build/dd_gazebo': /usr/bin/cmake /home/dronedelivery/Desktop/DD_Nav_WS/dd_gazebo_ws/dd_gazebo -DCMAKE_INSTALL_PREFIX=/home/dronedelivery/Desktop/DD_Nav_WS/dd_gazebo_ws/install/dd_gazebo
[2.901s] DEBUG:colcon.colcon_core.event_handler.log_command:Invoked command in '/home/dronedelivery/Desktop/DD_Nav_WS/dd_gazebo_ws/build/dd_gazebo' returned '1': /usr/bin/cmake /home/dronedelivery/Desktop/DD_Nav_WS/dd_gazebo_ws/dd_gazebo -DCMAKE_INSTALL_PREFIX=/home/dronedelivery/Desktop/DD_Nav_WS/dd_gazebo_ws/install/dd_gazebo
[2.925s] Level 1:colcon.colcon_core.environment:create_environment_scripts_only(dd_gazebo)
[3.120s] Level 1:colcon.colcon_core.environment:checking '/home/dronedelivery/Desktop/DD_Nav_WS/dd_gazebo_ws/install/dd_gazebo' for CMake module files
[3.123s] Level 1:colcon.colcon_core.environment:checking '/home/dronedelivery/Desktop/DD_Nav_WS/dd_gazebo_ws/install/dd_gazebo' for CMake config files
[3.126s] Level 1:colcon.colcon_core.environment:checking '/home/dronedelivery/Desktop/DD_Nav_WS/dd_gazebo_ws/install/dd_gazebo/bin'
[3.126s] Level 1:colcon.colcon_core.environment:checking '/home/dronedelivery/Desktop/DD_Nav_WS/dd_gazebo_ws/install/dd_gazebo/lib/pkgconfig/dd_gazebo.pc'
[3.133s] Level 1:colcon.colcon_core.environment:checking '/home/dronedelivery/Desktop/DD_Nav_WS/dd_gazebo_ws/install/dd_gazebo/lib/python3.10/site-packages'
[3.134s] Level 1:colcon.colcon_core.environment:checking '/home/dronedelivery/Desktop/DD_Nav_WS/dd_gazebo_ws/install/dd_gazebo/bin'
[3.200s] INFO:colcon.colcon_core.shell:Creating package script '/home/dronedelivery/Desktop/DD_Nav_WS/dd_gazebo_ws/install/dd_gazebo/share/dd_gazebo/package.ps1'
[3.275s] INFO:colcon.colcon_core.shell:Creating package descriptor '/home/dronedelivery/Desktop/DD_Nav_WS/dd_gazebo_ws/install/dd_gazebo/share/dd_gazebo/package.dsv'
[3.278s] INFO:colcon.colcon_core.shell:Creating package script '/home/dronedelivery/Desktop/DD_Nav_WS/dd_gazebo_ws/install/dd_gazebo/share/dd_gazebo/package.sh'
[3.857s] INFO:colcon.colcon_core.shell:Creating package script '/home/dronedelivery/Desktop/DD_Nav_WS/dd_gazebo_ws/install/dd_gazebo/share/dd_gazebo/package.bash'
[4.014s] INFO:colcon.colcon_core.shell:Creating package script '/home/dronedelivery/Desktop/DD_Nav_WS/dd_gazebo_ws/install/dd_gazebo/share/dd_gazebo/package.zsh'
[4.075s] Level 1:colcon.colcon_core.environment:create_file_with_runtime_dependencies(/home/dronedelivery/Desktop/DD_Nav_WS/dd_gazebo_ws/install/dd_gazebo/share/colcon-core/packages/dd_gazebo)
[4.414s] DEBUG:colcon.colcon_parallel_executor.executor.parallel:closing loop
[4.414s] DEBUG:colcon.colcon_parallel_executor.executor.parallel:loop closed
[4.414s] DEBUG:colcon.colcon_parallel_executor.executor.parallel:run_until_complete finished with '1'
[4.415s] DEBUG:colcon.colcon_core.event_reactor:joining thread
[4.470s] INFO:colcon.colcon_core.plugin_system:Skipping extension 'colcon_notification.desktop_notification.terminal_notifier': Not used on non-Darwin systems
[4.470s] INFO:colcon.colcon_core.plugin_system:Skipping extension 'colcon_notification.desktop_notification.win32': Not used on non-Windows systems
[4.470s] INFO:colcon.colcon_notification.desktop_notification:Sending desktop notification using 'notify2'
[4.496s] DEBUG:colcon.colcon_core.event_reactor:joined thread
[4.533s] INFO:colcon.colcon_core.shell:Creating prefix script '/home/dronedelivery/Desktop/DD_Nav_WS/dd_gazebo_ws/install/local_setup.ps1'
[4.539s] INFO:colcon.colcon_core.shell:Creating prefix util module '/home/dronedelivery/Desktop/DD_Nav_WS/dd_gazebo_ws/install/_local_setup_util_ps1.py'
[4.921s] INFO:colcon.colcon_core.shell:Creating prefix chain script '/home/dronedelivery/Desktop/DD_Nav_WS/dd_gazebo_ws/install/setup.ps1'
[5.090s] INFO:colcon.colcon_core.shell:Creating prefix script '/home/dronedelivery/Desktop/DD_Nav_WS/dd_gazebo_ws/install/local_setup.sh'
[5.135s] INFO:colcon.colcon_core.shell:Creating prefix util module '/home/dronedelivery/Desktop/DD_Nav_WS/dd_gazebo_ws/install/_local_setup_util_sh.py'
[5.318s] INFO:colcon.colcon_core.shell:Creating prefix chain script '/home/dronedelivery/Desktop/DD_Nav_WS/dd_gazebo_ws/install/setup.sh'
[5.477s] INFO:colcon.colcon_core.shell:Creating prefix script '/home/dronedelivery/Desktop/DD_Nav_WS/dd_gazebo_ws/install/local_setup.bash'
[5.486s] INFO:colcon.colcon_core.shell:Creating prefix chain script '/home/dronedelivery/Desktop/DD_Nav_WS/dd_gazebo_ws/install/setup.bash'
[5.653s] INFO:colcon.colcon_core.shell:Creating prefix script '/home/dronedelivery/Desktop/DD_Nav_WS/dd_gazebo_ws/install/local_setup.zsh'
[5.721s] INFO:colcon.colcon_core.shell:Creating prefix chain script '/home/dronedelivery/Desktop/DD_Nav_WS/dd_gazebo_ws/install/setup.zsh'
