[0.711s] DEBUG:colcon:Command line arguments: ['/usr/bin/colcon', 'build', '--packages-select', 'px4_msgs']
[0.711s] DEBUG:colcon:Parsed command line arguments: Namespace(log_base=None, log_level=None, verb_name='build', build_base='build', install_base='install', merge_install=False, symlink_install=False, test_result_base=None, continue_on_error=False, executor='parallel', parallel_workers=8, event_handlers=None, ignore_user_meta=False, metas=['./colcon.meta'], base_paths=['.'], packages_ignore=None, packages_ignore_regex=None, paths=None, packages_up_to=None, packages_up_to_regex=None, packages_above=None, packages_above_and_dependencies=None, packages_above_depth=None, packages_select_by_dep=None, packages_skip_by_dep=None, packages_skip_up_to=None, packages_select_build_failed=False, packages_skip_build_finished=False, packages_select_test_failures=False, packages_skip_test_passed=False, packages_select=['px4_msgs'], packages_skip=None, packages_select_regex=None, packages_skip_regex=None, packages_start=None, packages_end=None, allow_overriding=[], cmake_args=None, cmake_target=None, cmake_target_skip_unavailable=False, cmake_clean_cache=False, cmake_clean_first=False, cmake_force_configure=False, ament_cmake_args=None, catkin_cmake_args=None, catkin_skip_building_tests=False, mixin_files=None, mixin=None, verb_parser=<colcon_mixin.mixin.mixin_argument.MixinArgumentDecorator object at 0x7529d41e3790>, verb_extension=<colcon_core.verb.build.BuildVerb object at 0x7529d43f95a0>, main=<bound method BuildVerb.main of <colcon_core.verb.build.BuildVerb object at 0x7529d43f95a0>>, mixin_verb=('build',))
[0.756s] Level 1:colcon.colcon_core.package_discovery:discover_packages(colcon_meta) check parameters
[0.756s] Level 1:colcon.colcon_core.package_discovery:discover_packages(recursive) check parameters
[0.757s] Level 1:colcon.colcon_core.package_discovery:discover_packages(ignore) check parameters
[0.757s] Level 1:colcon.colcon_core.package_discovery:discover_packages(path) check parameters
[0.757s] Level 1:colcon.colcon_core.package_discovery:discover_packages(colcon_meta) discover
[0.757s] Level 1:colcon.colcon_core.package_discovery:discover_packages(recursive) discover
[0.757s] INFO:colcon.colcon_core.package_discovery:Crawling recursively for packages in '/home/brc/DD_Nav_WS/dd_gazebo_ws'
[0.757s] Level 1:colcon.colcon_core.package_identification:_identify(.) by extensions ['ignore', 'ignore_ament_install']
[0.757s] Level 1:colcon.colcon_core.package_identification:_identify(.) by extension 'ignore'
[0.757s] Level 1:colcon.colcon_core.package_identification:_identify(.) by extension 'ignore_ament_install'
[0.757s] Level 1:colcon.colcon_core.package_identification:_identify(.) by extensions ['colcon_pkg']
[0.757s] Level 1:colcon.colcon_core.package_identification:_identify(.) by extension 'colcon_pkg'
[0.757s] Level 1:colcon.colcon_core.package_identification:_identify(.) by extensions ['colcon_meta']
[0.757s] Level 1:colcon.colcon_core.package_identification:_identify(.) by extension 'colcon_meta'
[0.757s] Level 1:colcon.colcon_core.package_identification:_identify(.) by extensions ['ros']
[0.757s] Level 1:colcon.colcon_core.package_identification:_identify(.) by extension 'ros'
[0.769s] Level 1:colcon.colcon_core.package_identification:_identify(.) by extensions ['cmake', 'python']
[0.769s] Level 1:colcon.colcon_core.package_identification:_identify(.) by extension 'cmake'
[0.769s] Level 1:colcon.colcon_core.package_identification:_identify(.) by extension 'python'
[0.769s] Level 1:colcon.colcon_core.package_identification:_identify(.) by extensions ['python_setup_py']
[0.769s] Level 1:colcon.colcon_core.package_identification:_identify(.) by extension 'python_setup_py'
[0.769s] Level 1:colcon.colcon_core.package_identification:_identify(build) by extensions ['ignore', 'ignore_ament_install']
[0.769s] Level 1:colcon.colcon_core.package_identification:_identify(build) by extension 'ignore'
[0.769s] Level 1:colcon.colcon_core.package_identification:_identify(build) ignored
[0.769s] Level 1:colcon.colcon_core.package_identification:_identify(install) by extensions ['ignore', 'ignore_ament_install']
[0.769s] Level 1:colcon.colcon_core.package_identification:_identify(install) by extension 'ignore'
[0.769s] Level 1:colcon.colcon_core.package_identification:_identify(install) ignored
[0.769s] Level 1:colcon.colcon_core.package_identification:_identify(log) by extensions ['ignore', 'ignore_ament_install']
[0.769s] Level 1:colcon.colcon_core.package_identification:_identify(log) by extension 'ignore'
[0.769s] Level 1:colcon.colcon_core.package_identification:_identify(log) ignored
[0.769s] Level 1:colcon.colcon_core.package_identification:_identify(src) by extensions ['ignore', 'ignore_ament_install']
[0.769s] Level 1:colcon.colcon_core.package_identification:_identify(src) by extension 'ignore'
[0.769s] Level 1:colcon.colcon_core.package_identification:_identify(src) by extension 'ignore_ament_install'
[0.770s] Level 1:colcon.colcon_core.package_identification:_identify(src) by extensions ['colcon_pkg']
[0.770s] Level 1:colcon.colcon_core.package_identification:_identify(src) by extension 'colcon_pkg'
[0.770s] Level 1:colcon.colcon_core.package_identification:_identify(src) by extensions ['colcon_meta']
[0.770s] Level 1:colcon.colcon_core.package_identification:_identify(src) by extension 'colcon_meta'
[0.770s] Level 1:colcon.colcon_core.package_identification:_identify(src) by extensions ['ros']
[0.770s] Level 1:colcon.colcon_core.package_identification:_identify(src) by extension 'ros'
[0.770s] Level 1:colcon.colcon_core.package_identification:_identify(src) by extensions ['cmake', 'python']
[0.770s] Level 1:colcon.colcon_core.package_identification:_identify(src) by extension 'cmake'
[0.770s] Level 1:colcon.colcon_core.package_identification:_identify(src) by extension 'python'
[0.770s] Level 1:colcon.colcon_core.package_identification:_identify(src) by extensions ['python_setup_py']
[0.770s] Level 1:colcon.colcon_core.package_identification:_identify(src) by extension 'python_setup_py'
[0.770s] Level 1:colcon.colcon_core.package_identification:_identify(src/dd_gazebo) by extensions ['ignore', 'ignore_ament_install']
[0.770s] Level 1:colcon.colcon_core.package_identification:_identify(src/dd_gazebo) by extension 'ignore'
[0.770s] Level 1:colcon.colcon_core.package_identification:_identify(src/dd_gazebo) by extension 'ignore_ament_install'
[0.770s] Level 1:colcon.colcon_core.package_identification:_identify(src/dd_gazebo) by extensions ['colcon_pkg']
[0.770s] Level 1:colcon.colcon_core.package_identification:_identify(src/dd_gazebo) by extension 'colcon_pkg'
[0.770s] Level 1:colcon.colcon_core.package_identification:_identify(src/dd_gazebo) by extensions ['colcon_meta']
[0.770s] Level 1:colcon.colcon_core.package_identification:_identify(src/dd_gazebo) by extension 'colcon_meta'
[0.770s] Level 1:colcon.colcon_core.package_identification:_identify(src/dd_gazebo) by extensions ['ros']
[0.770s] Level 1:colcon.colcon_core.package_identification:_identify(src/dd_gazebo) by extension 'ros'
[0.772s] DEBUG:colcon.colcon_core.package_identification:Package 'src/dd_gazebo' with type 'ros.ament_cmake' and name 'dd_gazebo'
[0.772s] Level 1:colcon.colcon_core.package_identification:_identify(src/drone_nav) by extensions ['ignore', 'ignore_ament_install']
[0.772s] Level 1:colcon.colcon_core.package_identification:_identify(src/drone_nav) by extension 'ignore'
[0.772s] Level 1:colcon.colcon_core.package_identification:_identify(src/drone_nav) by extension 'ignore_ament_install'
[0.772s] Level 1:colcon.colcon_core.package_identification:_identify(src/drone_nav) by extensions ['colcon_pkg']
[0.772s] Level 1:colcon.colcon_core.package_identification:_identify(src/drone_nav) by extension 'colcon_pkg'
[0.772s] Level 1:colcon.colcon_core.package_identification:_identify(src/drone_nav) by extensions ['colcon_meta']
[0.772s] Level 1:colcon.colcon_core.package_identification:_identify(src/drone_nav) by extension 'colcon_meta'
[0.772s] Level 1:colcon.colcon_core.package_identification:_identify(src/drone_nav) by extensions ['ros']
[0.772s] Level 1:colcon.colcon_core.package_identification:_identify(src/drone_nav) by extension 'ros'
[0.773s] DEBUG:colcon.colcon_core.package_identification:Package 'src/drone_nav' with type 'ros.ament_cmake' and name 'drone_nav'
[0.773s] Level 1:colcon.colcon_core.package_identification:_identify(src/px4_msgs) by extensions ['ignore', 'ignore_ament_install']
[0.773s] Level 1:colcon.colcon_core.package_identification:_identify(src/px4_msgs) by extension 'ignore'
[0.773s] Level 1:colcon.colcon_core.package_identification:_identify(src/px4_msgs) by extension 'ignore_ament_install'
[0.773s] Level 1:colcon.colcon_core.package_identification:_identify(src/px4_msgs) by extensions ['colcon_pkg']
[0.773s] Level 1:colcon.colcon_core.package_identification:_identify(src/px4_msgs) by extension 'colcon_pkg'
[0.773s] Level 1:colcon.colcon_core.package_identification:_identify(src/px4_msgs) by extensions ['colcon_meta']
[0.773s] Level 1:colcon.colcon_core.package_identification:_identify(src/px4_msgs) by extension 'colcon_meta'
[0.773s] Level 1:colcon.colcon_core.package_identification:_identify(src/px4_msgs) by extensions ['ros']
[0.773s] Level 1:colcon.colcon_core.package_identification:_identify(src/px4_msgs) by extension 'ros'
[0.774s] DEBUG:colcon.colcon_core.package_identification:Package 'src/px4_msgs' with type 'ros.ament_cmake' and name 'px4_msgs'
[0.774s] Level 1:colcon.colcon_core.package_identification:_identify(src/px4_offboard) by extensions ['ignore', 'ignore_ament_install']
[0.774s] Level 1:colcon.colcon_core.package_identification:_identify(src/px4_offboard) by extension 'ignore'
[0.774s] Level 1:colcon.colcon_core.package_identification:_identify(src/px4_offboard) by extension 'ignore_ament_install'
[0.774s] Level 1:colcon.colcon_core.package_identification:_identify(src/px4_offboard) by extensions ['colcon_pkg']
[0.774s] Level 1:colcon.colcon_core.package_identification:_identify(src/px4_offboard) by extension 'colcon_pkg'
[0.774s] Level 1:colcon.colcon_core.package_identification:_identify(src/px4_offboard) by extensions ['colcon_meta']
[0.774s] Level 1:colcon.colcon_core.package_identification:_identify(src/px4_offboard) by extension 'colcon_meta'
[0.774s] Level 1:colcon.colcon_core.package_identification:_identify(src/px4_offboard) by extensions ['ros']
[0.774s] Level 1:colcon.colcon_core.package_identification:_identify(src/px4_offboard) by extension 'ros'
[0.775s] DEBUG:colcon.colcon_core.package_identification:Package 'src/px4_offboard' with type 'ros.ament_python' and name 'px4_offboard'
[0.775s] Level 1:colcon.colcon_core.package_identification:_identify(src/px4_ros_com) by extensions ['ignore', 'ignore_ament_install']
[0.775s] Level 1:colcon.colcon_core.package_identification:_identify(src/px4_ros_com) by extension 'ignore'
[0.775s] Level 1:colcon.colcon_core.package_identification:_identify(src/px4_ros_com) by extension 'ignore_ament_install'
[0.775s] Level 1:colcon.colcon_core.package_identification:_identify(src/px4_ros_com) by extensions ['colcon_pkg']
[0.775s] Level 1:colcon.colcon_core.package_identification:_identify(src/px4_ros_com) by extension 'colcon_pkg'
[0.775s] Level 1:colcon.colcon_core.package_identification:_identify(src/px4_ros_com) by extensions ['colcon_meta']
[0.775s] Level 1:colcon.colcon_core.package_identification:_identify(src/px4_ros_com) by extension 'colcon_meta'
[0.775s] Level 1:colcon.colcon_core.package_identification:_identify(src/px4_ros_com) by extensions ['ros']
[0.775s] Level 1:colcon.colcon_core.package_identification:_identify(src/px4_ros_com) by extension 'ros'
[0.776s] DEBUG:colcon.colcon_core.package_identification:Package 'src/px4_ros_com' with type 'ros.ament_cmake' and name 'px4_ros_com'
[0.776s] Level 1:colcon.colcon_core.package_discovery:discover_packages(recursive) using defaults
[0.776s] Level 1:colcon.colcon_core.package_discovery:discover_packages(ignore) discover
[0.776s] Level 1:colcon.colcon_core.package_discovery:discover_packages(ignore) using defaults
[0.776s] Level 1:colcon.colcon_core.package_discovery:discover_packages(path) discover
[0.776s] Level 1:colcon.colcon_core.package_discovery:discover_packages(path) using defaults
[0.844s] INFO:colcon.colcon_core.package_selection:Skipping not selected package 'dd_gazebo' in 'src/dd_gazebo'
[0.845s] INFO:colcon.colcon_core.package_selection:Skipping not selected package 'drone_nav' in 'src/drone_nav'
[0.845s] INFO:colcon.colcon_core.package_selection:Skipping not selected package 'px4_offboard' in 'src/px4_offboard'
[0.845s] INFO:colcon.colcon_core.package_selection:Skipping not selected package 'px4_ros_com' in 'src/px4_ros_com'
[0.860s] Level 1:colcon.colcon_core.package_discovery:discover_packages(prefix_path) check parameters
[0.860s] Level 1:colcon.colcon_core.package_discovery:discover_packages(prefix_path) discover
[0.870s] WARNING:colcon.colcon_ros.prefix_path.catkin:The path '/home/brc/DD_Nav_WS/dd_gazebo_ws/install/px4_msgs' in the environment variable CMAKE_PREFIX_PATH doesn't exist
[0.878s] DEBUG:colcon.colcon_installed_package_information.package_discovery:Found 4 installed packages in /home/brc/DD_Nav_WS/dd_gazebo_ws/install
[0.892s] DEBUG:colcon.colcon_installed_package_information.package_discovery:Found 358 installed packages in /opt/ros/humble
[0.893s] Level 1:colcon.colcon_core.package_discovery:discover_packages(prefix_path) using defaults
[0.943s] Level 5:colcon.colcon_core.verb:set package 'px4_msgs' build argument 'cmake_args' from command line to 'None'
[0.944s] Level 5:colcon.colcon_core.verb:set package 'px4_msgs' build argument 'cmake_target' from command line to 'None'
[0.944s] Level 5:colcon.colcon_core.verb:set package 'px4_msgs' build argument 'cmake_target_skip_unavailable' from command line to 'False'
[0.944s] Level 5:colcon.colcon_core.verb:set package 'px4_msgs' build argument 'cmake_clean_cache' from command line to 'False'
[0.944s] Level 5:colcon.colcon_core.verb:set package 'px4_msgs' build argument 'cmake_clean_first' from command line to 'False'
[0.944s] Level 5:colcon.colcon_core.verb:set package 'px4_msgs' build argument 'cmake_force_configure' from command line to 'False'
[0.944s] Level 5:colcon.colcon_core.verb:set package 'px4_msgs' build argument 'ament_cmake_args' from command line to 'None'
[0.944s] Level 5:colcon.colcon_core.verb:set package 'px4_msgs' build argument 'catkin_cmake_args' from command line to 'None'
[0.944s] Level 5:colcon.colcon_core.verb:set package 'px4_msgs' build argument 'catkin_skip_building_tests' from command line to 'False'
[0.944s] DEBUG:colcon.colcon_core.verb:Building package 'px4_msgs' with the following arguments: {'ament_cmake_args': None, 'build_base': '/home/brc/DD_Nav_WS/dd_gazebo_ws/build/px4_msgs', 'catkin_cmake_args': None, 'catkin_skip_building_tests': False, 'cmake_args': None, 'cmake_clean_cache': False, 'cmake_clean_first': False, 'cmake_force_configure': False, 'cmake_target': None, 'cmake_target_skip_unavailable': False, 'install_base': '/home/brc/DD_Nav_WS/dd_gazebo_ws/install/px4_msgs', 'merge_install': False, 'path': '/home/brc/DD_Nav_WS/dd_gazebo_ws/src/px4_msgs', 'symlink_install': False, 'test_result_base': None}
[0.953s] INFO:colcon.colcon_core.executor:Executing jobs using 'parallel' executor
[0.966s] DEBUG:colcon.colcon_parallel_executor.executor.parallel:run_until_complete
[0.966s] INFO:colcon.colcon_ros.task.ament_cmake.build:Building ROS package in '/home/brc/DD_Nav_WS/dd_gazebo_ws/src/px4_msgs' with build type 'ament_cmake'
[0.966s] INFO:colcon.colcon_cmake.task.cmake.build:Building CMake package in '/home/brc/DD_Nav_WS/dd_gazebo_ws/src/px4_msgs'
[0.978s] INFO:colcon.colcon_core.plugin_system:Skipping extension 'colcon_core.shell.bat': Not used on non-Windows systems
[0.978s] INFO:colcon.colcon_core.shell:Skip shell extension 'powershell' for command environment: Not usable outside of PowerShell
[0.978s] DEBUG:colcon.colcon_core.shell:Skip shell extension 'dsv' for command environment
[1.014s] DEBUG:colcon.colcon_core.event_handler.log_command:Invoking command in '/home/brc/DD_Nav_WS/dd_gazebo_ws/build/px4_msgs': CMAKE_PREFIX_PATH=${CMAKE_PREFIX_PATH}:/home/brc/DD_Nav_WS/dd_gazebo_ws/install/px4_offboard:/opt/ros/humble /usr/bin/cmake /home/brc/DD_Nav_WS/dd_gazebo_ws/src/px4_msgs -DCMAKE_INSTALL_PREFIX=/home/brc/DD_Nav_WS/dd_gazebo_ws/install/px4_msgs
[4.045s] DEBUG:colcon.colcon_core.event_handler.log_command:Invoked command in '/home/brc/DD_Nav_WS/dd_gazebo_ws/build/px4_msgs' returned '0': CMAKE_PREFIX_PATH=${CMAKE_PREFIX_PATH}:/home/brc/DD_Nav_WS/dd_gazebo_ws/install/px4_offboard:/opt/ros/humble /usr/bin/cmake /home/brc/DD_Nav_WS/dd_gazebo_ws/src/px4_msgs -DCMAKE_INSTALL_PREFIX=/home/brc/DD_Nav_WS/dd_gazebo_ws/install/px4_msgs
[4.046s] DEBUG:colcon.colcon_core.event_handler.log_command:Invoking command in '/home/brc/DD_Nav_WS/dd_gazebo_ws/build/px4_msgs': CMAKE_PREFIX_PATH=${CMAKE_PREFIX_PATH}:/home/brc/DD_Nav_WS/dd_gazebo_ws/install/px4_offboard:/opt/ros/humble /usr/bin/cmake --build /home/brc/DD_Nav_WS/dd_gazebo_ws/build/px4_msgs -- -j8 -l8
[209.038s] DEBUG:colcon.colcon_core.event_handler.log_command:Invoked command in '/home/brc/DD_Nav_WS/dd_gazebo_ws/build/px4_msgs' returned '0': CMAKE_PREFIX_PATH=${CMAKE_PREFIX_PATH}:/home/brc/DD_Nav_WS/dd_gazebo_ws/install/px4_offboard:/opt/ros/humble /usr/bin/cmake --build /home/brc/DD_Nav_WS/dd_gazebo_ws/build/px4_msgs -- -j8 -l8
[211.546s] DEBUG:colcon.colcon_core.event_handler.log_command:Invoking command in '/home/brc/DD_Nav_WS/dd_gazebo_ws/build/px4_msgs': CMAKE_PREFIX_PATH=${CMAKE_PREFIX_PATH}:/home/brc/DD_Nav_WS/dd_gazebo_ws/install/px4_offboard:/opt/ros/humble /usr/bin/cmake --install /home/brc/DD_Nav_WS/dd_gazebo_ws/build/px4_msgs
[212.332s] Level 1:colcon.colcon_core.environment:create_environment_scripts_only(px4_msgs)
[212.332s] DEBUG:colcon.colcon_core.event_handler.log_command:Invoked command in '/home/brc/DD_Nav_WS/dd_gazebo_ws/build/px4_msgs' returned '0': CMAKE_PREFIX_PATH=${CMAKE_PREFIX_PATH}:/home/brc/DD_Nav_WS/dd_gazebo_ws/install/px4_offboard:/opt/ros/humble /usr/bin/cmake --install /home/brc/DD_Nav_WS/dd_gazebo_ws/build/px4_msgs
[212.361s] Level 1:colcon.colcon_core.environment:checking '/home/brc/DD_Nav_WS/dd_gazebo_ws/install/px4_msgs' for CMake module files
[212.362s] Level 1:colcon.colcon_core.environment:checking '/home/brc/DD_Nav_WS/dd_gazebo_ws/install/px4_msgs' for CMake config files
[212.362s] Level 1:colcon.colcon_core.shell:create_environment_hook('px4_msgs', 'cmake_prefix_path')
[212.371s] INFO:colcon.colcon_core.shell:Creating environment hook '/home/brc/DD_Nav_WS/dd_gazebo_ws/install/px4_msgs/share/px4_msgs/hook/cmake_prefix_path.ps1'
[212.372s] INFO:colcon.colcon_core.shell:Creating environment descriptor '/home/brc/DD_Nav_WS/dd_gazebo_ws/install/px4_msgs/share/px4_msgs/hook/cmake_prefix_path.dsv'
[212.372s] INFO:colcon.colcon_core.shell:Creating environment hook '/home/brc/DD_Nav_WS/dd_gazebo_ws/install/px4_msgs/share/px4_msgs/hook/cmake_prefix_path.sh'
[212.373s] Level 1:colcon.colcon_core.environment:checking '/home/brc/DD_Nav_WS/dd_gazebo_ws/install/px4_msgs/lib'
[212.373s] Level 1:colcon.colcon_core.shell:create_environment_hook('px4_msgs', 'ld_library_path_lib')
[212.382s] INFO:colcon.colcon_core.shell:Creating environment hook '/home/brc/DD_Nav_WS/dd_gazebo_ws/install/px4_msgs/share/px4_msgs/hook/ld_library_path_lib.ps1'
[212.382s] INFO:colcon.colcon_core.shell:Creating environment descriptor '/home/brc/DD_Nav_WS/dd_gazebo_ws/install/px4_msgs/share/px4_msgs/hook/ld_library_path_lib.dsv'
[212.383s] INFO:colcon.colcon_core.shell:Creating environment hook '/home/brc/DD_Nav_WS/dd_gazebo_ws/install/px4_msgs/share/px4_msgs/hook/ld_library_path_lib.sh'
[212.383s] Level 1:colcon.colcon_core.environment:checking '/home/brc/DD_Nav_WS/dd_gazebo_ws/install/px4_msgs/bin'
[212.383s] Level 1:colcon.colcon_core.environment:checking '/home/brc/DD_Nav_WS/dd_gazebo_ws/install/px4_msgs/lib/pkgconfig/px4_msgs.pc'
[212.383s] Level 1:colcon.colcon_core.environment:checking '/home/brc/DD_Nav_WS/dd_gazebo_ws/install/px4_msgs/lib/python3.10/site-packages'
[212.383s] Level 1:colcon.colcon_core.environment:checking '/home/brc/DD_Nav_WS/dd_gazebo_ws/install/px4_msgs/bin'
[212.392s] INFO:colcon.colcon_core.shell:Creating package script '/home/brc/DD_Nav_WS/dd_gazebo_ws/install/px4_msgs/share/px4_msgs/package.ps1'
[212.393s] INFO:colcon.colcon_core.shell:Creating package descriptor '/home/brc/DD_Nav_WS/dd_gazebo_ws/install/px4_msgs/share/px4_msgs/package.dsv'
[212.394s] INFO:colcon.colcon_core.shell:Creating package script '/home/brc/DD_Nav_WS/dd_gazebo_ws/install/px4_msgs/share/px4_msgs/package.sh'
[212.394s] INFO:colcon.colcon_core.shell:Creating package script '/home/brc/DD_Nav_WS/dd_gazebo_ws/install/px4_msgs/share/px4_msgs/package.bash'
[212.395s] INFO:colcon.colcon_core.shell:Creating package script '/home/brc/DD_Nav_WS/dd_gazebo_ws/install/px4_msgs/share/px4_msgs/package.zsh'
[212.395s] Level 1:colcon.colcon_core.environment:create_file_with_runtime_dependencies(/home/brc/DD_Nav_WS/dd_gazebo_ws/install/px4_msgs/share/colcon-core/packages/px4_msgs)
[215.261s] Level 1:colcon.colcon_core.environment:create_environment_scripts_only(px4_msgs)
[215.269s] Level 1:colcon.colcon_core.environment:checking '/home/brc/DD_Nav_WS/dd_gazebo_ws/install/px4_msgs' for CMake module files
[215.270s] Level 1:colcon.colcon_core.environment:checking '/home/brc/DD_Nav_WS/dd_gazebo_ws/install/px4_msgs' for CMake config files
[215.270s] Level 1:colcon.colcon_core.shell:create_environment_hook('px4_msgs', 'cmake_prefix_path')
[215.279s] INFO:colcon.colcon_core.shell:Creating environment hook '/home/brc/DD_Nav_WS/dd_gazebo_ws/install/px4_msgs/share/px4_msgs/hook/cmake_prefix_path.ps1'
[215.279s] INFO:colcon.colcon_core.shell:Creating environment descriptor '/home/brc/DD_Nav_WS/dd_gazebo_ws/install/px4_msgs/share/px4_msgs/hook/cmake_prefix_path.dsv'
[215.280s] INFO:colcon.colcon_core.shell:Creating environment hook '/home/brc/DD_Nav_WS/dd_gazebo_ws/install/px4_msgs/share/px4_msgs/hook/cmake_prefix_path.sh'
[215.280s] Level 1:colcon.colcon_core.environment:checking '/home/brc/DD_Nav_WS/dd_gazebo_ws/install/px4_msgs/lib'
[215.280s] Level 1:colcon.colcon_core.shell:create_environment_hook('px4_msgs', 'ld_library_path_lib')
[215.288s] INFO:colcon.colcon_core.shell:Creating environment hook '/home/brc/DD_Nav_WS/dd_gazebo_ws/install/px4_msgs/share/px4_msgs/hook/ld_library_path_lib.ps1'
[215.289s] INFO:colcon.colcon_core.shell:Creating environment descriptor '/home/brc/DD_Nav_WS/dd_gazebo_ws/install/px4_msgs/share/px4_msgs/hook/ld_library_path_lib.dsv'
[215.289s] INFO:colcon.colcon_core.shell:Creating environment hook '/home/brc/DD_Nav_WS/dd_gazebo_ws/install/px4_msgs/share/px4_msgs/hook/ld_library_path_lib.sh'
[215.289s] Level 1:colcon.colcon_core.environment:checking '/home/brc/DD_Nav_WS/dd_gazebo_ws/install/px4_msgs/bin'
[215.289s] Level 1:colcon.colcon_core.environment:checking '/home/brc/DD_Nav_WS/dd_gazebo_ws/install/px4_msgs/lib/pkgconfig/px4_msgs.pc'
[215.289s] Level 1:colcon.colcon_core.environment:checking '/home/brc/DD_Nav_WS/dd_gazebo_ws/install/px4_msgs/lib/python3.10/site-packages'
[215.289s] Level 1:colcon.colcon_core.environment:checking '/home/brc/DD_Nav_WS/dd_gazebo_ws/install/px4_msgs/bin'
[215.299s] INFO:colcon.colcon_core.shell:Creating package script '/home/brc/DD_Nav_WS/dd_gazebo_ws/install/px4_msgs/share/px4_msgs/package.ps1'
[215.299s] INFO:colcon.colcon_core.shell:Creating package descriptor '/home/brc/DD_Nav_WS/dd_gazebo_ws/install/px4_msgs/share/px4_msgs/package.dsv'
[215.300s] INFO:colcon.colcon_core.shell:Creating package script '/home/brc/DD_Nav_WS/dd_gazebo_ws/install/px4_msgs/share/px4_msgs/package.sh'
[215.300s] INFO:colcon.colcon_core.shell:Creating package script '/home/brc/DD_Nav_WS/dd_gazebo_ws/install/px4_msgs/share/px4_msgs/package.bash'
[215.300s] INFO:colcon.colcon_core.shell:Creating package script '/home/brc/DD_Nav_WS/dd_gazebo_ws/install/px4_msgs/share/px4_msgs/package.zsh'
[215.301s] Level 1:colcon.colcon_core.environment:create_file_with_runtime_dependencies(/home/brc/DD_Nav_WS/dd_gazebo_ws/install/px4_msgs/share/colcon-core/packages/px4_msgs)
[215.301s] DEBUG:colcon.colcon_parallel_executor.executor.parallel:closing loop
[215.301s] DEBUG:colcon.colcon_parallel_executor.executor.parallel:loop closed
[215.301s] DEBUG:colcon.colcon_parallel_executor.executor.parallel:run_until_complete finished with '0'
[215.301s] DEBUG:colcon.colcon_core.event_reactor:joining thread
[215.319s] INFO:colcon.colcon_core.plugin_system:Skipping extension 'colcon_notification.desktop_notification.terminal_notifier': Not used on non-Darwin systems
[215.319s] INFO:colcon.colcon_core.plugin_system:Skipping extension 'colcon_notification.desktop_notification.win32': Not used on non-Windows systems
[215.320s] INFO:colcon.colcon_notification.desktop_notification:Sending desktop notification using 'notify2'
[215.378s] DEBUG:colcon.colcon_core.event_reactor:joined thread
[215.395s] INFO:colcon.colcon_core.shell:Creating prefix script '/home/brc/DD_Nav_WS/dd_gazebo_ws/install/local_setup.ps1'
[215.397s] INFO:colcon.colcon_core.shell:Creating prefix util module '/home/brc/DD_Nav_WS/dd_gazebo_ws/install/_local_setup_util_ps1.py'
[215.399s] INFO:colcon.colcon_core.shell:Creating prefix chain script '/home/brc/DD_Nav_WS/dd_gazebo_ws/install/setup.ps1'
[215.416s] INFO:colcon.colcon_core.shell:Creating prefix script '/home/brc/DD_Nav_WS/dd_gazebo_ws/install/local_setup.sh'
[215.416s] INFO:colcon.colcon_core.shell:Creating prefix util module '/home/brc/DD_Nav_WS/dd_gazebo_ws/install/_local_setup_util_sh.py'
[215.416s] INFO:colcon.colcon_core.shell:Creating prefix chain script '/home/brc/DD_Nav_WS/dd_gazebo_ws/install/setup.sh'
[215.428s] INFO:colcon.colcon_core.shell:Creating prefix script '/home/brc/DD_Nav_WS/dd_gazebo_ws/install/local_setup.bash'
[215.428s] INFO:colcon.colcon_core.shell:Creating prefix chain script '/home/brc/DD_Nav_WS/dd_gazebo_ws/install/setup.bash'
[215.437s] INFO:colcon.colcon_core.shell:Creating prefix script '/home/brc/DD_Nav_WS/dd_gazebo_ws/install/local_setup.zsh'
[215.437s] INFO:colcon.colcon_core.shell:Creating prefix chain script '/home/brc/DD_Nav_WS/dd_gazebo_ws/install/setup.zsh'
