[0.190s] Invoking command in '/home/dronedelivery/ARC/build/dd_gazebo': CMAKE_PREFIX_PATH=${CMAKE_PREFIX_PATH}:/opt/ros/humble /usr/bin/cmake --build /home/dronedelivery/ARC/build/dd_gazebo -- -j16 -l16
[0.303s] -- Found ament_cmake: 1.3.7 (/opt/ros/humble/share/ament_cmake/cmake)
[0.585s] -- Found ament_lint_auto: 0.12.10 (/opt/ros/humble/share/ament_lint_auto/cmake)
[0.719s] -- Added test 'cppcheck' to perform static code analysis on C / C++ code
[0.720s] -- Configured cppcheck include dirs: 
[0.720s] -- Configured cppcheck exclude dirs and/or files: 
[0.721s] -- Added test 'flake8' to check Python code syntax and style conventions
[0.723s] -- Added test 'lint_cmake' to check CMake code style
[0.725s] -- Added test 'pep257' to check Python code against some of the docstring style conventions in PEP 257
[0.730s] -- Added test 'uncrustify' to check C / C++ code style
[0.731s] -- Configured uncrustify additional arguments: 
[0.732s] -- Added test 'xmllint' to check XML markup files
[0.736s] -- Configuring done
[0.752s] -- Generating done
[0.757s] -- Build files have been written to: /home/dronedelivery/ARC/build/dd_gazebo
[0.836s] Invoked command in '/home/dronedelivery/ARC/build/dd_gazebo' returned '0': CMAKE_PREFIX_PATH=${CMAKE_PREFIX_PATH}:/opt/ros/humble /usr/bin/cmake --build /home/dronedelivery/ARC/build/dd_gazebo -- -j16 -l16
[0.962s] Invoking command in '/home/dronedelivery/ARC/build/dd_gazebo': CMAKE_PREFIX_PATH=${CMAKE_PREFIX_PATH}:/opt/ros/humble /usr/bin/cmake --install /home/dronedelivery/ARC/build/dd_gazebo
[0.991s] -- Install configuration: ""
[0.992s] -- Up-to-date: /home/dronedelivery/ARC/install/dd_gazebo/share/ament_index/resource_index/package_run_dependencies/dd_gazebo
[0.992s] -- Up-to-date: /home/dronedelivery/ARC/install/dd_gazebo/share/ament_index/resource_index/parent_prefix_path/dd_gazebo
[0.993s] -- Up-to-date: /home/dronedelivery/ARC/install/dd_gazebo/share/dd_gazebo/environment/ament_prefix_path.sh
[0.994s] -- Installing: /home/dronedelivery/ARC/install/dd_gazebo/share/dd_gazebo/environment/ament_prefix_path.dsv
[0.995s] -- Up-to-date: /home/dronedelivery/ARC/install/dd_gazebo/share/dd_gazebo/environment/path.sh
[0.996s] -- Installing: /home/dronedelivery/ARC/install/dd_gazebo/share/dd_gazebo/environment/path.dsv
[0.997s] -- Up-to-date: /home/dronedelivery/ARC/install/dd_gazebo/share/dd_gazebo/local_setup.bash
[0.998s] -- Up-to-date: /home/dronedelivery/ARC/install/dd_gazebo/share/dd_gazebo/local_setup.sh
[0.999s] -- Up-to-date: /home/dronedelivery/ARC/install/dd_gazebo/share/dd_gazebo/local_setup.zsh
[1.000s] -- Installing: /home/dronedelivery/ARC/install/dd_gazebo/share/dd_gazebo/local_setup.dsv
[1.001s] -- Installing: /home/dronedelivery/ARC/install/dd_gazebo/share/dd_gazebo/package.dsv
[1.004s] -- Up-to-date: /home/dronedelivery/ARC/install/dd_gazebo/share/ament_index/resource_index/packages/dd_gazebo
[1.004s] -- Up-to-date: /home/dronedelivery/ARC/install/dd_gazebo/share/dd_gazebo/cmake/dd_gazeboConfig.cmake
[1.008s] -- Up-to-date: /home/dronedelivery/ARC/install/dd_gazebo/share/dd_gazebo/cmake/dd_gazeboConfig-version.cmake
[1.010s] -- Up-to-date: /home/dronedelivery/ARC/install/dd_gazebo/share/dd_gazebo/package.xml
[1.013s] -- Installing: /home/dronedelivery/ARC/install/dd_gazebo/share/dd_gazebo/launch
[1.015s] -- Installing: /home/dronedelivery/ARC/install/dd_gazebo/share/dd_gazebo/launch/simulation.launch.py
[1.017s] Invoked command in '/home/dronedelivery/ARC/build/dd_gazebo' returned '0': CMAKE_PREFIX_PATH=${CMAKE_PREFIX_PATH}:/opt/ros/humble /usr/bin/cmake --install /home/dronedelivery/ARC/build/dd_gazebo
