[0.482s] Invoking command in '/home/dronedelivery/ARC/build/dd_gazebo': CMAKE_PREFIX_PATH=${CMAKE_PREFIX_PATH}:/opt/ros/humble /usr/bin/cmake /home/dronedelivery/ARC/dd_gazebo -DCMAKE_INSTALL_PREFIX=/home/dronedelivery/ARC/install/dd_gazebo
[0.663s] -- The C compiler identification is GNU 11.4.0
[0.874s] -- The CXX compiler identification is GNU 11.4.0
[0.888s] -- Detecting C compiler ABI info
[1.117s] -- Detecting C compiler ABI info - done
[1.152s] -- Check for working C compiler: /usr/bin/cc - skipped
[1.153s] -- Detecting C compile features
[1.155s] -- Detecting C compile features - done
[1.169s] -- Detecting CXX compiler ABI info
[1.476s] -- Detecting CXX compiler ABI info - done
[1.509s] -- Check for working CXX compiler: /usr/bin/c++ - skipped
[1.510s] -- Detecting CXX compile features
[1.512s] -- Detecting CXX compile features - done
[1.525s] -- Found ament_cmake: 1.3.7 (/opt/ros/humble/share/ament_cmake/cmake)
[2.245s] -- Found Python3: /usr/bin/python3.10 (found version "3.10.12") found components: Interpreter 
[2.611s] -- Found ament_lint_auto: 0.12.10 (/opt/ros/humble/share/ament_lint_auto/cmake)
[2.930s] -- Added test 'cppcheck' to perform static code analysis on C / C++ code
[2.931s] -- Configured cppcheck include dirs: 
[2.931s] -- Configured cppcheck exclude dirs and/or files: 
[2.933s] -- Added test 'flake8' to check Python code syntax and style conventions
[2.936s] -- Added test 'lint_cmake' to check CMake code style
[2.938s] -- Added test 'pep257' to check Python code against some of the docstring style conventions in PEP 257
[2.943s] -- Added test 'uncrustify' to check C / C++ code style
[2.944s] -- Configured uncrustify additional arguments: 
[2.946s] -- Added test 'xmllint' to check XML markup files
[2.952s] -- Configuring done
[2.967s] -- Generating done
[2.971s] -- Build files have been written to: /home/dronedelivery/ARC/build/dd_gazebo
[2.988s] Invoked command in '/home/dronedelivery/ARC/build/dd_gazebo' returned '0': CMAKE_PREFIX_PATH=${CMAKE_PREFIX_PATH}:/opt/ros/humble /usr/bin/cmake /home/dronedelivery/ARC/dd_gazebo -DCMAKE_INSTALL_PREFIX=/home/dronedelivery/ARC/install/dd_gazebo
[2.998s] Invoking command in '/home/dronedelivery/ARC/build/dd_gazebo': CMAKE_PREFIX_PATH=${CMAKE_PREFIX_PATH}:/opt/ros/humble /usr/bin/cmake --build /home/dronedelivery/ARC/build/dd_gazebo -- -j16 -l16
[3.148s] Invoked command in '/home/dronedelivery/ARC/build/dd_gazebo' returned '0': CMAKE_PREFIX_PATH=${CMAKE_PREFIX_PATH}:/opt/ros/humble /usr/bin/cmake --build /home/dronedelivery/ARC/build/dd_gazebo -- -j16 -l16
[3.254s] Invoking command in '/home/dronedelivery/ARC/build/dd_gazebo': CMAKE_PREFIX_PATH=${CMAKE_PREFIX_PATH}:/opt/ros/humble /usr/bin/cmake --install /home/dronedelivery/ARC/build/dd_gazebo
[3.276s] -- Install configuration: ""
[3.277s] -- Installing: /home/dronedelivery/ARC/install/dd_gazebo/share/ament_index/resource_index/package_run_dependencies/dd_gazebo
[3.278s] -- Installing: /home/dronedelivery/ARC/install/dd_gazebo/share/ament_index/resource_index/parent_prefix_path/dd_gazebo
[3.279s] -- Installing: /home/dronedelivery/ARC/install/dd_gazebo/share/dd_gazebo/environment/ament_prefix_path.sh
[3.280s] -- Installing: /home/dronedelivery/ARC/install/dd_gazebo/share/dd_gazebo/environment/ament_prefix_path.dsv
[3.281s] -- Installing: /home/dronedelivery/ARC/install/dd_gazebo/share/dd_gazebo/environment/path.sh
[3.282s] -- Installing: /home/dronedelivery/ARC/install/dd_gazebo/share/dd_gazebo/environment/path.dsv
[3.283s] -- Installing: /home/dronedelivery/ARC/install/dd_gazebo/share/dd_gazebo/local_setup.bash
[3.284s] -- Installing: /home/dronedelivery/ARC/install/dd_gazebo/share/dd_gazebo/local_setup.sh
[3.285s] -- Installing: /home/dronedelivery/ARC/install/dd_gazebo/share/dd_gazebo/local_setup.zsh
[3.286s] -- Installing: /home/dronedelivery/ARC/install/dd_gazebo/share/dd_gazebo/local_setup.dsv
[3.287s] -- Installing: /home/dronedelivery/ARC/install/dd_gazebo/share/dd_gazebo/package.dsv
[3.288s] -- Installing: /home/dronedelivery/ARC/install/dd_gazebo/share/ament_index/resource_index/packages/dd_gazebo
[3.291s] -- Installing: /home/dronedelivery/ARC/install/dd_gazebo/share/dd_gazebo/cmake/dd_gazeboConfig.cmake
[3.295s] -- Installing: /home/dronedelivery/ARC/install/dd_gazebo/share/dd_gazebo/cmake/dd_gazeboConfig-version.cmake
[3.297s] -- Installing: /home/dronedelivery/ARC/install/dd_gazebo/share/dd_gazebo/package.xml
[3.299s] Invoked command in '/home/dronedelivery/ARC/build/dd_gazebo' returned '0': CMAKE_PREFIX_PATH=${CMAKE_PREFIX_PATH}:/opt/ros/humble /usr/bin/cmake --install /home/dronedelivery/ARC/build/dd_gazebo
