[0.066s] Invoking command in '/home/brc/DD_Nav_WS/dd_gazebo_ws/build/drone_nav': CMAKE_PREFIX_PATH=/home/brc/DD_Nav_WS/dd_gazebo_ws/install/px4_msgs:/home/brc/DD_Nav_WS/dd_gazebo_ws/install/px4_ros_com:/home/brc/DD_Nav_WS/dd_gazebo_ws/install/drone_nav:/home/brc/DD_Nav_WS/dd_gazebo_ws/install/dd_gazebo:/home/brc/DD_Nav_WS/dd_gazebo_ws/install/px4_offboard:/opt/ros/humble LD_LIBRARY_PATH=/home/brc/DD_Nav_WS/dd_gazebo_ws/install/px4_msgs/lib:/home/brc/DD_Nav_WS/dd_gazebo_ws/install/px4_ros_com/lib:/usr/lib/x86_64-linux-gnu/gazebo-11/plugins:/opt/ros/humble/opt/rviz_ogre_vendor/lib:/opt/ros/humble/lib/x86_64-linux-gnu:/opt/ros/humble/lib /usr/bin/cmake --build /home/brc/DD_Nav_WS/dd_gazebo_ws/build/drone_nav -- -j8 -l8
[0.147s] [35m[1mConsolidate compiler generated dependencies of target footprint_tf_broadcaster[0m
[0.163s] [ 50%] Built target stabilized_tf_broadcaster
[0.167s] [ 75%] [32mBuilding CXX object CMakeFiles/footprint_tf_broadcaster.dir/src/footprint_tf_broadcaster.cpp.o[0m
[9.796s] [100%] [32m[1mLinking CXX executable footprint_tf_broadcaster[0m
[10.629s] [100%] Built target footprint_tf_broadcaster
[10.646s] Invoked command in '/home/brc/DD_Nav_WS/dd_gazebo_ws/build/drone_nav' returned '0': CMAKE_PREFIX_PATH=/home/brc/DD_Nav_WS/dd_gazebo_ws/install/px4_msgs:/home/brc/DD_Nav_WS/dd_gazebo_ws/install/px4_ros_com:/home/brc/DD_Nav_WS/dd_gazebo_ws/install/drone_nav:/home/brc/DD_Nav_WS/dd_gazebo_ws/install/dd_gazebo:/home/brc/DD_Nav_WS/dd_gazebo_ws/install/px4_offboard:/opt/ros/humble LD_LIBRARY_PATH=/home/brc/DD_Nav_WS/dd_gazebo_ws/install/px4_msgs/lib:/home/brc/DD_Nav_WS/dd_gazebo_ws/install/px4_ros_com/lib:/usr/lib/x86_64-linux-gnu/gazebo-11/plugins:/opt/ros/humble/opt/rviz_ogre_vendor/lib:/opt/ros/humble/lib/x86_64-linux-gnu:/opt/ros/humble/lib /usr/bin/cmake --build /home/brc/DD_Nav_WS/dd_gazebo_ws/build/drone_nav -- -j8 -l8
[10.686s] Invoking command in '/home/brc/DD_Nav_WS/dd_gazebo_ws/build/drone_nav': CMAKE_PREFIX_PATH=/home/brc/DD_Nav_WS/dd_gazebo_ws/install/px4_msgs:/home/brc/DD_Nav_WS/dd_gazebo_ws/install/px4_ros_com:/home/brc/DD_Nav_WS/dd_gazebo_ws/install/drone_nav:/home/brc/DD_Nav_WS/dd_gazebo_ws/install/dd_gazebo:/home/brc/DD_Nav_WS/dd_gazebo_ws/install/px4_offboard:/opt/ros/humble LD_LIBRARY_PATH=/home/brc/DD_Nav_WS/dd_gazebo_ws/install/px4_msgs/lib:/home/brc/DD_Nav_WS/dd_gazebo_ws/install/px4_ros_com/lib:/usr/lib/x86_64-linux-gnu/gazebo-11/plugins:/opt/ros/humble/opt/rviz_ogre_vendor/lib:/opt/ros/humble/lib/x86_64-linux-gnu:/opt/ros/humble/lib /usr/bin/cmake --install /home/brc/DD_Nav_WS/dd_gazebo_ws/build/drone_nav
[10.700s] -- Install configuration: ""
[10.700s] -- Up-to-date: /home/brc/DD_Nav_WS/dd_gazebo_ws/install/drone_nav/share/ament_index/resource_index/package_run_dependencies/drone_nav
[10.700s] -- Up-to-date: /home/brc/DD_Nav_WS/dd_gazebo_ws/install/drone_nav/share/ament_index/resource_index/parent_prefix_path/drone_nav
[10.700s] -- Up-to-date: /home/brc/DD_Nav_WS/dd_gazebo_ws/install/drone_nav/share/drone_nav/environment/ament_prefix_path.sh
[10.700s] -- Up-to-date: /home/brc/DD_Nav_WS/dd_gazebo_ws/install/drone_nav/share/drone_nav/environment/ament_prefix_path.dsv
[10.701s] -- Up-to-date: /home/brc/DD_Nav_WS/dd_gazebo_ws/install/drone_nav/share/drone_nav/environment/path.sh
[10.701s] -- Up-to-date: /home/brc/DD_Nav_WS/dd_gazebo_ws/install/drone_nav/share/drone_nav/environment/path.dsv
[10.701s] -- Up-to-date: /home/brc/DD_Nav_WS/dd_gazebo_ws/install/drone_nav/share/drone_nav/local_setup.bash
[10.701s] -- Up-to-date: /home/brc/DD_Nav_WS/dd_gazebo_ws/install/drone_nav/share/drone_nav/local_setup.sh
[10.701s] -- Up-to-date: /home/brc/DD_Nav_WS/dd_gazebo_ws/install/drone_nav/share/drone_nav/local_setup.zsh
[10.701s] -- Up-to-date: /home/brc/DD_Nav_WS/dd_gazebo_ws/install/drone_nav/share/drone_nav/local_setup.dsv
[10.701s] -- Installing: /home/brc/DD_Nav_WS/dd_gazebo_ws/install/drone_nav/share/drone_nav/package.dsv
[10.702s] -- Up-to-date: /home/brc/DD_Nav_WS/dd_gazebo_ws/install/drone_nav/share/ament_index/resource_index/packages/drone_nav
[10.702s] -- Up-to-date: /home/brc/DD_Nav_WS/dd_gazebo_ws/install/drone_nav/share/drone_nav/cmake/drone_navConfig.cmake
[10.702s] -- Up-to-date: /home/brc/DD_Nav_WS/dd_gazebo_ws/install/drone_nav/share/drone_nav/cmake/drone_navConfig-version.cmake
[10.702s] -- Up-to-date: /home/brc/DD_Nav_WS/dd_gazebo_ws/install/drone_nav/share/drone_nav/package.xml
[10.702s] -- Up-to-date: /home/brc/DD_Nav_WS/dd_gazebo_ws/install/drone_nav/lib/drone_nav/stabilized_tf_broadcaster
[10.703s] -- Installing: /home/brc/DD_Nav_WS/dd_gazebo_ws/install/drone_nav/lib/drone_nav/footprint_tf_broadcaster
[10.710s] -- Set runtime path of "/home/brc/DD_Nav_WS/dd_gazebo_ws/install/drone_nav/lib/drone_nav/footprint_tf_broadcaster" to ""
[10.711s] -- Up-to-date: /home/brc/DD_Nav_WS/dd_gazebo_ws/install/drone_nav/share/drone_nav/src
[10.711s] -- Up-to-date: /home/brc/DD_Nav_WS/dd_gazebo_ws/install/drone_nav/share/drone_nav/src/stabilized_tf_broadcaster.cpp
[10.711s] -- Installing: /home/brc/DD_Nav_WS/dd_gazebo_ws/install/drone_nav/share/drone_nav/src/footprint_tf_broadcaster.cpp
[10.711s] -- Up-to-date: /home/brc/DD_Nav_WS/dd_gazebo_ws/install/drone_nav/share/drone_nav/launch
[10.711s] -- Up-to-date: /home/brc/DD_Nav_WS/dd_gazebo_ws/install/drone_nav/share/drone_nav/launch/navigation.launch.py
[10.714s] Invoked command in '/home/brc/DD_Nav_WS/dd_gazebo_ws/build/drone_nav' returned '0': CMAKE_PREFIX_PATH=/home/brc/DD_Nav_WS/dd_gazebo_ws/install/px4_msgs:/home/brc/DD_Nav_WS/dd_gazebo_ws/install/px4_ros_com:/home/brc/DD_Nav_WS/dd_gazebo_ws/install/drone_nav:/home/brc/DD_Nav_WS/dd_gazebo_ws/install/dd_gazebo:/home/brc/DD_Nav_WS/dd_gazebo_ws/install/px4_offboard:/opt/ros/humble LD_LIBRARY_PATH=/home/brc/DD_Nav_WS/dd_gazebo_ws/install/px4_msgs/lib:/home/brc/DD_Nav_WS/dd_gazebo_ws/install/px4_ros_com/lib:/usr/lib/x86_64-linux-gnu/gazebo-11/plugins:/opt/ros/humble/opt/rviz_ogre_vendor/lib:/opt/ros/humble/lib/x86_64-linux-gnu:/opt/ros/humble/lib /usr/bin/cmake --install /home/brc/DD_Nav_WS/dd_gazebo_ws/build/drone_nav
