[0.029s] Invoking command in '/home/brc/DD_Nav_WS/dd_gazebo_ws/dd_gazebo/build/dd_gazebo': CMAKE_PREFIX_PATH=/opt/ros/humble /usr/bin/cmake /home/brc/DD_Nav_WS/dd_gazebo_ws/dd_gazebo -DCMAKE_INSTALL_PREFIX=/home/brc/DD_Nav_WS/dd_gazebo_ws/dd_gazebo/install/dd_gazebo
[0.065s] -- The C compiler identification is GNU 11.4.0
[0.098s] -- The CXX compiler identification is GNU 11.4.0
[0.102s] -- Detecting C compiler ABI info
[0.146s] -- Detecting C compiler ABI info - done
[0.153s] -- Check for working C compiler: /usr/bin/cc - skipped
[0.154s] -- Detecting C compile features
[0.154s] -- Detecting C compile features - done
[0.157s] -- Detecting CXX compiler ABI info
[0.208s] -- Detecting CXX compiler ABI info - done
[0.214s] -- Check for working CXX compiler: /usr/bin/c++ - skipped
[0.214s] -- Detecting CXX compile features
[0.215s] -- Detecting CXX compile features - done
[0.220s] -- Found ament_cmake: 1.3.5 (/opt/ros/humble/share/ament_cmake/cmake)
[0.454s] -- Found Python3: /usr/bin/python3.10 (found version "3.10.12") found components: Interpreter 
[0.524s] -- Found ament_lint_auto: 0.12.8 (/opt/ros/humble/share/ament_lint_auto/cmake)
[0.587s] -- Added test 'cppcheck' to perform static code analysis on C / C++ code
[0.587s] -- Configured cppcheck include dirs: 
[0.587s] -- Configured cppcheck exclude dirs and/or files: 
[0.589s] -- Added test 'flake8' to check Python code syntax and style conventions
[0.591s] -- Added test 'lint_cmake' to check CMake code style
[0.592s] -- Added test 'pep257' to check Python code against some of the docstring style conventions in PEP 257
[0.600s] -- Added test 'uncrustify' to check C / C++ code style
[0.600s] -- Configured uncrustify additional arguments: 
[0.602s] -- Added test 'xmllint' to check XML markup files
[0.603s] -- Configuring done
[0.605s] -- Generating done
[0.606s] -- Build files have been written to: /home/brc/DD_Nav_WS/dd_gazebo_ws/dd_gazebo/build/dd_gazebo
[0.609s] Invoked command in '/home/brc/DD_Nav_WS/dd_gazebo_ws/dd_gazebo/build/dd_gazebo' returned '0': CMAKE_PREFIX_PATH=/opt/ros/humble /usr/bin/cmake /home/brc/DD_Nav_WS/dd_gazebo_ws/dd_gazebo -DCMAKE_INSTALL_PREFIX=/home/brc/DD_Nav_WS/dd_gazebo_ws/dd_gazebo/install/dd_gazebo
[0.610s] Invoking command in '/home/brc/DD_Nav_WS/dd_gazebo_ws/dd_gazebo/build/dd_gazebo': CMAKE_PREFIX_PATH=/opt/ros/humble /usr/bin/cmake --build /home/brc/DD_Nav_WS/dd_gazebo_ws/dd_gazebo/build/dd_gazebo -- -j8 -l8
[0.635s] Invoked command in '/home/brc/DD_Nav_WS/dd_gazebo_ws/dd_gazebo/build/dd_gazebo' returned '0': CMAKE_PREFIX_PATH=/opt/ros/humble /usr/bin/cmake --build /home/brc/DD_Nav_WS/dd_gazebo_ws/dd_gazebo/build/dd_gazebo -- -j8 -l8
[0.654s] Invoking command in '/home/brc/DD_Nav_WS/dd_gazebo_ws/dd_gazebo/build/dd_gazebo': CMAKE_PREFIX_PATH=/opt/ros/humble /usr/bin/cmake --install /home/brc/DD_Nav_WS/dd_gazebo_ws/dd_gazebo/build/dd_gazebo
[0.659s] -- Install configuration: ""
[0.659s] -- Installing: /home/brc/DD_Nav_WS/dd_gazebo_ws/dd_gazebo/install/dd_gazebo/share/ament_index/resource_index/package_run_dependencies/dd_gazebo
[0.660s] -- Installing: /home/brc/DD_Nav_WS/dd_gazebo_ws/dd_gazebo/install/dd_gazebo/share/ament_index/resource_index/parent_prefix_path/dd_gazebo
[0.660s] -- Installing: /home/brc/DD_Nav_WS/dd_gazebo_ws/dd_gazebo/install/dd_gazebo/share/dd_gazebo/environment/ament_prefix_path.sh
[0.660s] -- Installing: /home/brc/DD_Nav_WS/dd_gazebo_ws/dd_gazebo/install/dd_gazebo/share/dd_gazebo/environment/ament_prefix_path.dsv
[0.660s] -- Installing: /home/brc/DD_Nav_WS/dd_gazebo_ws/dd_gazebo/install/dd_gazebo/share/dd_gazebo/environment/path.sh
[0.660s] -- Installing: /home/brc/DD_Nav_WS/dd_gazebo_ws/dd_gazebo/install/dd_gazebo/share/dd_gazebo/environment/path.dsv
[0.660s] -- Installing: /home/brc/DD_Nav_WS/dd_gazebo_ws/dd_gazebo/install/dd_gazebo/share/dd_gazebo/local_setup.bash
[0.660s] -- Installing: /home/brc/DD_Nav_WS/dd_gazebo_ws/dd_gazebo/install/dd_gazebo/share/dd_gazebo/local_setup.sh
[0.660s] -- Installing: /home/brc/DD_Nav_WS/dd_gazebo_ws/dd_gazebo/install/dd_gazebo/share/dd_gazebo/local_setup.zsh
[0.660s] -- Installing: /home/brc/DD_Nav_WS/dd_gazebo_ws/dd_gazebo/install/dd_gazebo/share/dd_gazebo/local_setup.dsv
[0.660s] -- Installing: /home/brc/DD_Nav_WS/dd_gazebo_ws/dd_gazebo/install/dd_gazebo/share/dd_gazebo/package.dsv
[0.660s] -- Installing: /home/brc/DD_Nav_WS/dd_gazebo_ws/dd_gazebo/install/dd_gazebo/share/ament_index/resource_index/packages/dd_gazebo
[0.660s] -- Installing: /home/brc/DD_Nav_WS/dd_gazebo_ws/dd_gazebo/install/dd_gazebo/share/dd_gazebo/cmake/dd_gazeboConfig.cmake
[0.661s] -- Installing: /home/brc/DD_Nav_WS/dd_gazebo_ws/dd_gazebo/install/dd_gazebo/share/dd_gazebo/cmake/dd_gazeboConfig-version.cmake
[0.661s] -- Installing: /home/brc/DD_Nav_WS/dd_gazebo_ws/dd_gazebo/install/dd_gazebo/share/dd_gazebo/package.xml
[0.661s] -- Installing: /home/brc/DD_Nav_WS/dd_gazebo_ws/dd_gazebo/install/dd_gazebo/share/dd_gazebo/src
[0.661s] -- Installing: /home/brc/DD_Nav_WS/dd_gazebo_ws/dd_gazebo/install/dd_gazebo/share/dd_gazebo/src/description
[0.661s] -- Installing: /home/brc/DD_Nav_WS/dd_gazebo_ws/dd_gazebo/install/dd_gazebo/share/dd_gazebo/src/description/drone_description.urdf
[0.661s] -- Installing: /home/brc/DD_Nav_WS/dd_gazebo_ws/dd_gazebo/install/dd_gazebo/share/dd_gazebo/src/main.cpp
[0.661s] -- Installing: /home/brc/DD_Nav_WS/dd_gazebo_ws/dd_gazebo/install/dd_gazebo/share/dd_gazebo/src/px4_ros_com
[0.661s] -- Installing: /home/brc/DD_Nav_WS/dd_gazebo_ws/dd_gazebo/install/dd_gazebo/share/dd_gazebo/src/px4_ros_com/LICENSE
[0.661s] -- Installing: /home/brc/DD_Nav_WS/dd_gazebo_ws/dd_gazebo/install/dd_gazebo/share/dd_gazebo/src/px4_ros_com/scripts
[0.661s] -- Installing: /home/brc/DD_Nav_WS/dd_gazebo_ws/dd_gazebo/install/dd_gazebo/share/dd_gazebo/src/px4_ros_com/scripts/build_ros2_workspace.bash
[0.661s] -- Installing: /home/brc/DD_Nav_WS/dd_gazebo_ws/dd_gazebo/install/dd_gazebo/share/dd_gazebo/src/px4_ros_com/scripts/__init__.py
[0.661s] -- Installing: /home/brc/DD_Nav_WS/dd_gazebo_ws/dd_gazebo/install/dd_gazebo/share/dd_gazebo/src/px4_ros_com/scripts/build_all.bash
[0.662s] -- Installing: /home/brc/DD_Nav_WS/dd_gazebo_ws/dd_gazebo/install/dd_gazebo/share/dd_gazebo/src/px4_ros_com/scripts/setup_system.bash
[0.662s] -- Installing: /home/brc/DD_Nav_WS/dd_gazebo_ws/dd_gazebo/install/dd_gazebo/share/dd_gazebo/src/px4_ros_com/test
[0.662s] -- Installing: /home/brc/DD_Nav_WS/dd_gazebo_ws/dd_gazebo/install/dd_gazebo/share/dd_gazebo/src/px4_ros_com/test/test_output.py
[0.662s] -- Installing: /home/brc/DD_Nav_WS/dd_gazebo_ws/dd_gazebo/install/dd_gazebo/share/dd_gazebo/src/px4_ros_com/test/pipeline_io_test.py
[0.662s] -- Installing: /home/brc/DD_Nav_WS/dd_gazebo_ws/dd_gazebo/install/dd_gazebo/share/dd_gazebo/src/px4_ros_com/test/__init__.py
[0.662s] -- Installing: /home/brc/DD_Nav_WS/dd_gazebo_ws/dd_gazebo/install/dd_gazebo/share/dd_gazebo/src/px4_ros_com/test/test_input.py
[0.662s] -- Installing: /home/brc/DD_Nav_WS/dd_gazebo_ws/dd_gazebo/install/dd_gazebo/share/dd_gazebo/src/px4_ros_com/launch
[0.662s] -- Installing: /home/brc/DD_Nav_WS/dd_gazebo_ws/dd_gazebo/install/dd_gazebo/share/dd_gazebo/src/px4_ros_com/launch/offboard_control_launch.yaml
[0.662s] -- Installing: /home/brc/DD_Nav_WS/dd_gazebo_ws/dd_gazebo/install/dd_gazebo/share/dd_gazebo/src/px4_ros_com/launch/sensor_combined_listener.launch.py
[0.662s] -- Installing: /home/brc/DD_Nav_WS/dd_gazebo_ws/dd_gazebo/install/dd_gazebo/share/dd_gazebo/src/px4_ros_com/src
[0.662s] -- Installing: /home/brc/DD_Nav_WS/dd_gazebo_ws/dd_gazebo/install/dd_gazebo/share/dd_gazebo/src/px4_ros_com/src/examples
[0.662s] -- Installing: /home/brc/DD_Nav_WS/dd_gazebo_ws/dd_gazebo/install/dd_gazebo/share/dd_gazebo/src/px4_ros_com/src/examples/offboard_py
[0.662s] -- Installing: /home/brc/DD_Nav_WS/dd_gazebo_ws/dd_gazebo/install/dd_gazebo/share/dd_gazebo/src/px4_ros_com/src/examples/offboard_py/offboard_control.py
[0.662s] -- Installing: /home/brc/DD_Nav_WS/dd_gazebo_ws/dd_gazebo/install/dd_gazebo/share/dd_gazebo/src/px4_ros_com/src/examples/offboard
[0.663s] -- Installing: /home/brc/DD_Nav_WS/dd_gazebo_ws/dd_gazebo/install/dd_gazebo/share/dd_gazebo/src/px4_ros_com/src/examples/offboard/offboard_control.cpp
[0.663s] -- Installing: /home/brc/DD_Nav_WS/dd_gazebo_ws/dd_gazebo/install/dd_gazebo/share/dd_gazebo/src/px4_ros_com/src/examples/offboard/offboard_control_srv.cpp
[0.663s] -- Installing: /home/brc/DD_Nav_WS/dd_gazebo_ws/dd_gazebo/install/dd_gazebo/share/dd_gazebo/src/px4_ros_com/src/examples/listeners
[0.663s] -- Installing: /home/brc/DD_Nav_WS/dd_gazebo_ws/dd_gazebo/install/dd_gazebo/share/dd_gazebo/src/px4_ros_com/src/examples/listeners/sensor_combined_listener.cpp
[0.663s] -- Installing: /home/brc/DD_Nav_WS/dd_gazebo_ws/dd_gazebo/install/dd_gazebo/share/dd_gazebo/src/px4_ros_com/src/examples/listeners/vehicle_gps_position_listener.cpp
[0.663s] -- Installing: /home/brc/DD_Nav_WS/dd_gazebo_ws/dd_gazebo/install/dd_gazebo/share/dd_gazebo/src/px4_ros_com/src/examples/advertisers
[0.663s] -- Installing: /home/brc/DD_Nav_WS/dd_gazebo_ws/dd_gazebo/install/dd_gazebo/share/dd_gazebo/src/px4_ros_com/src/examples/advertisers/debug_vect_advertiser.cpp
[0.663s] -- Installing: /home/brc/DD_Nav_WS/dd_gazebo_ws/dd_gazebo/install/dd_gazebo/share/dd_gazebo/src/px4_ros_com/src/lib
[0.663s] -- Installing: /home/brc/DD_Nav_WS/dd_gazebo_ws/dd_gazebo/install/dd_gazebo/share/dd_gazebo/src/px4_ros_com/src/lib/frame_transforms.cpp
[0.663s] -- Installing: /home/brc/DD_Nav_WS/dd_gazebo_ws/dd_gazebo/install/dd_gazebo/share/dd_gazebo/src/px4_ros_com/README.md
[0.663s] -- Installing: /home/brc/DD_Nav_WS/dd_gazebo_ws/dd_gazebo/install/dd_gazebo/share/dd_gazebo/src/px4_ros_com/.github
[0.663s] -- Installing: /home/brc/DD_Nav_WS/dd_gazebo_ws/dd_gazebo/install/dd_gazebo/share/dd_gazebo/src/px4_ros_com/.github/workflows
[0.663s] -- Installing: /home/brc/DD_Nav_WS/dd_gazebo_ws/dd_gazebo/install/dd_gazebo/share/dd_gazebo/src/px4_ros_com/.github/workflows/build.yml
[0.663s] -- Installing: /home/brc/DD_Nav_WS/dd_gazebo_ws/dd_gazebo/install/dd_gazebo/share/dd_gazebo/src/px4_ros_com/.github/dependabot.yml
[0.664s] -- Installing: /home/brc/DD_Nav_WS/dd_gazebo_ws/dd_gazebo/install/dd_gazebo/share/dd_gazebo/src/px4_ros_com/.vscode
[0.664s] -- Installing: /home/brc/DD_Nav_WS/dd_gazebo_ws/dd_gazebo/install/dd_gazebo/share/dd_gazebo/src/px4_ros_com/.vscode/settings.json
[0.664s] -- Installing: /home/brc/DD_Nav_WS/dd_gazebo_ws/dd_gazebo/install/dd_gazebo/share/dd_gazebo/src/px4_ros_com/px4_ros_com
[0.664s] -- Installing: /home/brc/DD_Nav_WS/dd_gazebo_ws/dd_gazebo/install/dd_gazebo/share/dd_gazebo/src/px4_ros_com/px4_ros_com/module_to_import.py
[0.664s] -- Installing: /home/brc/DD_Nav_WS/dd_gazebo_ws/dd_gazebo/install/dd_gazebo/share/dd_gazebo/src/px4_ros_com/px4_ros_com/__init__.py
[0.664s] -- Installing: /home/brc/DD_Nav_WS/dd_gazebo_ws/dd_gazebo/install/dd_gazebo/share/dd_gazebo/src/px4_ros_com/.git
[0.664s] -- Installing: /home/brc/DD_Nav_WS/dd_gazebo_ws/dd_gazebo/install/dd_gazebo/share/dd_gazebo/src/px4_ros_com/.git/config
[0.664s] -- Installing: /home/brc/DD_Nav_WS/dd_gazebo_ws/dd_gazebo/install/dd_gazebo/share/dd_gazebo/src/px4_ros_com/.git/info
[0.664s] -- Installing: /home/brc/DD_Nav_WS/dd_gazebo_ws/dd_gazebo/install/dd_gazebo/share/dd_gazebo/src/px4_ros_com/.git/info/exclude
[0.664s] -- Installing: /home/brc/DD_Nav_WS/dd_gazebo_ws/dd_gazebo/install/dd_gazebo/share/dd_gazebo/src/px4_ros_com/.git/hooks
[0.665s] -- Installing: /home/brc/DD_Nav_WS/dd_gazebo_ws/dd_gazebo/install/dd_gazebo/share/dd_gazebo/src/px4_ros_com/.git/hooks/pre-push.sample
[0.665s] -- Installing: /home/brc/DD_Nav_WS/dd_gazebo_ws/dd_gazebo/install/dd_gazebo/share/dd_gazebo/src/px4_ros_com/.git/hooks/pre-applypatch.sample
[0.665s] -- Installing: /home/brc/DD_Nav_WS/dd_gazebo_ws/dd_gazebo/install/dd_gazebo/share/dd_gazebo/src/px4_ros_com/.git/hooks/commit-msg.sample
[0.665s] -- Installing: /home/brc/DD_Nav_WS/dd_gazebo_ws/dd_gazebo/install/dd_gazebo/share/dd_gazebo/src/px4_ros_com/.git/hooks/update.sample
[0.665s] -- Installing: /home/brc/DD_Nav_WS/dd_gazebo_ws/dd_gazebo/install/dd_gazebo/share/dd_gazebo/src/px4_ros_com/.git/hooks/pre-commit.sample
[0.665s] -- Installing: /home/brc/DD_Nav_WS/dd_gazebo_ws/dd_gazebo/install/dd_gazebo/share/dd_gazebo/src/px4_ros_com/.git/hooks/applypatch-msg.sample
[0.665s] -- Installing: /home/brc/DD_Nav_WS/dd_gazebo_ws/dd_gazebo/install/dd_gazebo/share/dd_gazebo/src/px4_ros_com/.git/hooks/pre-rebase.sample
[0.665s] -- Installing: /home/brc/DD_Nav_WS/dd_gazebo_ws/dd_gazebo/install/dd_gazebo/share/dd_gazebo/src/px4_ros_com/.git/hooks/push-to-checkout.sample
[0.665s] -- Installing: /home/brc/DD_Nav_WS/dd_gazebo_ws/dd_gazebo/install/dd_gazebo/share/dd_gazebo/src/px4_ros_com/.git/hooks/fsmonitor-watchman.sample
[0.665s] -- Installing: /home/brc/DD_Nav_WS/dd_gazebo_ws/dd_gazebo/install/dd_gazebo/share/dd_gazebo/src/px4_ros_com/.git/hooks/prepare-commit-msg.sample
[0.665s] -- Installing: /home/brc/DD_Nav_WS/dd_gazebo_ws/dd_gazebo/install/dd_gazebo/share/dd_gazebo/src/px4_ros_com/.git/hooks/pre-receive.sample
[0.665s] -- Installing: /home/brc/DD_Nav_WS/dd_gazebo_ws/dd_gazebo/install/dd_gazebo/share/dd_gazebo/src/px4_ros_com/.git/hooks/pre-merge-commit.sample
[0.665s] -- Installing: /home/brc/DD_Nav_WS/dd_gazebo_ws/dd_gazebo/install/dd_gazebo/share/dd_gazebo/src/px4_ros_com/.git/hooks/post-update.sample
[0.665s] -- Installing: /home/brc/DD_Nav_WS/dd_gazebo_ws/dd_gazebo/install/dd_gazebo/share/dd_gazebo/src/px4_ros_com/.git/description
[0.665s] -- Installing: /home/brc/DD_Nav_WS/dd_gazebo_ws/dd_gazebo/install/dd_gazebo/share/dd_gazebo/src/px4_ros_com/.git/packed-refs
[0.665s] -- Installing: /home/brc/DD_Nav_WS/dd_gazebo_ws/dd_gazebo/install/dd_gazebo/share/dd_gazebo/src/px4_ros_com/.git/index
[0.665s] -- Installing: /home/brc/DD_Nav_WS/dd_gazebo_ws/dd_gazebo/install/dd_gazebo/share/dd_gazebo/src/px4_ros_com/.git/refs
[0.665s] -- Installing: /home/brc/DD_Nav_WS/dd_gazebo_ws/dd_gazebo/install/dd_gazebo/share/dd_gazebo/src/px4_ros_com/.git/refs/tags
[0.665s] -- Installing: /home/brc/DD_Nav_WS/dd_gazebo_ws/dd_gazebo/install/dd_gazebo/share/dd_gazebo/src/px4_ros_com/.git/refs/heads
[0.665s] -- Installing: /home/brc/DD_Nav_WS/dd_gazebo_ws/dd_gazebo/install/dd_gazebo/share/dd_gazebo/src/px4_ros_com/.git/refs/heads/main
[0.665s] -- Installing: /home/brc/DD_Nav_WS/dd_gazebo_ws/dd_gazebo/install/dd_gazebo/share/dd_gazebo/src/px4_ros_com/.git/refs/remotes
[0.665s] -- Installing: /home/brc/DD_Nav_WS/dd_gazebo_ws/dd_gazebo/install/dd_gazebo/share/dd_gazebo/src/px4_ros_com/.git/refs/remotes/origin
[0.666s] -- Installing: /home/brc/DD_Nav_WS/dd_gazebo_ws/dd_gazebo/install/dd_gazebo/share/dd_gazebo/src/px4_ros_com/.git/refs/remotes/origin/HEAD
[0.666s] -- Installing: /home/brc/DD_Nav_WS/dd_gazebo_ws/dd_gazebo/install/dd_gazebo/share/dd_gazebo/src/px4_ros_com/.git/objects
[0.666s] -- Installing: /home/brc/DD_Nav_WS/dd_gazebo_ws/dd_gazebo/install/dd_gazebo/share/dd_gazebo/src/px4_ros_com/.git/objects/info
[0.666s] -- Installing: /home/brc/DD_Nav_WS/dd_gazebo_ws/dd_gazebo/install/dd_gazebo/share/dd_gazebo/src/px4_ros_com/.git/objects/pack
[0.666s] -- Installing: /home/brc/DD_Nav_WS/dd_gazebo_ws/dd_gazebo/install/dd_gazebo/share/dd_gazebo/src/px4_ros_com/.git/objects/pack/pack-cd7da812d091edbdbf137eb09e4d7d5562a3690a.pack
[0.666s] -- Installing: /home/brc/DD_Nav_WS/dd_gazebo_ws/dd_gazebo/install/dd_gazebo/share/dd_gazebo/src/px4_ros_com/.git/objects/pack/pack-cd7da812d091edbdbf137eb09e4d7d5562a3690a.idx
[0.666s] -- Installing: /home/brc/DD_Nav_WS/dd_gazebo_ws/dd_gazebo/install/dd_gazebo/share/dd_gazebo/src/px4_ros_com/.git/branches
[0.666s] -- Installing: /home/brc/DD_Nav_WS/dd_gazebo_ws/dd_gazebo/install/dd_gazebo/share/dd_gazebo/src/px4_ros_com/.git/HEAD
[0.666s] -- Installing: /home/brc/DD_Nav_WS/dd_gazebo_ws/dd_gazebo/install/dd_gazebo/share/dd_gazebo/src/px4_ros_com/.git/logs
[0.666s] -- Installing: /home/brc/DD_Nav_WS/dd_gazebo_ws/dd_gazebo/install/dd_gazebo/share/dd_gazebo/src/px4_ros_com/.git/logs/refs
[0.666s] -- Installing: /home/brc/DD_Nav_WS/dd_gazebo_ws/dd_gazebo/install/dd_gazebo/share/dd_gazebo/src/px4_ros_com/.git/logs/refs/heads
[0.666s] -- Installing: /home/brc/DD_Nav_WS/dd_gazebo_ws/dd_gazebo/install/dd_gazebo/share/dd_gazebo/src/px4_ros_com/.git/logs/refs/heads/main
[0.666s] -- Installing: /home/brc/DD_Nav_WS/dd_gazebo_ws/dd_gazebo/install/dd_gazebo/share/dd_gazebo/src/px4_ros_com/.git/logs/refs/remotes
[0.666s] -- Installing: /home/brc/DD_Nav_WS/dd_gazebo_ws/dd_gazebo/install/dd_gazebo/share/dd_gazebo/src/px4_ros_com/.git/logs/refs/remotes/origin
[0.666s] -- Installing: /home/brc/DD_Nav_WS/dd_gazebo_ws/dd_gazebo/install/dd_gazebo/share/dd_gazebo/src/px4_ros_com/.git/logs/refs/remotes/origin/HEAD
[0.666s] -- Installing: /home/brc/DD_Nav_WS/dd_gazebo_ws/dd_gazebo/install/dd_gazebo/share/dd_gazebo/src/px4_ros_com/.git/logs/HEAD
[0.666s] -- Installing: /home/brc/DD_Nav_WS/dd_gazebo_ws/dd_gazebo/install/dd_gazebo/share/dd_gazebo/src/px4_ros_com/.gitignore
[0.666s] -- Installing: /home/brc/DD_Nav_WS/dd_gazebo_ws/dd_gazebo/install/dd_gazebo/share/dd_gazebo/src/px4_ros_com/CMakeLists.txt
[0.666s] -- Installing: /home/brc/DD_Nav_WS/dd_gazebo_ws/dd_gazebo/install/dd_gazebo/share/dd_gazebo/src/px4_ros_com/package.xml
[0.666s] -- Installing: /home/brc/DD_Nav_WS/dd_gazebo_ws/dd_gazebo/install/dd_gazebo/share/dd_gazebo/src/px4_ros_com/include
[0.666s] -- Installing: /home/brc/DD_Nav_WS/dd_gazebo_ws/dd_gazebo/install/dd_gazebo/share/dd_gazebo/src/px4_ros_com/include/px4_ros_com
[0.666s] -- Installing: /home/brc/DD_Nav_WS/dd_gazebo_ws/dd_gazebo/install/dd_gazebo/share/dd_gazebo/src/px4_ros_com/include/px4_ros_com/frame_transforms.h
[0.666s] -- Installing: /home/brc/DD_Nav_WS/dd_gazebo_ws/dd_gazebo/install/dd_gazebo/share/dd_gazebo/src/px4_msgs
[0.666s] -- Installing: /home/brc/DD_Nav_WS/dd_gazebo_ws/dd_gazebo/install/dd_gazebo/share/dd_gazebo/src/px4_msgs/LICENSE
[0.666s] -- Installing: /home/brc/DD_Nav_WS/dd_gazebo_ws/dd_gazebo/install/dd_gazebo/share/dd_gazebo/src/px4_msgs/README.md
[0.666s] -- Installing: /home/brc/DD_Nav_WS/dd_gazebo_ws/dd_gazebo/install/dd_gazebo/share/dd_gazebo/src/px4_msgs/.github
[0.666s] -- Installing: /home/brc/DD_Nav_WS/dd_gazebo_ws/dd_gazebo/install/dd_gazebo/share/dd_gazebo/src/px4_msgs/.github/workflows
[0.666s] -- Installing: /home/brc/DD_Nav_WS/dd_gazebo_ws/dd_gazebo/install/dd_gazebo/share/dd_gazebo/src/px4_msgs/.github/workflows/build.yml
[0.666s] -- Installing: /home/brc/DD_Nav_WS/dd_gazebo_ws/dd_gazebo/install/dd_gazebo/share/dd_gazebo/src/px4_msgs/.github/dependabot.yml
[0.666s] -- Installing: /home/brc/DD_Nav_WS/dd_gazebo_ws/dd_gazebo/install/dd_gazebo/share/dd_gazebo/src/px4_msgs/.git
[0.666s] -- Installing: /home/brc/DD_Nav_WS/dd_gazebo_ws/dd_gazebo/install/dd_gazebo/share/dd_gazebo/src/px4_msgs/.git/config
[0.667s] -- Installing: /home/brc/DD_Nav_WS/dd_gazebo_ws/dd_gazebo/install/dd_gazebo/share/dd_gazebo/src/px4_msgs/.git/info
[0.667s] -- Installing: /home/brc/DD_Nav_WS/dd_gazebo_ws/dd_gazebo/install/dd_gazebo/share/dd_gazebo/src/px4_msgs/.git/info/exclude
[0.667s] -- Installing: /home/brc/DD_Nav_WS/dd_gazebo_ws/dd_gazebo/install/dd_gazebo/share/dd_gazebo/src/px4_msgs/.git/hooks
[0.667s] -- Installing: /home/brc/DD_Nav_WS/dd_gazebo_ws/dd_gazebo/install/dd_gazebo/share/dd_gazebo/src/px4_msgs/.git/hooks/pre-push.sample
[0.667s] -- Installing: /home/brc/DD_Nav_WS/dd_gazebo_ws/dd_gazebo/install/dd_gazebo/share/dd_gazebo/src/px4_msgs/.git/hooks/pre-applypatch.sample
[0.667s] -- Installing: /home/brc/DD_Nav_WS/dd_gazebo_ws/dd_gazebo/install/dd_gazebo/share/dd_gazebo/src/px4_msgs/.git/hooks/commit-msg.sample
[0.667s] -- Installing: /home/brc/DD_Nav_WS/dd_gazebo_ws/dd_gazebo/install/dd_gazebo/share/dd_gazebo/src/px4_msgs/.git/hooks/update.sample
[0.667s] -- Installing: /home/brc/DD_Nav_WS/dd_gazebo_ws/dd_gazebo/install/dd_gazebo/share/dd_gazebo/src/px4_msgs/.git/hooks/pre-commit.sample
[0.667s] -- Installing: /home/brc/DD_Nav_WS/dd_gazebo_ws/dd_gazebo/install/dd_gazebo/share/dd_gazebo/src/px4_msgs/.git/hooks/applypatch-msg.sample
[0.667s] -- Installing: /home/brc/DD_Nav_WS/dd_gazebo_ws/dd_gazebo/install/dd_gazebo/share/dd_gazebo/src/px4_msgs/.git/hooks/pre-rebase.sample
[0.667s] -- Installing: /home/brc/DD_Nav_WS/dd_gazebo_ws/dd_gazebo/install/dd_gazebo/share/dd_gazebo/src/px4_msgs/.git/hooks/push-to-checkout.sample
[0.667s] -- Installing: /home/brc/DD_Nav_WS/dd_gazebo_ws/dd_gazebo/install/dd_gazebo/share/dd_gazebo/src/px4_msgs/.git/hooks/fsmonitor-watchman.sample
[0.667s] -- Installing: /home/brc/DD_Nav_WS/dd_gazebo_ws/dd_gazebo/install/dd_gazebo/share/dd_gazebo/src/px4_msgs/.git/hooks/prepare-commit-msg.sample
[0.667s] -- Installing: /home/brc/DD_Nav_WS/dd_gazebo_ws/dd_gazebo/install/dd_gazebo/share/dd_gazebo/src/px4_msgs/.git/hooks/pre-receive.sample
[0.667s] -- Installing: /home/brc/DD_Nav_WS/dd_gazebo_ws/dd_gazebo/install/dd_gazebo/share/dd_gazebo/src/px4_msgs/.git/hooks/pre-merge-commit.sample
[0.667s] -- Installing: /home/brc/DD_Nav_WS/dd_gazebo_ws/dd_gazebo/install/dd_gazebo/share/dd_gazebo/src/px4_msgs/.git/hooks/post-update.sample
[0.667s] -- Installing: /home/brc/DD_Nav_WS/dd_gazebo_ws/dd_gazebo/install/dd_gazebo/share/dd_gazebo/src/px4_msgs/.git/description
[0.667s] -- Installing: /home/brc/DD_Nav_WS/dd_gazebo_ws/dd_gazebo/install/dd_gazebo/share/dd_gazebo/src/px4_msgs/.git/packed-refs
[0.667s] -- Installing: /home/brc/DD_Nav_WS/dd_gazebo_ws/dd_gazebo/install/dd_gazebo/share/dd_gazebo/src/px4_msgs/.git/index
[0.667s] -- Installing: /home/brc/DD_Nav_WS/dd_gazebo_ws/dd_gazebo/install/dd_gazebo/share/dd_gazebo/src/px4_msgs/.git/refs
[0.667s] -- Installing: /home/brc/DD_Nav_WS/dd_gazebo_ws/dd_gazebo/install/dd_gazebo/share/dd_gazebo/src/px4_msgs/.git/refs/tags
[0.667s] -- Installing: /home/brc/DD_Nav_WS/dd_gazebo_ws/dd_gazebo/install/dd_gazebo/share/dd_gazebo/src/px4_msgs/.git/refs/heads
[0.667s] -- Installing: /home/brc/DD_Nav_WS/dd_gazebo_ws/dd_gazebo/install/dd_gazebo/share/dd_gazebo/src/px4_msgs/.git/refs/heads/main
[0.667s] -- Installing: /home/brc/DD_Nav_WS/dd_gazebo_ws/dd_gazebo/install/dd_gazebo/share/dd_gazebo/src/px4_msgs/.git/refs/remotes
[0.667s] -- Installing: /home/brc/DD_Nav_WS/dd_gazebo_ws/dd_gazebo/install/dd_gazebo/share/dd_gazebo/src/px4_msgs/.git/refs/remotes/origin
[0.667s] -- Installing: /home/brc/DD_Nav_WS/dd_gazebo_ws/dd_gazebo/install/dd_gazebo/share/dd_gazebo/src/px4_msgs/.git/refs/remotes/origin/HEAD
[0.667s] -- Installing: /home/brc/DD_Nav_WS/dd_gazebo_ws/dd_gazebo/install/dd_gazebo/share/dd_gazebo/src/px4_msgs/.git/objects
[0.667s] -- Installing: /home/brc/DD_Nav_WS/dd_gazebo_ws/dd_gazebo/install/dd_gazebo/share/dd_gazebo/src/px4_msgs/.git/objects/info
[0.667s] -- Installing: /home/brc/DD_Nav_WS/dd_gazebo_ws/dd_gazebo/install/dd_gazebo/share/dd_gazebo/src/px4_msgs/.git/objects/pack
[0.667s] -- Installing: /home/brc/DD_Nav_WS/dd_gazebo_ws/dd_gazebo/install/dd_gazebo/share/dd_gazebo/src/px4_msgs/.git/objects/pack/pack-c29810d5cc3d5c9bdcb91a444cbd1f3ae636950e.pack
[0.667s] -- Installing: /home/brc/DD_Nav_WS/dd_gazebo_ws/dd_gazebo/install/dd_gazebo/share/dd_gazebo/src/px4_msgs/.git/objects/pack/pack-c29810d5cc3d5c9bdcb91a444cbd1f3ae636950e.idx
[0.667s] -- Installing: /home/brc/DD_Nav_WS/dd_gazebo_ws/dd_gazebo/install/dd_gazebo/share/dd_gazebo/src/px4_msgs/.git/branches
[0.668s] -- Installing: /home/brc/DD_Nav_WS/dd_gazebo_ws/dd_gazebo/install/dd_gazebo/share/dd_gazebo/src/px4_msgs/.git/HEAD
[0.668s] -- Installing: /home/brc/DD_Nav_WS/dd_gazebo_ws/dd_gazebo/install/dd_gazebo/share/dd_gazebo/src/px4_msgs/.git/logs
[0.668s] -- Installing: /home/brc/DD_Nav_WS/dd_gazebo_ws/dd_gazebo/install/dd_gazebo/share/dd_gazebo/src/px4_msgs/.git/logs/refs
[0.668s] -- Installing: /home/brc/DD_Nav_WS/dd_gazebo_ws/dd_gazebo/install/dd_gazebo/share/dd_gazebo/src/px4_msgs/.git/logs/refs/heads
[0.668s] -- Installing: /home/brc/DD_Nav_WS/dd_gazebo_ws/dd_gazebo/install/dd_gazebo/share/dd_gazebo/src/px4_msgs/.git/logs/refs/heads/main
[0.668s] -- Installing: /home/brc/DD_Nav_WS/dd_gazebo_ws/dd_gazebo/install/dd_gazebo/share/dd_gazebo/src/px4_msgs/.git/logs/refs/remotes
[0.668s] -- Installing: /home/brc/DD_Nav_WS/dd_gazebo_ws/dd_gazebo/install/dd_gazebo/share/dd_gazebo/src/px4_msgs/.git/logs/refs/remotes/origin
[0.668s] -- Installing: /home/brc/DD_Nav_WS/dd_gazebo_ws/dd_gazebo/install/dd_gazebo/share/dd_gazebo/src/px4_msgs/.git/logs/refs/remotes/origin/HEAD
[0.668s] -- Installing: /home/brc/DD_Nav_WS/dd_gazebo_ws/dd_gazebo/install/dd_gazebo/share/dd_gazebo/src/px4_msgs/.git/logs/HEAD
[0.668s] -- Installing: /home/brc/DD_Nav_WS/dd_gazebo_ws/dd_gazebo/install/dd_gazebo/share/dd_gazebo/src/px4_msgs/CONTRIBUTING.md
[0.668s] -- Installing: /home/brc/DD_Nav_WS/dd_gazebo_ws/dd_gazebo/install/dd_gazebo/share/dd_gazebo/src/px4_msgs/.gitignore
[0.668s] -- Installing: /home/brc/DD_Nav_WS/dd_gazebo_ws/dd_gazebo/install/dd_gazebo/share/dd_gazebo/src/px4_msgs/CMakeLists.txt
[0.668s] -- Installing: /home/brc/DD_Nav_WS/dd_gazebo_ws/dd_gazebo/install/dd_gazebo/share/dd_gazebo/src/px4_msgs/package.xml
[0.668s] -- Installing: /home/brc/DD_Nav_WS/dd_gazebo_ws/dd_gazebo/install/dd_gazebo/share/dd_gazebo/src/px4_msgs/msg
[0.668s] -- Installing: /home/brc/DD_Nav_WS/dd_gazebo_ws/dd_gazebo/install/dd_gazebo/share/dd_gazebo/src/px4_msgs/msg/VehicleCommand.msg
[0.668s] -- Installing: /home/brc/DD_Nav_WS/dd_gazebo_ws/dd_gazebo/install/dd_gazebo/share/dd_gazebo/src/px4_msgs/msg/FollowTargetStatus.msg
[0.668s] -- Installing: /home/brc/DD_Nav_WS/dd_gazebo_ws/dd_gazebo/install/dd_gazebo/share/dd_gazebo/src/px4_msgs/msg/CollisionReport.msg
[0.668s] -- Installing: /home/brc/DD_Nav_WS/dd_gazebo_ws/dd_gazebo/install/dd_gazebo/share/dd_gazebo/src/px4_msgs/msg/TransponderReport.msg
[0.668s] -- Installing: /home/brc/DD_Nav_WS/dd_gazebo_ws/dd_gazebo/install/dd_gazebo/share/dd_gazebo/src/px4_msgs/msg/SensorGps.msg
[0.668s] -- Installing: /home/brc/DD_Nav_WS/dd_gazebo_ws/dd_gazebo/install/dd_gazebo/share/dd_gazebo/src/px4_msgs/msg/LandingGear.msg
[0.668s] -- Installing: /home/brc/DD_Nav_WS/dd_gazebo_ws/dd_gazebo/install/dd_gazebo/share/dd_gazebo/src/px4_msgs/msg/GpsDump.msg
[0.668s] -- Installing: /home/brc/DD_Nav_WS/dd_gazebo_ws/dd_gazebo/install/dd_gazebo/share/dd_gazebo/src/px4_msgs/msg/ParameterSetValueResponse.msg
[0.668s] -- Installing: /home/brc/DD_Nav_WS/dd_gazebo_ws/dd_gazebo/install/dd_gazebo/share/dd_gazebo/src/px4_msgs/msg/GeneratorStatus.msg
[0.668s] -- Installing: /home/brc/DD_Nav_WS/dd_gazebo_ws/dd_gazebo/install/dd_gazebo/share/dd_gazebo/src/px4_msgs/msg/EstimatorBias3d.msg
[0.668s] -- Installing: /home/brc/DD_Nav_WS/dd_gazebo_ws/dd_gazebo/install/dd_gazebo/share/dd_gazebo/src/px4_msgs/msg/RtlTimeEstimate.msg
[0.668s] -- Installing: /home/brc/DD_Nav_WS/dd_gazebo_ws/dd_gazebo/install/dd_gazebo/share/dd_gazebo/src/px4_msgs/msg/EstimatorStatusFlags.msg
[0.668s] -- Installing: /home/brc/DD_Nav_WS/dd_gazebo_ws/dd_gazebo/install/dd_gazebo/share/dd_gazebo/src/px4_msgs/msg/ActuatorControlsStatus.msg
[0.668s] -- Installing: /home/brc/DD_Nav_WS/dd_gazebo_ws/dd_gazebo/install/dd_gazebo/share/dd_gazebo/src/px4_msgs/msg/UlogStreamAck.msg
[0.668s] -- Installing: /home/brc/DD_Nav_WS/dd_gazebo_ws/dd_gazebo/install/dd_gazebo/share/dd_gazebo/src/px4_msgs/msg/GpioOut.msg
[0.668s] -- Installing: /home/brc/DD_Nav_WS/dd_gazebo_ws/dd_gazebo/install/dd_gazebo/share/dd_gazebo/src/px4_msgs/msg/YawEstimatorStatus.msg
[0.668s] -- Installing: /home/brc/DD_Nav_WS/dd_gazebo_ws/dd_gazebo/install/dd_gazebo/share/dd_gazebo/src/px4_msgs/msg/HeaterStatus.msg
[0.668s] -- Installing: /home/brc/DD_Nav_WS/dd_gazebo_ws/dd_gazebo/install/dd_gazebo/share/dd_gazebo/src/px4_msgs/msg/QshellReq.msg
[0.669s] -- Installing: /home/brc/DD_Nav_WS/dd_gazebo_ws/dd_gazebo/install/dd_gazebo/share/dd_gazebo/src/px4_msgs/msg/WheelEncoders.msg
[0.669s] -- Installing: /home/brc/DD_Nav_WS/dd_gazebo_ws/dd_gazebo/install/dd_gazebo/share/dd_gazebo/src/px4_msgs/msg/VehicleTrajectoryWaypoint.msg
[0.669s] -- Installing: /home/brc/DD_Nav_WS/dd_gazebo_ws/dd_gazebo/install/dd_gazebo/share/dd_gazebo/src/px4_msgs/msg/Cpuload.msg
[0.669s] -- Installing: /home/brc/DD_Nav_WS/dd_gazebo_ws/dd_gazebo/install/dd_gazebo/share/dd_gazebo/src/px4_msgs/msg/ObstacleDistance.msg
[0.669s] -- Installing: /home/brc/DD_Nav_WS/dd_gazebo_ws/dd_gazebo/install/dd_gazebo/share/dd_gazebo/src/px4_msgs/msg/FailureDetectorStatus.msg
[0.669s] -- Installing: /home/brc/DD_Nav_WS/dd_gazebo_ws/dd_gazebo/install/dd_gazebo/share/dd_gazebo/src/px4_msgs/msg/SensorGyro.msg
[0.669s] -- Installing: /home/brc/DD_Nav_WS/dd_gazebo_ws/dd_gazebo/install/dd_gazebo/share/dd_gazebo/src/px4_msgs/msg/Wind.msg
[0.669s] -- Installing: /home/brc/DD_Nav_WS/dd_gazebo_ws/dd_gazebo/install/dd_gazebo/share/dd_gazebo/src/px4_msgs/msg/UavcanParameterValue.msg
[0.669s] -- Installing: /home/brc/DD_Nav_WS/dd_gazebo_ws/dd_gazebo/install/dd_gazebo/share/dd_gazebo/src/px4_msgs/msg/OffboardControlMode.msg
[0.669s] -- Installing: /home/brc/DD_Nav_WS/dd_gazebo_ws/dd_gazebo/install/dd_gazebo/share/dd_gazebo/src/px4_msgs/msg/CameraTrigger.msg
[0.669s] -- Installing: /home/brc/DD_Nav_WS/dd_gazebo_ws/dd_gazebo/install/dd_gazebo/share/dd_gazebo/src/px4_msgs/msg/GimbalDeviceInformation.msg
[0.669s] -- Installing: /home/brc/DD_Nav_WS/dd_gazebo_ws/dd_gazebo/install/dd_gazebo/share/dd_gazebo/src/px4_msgs/msg/VehicleAcceleration.msg
[0.669s] -- Installing: /home/brc/DD_Nav_WS/dd_gazebo_ws/dd_gazebo/install/dd_gazebo/share/dd_gazebo/src/px4_msgs/msg/EstimatorEventFlags.msg
[0.669s] -- Installing: /home/brc/DD_Nav_WS/dd_gazebo_ws/dd_gazebo/install/dd_gazebo/share/dd_gazebo/src/px4_msgs/msg/VehicleImuStatus.msg
[0.669s] -- Installing: /home/brc/DD_Nav_WS/dd_gazebo_ws/dd_gazebo/install/dd_gazebo/share/dd_gazebo/src/px4_msgs/msg/HomePosition.msg
[0.669s] -- Installing: /home/brc/DD_Nav_WS/dd_gazebo_ws/dd_gazebo/install/dd_gazebo/share/dd_gazebo/src/px4_msgs/msg/GpsInjectData.msg
[0.669s] -- Installing: /home/brc/DD_Nav_WS/dd_gazebo_ws/dd_gazebo/install/dd_gazebo/share/dd_gazebo/src/px4_msgs/msg/PowerButtonState.msg
[0.669s] -- Installing: /home/brc/DD_Nav_WS/dd_gazebo_ws/dd_gazebo/install/dd_gazebo/share/dd_gazebo/src/px4_msgs/msg/VtolVehicleStatus.msg
[0.669s] -- Installing: /home/brc/DD_Nav_WS/dd_gazebo_ws/dd_gazebo/install/dd_gazebo/share/dd_gazebo/src/px4_msgs/msg/PositionSetpointTriplet.msg
[0.669s] -- Installing: /home/brc/DD_Nav_WS/dd_gazebo_ws/dd_gazebo/install/dd_gazebo/share/dd_gazebo/src/px4_msgs/msg/VelocityLimits.msg
[0.669s] -- Installing: /home/brc/DD_Nav_WS/dd_gazebo_ws/dd_gazebo/install/dd_gazebo/share/dd_gazebo/src/px4_msgs/msg/TakeoffStatus.msg
[0.669s] -- Installing: /home/brc/DD_Nav_WS/dd_gazebo_ws/dd_gazebo/install/dd_gazebo/share/dd_gazebo/src/px4_msgs/msg/DatamanResponse.msg
[0.669s] -- Installing: /home/brc/DD_Nav_WS/dd_gazebo_ws/dd_gazebo/install/dd_gazebo/share/dd_gazebo/src/px4_msgs/msg/VehicleStatus.msg
[0.669s] -- Installing: /home/brc/DD_Nav_WS/dd_gazebo_ws/dd_gazebo/install/dd_gazebo/share/dd_gazebo/src/px4_msgs/msg/VehicleAirData.msg
[0.669s] -- Installing: /home/brc/DD_Nav_WS/dd_gazebo_ws/dd_gazebo/install/dd_gazebo/share/dd_gazebo/src/px4_msgs/msg/LaunchDetectionStatus.msg
[0.669s] -- Installing: /home/brc/DD_Nav_WS/dd_gazebo_ws/dd_gazebo/install/dd_gazebo/share/dd_gazebo/src/px4_msgs/msg/DifferentialPressure.msg
[0.669s] -- Installing: /home/brc/DD_Nav_WS/dd_gazebo_ws/dd_gazebo/install/dd_gazebo/share/dd_gazebo/src/px4_msgs/msg/LoggerStatus.msg
[0.669s] -- Installing: /home/brc/DD_Nav_WS/dd_gazebo_ws/dd_gazebo/install/dd_gazebo/share/dd_gazebo/src/px4_msgs/msg/PositionControllerStatus.msg
[0.669s] -- Installing: /home/brc/DD_Nav_WS/dd_gazebo_ws/dd_gazebo/install/dd_gazebo/share/dd_gazebo/src/px4_msgs/msg/RegisterExtComponentReply.msg
[0.670s] -- Installing: /home/brc/DD_Nav_WS/dd_gazebo_ws/dd_gazebo/install/dd_gazebo/share/dd_gazebo/src/px4_msgs/msg/PpsCapture.msg
[0.670s] -- Installing: /home/brc/DD_Nav_WS/dd_gazebo_ws/dd_gazebo/install/dd_gazebo/share/dd_gazebo/src/px4_msgs/msg/OrbTestMedium.msg
[0.670s] -- Installing: /home/brc/DD_Nav_WS/dd_gazebo_ws/dd_gazebo/install/dd_gazebo/share/dd_gazebo/src/px4_msgs/msg/LogMessage.msg
[0.670s] -- Installing: /home/brc/DD_Nav_WS/dd_gazebo_ws/dd_gazebo/install/dd_gazebo/share/dd_gazebo/src/px4_msgs/msg/ParameterUpdate.msg
[0.670s] -- Installing: /home/brc/DD_Nav_WS/dd_gazebo_ws/dd_gazebo/install/dd_gazebo/share/dd_gazebo/src/px4_msgs/msg/InputRc.msg
[0.670s] -- Installing: /home/brc/DD_Nav_WS/dd_gazebo_ws/dd_gazebo/install/dd_gazebo/share/dd_gazebo/src/px4_msgs/msg/RcChannels.msg
[0.670s] -- Installing: /home/brc/DD_Nav_WS/dd_gazebo_ws/dd_gazebo/install/dd_gazebo/share/dd_gazebo/src/px4_msgs/msg/ParameterSetValueRequest.msg
[0.670s] -- Installing: /home/brc/DD_Nav_WS/dd_gazebo_ws/dd_gazebo/install/dd_gazebo/share/dd_gazebo/src/px4_msgs/msg/HealthReport.msg
[0.670s] -- Installing: /home/brc/DD_Nav_WS/dd_gazebo_ws/dd_gazebo/install/dd_gazebo/share/dd_gazebo/src/px4_msgs/msg/DatamanRequest.msg
[0.670s] -- Installing: /home/brc/DD_Nav_WS/dd_gazebo_ws/dd_gazebo/install/dd_gazebo/share/dd_gazebo/src/px4_msgs/msg/MagWorkerData.msg
[0.670s] -- Installing: /home/brc/DD_Nav_WS/dd_gazebo_ws/dd_gazebo/install/dd_gazebo/share/dd_gazebo/src/px4_msgs/msg/TimesyncStatus.msg
[0.670s] -- Installing: /home/brc/DD_Nav_WS/dd_gazebo_ws/dd_gazebo/install/dd_gazebo/share/dd_gazebo/src/px4_msgs/msg/EstimatorAidSource3d.msg
[0.670s] -- Installing: /home/brc/DD_Nav_WS/dd_gazebo_ws/dd_gazebo/install/dd_gazebo/share/dd_gazebo/src/px4_msgs/msg/UnregisterExtComponent.msg
[0.670s] -- Installing: /home/brc/DD_Nav_WS/dd_gazebo_ws/dd_gazebo/install/dd_gazebo/share/dd_gazebo/src/px4_msgs/msg/ControlAllocatorStatus.msg
[0.670s] -- Installing: /home/brc/DD_Nav_WS/dd_gazebo_ws/dd_gazebo/install/dd_gazebo/share/dd_gazebo/src/px4_msgs/msg/LandingTargetPose.msg
[0.670s] -- Installing: /home/brc/DD_Nav_WS/dd_gazebo_ws/dd_gazebo/install/dd_gazebo/share/dd_gazebo/src/px4_msgs/msg/ActuatorServosTrim.msg
[0.670s] -- Installing: /home/brc/DD_Nav_WS/dd_gazebo_ws/dd_gazebo/install/dd_gazebo/share/dd_gazebo/src/px4_msgs/msg/ConfigOverrides.msg
[0.670s] -- Installing: /home/brc/DD_Nav_WS/dd_gazebo_ws/dd_gazebo/install/dd_gazebo/share/dd_gazebo/src/px4_msgs/msg/SensorMag.msg
[0.670s] -- Installing: /home/brc/DD_Nav_WS/dd_gazebo_ws/dd_gazebo/install/dd_gazebo/share/dd_gazebo/src/px4_msgs/msg/FollowTargetEstimator.msg
[0.670s] -- Installing: /home/brc/DD_Nav_WS/dd_gazebo_ws/dd_gazebo/install/dd_gazebo/share/dd_gazebo/src/px4_msgs/msg/MavlinkTunnel.msg
[0.670s] -- Installing: /home/brc/DD_Nav_WS/dd_gazebo_ws/dd_gazebo/install/dd_gazebo/share/dd_gazebo/src/px4_msgs/msg/GimbalControls.msg
[0.670s] -- Installing: /home/brc/DD_Nav_WS/dd_gazebo_ws/dd_gazebo/install/dd_gazebo/share/dd_gazebo/src/px4_msgs/msg/EscStatus.msg
[0.670s] -- Installing: /home/brc/DD_Nav_WS/dd_gazebo_ws/dd_gazebo/install/dd_gazebo/share/dd_gazebo/src/px4_msgs/msg/TelemetryStatus.msg
[0.670s] -- Installing: /home/brc/DD_Nav_WS/dd_gazebo_ws/dd_gazebo/install/dd_gazebo/share/dd_gazebo/src/px4_msgs/msg/VehicleConstraints.msg
[0.670s] -- Installing: /home/brc/DD_Nav_WS/dd_gazebo_ws/dd_gazebo/install/dd_gazebo/share/dd_gazebo/src/px4_msgs/msg/ButtonEvent.msg
[0.670s] -- Installing: /home/brc/DD_Nav_WS/dd_gazebo_ws/dd_gazebo/install/dd_gazebo/share/dd_gazebo/src/px4_msgs/msg/ManualControlSetpoint.msg
[0.670s] -- Installing: /home/brc/DD_Nav_WS/dd_gazebo_ws/dd_gazebo/install/dd_gazebo/share/dd_gazebo/src/px4_msgs/msg/AutotuneAttitudeControlStatus.msg
[0.670s] -- Installing: /home/brc/DD_Nav_WS/dd_gazebo_ws/dd_gazebo/install/dd_gazebo/share/dd_gazebo/src/px4_msgs/msg/ActuatorMotors.msg
[0.670s] -- Installing: /home/brc/DD_Nav_WS/dd_gazebo_ws/dd_gazebo/install/dd_gazebo/share/dd_gazebo/src/px4_msgs/msg/VehicleAngularAccelerationSetpoint.msg
[0.670s] -- Installing: /home/brc/DD_Nav_WS/dd_gazebo_ws/dd_gazebo/install/dd_gazebo/share/dd_gazebo/src/px4_msgs/msg/SystemPower.msg
[0.671s] -- Installing: /home/brc/DD_Nav_WS/dd_gazebo_ws/dd_gazebo/install/dd_gazebo/share/dd_gazebo/src/px4_msgs/msg/TiltrotorExtraControls.msg
[0.671s] -- Installing: /home/brc/DD_Nav_WS/dd_gazebo_ws/dd_gazebo/install/dd_gazebo/share/dd_gazebo/src/px4_msgs/msg/DistanceSensor.msg
[0.671s] -- Installing: /home/brc/DD_Nav_WS/dd_gazebo_ws/dd_gazebo/install/dd_gazebo/share/dd_gazebo/src/px4_msgs/msg/LandingTargetInnovations.msg
[0.671s] -- Installing: /home/brc/DD_Nav_WS/dd_gazebo_ws/dd_gazebo/install/dd_gazebo/share/dd_gazebo/src/px4_msgs/msg/MavlinkLog.msg
[0.671s] -- Installing: /home/brc/DD_Nav_WS/dd_gazebo_ws/dd_gazebo/install/dd_gazebo/share/dd_gazebo/src/px4_msgs/msg/VehicleThrustSetpoint.msg
[0.671s] -- Installing: /home/brc/DD_Nav_WS/dd_gazebo_ws/dd_gazebo/install/dd_gazebo/share/dd_gazebo/src/px4_msgs/msg/Ekf2Timestamps.msg
[0.671s] -- Installing: /home/brc/DD_Nav_WS/dd_gazebo_ws/dd_gazebo/install/dd_gazebo/share/dd_gazebo/src/px4_msgs/msg/ActuatorArmed.msg
[0.671s] -- Installing: /home/brc/DD_Nav_WS/dd_gazebo_ws/dd_gazebo/install/dd_gazebo/share/dd_gazebo/src/px4_msgs/msg/SensorsStatusImu.msg
[0.671s] -- Installing: /home/brc/DD_Nav_WS/dd_gazebo_ws/dd_gazebo/install/dd_gazebo/share/dd_gazebo/src/px4_msgs/msg/Px4ioStatus.msg
[0.671s] -- Installing: /home/brc/DD_Nav_WS/dd_gazebo_ws/dd_gazebo/install/dd_gazebo/share/dd_gazebo/src/px4_msgs/msg/ManualControlSwitches.msg
[0.671s] -- Installing: /home/brc/DD_Nav_WS/dd_gazebo_ws/dd_gazebo/install/dd_gazebo/share/dd_gazebo/src/px4_msgs/msg/SensorHygrometer.msg
[0.671s] -- Installing: /home/brc/DD_Nav_WS/dd_gazebo_ws/dd_gazebo/install/dd_gazebo/share/dd_gazebo/src/px4_msgs/msg/VehicleAttitudeSetpoint.msg
[0.671s] -- Installing: /home/brc/DD_Nav_WS/dd_gazebo_ws/dd_gazebo/install/dd_gazebo/share/dd_gazebo/src/px4_msgs/msg/Mission.msg
[0.671s] -- Installing: /home/brc/DD_Nav_WS/dd_gazebo_ws/dd_gazebo/install/dd_gazebo/share/dd_gazebo/src/px4_msgs/msg/TrajectoryBezier.msg
[0.671s] -- Installing: /home/brc/DD_Nav_WS/dd_gazebo_ws/dd_gazebo/install/dd_gazebo/share/dd_gazebo/src/px4_msgs/msg/GeofenceStatus.msg
[0.671s] -- Installing: /home/brc/DD_Nav_WS/dd_gazebo_ws/dd_gazebo/install/dd_gazebo/share/dd_gazebo/src/px4_msgs/msg/GpioConfig.msg
[0.671s] -- Installing: /home/brc/DD_Nav_WS/dd_gazebo_ws/dd_gazebo/install/dd_gazebo/share/dd_gazebo/src/px4_msgs/msg/SensorPreflightMag.msg
[0.671s] -- Installing: /home/brc/DD_Nav_WS/dd_gazebo_ws/dd_gazebo/install/dd_gazebo/share/dd_gazebo/src/px4_msgs/msg/EstimatorAidSource2d.msg
[0.671s] -- Installing: /home/brc/DD_Nav_WS/dd_gazebo_ws/dd_gazebo/install/dd_gazebo/share/dd_gazebo/src/px4_msgs/msg/GimbalManagerStatus.msg
[0.671s] -- Installing: /home/brc/DD_Nav_WS/dd_gazebo_ws/dd_gazebo/install/dd_gazebo/share/dd_gazebo/src/px4_msgs/msg/HoverThrustEstimate.msg
[0.671s] -- Installing: /home/brc/DD_Nav_WS/dd_gazebo_ws/dd_gazebo/install/dd_gazebo/share/dd_gazebo/src/px4_msgs/msg/Airspeed.msg
[0.671s] -- Installing: /home/brc/DD_Nav_WS/dd_gazebo_ws/dd_gazebo/install/dd_gazebo/share/dd_gazebo/src/px4_msgs/msg/LedControl.msg
[0.671s] -- Installing: /home/brc/DD_Nav_WS/dd_gazebo_ws/dd_gazebo/install/dd_gazebo/share/dd_gazebo/src/px4_msgs/msg/VehicleImu.msg
[0.671s] -- Installing: /home/brc/DD_Nav_WS/dd_gazebo_ws/dd_gazebo/install/dd_gazebo/share/dd_gazebo/src/px4_msgs/msg/OrbTest.msg
[0.671s] -- Installing: /home/brc/DD_Nav_WS/dd_gazebo_ws/dd_gazebo/install/dd_gazebo/share/dd_gazebo/src/px4_msgs/msg/FlightPhaseEstimation.msg
[0.671s] -- Installing: /home/brc/DD_Nav_WS/dd_gazebo_ws/dd_gazebo/install/dd_gazebo/share/dd_gazebo/src/px4_msgs/msg/FollowTarget.msg
[0.671s] -- Installing: /home/brc/DD_Nav_WS/dd_gazebo_ws/dd_gazebo/install/dd_gazebo/share/dd_gazebo/src/px4_msgs/msg/DebugVect.msg
[0.671s] -- Installing: /home/brc/DD_Nav_WS/dd_gazebo_ws/dd_gazebo/install/dd_gazebo/share/dd_gazebo/src/px4_msgs/msg/NormalizedUnsignedSetpoint.msg
[0.671s] -- Installing: /home/brc/DD_Nav_WS/dd_gazebo_ws/dd_gazebo/install/dd_gazebo/share/dd_gazebo/src/px4_msgs/msg/TaskStackInfo.msg
[0.672s] -- Installing: /home/brc/DD_Nav_WS/dd_gazebo_ws/dd_gazebo/install/dd_gazebo/share/dd_gazebo/src/px4_msgs/msg/GimbalManagerInformation.msg
[0.672s] -- Installing: /home/brc/DD_Nav_WS/dd_gazebo_ws/dd_gazebo/install/dd_gazebo/share/dd_gazebo/src/px4_msgs/msg/SensorBaro.msg
[0.672s] -- Installing: /home/brc/DD_Nav_WS/dd_gazebo_ws/dd_gazebo/install/dd_gazebo/share/dd_gazebo/src/px4_msgs/msg/PwmInput.msg
[0.672s] -- Installing: /home/brc/DD_Nav_WS/dd_gazebo_ws/dd_gazebo/install/dd_gazebo/share/dd_gazebo/src/px4_msgs/msg/SensorsStatus.msg
[0.672s] -- Installing: /home/brc/DD_Nav_WS/dd_gazebo_ws/dd_gazebo/install/dd_gazebo/share/dd_gazebo/src/px4_msgs/msg/GeofenceResult.msg
[0.672s] -- Installing: /home/brc/DD_Nav_WS/dd_gazebo_ws/dd_gazebo/install/dd_gazebo/share/dd_gazebo/src/px4_msgs/msg/GpioRequest.msg
[0.672s] -- Installing: /home/brc/DD_Nav_WS/dd_gazebo_ws/dd_gazebo/install/dd_gazebo/share/dd_gazebo/src/px4_msgs/msg/IridiumsbdStatus.msg
[0.672s] -- Installing: /home/brc/DD_Nav_WS/dd_gazebo_ws/dd_gazebo/install/dd_gazebo/share/dd_gazebo/src/px4_msgs/msg/GimbalManagerSetManualControl.msg
[0.672s] -- Installing: /home/brc/DD_Nav_WS/dd_gazebo_ws/dd_gazebo/install/dd_gazebo/share/dd_gazebo/src/px4_msgs/msg/EstimatorStatus.msg
[0.672s] -- Installing: /home/brc/DD_Nav_WS/dd_gazebo_ws/dd_gazebo/install/dd_gazebo/share/dd_gazebo/src/px4_msgs/msg/EscReport.msg
[0.672s] -- Installing: /home/brc/DD_Nav_WS/dd_gazebo_ws/dd_gazebo/install/dd_gazebo/share/dd_gazebo/src/px4_msgs/msg/EstimatorBias.msg
[0.672s] -- Installing: /home/brc/DD_Nav_WS/dd_gazebo_ws/dd_gazebo/install/dd_gazebo/share/dd_gazebo/src/px4_msgs/msg/TecsStatus.msg
[0.672s] -- Installing: /home/brc/DD_Nav_WS/dd_gazebo_ws/dd_gazebo/install/dd_gazebo/share/dd_gazebo/src/px4_msgs/msg/Buffer128.msg
[0.672s] -- Installing: /home/brc/DD_Nav_WS/dd_gazebo_ws/dd_gazebo/install/dd_gazebo/share/dd_gazebo/src/px4_msgs/msg/SensorGyroFifo.msg
[0.672s] -- Installing: /home/brc/DD_Nav_WS/dd_gazebo_ws/dd_gazebo/install/dd_gazebo/share/dd_gazebo/src/px4_msgs/msg/ActuatorOutputs.msg
[0.672s] -- Installing: /home/brc/DD_Nav_WS/dd_gazebo_ws/dd_gazebo/install/dd_gazebo/share/dd_gazebo/src/px4_msgs/msg/UlogStream.msg
[0.672s] -- Installing: /home/brc/DD_Nav_WS/dd_gazebo_ws/dd_gazebo/install/dd_gazebo/share/dd_gazebo/src/px4_msgs/msg/EstimatorStates.msg
[0.672s] -- Installing: /home/brc/DD_Nav_WS/dd_gazebo_ws/dd_gazebo/install/dd_gazebo/share/dd_gazebo/src/px4_msgs/msg/CanInterfaceStatus.msg
[0.672s] -- Installing: /home/brc/DD_Nav_WS/dd_gazebo_ws/dd_gazebo/install/dd_gazebo/share/dd_gazebo/src/px4_msgs/msg/OnboardComputerStatus.msg
[0.672s] -- Installing: /home/brc/DD_Nav_WS/dd_gazebo_ws/dd_gazebo/install/dd_gazebo/share/dd_gazebo/src/px4_msgs/msg/GimbalDeviceAttitudeStatus.msg
[0.672s] -- Installing: /home/brc/DD_Nav_WS/dd_gazebo_ws/dd_gazebo/install/dd_gazebo/share/dd_gazebo/src/px4_msgs/msg/ParameterResetRequest.msg
[0.672s] -- Installing: /home/brc/DD_Nav_WS/dd_gazebo_ws/dd_gazebo/install/dd_gazebo/share/dd_gazebo/src/px4_msgs/msg/CellularStatus.msg
[0.672s] -- Installing: /home/brc/DD_Nav_WS/dd_gazebo_ws/dd_gazebo/install/dd_gazebo/share/dd_gazebo/src/px4_msgs/msg/NpfgStatus.msg
[0.672s] -- Installing: /home/brc/DD_Nav_WS/dd_gazebo_ws/dd_gazebo/install/dd_gazebo/share/dd_gazebo/src/px4_msgs/msg/Gripper.msg
[0.672s] -- Installing: /home/brc/DD_Nav_WS/dd_gazebo_ws/dd_gazebo/install/dd_gazebo/share/dd_gazebo/src/px4_msgs/msg/EstimatorInnovations.msg
[0.672s] -- Installing: /home/brc/DD_Nav_WS/dd_gazebo_ws/dd_gazebo/install/dd_gazebo/share/dd_gazebo/src/px4_msgs/msg/DifferentialDriveSetpoint.msg
[0.673s] -- Installing: /home/brc/DD_Nav_WS/dd_gazebo_ws/dd_gazebo/install/dd_gazebo/share/dd_gazebo/src/px4_msgs/msg/OrbitStatus.msg
[0.673s] -- Installing: /home/brc/DD_Nav_WS/dd_gazebo_ws/dd_gazebo/install/dd_gazebo/share/dd_gazebo/src/px4_msgs/msg/Ping.msg
[0.673s] -- Installing: /home/brc/DD_Nav_WS/dd_gazebo_ws/dd_gazebo/install/dd_gazebo/share/dd_gazebo/src/px4_msgs/msg/SensorSelection.msg
[0.673s] -- Installing: /home/brc/DD_Nav_WS/dd_gazebo_ws/dd_gazebo/install/dd_gazebo/share/dd_gazebo/src/px4_msgs/msg/MissionResult.msg
[0.673s] -- Installing: /home/brc/DD_Nav_WS/dd_gazebo_ws/dd_gazebo/install/dd_gazebo/share/dd_gazebo/src/px4_msgs/msg/SatelliteInfo.msg
[0.673s] -- Installing: /home/brc/DD_Nav_WS/dd_gazebo_ws/dd_gazebo/install/dd_gazebo/share/dd_gazebo/src/px4_msgs/msg/RegisterExtComponentRequest.msg
[0.673s] -- Installing: /home/brc/DD_Nav_WS/dd_gazebo_ws/dd_gazebo/install/dd_gazebo/share/dd_gazebo/src/px4_msgs/msg/VehicleLandDetected.msg
[0.673s] -- Installing: /home/brc/DD_Nav_WS/dd_gazebo_ws/dd_gazebo/install/dd_gazebo/share/dd_gazebo/src/px4_msgs/msg/TrajectoryWaypoint.msg
[0.673s] -- Installing: /home/brc/DD_Nav_WS/dd_gazebo_ws/dd_gazebo/install/dd_gazebo/share/dd_gazebo/src/px4_msgs/msg/MagnetometerBiasEstimate.msg
[0.673s] -- Installing: /home/brc/DD_Nav_WS/dd_gazebo_ws/dd_gazebo/install/dd_gazebo/share/dd_gazebo/src/px4_msgs/msg/ActuatorServos.msg
[0.673s] -- Installing: /home/brc/DD_Nav_WS/dd_gazebo_ws/dd_gazebo/install/dd_gazebo/share/dd_gazebo/src/px4_msgs/msg/OrbTestLarge.msg
[0.673s] -- Installing: /home/brc/DD_Nav_WS/dd_gazebo_ws/dd_gazebo/install/dd_gazebo/share/dd_gazebo/src/px4_msgs/msg/VehicleOpticalFlowVel.msg
[0.673s] -- Installing: /home/brc/DD_Nav_WS/dd_gazebo_ws/dd_gazebo/install/dd_gazebo/share/dd_gazebo/src/px4_msgs/msg/VehicleAttitude.msg
[0.673s] -- Installing: /home/brc/DD_Nav_WS/dd_gazebo_ws/dd_gazebo/install/dd_gazebo/share/dd_gazebo/src/px4_msgs/msg/VehicleRatesSetpoint.msg
[0.674s] -- Installing: /home/brc/DD_Nav_WS/dd_gazebo_ws/dd_gazebo/install/dd_gazebo/share/dd_gazebo/src/px4_msgs/msg/RadioStatus.msg
[0.674s] -- Installing: /home/brc/DD_Nav_WS/dd_gazebo_ws/dd_gazebo/install/dd_gazebo/share/dd_gazebo/src/px4_msgs/msg/SensorOpticalFlow.msg
[0.674s] -- Installing: /home/brc/DD_Nav_WS/dd_gazebo_ws/dd_gazebo/install/dd_gazebo/share/dd_gazebo/src/px4_msgs/msg/EstimatorAidSource1d.msg
[0.674s] -- Installing: /home/brc/DD_Nav_WS/dd_gazebo_ws/dd_gazebo/install/dd_gazebo/share/dd_gazebo/src/px4_msgs/msg/PositionControllerLandingStatus.msg
[0.674s] -- Installing: /home/brc/DD_Nav_WS/dd_gazebo_ws/dd_gazebo/install/dd_gazebo/share/dd_gazebo/src/px4_msgs/msg/BatteryStatus.msg
[0.674s] -- Installing: /home/brc/DD_Nav_WS/dd_gazebo_ws/dd_gazebo/install/dd_gazebo/share/dd_gazebo/src/px4_msgs/msg/QshellRetval.msg
[0.674s] -- Installing: /home/brc/DD_Nav_WS/dd_gazebo_ws/dd_gazebo/install/dd_gazebo/share/dd_gazebo/src/px4_msgs/msg/VehicleCommandAck.msg
[0.674s] -- Installing: /home/brc/DD_Nav_WS/dd_gazebo_ws/dd_gazebo/install/dd_gazebo/share/dd_gazebo/src/px4_msgs/msg/MessageFormatRequest.msg
[0.674s] -- Installing: /home/brc/DD_Nav_WS/dd_gazebo_ws/dd_gazebo/install/dd_gazebo/share/dd_gazebo/src/px4_msgs/msg/GimbalManagerSetAttitude.msg
[0.674s] -- Installing: /home/brc/DD_Nav_WS/dd_gazebo_ws/dd_gazebo/install/dd_gazebo/share/dd_gazebo/src/px4_msgs/msg/TuneControl.msg
[0.674s] -- Installing: /home/brc/DD_Nav_WS/dd_gazebo_ws/dd_gazebo/install/dd_gazebo/share/dd_gazebo/src/px4_msgs/msg/NavigatorMissionItem.msg
[0.674s] -- Installing: /home/brc/DD_Nav_WS/dd_gazebo_ws/dd_gazebo/install/dd_gazebo/share/dd_gazebo/src/px4_msgs/msg/ActuatorTest.msg
[0.674s] -- Installing: /home/brc/DD_Nav_WS/dd_gazebo_ws/dd_gazebo/install/dd_gazebo/share/dd_gazebo/src/px4_msgs/msg/VehicleOdometry.msg
[0.674s] -- Installing: /home/brc/DD_Nav_WS/dd_gazebo_ws/dd_gazebo/install/dd_gazebo/share/dd_gazebo/src/px4_msgs/msg/CollisionConstraints.msg
[0.674s] -- Installing: /home/brc/DD_Nav_WS/dd_gazebo_ws/dd_gazebo/install/dd_gazebo/share/dd_gazebo/src/px4_msgs/msg/PositionSetpoint.msg
[0.674s] -- Installing: /home/brc/DD_Nav_WS/dd_gazebo_ws/dd_gazebo/install/dd_gazebo/share/dd_gazebo/src/px4_msgs/msg/VehicleTrajectoryBezier.msg
[0.674s] -- Installing: /home/brc/DD_Nav_WS/dd_gazebo_ws/dd_gazebo/install/dd_gazebo/share/dd_gazebo/src/px4_msgs/msg/CameraStatus.msg
[0.674s] -- Installing: /home/brc/DD_Nav_WS/dd_gazebo_ws/dd_gazebo/install/dd_gazebo/share/dd_gazebo/src/px4_msgs/msg/SensorAccelFifo.msg
[0.674s] -- Installing: /home/brc/DD_Nav_WS/dd_gazebo_ws/dd_gazebo/install/dd_gazebo/share/dd_gazebo/src/px4_msgs/msg/VehicleLocalPosition.msg
[0.674s] -- Installing: /home/brc/DD_Nav_WS/dd_gazebo_ws/dd_gazebo/install/dd_gazebo/share/dd_gazebo/src/px4_msgs/msg/Rpm.msg
[0.674s] -- Installing: /home/brc/DD_Nav_WS/dd_gazebo_ws/dd_gazebo/install/dd_gazebo/share/dd_gazebo/src/px4_msgs/msg/RcParameterMap.msg
[0.674s] -- Installing: /home/brc/DD_Nav_WS/dd_gazebo_ws/dd_gazebo/install/dd_gazebo/share/dd_gazebo/src/px4_msgs/msg/ActionRequest.msg
[0.675s] -- Installing: /home/brc/DD_Nav_WS/dd_gazebo_ws/dd_gazebo/install/dd_gazebo/share/dd_gazebo/src/px4_msgs/msg/VehicleMagnetometer.msg
[0.675s] -- Installing: /home/brc/DD_Nav_WS/dd_gazebo_ws/dd_gazebo/install/dd_gazebo/share/dd_gazebo/src/px4_msgs/msg/GotoSetpoint.msg
[0.675s] -- Installing: /home/brc/DD_Nav_WS/dd_gazebo_ws/dd_gazebo/install/dd_gazebo/share/dd_gazebo/src/px4_msgs/msg/ArmingCheckRequest.msg
[0.675s] -- Installing: /home/brc/DD_Nav_WS/dd_gazebo_ws/dd_gazebo/install/dd_gazebo/share/dd_gazebo/src/px4_msgs/msg/ParameterSetUsedRequest.msg
[0.675s] -- Installing: /home/brc/DD_Nav_WS/dd_gazebo_ws/dd_gazebo/install/dd_gazebo/share/dd_gazebo/src/px4_msgs/msg/AirspeedValidated.msg
[0.675s] -- Installing: /home/brc/DD_Nav_WS/dd_gazebo_ws/dd_gazebo/install/dd_gazebo/share/dd_gazebo/src/px4_msgs/msg/VehicleGlobalPosition.msg
[0.675s] -- Installing: /home/brc/DD_Nav_WS/dd_gazebo_ws/dd_gazebo/install/dd_gazebo/share/dd_gazebo/src/px4_msgs/msg/SensorGyroFft.msg
[0.675s] -- Installing: /home/brc/DD_Nav_WS/dd_gazebo_ws/dd_gazebo/install/dd_gazebo/share/dd_gazebo/src/px4_msgs/msg/VehicleLocalPositionSetpoint.msg
[0.675s] -- Installing: /home/brc/DD_Nav_WS/dd_gazebo_ws/dd_gazebo/install/dd_gazebo/share/dd_gazebo/src/px4_msgs/msg/UavcanParameterRequest.msg
[0.675s] -- Installing: /home/brc/DD_Nav_WS/dd_gazebo_ws/dd_gazebo/install/dd_gazebo/share/dd_gazebo/src/px4_msgs/msg/EstimatorSensorBias.msg
[0.675s] -- Installing: /home/brc/DD_Nav_WS/dd_gazebo_ws/dd_gazebo/install/dd_gazebo/share/dd_gazebo/src/px4_msgs/msg/EstimatorGpsStatus.msg
[0.675s] -- Installing: /home/brc/DD_Nav_WS/dd_gazebo_ws/dd_gazebo/install/dd_gazebo/share/dd_gazebo/src/px4_msgs/msg/SensorUwb.msg
[0.675s] -- Installing: /home/brc/DD_Nav_WS/dd_gazebo_ws/dd_gazebo/install/dd_gazebo/share/dd_gazebo/src/px4_msgs/msg/IrlockReport.msg
[0.675s] -- Installing: /home/brc/DD_Nav_WS/dd_gazebo_ws/dd_gazebo/install/dd_gazebo/share/dd_gazebo/src/px4_msgs/msg/AdcReport.msg
[0.675s] -- Installing: /home/brc/DD_Nav_WS/dd_gazebo_ws/dd_gazebo/install/dd_gazebo/share/dd_gazebo/src/px4_msgs/msg/DebugKeyValue.msg
[0.675s] -- Installing: /home/brc/DD_Nav_WS/dd_gazebo_ws/dd_gazebo/install/dd_gazebo/share/dd_gazebo/src/px4_msgs/msg/LandingGearWheel.msg
[0.675s] -- Installing: /home/brc/DD_Nav_WS/dd_gazebo_ws/dd_gazebo/install/dd_gazebo/share/dd_gazebo/src/px4_msgs/msg/VehicleControlMode.msg
[0.675s] -- Installing: /home/brc/DD_Nav_WS/dd_gazebo_ws/dd_gazebo/install/dd_gazebo/share/dd_gazebo/src/px4_msgs/msg/Event.msg
[0.675s] -- Installing: /home/brc/DD_Nav_WS/dd_gazebo_ws/dd_gazebo/install/dd_gazebo/share/dd_gazebo/src/px4_msgs/msg/InternalCombustionEngineStatus.msg
[0.675s] -- Installing: /home/brc/DD_Nav_WS/dd_gazebo_ws/dd_gazebo/install/dd_gazebo/share/dd_gazebo/src/px4_msgs/msg/AirspeedWind.msg
[0.675s] -- Installing: /home/brc/DD_Nav_WS/dd_gazebo_ws/dd_gazebo/install/dd_gazebo/share/dd_gazebo/src/px4_msgs/msg/ArmingCheckReply.msg
[0.675s] -- Installing: /home/brc/DD_Nav_WS/dd_gazebo_ws/dd_gazebo/install/dd_gazebo/share/dd_gazebo/src/px4_msgs/msg/EstimatorSelectorStatus.msg
[0.675s] -- Installing: /home/brc/DD_Nav_WS/dd_gazebo_ws/dd_gazebo/install/dd_gazebo/share/dd_gazebo/src/px4_msgs/msg/SensorAirflow.msg
[0.676s] -- Installing: /home/brc/DD_Nav_WS/dd_gazebo_ws/dd_gazebo/install/dd_gazebo/share/dd_gazebo/src/px4_msgs/msg/SensorGnssRelative.msg
[0.676s] -- Installing: /home/brc/DD_Nav_WS/dd_gazebo_ws/dd_gazebo/install/dd_gazebo/share/dd_gazebo/src/px4_msgs/msg/RtlStatus.msg
[0.676s] -- Installing: /home/brc/DD_Nav_WS/dd_gazebo_ws/dd_gazebo/install/dd_gazebo/share/dd_gazebo/src/px4_msgs/msg/SensorCorrection.msg
[0.676s] -- Installing: /home/brc/DD_Nav_WS/dd_gazebo_ws/dd_gazebo/install/dd_gazebo/share/dd_gazebo/src/px4_msgs/msg/MessageFormatResponse.msg
[0.676s] -- Installing: /home/brc/DD_Nav_WS/dd_gazebo_ws/dd_gazebo/install/dd_gazebo/share/dd_gazebo/src/px4_msgs/msg/PowerMonitor.msg
[0.676s] -- Installing: /home/brc/DD_Nav_WS/dd_gazebo_ws/dd_gazebo/install/dd_gazebo/share/dd_gazebo/src/px4_msgs/msg/VehicleAngularVelocity.msg
[0.676s] -- Installing: /home/brc/DD_Nav_WS/dd_gazebo_ws/dd_gazebo/install/dd_gazebo/share/dd_gazebo/src/px4_msgs/msg/SensorCombined.msg
[0.676s] -- Installing: /home/brc/DD_Nav_WS/dd_gazebo_ws/dd_gazebo/install/dd_gazebo/share/dd_gazebo/src/px4_msgs/msg/MountOrientation.msg
[0.676s] -- Installing: /home/brc/DD_Nav_WS/dd_gazebo_ws/dd_gazebo/install/dd_gazebo/share/dd_gazebo/src/px4_msgs/msg/TrajectorySetpoint.msg
[0.676s] -- Installing: /home/brc/DD_Nav_WS/dd_gazebo_ws/dd_gazebo/install/dd_gazebo/share/dd_gazebo/src/px4_msgs/msg/FigureEightStatus.msg
[0.676s] -- Installing: /home/brc/DD_Nav_WS/dd_gazebo_ws/dd_gazebo/install/dd_gazebo/share/dd_gazebo/src/px4_msgs/msg/GimbalDeviceSetAttitude.msg
[0.676s] -- Installing: /home/brc/DD_Nav_WS/dd_gazebo_ws/dd_gazebo/install/dd_gazebo/share/dd_gazebo/src/px4_msgs/msg/VehicleTorqueSetpoint.msg
[0.676s] -- Installing: /home/brc/DD_Nav_WS/dd_gazebo_ws/dd_gazebo/install/dd_gazebo/share/dd_gazebo/src/px4_msgs/msg/DebugArray.msg
[0.676s] -- Installing: /home/brc/DD_Nav_WS/dd_gazebo_ws/dd_gazebo/install/dd_gazebo/share/dd_gazebo/src/px4_msgs/msg/RateCtrlStatus.msg
[0.676s] -- Installing: /home/brc/DD_Nav_WS/dd_gazebo_ws/dd_gazebo/install/dd_gazebo/share/dd_gazebo/src/px4_msgs/msg/VehicleOpticalFlow.msg
[0.676s] -- Installing: /home/brc/DD_Nav_WS/dd_gazebo_ws/dd_gazebo/install/dd_gazebo/share/dd_gazebo/src/px4_msgs/msg/SensorAccel.msg
[0.676s] -- Installing: /home/brc/DD_Nav_WS/dd_gazebo_ws/dd_gazebo/install/dd_gazebo/share/dd_gazebo/src/px4_msgs/msg/FailsafeFlags.msg
[0.676s] -- Installing: /home/brc/DD_Nav_WS/dd_gazebo_ws/dd_gazebo/install/dd_gazebo/share/dd_gazebo/src/px4_msgs/msg/CameraCapture.msg
[0.676s] -- Installing: /home/brc/DD_Nav_WS/dd_gazebo_ws/dd_gazebo/install/dd_gazebo/share/dd_gazebo/src/px4_msgs/msg/DebugValue.msg
[0.676s] -- Installing: /home/brc/DD_Nav_WS/dd_gazebo_ws/dd_gazebo/install/dd_gazebo/share/dd_gazebo/src/px4_msgs/msg/ModeCompleted.msg
[0.677s] -- Installing: /home/brc/DD_Nav_WS/dd_gazebo_ws/dd_gazebo/install/dd_gazebo/share/dd_gazebo/src/px4_msgs/msg/VehicleRoi.msg
[0.677s] -- Installing: /home/brc/DD_Nav_WS/dd_gazebo_ws/dd_gazebo/install/dd_gazebo/share/dd_gazebo/src/px4_msgs/msg/GpioIn.msg
[0.677s] -- Installing: /home/brc/DD_Nav_WS/dd_gazebo_ws/dd_gazebo/install/dd_gazebo/share/dd_gazebo/src/px4_msgs/srv
[0.677s] -- Installing: /home/brc/DD_Nav_WS/dd_gazebo_ws/dd_gazebo/install/dd_gazebo/share/dd_gazebo/src/px4_msgs/srv/VehicleCommand.srv
[0.677s] -- Installing: /home/brc/DD_Nav_WS/dd_gazebo_ws/dd_gazebo/install/dd_gazebo/share/dd_gazebo/launch
[0.677s] -- Installing: /home/brc/DD_Nav_WS/dd_gazebo_ws/dd_gazebo/install/dd_gazebo/share/dd_gazebo/launch/navigation.launch.py
[0.677s] -- Installing: /home/brc/DD_Nav_WS/dd_gazebo_ws/dd_gazebo/install/dd_gazebo/share/dd_gazebo/launch/simulation.launch.py
[0.677s] -- Installing: /home/brc/DD_Nav_WS/dd_gazebo_ws/dd_gazebo/install/dd_gazebo/share/dd_gazebo/rviz
[0.677s] -- Installing: /home/brc/DD_Nav_WS/dd_gazebo_ws/dd_gazebo/install/dd_gazebo/share/dd_gazebo/rviz/drone_sim_config.rviz
[0.677s] -- Installing: /home/brc/DD_Nav_WS/dd_gazebo_ws/dd_gazebo/install/dd_gazebo/share/dd_gazebo/config
[0.677s] -- Installing: /home/brc/DD_Nav_WS/dd_gazebo_ws/dd_gazebo/install/dd_gazebo/share/dd_gazebo/config/nav2_params.yaml
[0.677s] -- Installing: /home/brc/DD_Nav_WS/dd_gazebo_ws/dd_gazebo/install/dd_gazebo/share/dd_gazebo/config/ekf.yaml
[0.677s] -- Installing: /home/brc/DD_Nav_WS/dd_gazebo_ws/dd_gazebo/install/dd_gazebo/share/dd_gazebo/worlds
[0.677s] -- Installing: /home/brc/DD_Nav_WS/dd_gazebo_ws/dd_gazebo/install/dd_gazebo/share/dd_gazebo/worlds/test_world.dae
[0.694s] -- Installing: /home/brc/DD_Nav_WS/dd_gazebo_ws/dd_gazebo/install/dd_gazebo/share/dd_gazebo/worlds/my_world.world
[0.694s] -- Installing: /home/brc/DD_Nav_WS/dd_gazebo_ws/dd_gazebo/install/dd_gazebo/share/dd_gazebo/worlds/simple_world.sdf
[0.696s] Invoked command in '/home/brc/DD_Nav_WS/dd_gazebo_ws/dd_gazebo/build/dd_gazebo' returned '0': CMAKE_PREFIX_PATH=/opt/ros/humble /usr/bin/cmake --install /home/brc/DD_Nav_WS/dd_gazebo_ws/dd_gazebo/build/dd_gazebo
