[0.037s] Invoking command in '/home/brc/DD_Nav_WS/dd_gazebo_ws/build/dd_gazebo': CMAKE_PREFIX_PATH=${CMAKE_PREFIX_PATH}:/home/brc/DD_Nav_WS/dd_gazebo_ws/install/px4_offboard:/opt/ros/humble /usr/bin/cmake --build /home/brc/DD_Nav_WS/dd_gazebo_ws/build/dd_gazebo -- -j8 -l8
[0.063s] Invoked command in '/home/brc/DD_Nav_WS/dd_gazebo_ws/build/dd_gazebo' returned '0': CMAKE_PREFIX_PATH=${CMAKE_PREFIX_PATH}:/home/brc/DD_Nav_WS/dd_gazebo_ws/install/px4_offboard:/opt/ros/humble /usr/bin/cmake --build /home/brc/DD_Nav_WS/dd_gazebo_ws/build/dd_gazebo -- -j8 -l8
[0.082s] Invoking command in '/home/brc/DD_Nav_WS/dd_gazebo_ws/build/dd_gazebo': CMAKE_PREFIX_PATH=${CMAKE_PREFIX_PATH}:/home/brc/DD_Nav_WS/dd_gazebo_ws/install/px4_offboard:/opt/ros/humble /usr/bin/cmake --install /home/brc/DD_Nav_WS/dd_gazebo_ws/build/dd_gazebo
[0.087s] -- Install configuration: ""
[0.087s] -- Up-to-date: /home/brc/DD_Nav_WS/dd_gazebo_ws/install/dd_gazebo/share/ament_index/resource_index/package_run_dependencies/dd_gazebo
[0.087s] -- Up-to-date: /home/brc/DD_Nav_WS/dd_gazebo_ws/install/dd_gazebo/share/ament_index/resource_index/parent_prefix_path/dd_gazebo
[0.087s] -- Up-to-date: /home/brc/DD_Nav_WS/dd_gazebo_ws/install/dd_gazebo/share/dd_gazebo/environment/ament_prefix_path.sh
[0.087s] -- Up-to-date: /home/brc/DD_Nav_WS/dd_gazebo_ws/install/dd_gazebo/share/dd_gazebo/environment/ament_prefix_path.dsv
[0.088s] -- Up-to-date: /home/brc/DD_Nav_WS/dd_gazebo_ws/install/dd_gazebo/share/dd_gazebo/environment/path.sh
[0.088s] -- Up-to-date: /home/brc/DD_Nav_WS/dd_gazebo_ws/install/dd_gazebo/share/dd_gazebo/environment/path.dsv
[0.088s] -- Up-to-date: /home/brc/DD_Nav_WS/dd_gazebo_ws/install/dd_gazebo/share/dd_gazebo/local_setup.bash
[0.088s] -- Up-to-date: /home/brc/DD_Nav_WS/dd_gazebo_ws/install/dd_gazebo/share/dd_gazebo/local_setup.sh
[0.088s] -- Up-to-date: /home/brc/DD_Nav_WS/dd_gazebo_ws/install/dd_gazebo/share/dd_gazebo/local_setup.zsh
[0.088s] -- Up-to-date: /home/brc/DD_Nav_WS/dd_gazebo_ws/install/dd_gazebo/share/dd_gazebo/local_setup.dsv
[0.088s] -- Installing: /home/brc/DD_Nav_WS/dd_gazebo_ws/install/dd_gazebo/share/dd_gazebo/package.dsv
[0.088s] -- Up-to-date: /home/brc/DD_Nav_WS/dd_gazebo_ws/install/dd_gazebo/share/ament_index/resource_index/packages/dd_gazebo
[0.088s] -- Up-to-date: /home/brc/DD_Nav_WS/dd_gazebo_ws/install/dd_gazebo/share/dd_gazebo/cmake/dd_gazeboConfig.cmake
[0.088s] -- Up-to-date: /home/brc/DD_Nav_WS/dd_gazebo_ws/install/dd_gazebo/share/dd_gazebo/cmake/dd_gazeboConfig-version.cmake
[0.088s] -- Up-to-date: /home/brc/DD_Nav_WS/dd_gazebo_ws/install/dd_gazebo/share/dd_gazebo/package.xml
[0.088s] -- Up-to-date: /home/brc/DD_Nav_WS/dd_gazebo_ws/install/dd_gazebo/share/dd_gazebo/src
[0.088s] -- Up-to-date: /home/brc/DD_Nav_WS/dd_gazebo_ws/install/dd_gazebo/share/dd_gazebo/src/main.cpp
[0.088s] -- Up-to-date: /home/brc/DD_Nav_WS/dd_gazebo_ws/install/dd_gazebo/share/dd_gazebo/launch
[0.088s] -- Up-to-date: /home/brc/DD_Nav_WS/dd_gazebo_ws/install/dd_gazebo/share/dd_gazebo/launch/navigation.launch.py
[0.088s] -- Up-to-date: /home/brc/DD_Nav_WS/dd_gazebo_ws/install/dd_gazebo/share/dd_gazebo/launch/simulation.launch.py
[0.088s] -- Up-to-date: /home/brc/DD_Nav_WS/dd_gazebo_ws/install/dd_gazebo/share/dd_gazebo/rviz
[0.088s] -- Up-to-date: /home/brc/DD_Nav_WS/dd_gazebo_ws/install/dd_gazebo/share/dd_gazebo/rviz/drone_sim_config.rviz
[0.088s] -- Up-to-date: /home/brc/DD_Nav_WS/dd_gazebo_ws/install/dd_gazebo/share/dd_gazebo/config
[0.088s] -- Up-to-date: /home/brc/DD_Nav_WS/dd_gazebo_ws/install/dd_gazebo/share/dd_gazebo/config/nav2_params.yaml
[0.088s] -- Up-to-date: /home/brc/DD_Nav_WS/dd_gazebo_ws/install/dd_gazebo/share/dd_gazebo/config/ekf.yaml
[0.088s] -- Up-to-date: /home/brc/DD_Nav_WS/dd_gazebo_ws/install/dd_gazebo/share/dd_gazebo/worlds
[0.088s] -- Up-to-date: /home/brc/DD_Nav_WS/dd_gazebo_ws/install/dd_gazebo/share/dd_gazebo/worlds/test_world.dae
[0.088s] -- Up-to-date: /home/brc/DD_Nav_WS/dd_gazebo_ws/install/dd_gazebo/share/dd_gazebo/worlds/my_world.world
[0.088s] -- Up-to-date: /home/brc/DD_Nav_WS/dd_gazebo_ws/install/dd_gazebo/share/dd_gazebo/worlds/simple_world.sdf
[0.088s] -- Up-to-date: /home/brc/DD_Nav_WS/dd_gazebo_ws/install/dd_gazebo/share/dd_gazebo/worlds/ksql_airport.world
[0.088s] -- Up-to-date: /home/brc/DD_Nav_WS/dd_gazebo_ws/install/dd_gazebo/share/dd_gazebo/description
[0.088s] -- Up-to-date: /home/brc/DD_Nav_WS/dd_gazebo_ws/install/dd_gazebo/share/dd_gazebo/description/meshes
[0.088s] -- Up-to-date: /home/brc/DD_Nav_WS/dd_gazebo_ws/install/dd_gazebo/share/dd_gazebo/description/meshes/cgo3_vertical_arm_remeshed_v1.stl
[0.089s] -- Up-to-date: /home/brc/DD_Nav_WS/dd_gazebo_ws/install/dd_gazebo/share/dd_gazebo/description/meshes/leg1_remeshed_v3.stl
[0.089s] -- Up-to-date: /home/brc/DD_Nav_WS/dd_gazebo_ws/install/dd_gazebo/share/dd_gazebo/description/meshes/cgo3_horizontal_arm_remeshed_v1.stl
[0.089s] -- Up-to-date: /home/brc/DD_Nav_WS/dd_gazebo_ws/install/dd_gazebo/share/dd_gazebo/description/meshes/cgo3_mount_remeshed_v1.stl
[0.089s] -- Up-to-date: /home/brc/DD_Nav_WS/dd_gazebo_ws/install/dd_gazebo/share/dd_gazebo/description/meshes/prop_cw_assembly_remeshed_v3.stl
[0.089s] -- Up-to-date: /home/brc/DD_Nav_WS/dd_gazebo_ws/install/dd_gazebo/share/dd_gazebo/description/meshes/prop_ccw_assembly_remeshed_v3.stl
[0.089s] -- Up-to-date: /home/brc/DD_Nav_WS/dd_gazebo_ws/install/dd_gazebo/share/dd_gazebo/description/meshes/main_body_remeshed_v3.stl
[0.089s] -- Up-to-date: /home/brc/DD_Nav_WS/dd_gazebo_ws/install/dd_gazebo/share/dd_gazebo/description/meshes/leg2_remeshed_v3.stl
[0.089s] -- Up-to-date: /home/brc/DD_Nav_WS/dd_gazebo_ws/install/dd_gazebo/share/dd_gazebo/description/meshes/prop_guard_jybhz.stl
[0.089s] -- Up-to-date: /home/brc/DD_Nav_WS/dd_gazebo_ws/install/dd_gazebo/share/dd_gazebo/description/meshes/cgo3_camera_remeshed_v1.stl
[0.089s] -- Up-to-date: /home/brc/DD_Nav_WS/dd_gazebo_ws/install/dd_gazebo/share/dd_gazebo/description/drone_description.urdf
[0.089s] -- Up-to-date: /home/brc/DD_Nav_WS/dd_gazebo_ws/install/dd_gazebo/share/dd_gazebo/description/drone_model.urdf
[0.089s] Invoked command in '/home/brc/DD_Nav_WS/dd_gazebo_ws/build/dd_gazebo' returned '0': CMAKE_PREFIX_PATH=${CMAKE_PREFIX_PATH}:/home/brc/DD_Nav_WS/dd_gazebo_ws/install/px4_offboard:/opt/ros/humble /usr/bin/cmake --install /home/brc/DD_Nav_WS/dd_gazebo_ws/build/dd_gazebo
