[0.637s] Invoking command in '/home/brc/DD_Nav_WS/dd_gazebo_ws/src/px4_offboard': AMENT_PREFIX_PATH=/home/brc/DD_Nav_WS/dd_gazebo_ws/install/px4_msgs:${AMENT_PREFIX_PATH} CMAKE_PREFIX_PATH=/home/brc/DD_Nav_WS/dd_gazebo_ws/install/px4_msgs LD_LIBRARY_PATH=/home/brc/DD_Nav_WS/dd_gazebo_ws/install/px4_msgs/lib:${LD_LIBRARY_PATH} PYTHONPATH=/home/brc/DD_Nav_WS/dd_gazebo_ws/build/px4_offboard/prefix_override:/home/brc/DD_Nav_WS/dd_gazebo_ws/install/px4_offboard/lib/python3.10/site-packages:/home/brc/DD_Nav_WS/dd_gazebo_ws/install/px4_msgs/local/lib/python3.10/dist-packages:${PYTHONPATH} /usr/bin/python3 setup.py egg_info --egg-base ../../build/px4_offboard build --build-base /home/brc/DD_Nav_WS/dd_gazebo_ws/build/px4_offboard/build install --record /home/brc/DD_Nav_WS/dd_gazebo_ws/build/px4_offboard/install.log --single-version-externally-managed
[0.770s] running egg_info
[0.778s] writing ../../build/px4_offboard/px4_offboard.egg-info/PKG-INFO
[0.780s] writing dependency_links to ../../build/px4_offboard/px4_offboard.egg-info/dependency_links.txt
[0.780s] writing entry points to ../../build/px4_offboard/px4_offboard.egg-info/entry_points.txt
[0.780s] writing requirements to ../../build/px4_offboard/px4_offboard.egg-info/requires.txt
[0.780s] writing top-level names to ../../build/px4_offboard/px4_offboard.egg-info/top_level.txt
[0.800s] reading manifest file '../../build/px4_offboard/px4_offboard.egg-info/SOURCES.txt'
[0.800s] adding license file 'LICENSE'
[0.802s] writing manifest file '../../build/px4_offboard/px4_offboard.egg-info/SOURCES.txt'
[0.802s] running build
[0.802s] running build_py
[0.802s] copying px4_offboard/control.py -> /home/brc/DD_Nav_WS/dd_gazebo_ws/build/px4_offboard/build/lib/px4_offboard
[0.802s] copying px4_offboard/velocity_control.py -> /home/brc/DD_Nav_WS/dd_gazebo_ws/build/px4_offboard/build/lib/px4_offboard
[0.803s] copying px4_offboard/processes.py -> /home/brc/DD_Nav_WS/dd_gazebo_ws/build/px4_offboard/build/lib/px4_offboard
[0.803s] copying px4_offboard/__init__.py -> /home/brc/DD_Nav_WS/dd_gazebo_ws/build/px4_offboard/build/lib/px4_offboard
[0.803s] copying px4_offboard/visualizer.py -> /home/brc/DD_Nav_WS/dd_gazebo_ws/build/px4_offboard/build/lib/px4_offboard
[0.804s] running install
[0.804s] /home/brc/.local/lib/python3.10/site-packages/setuptools/_distutils/cmd.py:66: SetuptoolsDeprecationWarning: setup.py install is deprecated.
[0.805s] !!
[0.805s] 
[0.805s]         ********************************************************************************
[0.805s]         Please avoid running ``setup.py`` directly.
[0.805s]         Instead, use pypa/build, pypa/installer or other
[0.805s]         standards-based tools.
[0.805s] 
[0.805s]         See https://blog.ganssle.io/articles/2021/10/setup-py-deprecated.html for details.
[0.805s]         ********************************************************************************
[0.805s] 
[0.805s] !!
[0.805s]   self.initialize_options()
[0.809s] running install_lib
[0.819s] running install_data
[0.827s] copying resource/px4_offboard -> /home/brc/DD_Nav_WS/dd_gazebo_ws/install/px4_offboard/share/ament_index/resource_index/packages
[0.827s] copying resource/visualize.rviz -> /home/brc/DD_Nav_WS/dd_gazebo_ws/install/px4_offboard/share/ament_index/resource_index/packages
[0.827s] copying package.xml -> /home/brc/DD_Nav_WS/dd_gazebo_ws/install/px4_offboard/share/px4_offboard
[0.827s] copying launch/offboard_velocity_control.launch.py -> /home/brc/DD_Nav_WS/dd_gazebo_ws/install/px4_offboard/share/px4_offboard
[0.827s] copying resource/visualize.rviz -> /home/brc/DD_Nav_WS/dd_gazebo_ws/install/px4_offboard/share/px4_offboard
[0.828s] copying resource/drone_sim_config.rviz -> /home/brc/DD_Nav_WS/dd_gazebo_ws/install/px4_offboard/share/px4_offboard
[0.828s] running install_egg_info
[0.841s] removing '/home/brc/DD_Nav_WS/dd_gazebo_ws/install/px4_offboard/lib/python3.10/site-packages/px4_offboard-0.0.0-py3.10.egg-info' (and everything under it)
[0.842s] Copying ../../build/px4_offboard/px4_offboard.egg-info to /home/brc/DD_Nav_WS/dd_gazebo_ws/install/px4_offboard/lib/python3.10/site-packages/px4_offboard-0.0.0-py3.10.egg-info
[0.842s] running install_scripts
[0.927s] Installing control script to /home/brc/DD_Nav_WS/dd_gazebo_ws/install/px4_offboard/lib/px4_offboard
[0.927s] Installing offboard_control script to /home/brc/DD_Nav_WS/dd_gazebo_ws/install/px4_offboard/lib/px4_offboard
[0.927s] Installing processes script to /home/brc/DD_Nav_WS/dd_gazebo_ws/install/px4_offboard/lib/px4_offboard
[0.927s] Installing velocity_control script to /home/brc/DD_Nav_WS/dd_gazebo_ws/install/px4_offboard/lib/px4_offboard
[0.927s] Installing visualizer script to /home/brc/DD_Nav_WS/dd_gazebo_ws/install/px4_offboard/lib/px4_offboard
[0.927s] writing list of installed files to '/home/brc/DD_Nav_WS/dd_gazebo_ws/build/px4_offboard/install.log'
[0.965s] Invoked command in '/home/brc/DD_Nav_WS/dd_gazebo_ws/src/px4_offboard' returned '0': AMENT_PREFIX_PATH=/home/brc/DD_Nav_WS/dd_gazebo_ws/install/px4_msgs:${AMENT_PREFIX_PATH} CMAKE_PREFIX_PATH=/home/brc/DD_Nav_WS/dd_gazebo_ws/install/px4_msgs LD_LIBRARY_PATH=/home/brc/DD_Nav_WS/dd_gazebo_ws/install/px4_msgs/lib:${LD_LIBRARY_PATH} PYTHONPATH=/home/brc/DD_Nav_WS/dd_gazebo_ws/build/px4_offboard/prefix_override:/home/brc/DD_Nav_WS/dd_gazebo_ws/install/px4_offboard/lib/python3.10/site-packages:/home/brc/DD_Nav_WS/dd_gazebo_ws/install/px4_msgs/local/lib/python3.10/dist-packages:${PYTHONPATH} /usr/bin/python3 setup.py egg_info --egg-base ../../build/px4_offboard build --build-base /home/brc/DD_Nav_WS/dd_gazebo_ws/build/px4_offboard/build install --record /home/brc/DD_Nav_WS/dd_gazebo_ws/build/px4_offboard/install.log --single-version-externally-managed
