[2.798s] DEBUG:colcon:Command line arguments: ['/usr/bin/colcon', 'build']
[2.799s] DEBUG:colcon:Parsed command line arguments: Namespace(log_base=None, log_level=None, verb_name='build', build_base='build', install_base='install', merge_install=False, symlink_install=False, test_result_base=None, continue_on_error=False, executor='parallel', parallel_workers=16, event_handlers=None, ignore_user_meta=False, metas=['./colcon.meta'], base_paths=['.'], packages_ignore=None, packages_ignore_regex=None, paths=None, packages_up_to=None, packages_up_to_regex=None, packages_above=None, packages_above_and_dependencies=None, packages_above_depth=None, packages_select_by_dep=None, packages_skip_by_dep=None, packages_skip_up_to=None, packages_select_build_failed=False, packages_skip_build_finished=False, packages_select_test_failures=False, packages_skip_test_passed=False, packages_select=None, packages_skip=None, packages_select_regex=None, packages_skip_regex=None, packages_start=None, packages_end=None, allow_overriding=[], cmake_args=None, cmake_target=None, cmake_target_skip_unavailable=False, cmake_clean_cache=False, cmake_clean_first=False, cmake_force_configure=False, ament_cmake_args=None, catkin_cmake_args=None, catkin_skip_building_tests=False, verb_parser=<colcon_defaults.argument_parser.defaults.DefaultArgumentsDecorator object at 0x7fbe111b3730>, verb_extension=<colcon_core.verb.build.BuildVerb object at 0x7fbe1168b910>, main=<bound method BuildVerb.main of <colcon_core.verb.build.BuildVerb object at 0x7fbe1168b910>>)
[2.933s] Level 1:colcon.colcon_core.package_discovery:discover_packages(colcon_meta) check parameters
[2.933s] Level 1:colcon.colcon_core.package_discovery:discover_packages(recursive) check parameters
[2.933s] Level 1:colcon.colcon_core.package_discovery:discover_packages(ignore) check parameters
[2.934s] Level 1:colcon.colcon_core.package_discovery:discover_packages(path) check parameters
[2.934s] Level 1:colcon.colcon_core.package_discovery:discover_packages(colcon_meta) discover
[2.934s] Level 1:colcon.colcon_core.package_discovery:discover_packages(recursive) discover
[2.934s] INFO:colcon.colcon_core.package_discovery:Crawling recursively for packages in '/home/dronedelivery/Desktop/DD_Nav_WS/dd_gazebo_ws'
[2.934s] Level 1:colcon.colcon_core.package_identification:_identify(.) by extensions ['ignore', 'ignore_ament_install']
[2.934s] Level 1:colcon.colcon_core.package_identification:_identify(.) by extension 'ignore'
[2.935s] Level 1:colcon.colcon_core.package_identification:_identify(.) by extension 'ignore_ament_install'
[2.935s] Level 1:colcon.colcon_core.package_identification:_identify(.) by extensions ['colcon_pkg']
[2.935s] Level 1:colcon.colcon_core.package_identification:_identify(.) by extension 'colcon_pkg'
[2.935s] Level 1:colcon.colcon_core.package_identification:_identify(.) by extensions ['colcon_meta']
[2.935s] Level 1:colcon.colcon_core.package_identification:_identify(.) by extension 'colcon_meta'
[2.935s] Level 1:colcon.colcon_core.package_identification:_identify(.) by extensions ['ros']
[2.935s] Level 1:colcon.colcon_core.package_identification:_identify(.) by extension 'ros'
[2.961s] Level 1:colcon.colcon_core.package_identification:_identify(.) by extensions ['cmake', 'python']
[2.962s] Level 1:colcon.colcon_core.package_identification:_identify(.) by extension 'cmake'
[2.962s] Level 1:colcon.colcon_core.package_identification:_identify(.) by extension 'python'
[2.962s] Level 1:colcon.colcon_core.package_identification:_identify(.) by extensions ['python_setup_py']
[2.962s] Level 1:colcon.colcon_core.package_identification:_identify(.) by extension 'python_setup_py'
[2.962s] Level 1:colcon.colcon_core.package_identification:_identify(build) by extensions ['ignore', 'ignore_ament_install']
[2.963s] Level 1:colcon.colcon_core.package_identification:_identify(build) by extension 'ignore'
[2.963s] Level 1:colcon.colcon_core.package_identification:_identify(build) ignored
[2.963s] Level 1:colcon.colcon_core.package_identification:_identify(dd_gazebo) by extensions ['ignore', 'ignore_ament_install']
[2.963s] Level 1:colcon.colcon_core.package_identification:_identify(dd_gazebo) by extension 'ignore'
[2.963s] Level 1:colcon.colcon_core.package_identification:_identify(dd_gazebo) by extension 'ignore_ament_install'
[2.963s] Level 1:colcon.colcon_core.package_identification:_identify(dd_gazebo) by extensions ['colcon_pkg']
[2.964s] Level 1:colcon.colcon_core.package_identification:_identify(dd_gazebo) by extension 'colcon_pkg'
[2.964s] Level 1:colcon.colcon_core.package_identification:_identify(dd_gazebo) by extensions ['colcon_meta']
[2.964s] Level 1:colcon.colcon_core.package_identification:_identify(dd_gazebo) by extension 'colcon_meta'
[2.964s] Level 1:colcon.colcon_core.package_identification:_identify(dd_gazebo) by extensions ['ros']
[2.964s] Level 1:colcon.colcon_core.package_identification:_identify(dd_gazebo) by extension 'ros'
[2.969s] DEBUG:colcon.colcon_core.package_identification:Package 'dd_gazebo' with type 'ros.ament_cmake' and name 'dd_gazebo'
[2.969s] Level 1:colcon.colcon_core.package_identification:_identify(install) by extensions ['ignore', 'ignore_ament_install']
[2.969s] Level 1:colcon.colcon_core.package_identification:_identify(install) by extension 'ignore'
[2.969s] Level 1:colcon.colcon_core.package_identification:_identify(install) ignored
[2.969s] Level 1:colcon.colcon_core.package_identification:_identify(log) by extensions ['ignore', 'ignore_ament_install']
[2.970s] Level 1:colcon.colcon_core.package_identification:_identify(log) by extension 'ignore'
[2.970s] Level 1:colcon.colcon_core.package_identification:_identify(log) ignored
[2.970s] Level 1:colcon.colcon_core.package_discovery:discover_packages(recursive) using defaults
[2.970s] Level 1:colcon.colcon_core.package_discovery:discover_packages(ignore) discover
[2.970s] Level 1:colcon.colcon_core.package_discovery:discover_packages(ignore) using defaults
[2.970s] Level 1:colcon.colcon_core.package_discovery:discover_packages(path) discover
[2.970s] Level 1:colcon.colcon_core.package_discovery:discover_packages(path) using defaults
[3.224s] Level 1:colcon.colcon_core.package_discovery:discover_packages(prefix_path) check parameters
[3.225s] Level 1:colcon.colcon_core.package_discovery:discover_packages(prefix_path) discover
[3.315s] DEBUG:colcon.colcon_installed_package_information.package_discovery:Found 1 installed packages in /home/dronedelivery/Desktop/DD_Nav_WS/dd_gazebo_ws/install
[3.362s] DEBUG:colcon.colcon_installed_package_information.package_discovery:Found 325 installed packages in /opt/ros/humble
[3.366s] Level 1:colcon.colcon_core.package_discovery:discover_packages(prefix_path) using defaults
[3.616s] Level 5:colcon.colcon_core.verb:set package 'dd_gazebo' build argument 'cmake_args' from command line to 'None'
[3.616s] Level 5:colcon.colcon_core.verb:set package 'dd_gazebo' build argument 'cmake_target' from command line to 'None'
[3.616s] Level 5:colcon.colcon_core.verb:set package 'dd_gazebo' build argument 'cmake_target_skip_unavailable' from command line to 'False'
[3.616s] Level 5:colcon.colcon_core.verb:set package 'dd_gazebo' build argument 'cmake_clean_cache' from command line to 'False'
[3.616s] Level 5:colcon.colcon_core.verb:set package 'dd_gazebo' build argument 'cmake_clean_first' from command line to 'False'
[3.616s] Level 5:colcon.colcon_core.verb:set package 'dd_gazebo' build argument 'cmake_force_configure' from command line to 'False'
[3.616s] Level 5:colcon.colcon_core.verb:set package 'dd_gazebo' build argument 'ament_cmake_args' from command line to 'None'
[3.616s] Level 5:colcon.colcon_core.verb:set package 'dd_gazebo' build argument 'catkin_cmake_args' from command line to 'None'
[3.616s] Level 5:colcon.colcon_core.verb:set package 'dd_gazebo' build argument 'catkin_skip_building_tests' from command line to 'False'
[3.617s] DEBUG:colcon.colcon_core.verb:Building package 'dd_gazebo' with the following arguments: {'ament_cmake_args': None, 'build_base': '/home/dronedelivery/Desktop/DD_Nav_WS/dd_gazebo_ws/build/dd_gazebo', 'catkin_cmake_args': None, 'catkin_skip_building_tests': False, 'cmake_args': None, 'cmake_clean_cache': False, 'cmake_clean_first': False, 'cmake_force_configure': False, 'cmake_target': None, 'cmake_target_skip_unavailable': False, 'install_base': '/home/dronedelivery/Desktop/DD_Nav_WS/dd_gazebo_ws/install/dd_gazebo', 'merge_install': False, 'path': '/home/dronedelivery/Desktop/DD_Nav_WS/dd_gazebo_ws/dd_gazebo', 'symlink_install': False, 'test_result_base': None}
[3.665s] INFO:colcon.colcon_core.executor:Executing jobs using 'parallel' executor
[3.709s] DEBUG:colcon.colcon_parallel_executor.executor.parallel:run_until_complete
[3.710s] INFO:colcon.colcon_ros.task.ament_cmake.build:Building ROS package in '/home/dronedelivery/Desktop/DD_Nav_WS/dd_gazebo_ws/dd_gazebo' with build type 'ament_cmake'
[3.711s] INFO:colcon.colcon_cmake.task.cmake.build:Building CMake package in '/home/dronedelivery/Desktop/DD_Nav_WS/dd_gazebo_ws/dd_gazebo'
[3.756s] INFO:colcon.colcon_core.plugin_system:Skipping extension 'colcon_core.shell.bat': Not used on non-Windows systems
[3.757s] INFO:colcon.colcon_core.shell:Skip shell extension 'powershell' for command environment: Not usable outside of PowerShell
[3.757s] DEBUG:colcon.colcon_core.shell:Skip shell extension 'dsv' for command environment
[3.903s] DEBUG:colcon.colcon_core.event_handler.log_command:Invoking command in '/home/dronedelivery/Desktop/DD_Nav_WS/dd_gazebo_ws/build/dd_gazebo': CMAKE_PREFIX_PATH=${CMAKE_PREFIX_PATH}:/opt/ros/humble /usr/bin/cmake --build /home/dronedelivery/Desktop/DD_Nav_WS/dd_gazebo_ws/build/dd_gazebo -- -j16 -l16
[3.977s] DEBUG:colcon.colcon_core.event_handler.log_command:Invoked command in '/home/dronedelivery/Desktop/DD_Nav_WS/dd_gazebo_ws/build/dd_gazebo' returned '0': CMAKE_PREFIX_PATH=${CMAKE_PREFIX_PATH}:/opt/ros/humble /usr/bin/cmake --build /home/dronedelivery/Desktop/DD_Nav_WS/dd_gazebo_ws/build/dd_gazebo -- -j16 -l16
[4.026s] DEBUG:colcon.colcon_core.event_handler.log_command:Invoking command in '/home/dronedelivery/Desktop/DD_Nav_WS/dd_gazebo_ws/build/dd_gazebo': CMAKE_PREFIX_PATH=${CMAKE_PREFIX_PATH}:/opt/ros/humble /usr/bin/cmake --install /home/dronedelivery/Desktop/DD_Nav_WS/dd_gazebo_ws/build/dd_gazebo
[4.051s] Level 1:colcon.colcon_core.environment:create_environment_scripts_only(dd_gazebo)
[4.060s] DEBUG:colcon.colcon_core.event_handler.log_command:Invoked command in '/home/dronedelivery/Desktop/DD_Nav_WS/dd_gazebo_ws/build/dd_gazebo' returned '0': CMAKE_PREFIX_PATH=${CMAKE_PREFIX_PATH}:/opt/ros/humble /usr/bin/cmake --install /home/dronedelivery/Desktop/DD_Nav_WS/dd_gazebo_ws/build/dd_gazebo
[4.101s] Level 1:colcon.colcon_core.environment:checking '/home/dronedelivery/Desktop/DD_Nav_WS/dd_gazebo_ws/install/dd_gazebo' for CMake module files
[4.102s] Level 1:colcon.colcon_core.environment:checking '/home/dronedelivery/Desktop/DD_Nav_WS/dd_gazebo_ws/install/dd_gazebo' for CMake config files
[4.103s] Level 1:colcon.colcon_core.shell:create_environment_hook('dd_gazebo', 'cmake_prefix_path')
[4.147s] INFO:colcon.colcon_core.shell:Creating environment hook '/home/dronedelivery/Desktop/DD_Nav_WS/dd_gazebo_ws/install/dd_gazebo/share/dd_gazebo/hook/cmake_prefix_path.ps1'
[4.148s] INFO:colcon.colcon_core.shell:Creating environment descriptor '/home/dronedelivery/Desktop/DD_Nav_WS/dd_gazebo_ws/install/dd_gazebo/share/dd_gazebo/hook/cmake_prefix_path.dsv'
[4.149s] INFO:colcon.colcon_core.shell:Creating environment hook '/home/dronedelivery/Desktop/DD_Nav_WS/dd_gazebo_ws/install/dd_gazebo/share/dd_gazebo/hook/cmake_prefix_path.sh'
[4.151s] Level 1:colcon.colcon_core.environment:checking '/home/dronedelivery/Desktop/DD_Nav_WS/dd_gazebo_ws/install/dd_gazebo/bin'
[4.151s] Level 1:colcon.colcon_core.environment:checking '/home/dronedelivery/Desktop/DD_Nav_WS/dd_gazebo_ws/install/dd_gazebo/lib/pkgconfig/dd_gazebo.pc'
[4.151s] Level 1:colcon.colcon_core.environment:checking '/home/dronedelivery/Desktop/DD_Nav_WS/dd_gazebo_ws/install/dd_gazebo/lib/python3.10/site-packages'
[4.152s] Level 1:colcon.colcon_core.environment:checking '/home/dronedelivery/Desktop/DD_Nav_WS/dd_gazebo_ws/install/dd_gazebo/bin'
[4.193s] INFO:colcon.colcon_core.shell:Creating package script '/home/dronedelivery/Desktop/DD_Nav_WS/dd_gazebo_ws/install/dd_gazebo/share/dd_gazebo/package.ps1'
[4.194s] INFO:colcon.colcon_core.shell:Creating package descriptor '/home/dronedelivery/Desktop/DD_Nav_WS/dd_gazebo_ws/install/dd_gazebo/share/dd_gazebo/package.dsv'
[4.195s] INFO:colcon.colcon_core.shell:Creating package script '/home/dronedelivery/Desktop/DD_Nav_WS/dd_gazebo_ws/install/dd_gazebo/share/dd_gazebo/package.sh'
[4.196s] INFO:colcon.colcon_core.shell:Creating package script '/home/dronedelivery/Desktop/DD_Nav_WS/dd_gazebo_ws/install/dd_gazebo/share/dd_gazebo/package.bash'
[4.198s] INFO:colcon.colcon_core.shell:Creating package script '/home/dronedelivery/Desktop/DD_Nav_WS/dd_gazebo_ws/install/dd_gazebo/share/dd_gazebo/package.zsh'
[4.199s] Level 1:colcon.colcon_core.environment:create_file_with_runtime_dependencies(/home/dronedelivery/Desktop/DD_Nav_WS/dd_gazebo_ws/install/dd_gazebo/share/colcon-core/packages/dd_gazebo)
[4.279s] Level 1:colcon.colcon_core.environment:create_environment_scripts_only(dd_gazebo)
[4.325s] Level 1:colcon.colcon_core.environment:checking '/home/dronedelivery/Desktop/DD_Nav_WS/dd_gazebo_ws/install/dd_gazebo' for CMake module files
[4.326s] Level 1:colcon.colcon_core.environment:checking '/home/dronedelivery/Desktop/DD_Nav_WS/dd_gazebo_ws/install/dd_gazebo' for CMake config files
[4.327s] Level 1:colcon.colcon_core.shell:create_environment_hook('dd_gazebo', 'cmake_prefix_path')
[4.367s] INFO:colcon.colcon_core.shell:Creating environment hook '/home/dronedelivery/Desktop/DD_Nav_WS/dd_gazebo_ws/install/dd_gazebo/share/dd_gazebo/hook/cmake_prefix_path.ps1'
[4.368s] INFO:colcon.colcon_core.shell:Creating environment descriptor '/home/dronedelivery/Desktop/DD_Nav_WS/dd_gazebo_ws/install/dd_gazebo/share/dd_gazebo/hook/cmake_prefix_path.dsv'
[4.368s] INFO:colcon.colcon_core.shell:Creating environment hook '/home/dronedelivery/Desktop/DD_Nav_WS/dd_gazebo_ws/install/dd_gazebo/share/dd_gazebo/hook/cmake_prefix_path.sh'
[4.369s] Level 1:colcon.colcon_core.environment:checking '/home/dronedelivery/Desktop/DD_Nav_WS/dd_gazebo_ws/install/dd_gazebo/bin'
[4.370s] Level 1:colcon.colcon_core.environment:checking '/home/dronedelivery/Desktop/DD_Nav_WS/dd_gazebo_ws/install/dd_gazebo/lib/pkgconfig/dd_gazebo.pc'
[4.370s] Level 1:colcon.colcon_core.environment:checking '/home/dronedelivery/Desktop/DD_Nav_WS/dd_gazebo_ws/install/dd_gazebo/lib/python3.10/site-packages'
[4.370s] Level 1:colcon.colcon_core.environment:checking '/home/dronedelivery/Desktop/DD_Nav_WS/dd_gazebo_ws/install/dd_gazebo/bin'
[4.411s] INFO:colcon.colcon_core.shell:Creating package script '/home/dronedelivery/Desktop/DD_Nav_WS/dd_gazebo_ws/install/dd_gazebo/share/dd_gazebo/package.ps1'
[4.412s] INFO:colcon.colcon_core.shell:Creating package descriptor '/home/dronedelivery/Desktop/DD_Nav_WS/dd_gazebo_ws/install/dd_gazebo/share/dd_gazebo/package.dsv'
[4.413s] INFO:colcon.colcon_core.shell:Creating package script '/home/dronedelivery/Desktop/DD_Nav_WS/dd_gazebo_ws/install/dd_gazebo/share/dd_gazebo/package.sh'
[4.414s] INFO:colcon.colcon_core.shell:Creating package script '/home/dronedelivery/Desktop/DD_Nav_WS/dd_gazebo_ws/install/dd_gazebo/share/dd_gazebo/package.bash'
[4.414s] INFO:colcon.colcon_core.shell:Creating package script '/home/dronedelivery/Desktop/DD_Nav_WS/dd_gazebo_ws/install/dd_gazebo/share/dd_gazebo/package.zsh'
[4.415s] Level 1:colcon.colcon_core.environment:create_file_with_runtime_dependencies(/home/dronedelivery/Desktop/DD_Nav_WS/dd_gazebo_ws/install/dd_gazebo/share/colcon-core/packages/dd_gazebo)
[4.416s] DEBUG:colcon.colcon_parallel_executor.executor.parallel:closing loop
[4.417s] DEBUG:colcon.colcon_parallel_executor.executor.parallel:loop closed
[4.417s] DEBUG:colcon.colcon_parallel_executor.executor.parallel:run_until_complete finished with '0'
[4.417s] DEBUG:colcon.colcon_core.event_reactor:joining thread
[4.467s] INFO:colcon.colcon_core.plugin_system:Skipping extension 'colcon_notification.desktop_notification.terminal_notifier': Not used on non-Darwin systems
[4.467s] INFO:colcon.colcon_core.plugin_system:Skipping extension 'colcon_notification.desktop_notification.win32': Not used on non-Windows systems
[4.467s] INFO:colcon.colcon_notification.desktop_notification:Sending desktop notification using 'notify2'
[4.501s] DEBUG:colcon.colcon_core.event_reactor:joined thread
[4.547s] INFO:colcon.colcon_core.shell:Creating prefix script '/home/dronedelivery/Desktop/DD_Nav_WS/dd_gazebo_ws/install/local_setup.ps1'
[4.549s] INFO:colcon.colcon_core.shell:Creating prefix util module '/home/dronedelivery/Desktop/DD_Nav_WS/dd_gazebo_ws/install/_local_setup_util_ps1.py'
[4.551s] INFO:colcon.colcon_core.shell:Creating prefix chain script '/home/dronedelivery/Desktop/DD_Nav_WS/dd_gazebo_ws/install/setup.ps1'
[4.601s] INFO:colcon.colcon_core.shell:Creating prefix script '/home/dronedelivery/Desktop/DD_Nav_WS/dd_gazebo_ws/install/local_setup.sh'
[4.602s] INFO:colcon.colcon_core.shell:Creating prefix util module '/home/dronedelivery/Desktop/DD_Nav_WS/dd_gazebo_ws/install/_local_setup_util_sh.py'
[4.603s] INFO:colcon.colcon_core.shell:Creating prefix chain script '/home/dronedelivery/Desktop/DD_Nav_WS/dd_gazebo_ws/install/setup.sh'
[4.645s] INFO:colcon.colcon_core.shell:Creating prefix script '/home/dronedelivery/Desktop/DD_Nav_WS/dd_gazebo_ws/install/local_setup.bash'
[4.646s] INFO:colcon.colcon_core.shell:Creating prefix chain script '/home/dronedelivery/Desktop/DD_Nav_WS/dd_gazebo_ws/install/setup.bash'
[4.693s] INFO:colcon.colcon_core.shell:Creating prefix script '/home/dronedelivery/Desktop/DD_Nav_WS/dd_gazebo_ws/install/local_setup.zsh'
[4.694s] INFO:colcon.colcon_core.shell:Creating prefix chain script '/home/dronedelivery/Desktop/DD_Nav_WS/dd_gazebo_ws/install/setup.zsh'
