[3.050s] DEBUG:colcon:Command line arguments: ['/usr/bin/colcon', 'build', '--packages-select', 'dd_gazebo']
[3.051s] DEBUG:colcon:Parsed command line arguments: Namespace(log_base=None, log_level=None, verb_name='build', build_base='build', install_base='install', merge_install=False, symlink_install=False, test_result_base=None, continue_on_error=False, executor='parallel', parallel_workers=16, event_handlers=None, ignore_user_meta=False, metas=['./colcon.meta'], base_paths=['.'], packages_ignore=None, packages_ignore_regex=None, paths=None, packages_up_to=None, packages_up_to_regex=None, packages_above=None, packages_above_and_dependencies=None, packages_above_depth=None, packages_select_by_dep=None, packages_skip_by_dep=None, packages_skip_up_to=None, packages_select_build_failed=False, packages_skip_build_finished=False, packages_select_test_failures=False, packages_skip_test_passed=False, packages_select=['dd_gazebo'], packages_skip=None, packages_select_regex=None, packages_skip_regex=None, packages_start=None, packages_end=None, allow_overriding=[], cmake_args=None, cmake_target=None, cmake_target_skip_unavailable=False, cmake_clean_cache=False, cmake_clean_first=False, cmake_force_configure=False, ament_cmake_args=None, catkin_cmake_args=None, catkin_skip_building_tests=False, verb_parser=<colcon_defaults.argument_parser.defaults.DefaultArgumentsDecorator object at 0x7f8f7332e9e0>, verb_extension=<colcon_core.verb.build.BuildVerb object at 0x7f8f7332d5a0>, main=<bound method BuildVerb.main of <colcon_core.verb.build.BuildVerb object at 0x7f8f7332d5a0>>)
[3.167s] Level 1:colcon.colcon_core.package_discovery:discover_packages(colcon_meta) check parameters
[3.167s] Level 1:colcon.colcon_core.package_discovery:discover_packages(recursive) check parameters
[3.167s] Level 1:colcon.colcon_core.package_discovery:discover_packages(ignore) check parameters
[3.168s] Level 1:colcon.colcon_core.package_discovery:discover_packages(path) check parameters
[3.168s] Level 1:colcon.colcon_core.package_discovery:discover_packages(colcon_meta) discover
[3.168s] Level 1:colcon.colcon_core.package_discovery:discover_packages(recursive) discover
[3.168s] INFO:colcon.colcon_core.package_discovery:Crawling recursively for packages in '/home/dronedelivery/ARC'
[3.168s] Level 1:colcon.colcon_core.package_identification:_identify(.) by extensions ['ignore', 'ignore_ament_install']
[3.168s] Level 1:colcon.colcon_core.package_identification:_identify(.) by extension 'ignore'
[3.168s] Level 1:colcon.colcon_core.package_identification:_identify(.) by extension 'ignore_ament_install'
[3.169s] Level 1:colcon.colcon_core.package_identification:_identify(.) by extensions ['colcon_pkg']
[3.169s] Level 1:colcon.colcon_core.package_identification:_identify(.) by extension 'colcon_pkg'
[3.169s] Level 1:colcon.colcon_core.package_identification:_identify(.) by extensions ['colcon_meta']
[3.169s] Level 1:colcon.colcon_core.package_identification:_identify(.) by extension 'colcon_meta'
[3.169s] Level 1:colcon.colcon_core.package_identification:_identify(.) by extensions ['ros']
[3.169s] Level 1:colcon.colcon_core.package_identification:_identify(.) by extension 'ros'
[3.191s] Level 1:colcon.colcon_core.package_identification:_identify(.) by extensions ['cmake', 'python']
[3.192s] Level 1:colcon.colcon_core.package_identification:_identify(.) by extension 'cmake'
[3.192s] Level 1:colcon.colcon_core.package_identification:_identify(.) by extension 'python'
[3.192s] Level 1:colcon.colcon_core.package_identification:_identify(.) by extensions ['python_setup_py']
[3.192s] Level 1:colcon.colcon_core.package_identification:_identify(.) by extension 'python_setup_py'
[3.192s] Level 1:colcon.colcon_core.package_identification:_identify(build) by extensions ['ignore', 'ignore_ament_install']
[3.192s] Level 1:colcon.colcon_core.package_identification:_identify(build) by extension 'ignore'
[3.193s] Level 1:colcon.colcon_core.package_identification:_identify(build) ignored
[3.193s] Level 1:colcon.colcon_core.package_identification:_identify(dd_gazebo) by extensions ['ignore', 'ignore_ament_install']
[3.193s] Level 1:colcon.colcon_core.package_identification:_identify(dd_gazebo) by extension 'ignore'
[3.193s] Level 1:colcon.colcon_core.package_identification:_identify(dd_gazebo) by extension 'ignore_ament_install'
[3.193s] Level 1:colcon.colcon_core.package_identification:_identify(dd_gazebo) by extensions ['colcon_pkg']
[3.193s] Level 1:colcon.colcon_core.package_identification:_identify(dd_gazebo) by extension 'colcon_pkg'
[3.193s] Level 1:colcon.colcon_core.package_identification:_identify(dd_gazebo) by extensions ['colcon_meta']
[3.193s] Level 1:colcon.colcon_core.package_identification:_identify(dd_gazebo) by extension 'colcon_meta'
[3.194s] Level 1:colcon.colcon_core.package_identification:_identify(dd_gazebo) by extensions ['ros']
[3.194s] Level 1:colcon.colcon_core.package_identification:_identify(dd_gazebo) by extension 'ros'
[3.198s] DEBUG:colcon.colcon_core.package_identification:Package 'dd_gazebo' with type 'ros.ament_cmake' and name 'dd_gazebo'
[3.198s] Level 1:colcon.colcon_core.package_identification:_identify(install) by extensions ['ignore', 'ignore_ament_install']
[3.198s] Level 1:colcon.colcon_core.package_identification:_identify(install) by extension 'ignore'
[3.198s] Level 1:colcon.colcon_core.package_identification:_identify(install) ignored
[3.198s] Level 1:colcon.colcon_core.package_identification:_identify(log) by extensions ['ignore', 'ignore_ament_install']
[3.198s] Level 1:colcon.colcon_core.package_identification:_identify(log) by extension 'ignore'
[3.199s] Level 1:colcon.colcon_core.package_identification:_identify(log) ignored
[3.199s] Level 1:colcon.colcon_core.package_discovery:discover_packages(recursive) using defaults
[3.199s] Level 1:colcon.colcon_core.package_discovery:discover_packages(ignore) discover
[3.199s] Level 1:colcon.colcon_core.package_discovery:discover_packages(ignore) using defaults
[3.199s] Level 1:colcon.colcon_core.package_discovery:discover_packages(path) discover
[3.199s] Level 1:colcon.colcon_core.package_discovery:discover_packages(path) using defaults
[3.443s] Level 1:colcon.colcon_core.package_discovery:discover_packages(prefix_path) check parameters
[3.443s] Level 1:colcon.colcon_core.package_discovery:discover_packages(prefix_path) discover
[3.487s] WARNING:colcon.colcon_core.prefix_path.colcon:The path '/home/dronedelivery/install' in the environment variable COLCON_PREFIX_PATH doesn't exist
[3.487s] WARNING:colcon.colcon_ros.prefix_path.ament:The path '/home/dronedelivery/ARC/install/dd_gazebo' in the environment variable AMENT_PREFIX_PATH doesn't exist
[3.487s] WARNING:colcon.colcon_ros.prefix_path.ament:The path '/home/dronedelivery/install/dd_gazebo' in the environment variable AMENT_PREFIX_PATH doesn't exist
[3.487s] WARNING:colcon.colcon_ros.prefix_path.catkin:The path '/home/dronedelivery/ARC/install/dd_gazebo' in the environment variable CMAKE_PREFIX_PATH doesn't exist
[3.488s] WARNING:colcon.colcon_ros.prefix_path.catkin:The path '/home/dronedelivery/install/dd_gazebo' in the environment variable CMAKE_PREFIX_PATH doesn't exist
[3.530s] DEBUG:colcon.colcon_installed_package_information.package_discovery:Found 0 installed packages in /home/dronedelivery/ARC/install
[3.586s] DEBUG:colcon.colcon_installed_package_information.package_discovery:Found 403 installed packages in /opt/ros/humble
[3.589s] Level 1:colcon.colcon_core.package_discovery:discover_packages(prefix_path) using defaults
[3.881s] Level 5:colcon.colcon_core.verb:set package 'dd_gazebo' build argument 'cmake_args' from command line to 'None'
[3.881s] Level 5:colcon.colcon_core.verb:set package 'dd_gazebo' build argument 'cmake_target' from command line to 'None'
[3.881s] Level 5:colcon.colcon_core.verb:set package 'dd_gazebo' build argument 'cmake_target_skip_unavailable' from command line to 'False'
[3.881s] Level 5:colcon.colcon_core.verb:set package 'dd_gazebo' build argument 'cmake_clean_cache' from command line to 'False'
[3.882s] Level 5:colcon.colcon_core.verb:set package 'dd_gazebo' build argument 'cmake_clean_first' from command line to 'False'
[3.882s] Level 5:colcon.colcon_core.verb:set package 'dd_gazebo' build argument 'cmake_force_configure' from command line to 'False'
[3.882s] Level 5:colcon.colcon_core.verb:set package 'dd_gazebo' build argument 'ament_cmake_args' from command line to 'None'
[3.882s] Level 5:colcon.colcon_core.verb:set package 'dd_gazebo' build argument 'catkin_cmake_args' from command line to 'None'
[3.882s] Level 5:colcon.colcon_core.verb:set package 'dd_gazebo' build argument 'catkin_skip_building_tests' from command line to 'False'
[3.882s] DEBUG:colcon.colcon_core.verb:Building package 'dd_gazebo' with the following arguments: {'ament_cmake_args': None, 'build_base': '/home/dronedelivery/ARC/build/dd_gazebo', 'catkin_cmake_args': None, 'catkin_skip_building_tests': False, 'cmake_args': None, 'cmake_clean_cache': False, 'cmake_clean_first': False, 'cmake_force_configure': False, 'cmake_target': None, 'cmake_target_skip_unavailable': False, 'install_base': '/home/dronedelivery/ARC/install/dd_gazebo', 'merge_install': False, 'path': '/home/dronedelivery/ARC/dd_gazebo', 'symlink_install': False, 'test_result_base': None}
[3.927s] INFO:colcon.colcon_core.executor:Executing jobs using 'parallel' executor
[3.992s] DEBUG:colcon.colcon_parallel_executor.executor.parallel:run_until_complete
[3.993s] INFO:colcon.colcon_ros.task.ament_cmake.build:Building ROS package in '/home/dronedelivery/ARC/dd_gazebo' with build type 'ament_cmake'
[3.994s] INFO:colcon.colcon_cmake.task.cmake.build:Building CMake package in '/home/dronedelivery/ARC/dd_gazebo'
[4.118s] INFO:colcon.colcon_core.plugin_system:Skipping extension 'colcon_core.shell.bat': Not used on non-Windows systems
[4.119s] INFO:colcon.colcon_core.shell:Skip shell extension 'powershell' for command environment: Not usable outside of PowerShell
[4.119s] DEBUG:colcon.colcon_core.shell:Skip shell extension 'dsv' for command environment
[4.475s] DEBUG:colcon.colcon_core.event_handler.log_command:Invoking command in '/home/dronedelivery/ARC/build/dd_gazebo': CMAKE_PREFIX_PATH=${CMAKE_PREFIX_PATH}:/opt/ros/humble /usr/bin/cmake /home/dronedelivery/ARC/dd_gazebo -DCMAKE_INSTALL_PREFIX=/home/dronedelivery/ARC/install/dd_gazebo
[6.982s] DEBUG:colcon.colcon_core.event_handler.log_command:Invoked command in '/home/dronedelivery/ARC/build/dd_gazebo' returned '0': CMAKE_PREFIX_PATH=${CMAKE_PREFIX_PATH}:/opt/ros/humble /usr/bin/cmake /home/dronedelivery/ARC/dd_gazebo -DCMAKE_INSTALL_PREFIX=/home/dronedelivery/ARC/install/dd_gazebo
[6.992s] DEBUG:colcon.colcon_core.event_handler.log_command:Invoking command in '/home/dronedelivery/ARC/build/dd_gazebo': CMAKE_PREFIX_PATH=${CMAKE_PREFIX_PATH}:/opt/ros/humble /usr/bin/cmake --build /home/dronedelivery/ARC/build/dd_gazebo -- -j16 -l16
[7.142s] DEBUG:colcon.colcon_core.event_handler.log_command:Invoked command in '/home/dronedelivery/ARC/build/dd_gazebo' returned '0': CMAKE_PREFIX_PATH=${CMAKE_PREFIX_PATH}:/opt/ros/humble /usr/bin/cmake --build /home/dronedelivery/ARC/build/dd_gazebo -- -j16 -l16
[7.250s] DEBUG:colcon.colcon_core.event_handler.log_command:Invoking command in '/home/dronedelivery/ARC/build/dd_gazebo': CMAKE_PREFIX_PATH=${CMAKE_PREFIX_PATH}:/opt/ros/humble /usr/bin/cmake --install /home/dronedelivery/ARC/build/dd_gazebo
[7.285s] Level 1:colcon.colcon_core.environment:create_environment_scripts_only(dd_gazebo)
[7.293s] DEBUG:colcon.colcon_core.event_handler.log_command:Invoked command in '/home/dronedelivery/ARC/build/dd_gazebo' returned '0': CMAKE_PREFIX_PATH=${CMAKE_PREFIX_PATH}:/opt/ros/humble /usr/bin/cmake --install /home/dronedelivery/ARC/build/dd_gazebo
[7.414s] Level 1:colcon.colcon_core.environment:checking '/home/dronedelivery/ARC/install/dd_gazebo' for CMake module files
[7.418s] Level 1:colcon.colcon_core.environment:checking '/home/dronedelivery/ARC/install/dd_gazebo' for CMake config files
[7.419s] Level 1:colcon.colcon_core.shell:create_environment_hook('dd_gazebo', 'cmake_prefix_path')
[7.533s] INFO:colcon.colcon_core.shell:Creating environment hook '/home/dronedelivery/ARC/install/dd_gazebo/share/dd_gazebo/hook/cmake_prefix_path.ps1'
[7.536s] INFO:colcon.colcon_core.shell:Creating environment descriptor '/home/dronedelivery/ARC/install/dd_gazebo/share/dd_gazebo/hook/cmake_prefix_path.dsv'
[7.538s] INFO:colcon.colcon_core.shell:Creating environment hook '/home/dronedelivery/ARC/install/dd_gazebo/share/dd_gazebo/hook/cmake_prefix_path.sh'
[7.541s] Level 1:colcon.colcon_core.environment:checking '/home/dronedelivery/ARC/install/dd_gazebo/bin'
[7.541s] Level 1:colcon.colcon_core.environment:checking '/home/dronedelivery/ARC/install/dd_gazebo/lib/pkgconfig/dd_gazebo.pc'
[7.542s] Level 1:colcon.colcon_core.environment:checking '/home/dronedelivery/ARC/install/dd_gazebo/lib/python3.10/site-packages'
[7.543s] Level 1:colcon.colcon_core.environment:checking '/home/dronedelivery/ARC/install/dd_gazebo/bin'
[7.656s] INFO:colcon.colcon_core.shell:Creating package script '/home/dronedelivery/ARC/install/dd_gazebo/share/dd_gazebo/package.ps1'
[7.659s] INFO:colcon.colcon_core.shell:Creating package descriptor '/home/dronedelivery/ARC/install/dd_gazebo/share/dd_gazebo/package.dsv'
[7.662s] INFO:colcon.colcon_core.shell:Creating package script '/home/dronedelivery/ARC/install/dd_gazebo/share/dd_gazebo/package.sh'
[7.665s] INFO:colcon.colcon_core.shell:Creating package script '/home/dronedelivery/ARC/install/dd_gazebo/share/dd_gazebo/package.bash'
[7.668s] INFO:colcon.colcon_core.shell:Creating package script '/home/dronedelivery/ARC/install/dd_gazebo/share/dd_gazebo/package.zsh'
[7.670s] Level 1:colcon.colcon_core.environment:create_file_with_runtime_dependencies(/home/dronedelivery/ARC/install/dd_gazebo/share/colcon-core/packages/dd_gazebo)
[7.864s] Level 1:colcon.colcon_core.environment:create_environment_scripts_only(dd_gazebo)
[7.975s] Level 1:colcon.colcon_core.environment:checking '/home/dronedelivery/ARC/install/dd_gazebo' for CMake module files
[7.978s] Level 1:colcon.colcon_core.environment:checking '/home/dronedelivery/ARC/install/dd_gazebo' for CMake config files
[7.980s] Level 1:colcon.colcon_core.shell:create_environment_hook('dd_gazebo', 'cmake_prefix_path')
[8.085s] INFO:colcon.colcon_core.shell:Creating environment hook '/home/dronedelivery/ARC/install/dd_gazebo/share/dd_gazebo/hook/cmake_prefix_path.ps1'
[8.111s] INFO:colcon.colcon_core.shell:Creating environment descriptor '/home/dronedelivery/ARC/install/dd_gazebo/share/dd_gazebo/hook/cmake_prefix_path.dsv'
[8.112s] INFO:colcon.colcon_core.shell:Creating environment hook '/home/dronedelivery/ARC/install/dd_gazebo/share/dd_gazebo/hook/cmake_prefix_path.sh'
[8.115s] Level 1:colcon.colcon_core.environment:checking '/home/dronedelivery/ARC/install/dd_gazebo/bin'
[8.115s] Level 1:colcon.colcon_core.environment:checking '/home/dronedelivery/ARC/install/dd_gazebo/lib/pkgconfig/dd_gazebo.pc'
[8.116s] Level 1:colcon.colcon_core.environment:checking '/home/dronedelivery/ARC/install/dd_gazebo/lib/python3.10/site-packages'
[8.117s] Level 1:colcon.colcon_core.environment:checking '/home/dronedelivery/ARC/install/dd_gazebo/bin'
[8.222s] INFO:colcon.colcon_core.shell:Creating package script '/home/dronedelivery/ARC/install/dd_gazebo/share/dd_gazebo/package.ps1'
[8.225s] INFO:colcon.colcon_core.shell:Creating package descriptor '/home/dronedelivery/ARC/install/dd_gazebo/share/dd_gazebo/package.dsv'
[8.228s] INFO:colcon.colcon_core.shell:Creating package script '/home/dronedelivery/ARC/install/dd_gazebo/share/dd_gazebo/package.sh'
[8.229s] INFO:colcon.colcon_core.shell:Creating package script '/home/dronedelivery/ARC/install/dd_gazebo/share/dd_gazebo/package.bash'
[8.231s] INFO:colcon.colcon_core.shell:Creating package script '/home/dronedelivery/ARC/install/dd_gazebo/share/dd_gazebo/package.zsh'
[8.233s] Level 1:colcon.colcon_core.environment:create_file_with_runtime_dependencies(/home/dronedelivery/ARC/install/dd_gazebo/share/colcon-core/packages/dd_gazebo)
[8.234s] DEBUG:colcon.colcon_parallel_executor.executor.parallel:closing loop
[8.237s] DEBUG:colcon.colcon_parallel_executor.executor.parallel:loop closed
[8.237s] DEBUG:colcon.colcon_parallel_executor.executor.parallel:run_until_complete finished with '0'
[8.238s] DEBUG:colcon.colcon_core.event_reactor:joining thread
[8.375s] INFO:colcon.colcon_core.plugin_system:Skipping extension 'colcon_notification.desktop_notification.terminal_notifier': Not used on non-Darwin systems
[8.376s] INFO:colcon.colcon_core.plugin_system:Skipping extension 'colcon_notification.desktop_notification.win32': Not used on non-Windows systems
[8.376s] INFO:colcon.colcon_notification.desktop_notification:Sending desktop notification using 'notify2'
[8.465s] DEBUG:colcon.colcon_core.event_reactor:joined thread
[8.579s] INFO:colcon.colcon_core.shell:Creating prefix script '/home/dronedelivery/ARC/install/local_setup.ps1'
[8.583s] INFO:colcon.colcon_core.shell:Creating prefix util module '/home/dronedelivery/ARC/install/_local_setup_util_ps1.py'
[8.589s] INFO:colcon.colcon_core.shell:Creating prefix chain script '/home/dronedelivery/ARC/install/setup.ps1'
[8.707s] INFO:colcon.colcon_core.shell:Creating prefix script '/home/dronedelivery/ARC/install/local_setup.sh'
[8.709s] INFO:colcon.colcon_core.shell:Creating prefix util module '/home/dronedelivery/ARC/install/_local_setup_util_sh.py'
[8.711s] INFO:colcon.colcon_core.shell:Creating prefix chain script '/home/dronedelivery/ARC/install/setup.sh'
[8.827s] INFO:colcon.colcon_core.shell:Creating prefix script '/home/dronedelivery/ARC/install/local_setup.bash'
[8.829s] INFO:colcon.colcon_core.shell:Creating prefix chain script '/home/dronedelivery/ARC/install/setup.bash'
[8.945s] INFO:colcon.colcon_core.shell:Creating prefix script '/home/dronedelivery/ARC/install/local_setup.zsh'
[8.947s] INFO:colcon.colcon_core.shell:Creating prefix chain script '/home/dronedelivery/ARC/install/setup.zsh'
