-- The C compiler identification is GNU 11.4.0
-- The CXX compiler identification is GNU 11.4.0
-- Detecting C compiler ABI info
-- Detecting C compiler ABI info - done
-- Check for working C compiler: /usr/bin/cc - skipped
-- Detecting C compile features
-- Detecting C compile features - done
-- Detecting CXX compiler ABI info
-- Detecting CXX compiler ABI info - done
-- Check for working CXX compiler: /usr/bin/c++ - skipped
-- Detecting CXX compile features
-- Detecting CXX compile features - done
-- Found ament_cmake: 1.3.5 (/opt/ros/humble/share/ament_cmake/cmake)
-- Found Python3: /usr/bin/python3.10 (found version "3.10.12") found components: Interpreter 
-- Found ament_lint_auto: 0.12.8 (/opt/ros/humble/share/ament_lint_auto/cmake)
-- Added test 'cppcheck' to perform static code analysis on C / C++ code
-- Configured cppcheck include dirs: 
-- Configured cppcheck exclude dirs and/or files: 
-- Added test 'flake8' to check Python code syntax and style conventions
-- Added test 'lint_cmake' to check CMake code style
-- Added test 'pep257' to check Python code against some of the docstring style conventions in PEP 257
-- Added test 'uncrustify' to check C / C++ code style
-- Configured uncrustify additional arguments: 
-- Added test 'xmllint' to check XML markup files
-- Configuring done
-- Generating done
-- Build files have been written to: /home/brc/DD_Nav_WS/dd_gazebo_ws/dd_gazebo/build/dd_gazebo
-- Install configuration: ""
-- Installing: /home/brc/DD_Nav_WS/dd_gazebo_ws/dd_gazebo/install/dd_gazebo/share/ament_index/resource_index/package_run_dependencies/dd_gazebo
-- Installing: /home/brc/DD_Nav_WS/dd_gazebo_ws/dd_gazebo/install/dd_gazebo/share/ament_index/resource_index/parent_prefix_path/dd_gazebo
-- Installing: /home/brc/DD_Nav_WS/dd_gazebo_ws/dd_gazebo/install/dd_gazebo/share/dd_gazebo/environment/ament_prefix_path.sh
-- Installing: /home/brc/DD_Nav_WS/dd_gazebo_ws/dd_gazebo/install/dd_gazebo/share/dd_gazebo/environment/ament_prefix_path.dsv
-- Installing: /home/brc/DD_Nav_WS/dd_gazebo_ws/dd_gazebo/install/dd_gazebo/share/dd_gazebo/environment/path.sh
-- Installing: /home/brc/DD_Nav_WS/dd_gazebo_ws/dd_gazebo/install/dd_gazebo/share/dd_gazebo/environment/path.dsv
-- Installing: /home/brc/DD_Nav_WS/dd_gazebo_ws/dd_gazebo/install/dd_gazebo/share/dd_gazebo/local_setup.bash
-- Installing: /home/brc/DD_Nav_WS/dd_gazebo_ws/dd_gazebo/install/dd_gazebo/share/dd_gazebo/local_setup.sh
-- Installing: /home/brc/DD_Nav_WS/dd_gazebo_ws/dd_gazebo/install/dd_gazebo/share/dd_gazebo/local_setup.zsh
-- Installing: /home/brc/DD_Nav_WS/dd_gazebo_ws/dd_gazebo/install/dd_gazebo/share/dd_gazebo/local_setup.dsv
-- Installing: /home/brc/DD_Nav_WS/dd_gazebo_ws/dd_gazebo/install/dd_gazebo/share/dd_gazebo/package.dsv
-- Installing: /home/brc/DD_Nav_WS/dd_gazebo_ws/dd_gazebo/install/dd_gazebo/share/ament_index/resource_index/packages/dd_gazebo
-- Installing: /home/brc/DD_Nav_WS/dd_gazebo_ws/dd_gazebo/install/dd_gazebo/share/dd_gazebo/cmake/dd_gazeboConfig.cmake
-- Installing: /home/brc/DD_Nav_WS/dd_gazebo_ws/dd_gazebo/install/dd_gazebo/share/dd_gazebo/cmake/dd_gazeboConfig-version.cmake
-- Installing: /home/brc/DD_Nav_WS/dd_gazebo_ws/dd_gazebo/install/dd_gazebo/share/dd_gazebo/package.xml
-- Installing: /home/brc/DD_Nav_WS/dd_gazebo_ws/dd_gazebo/install/dd_gazebo/share/dd_gazebo/src
-- Installing: /home/brc/DD_Nav_WS/dd_gazebo_ws/dd_gazebo/install/dd_gazebo/share/dd_gazebo/src/description
-- Installing: /home/brc/DD_Nav_WS/dd_gazebo_ws/dd_gazebo/install/dd_gazebo/share/dd_gazebo/src/description/drone_description.urdf
-- Installing: /home/brc/DD_Nav_WS/dd_gazebo_ws/dd_gazebo/install/dd_gazebo/share/dd_gazebo/src/main.cpp
-- Installing: /home/brc/DD_Nav_WS/dd_gazebo_ws/dd_gazebo/install/dd_gazebo/share/dd_gazebo/src/px4_ros_com
-- Installing: /home/brc/DD_Nav_WS/dd_gazebo_ws/dd_gazebo/install/dd_gazebo/share/dd_gazebo/src/px4_ros_com/LICENSE
-- Installing: /home/brc/DD_Nav_WS/dd_gazebo_ws/dd_gazebo/install/dd_gazebo/share/dd_gazebo/src/px4_ros_com/scripts
-- Installing: /home/brc/DD_Nav_WS/dd_gazebo_ws/dd_gazebo/install/dd_gazebo/share/dd_gazebo/src/px4_ros_com/scripts/build_ros2_workspace.bash
-- Installing: /home/brc/DD_Nav_WS/dd_gazebo_ws/dd_gazebo/install/dd_gazebo/share/dd_gazebo/src/px4_ros_com/scripts/__init__.py
-- Installing: /home/brc/DD_Nav_WS/dd_gazebo_ws/dd_gazebo/install/dd_gazebo/share/dd_gazebo/src/px4_ros_com/scripts/build_all.bash
-- Installing: /home/brc/DD_Nav_WS/dd_gazebo_ws/dd_gazebo/install/dd_gazebo/share/dd_gazebo/src/px4_ros_com/scripts/setup_system.bash
-- Installing: /home/brc/DD_Nav_WS/dd_gazebo_ws/dd_gazebo/install/dd_gazebo/share/dd_gazebo/src/px4_ros_com/test
-- Installing: /home/brc/DD_Nav_WS/dd_gazebo_ws/dd_gazebo/install/dd_gazebo/share/dd_gazebo/src/px4_ros_com/test/test_output.py
-- Installing: /home/brc/DD_Nav_WS/dd_gazebo_ws/dd_gazebo/install/dd_gazebo/share/dd_gazebo/src/px4_ros_com/test/pipeline_io_test.py
-- Installing: /home/brc/DD_Nav_WS/dd_gazebo_ws/dd_gazebo/install/dd_gazebo/share/dd_gazebo/src/px4_ros_com/test/__init__.py
-- Installing: /home/brc/DD_Nav_WS/dd_gazebo_ws/dd_gazebo/install/dd_gazebo/share/dd_gazebo/src/px4_ros_com/test/test_input.py
-- Installing: /home/brc/DD_Nav_WS/dd_gazebo_ws/dd_gazebo/install/dd_gazebo/share/dd_gazebo/src/px4_ros_com/launch
-- Installing: /home/brc/DD_Nav_WS/dd_gazebo_ws/dd_gazebo/install/dd_gazebo/share/dd_gazebo/src/px4_ros_com/launch/offboard_control_launch.yaml
-- Installing: /home/brc/DD_Nav_WS/dd_gazebo_ws/dd_gazebo/install/dd_gazebo/share/dd_gazebo/src/px4_ros_com/launch/sensor_combined_listener.launch.py
-- Installing: /home/brc/DD_Nav_WS/dd_gazebo_ws/dd_gazebo/install/dd_gazebo/share/dd_gazebo/src/px4_ros_com/src
-- Installing: /home/brc/DD_Nav_WS/dd_gazebo_ws/dd_gazebo/install/dd_gazebo/share/dd_gazebo/src/px4_ros_com/src/examples
-- Installing: /home/brc/DD_Nav_WS/dd_gazebo_ws/dd_gazebo/install/dd_gazebo/share/dd_gazebo/src/px4_ros_com/src/examples/offboard_py
-- Installing: /home/brc/DD_Nav_WS/dd_gazebo_ws/dd_gazebo/install/dd_gazebo/share/dd_gazebo/src/px4_ros_com/src/examples/offboard_py/offboard_control.py
-- Installing: /home/brc/DD_Nav_WS/dd_gazebo_ws/dd_gazebo/install/dd_gazebo/share/dd_gazebo/src/px4_ros_com/src/examples/offboard
-- Installing: /home/brc/DD_Nav_WS/dd_gazebo_ws/dd_gazebo/install/dd_gazebo/share/dd_gazebo/src/px4_ros_com/src/examples/offboard/offboard_control.cpp
-- Installing: /home/brc/DD_Nav_WS/dd_gazebo_ws/dd_gazebo/install/dd_gazebo/share/dd_gazebo/src/px4_ros_com/src/examples/offboard/offboard_control_srv.cpp
-- Installing: /home/brc/DD_Nav_WS/dd_gazebo_ws/dd_gazebo/install/dd_gazebo/share/dd_gazebo/src/px4_ros_com/src/examples/listeners
-- Installing: /home/brc/DD_Nav_WS/dd_gazebo_ws/dd_gazebo/install/dd_gazebo/share/dd_gazebo/src/px4_ros_com/src/examples/listeners/sensor_combined_listener.cpp
-- Installing: /home/brc/DD_Nav_WS/dd_gazebo_ws/dd_gazebo/install/dd_gazebo/share/dd_gazebo/src/px4_ros_com/src/examples/listeners/vehicle_gps_position_listener.cpp
-- Installing: /home/brc/DD_Nav_WS/dd_gazebo_ws/dd_gazebo/install/dd_gazebo/share/dd_gazebo/src/px4_ros_com/src/examples/advertisers
-- Installing: /home/brc/DD_Nav_WS/dd_gazebo_ws/dd_gazebo/install/dd_gazebo/share/dd_gazebo/src/px4_ros_com/src/examples/advertisers/debug_vect_advertiser.cpp
-- Installing: /home/brc/DD_Nav_WS/dd_gazebo_ws/dd_gazebo/install/dd_gazebo/share/dd_gazebo/src/px4_ros_com/src/lib
-- Installing: /home/brc/DD_Nav_WS/dd_gazebo_ws/dd_gazebo/install/dd_gazebo/share/dd_gazebo/src/px4_ros_com/src/lib/frame_transforms.cpp
-- Installing: /home/brc/DD_Nav_WS/dd_gazebo_ws/dd_gazebo/install/dd_gazebo/share/dd_gazebo/src/px4_ros_com/README.md
-- Installing: /home/brc/DD_Nav_WS/dd_gazebo_ws/dd_gazebo/install/dd_gazebo/share/dd_gazebo/src/px4_ros_com/.github
-- Installing: /home/brc/DD_Nav_WS/dd_gazebo_ws/dd_gazebo/install/dd_gazebo/share/dd_gazebo/src/px4_ros_com/.github/workflows
-- Installing: /home/brc/DD_Nav_WS/dd_gazebo_ws/dd_gazebo/install/dd_gazebo/share/dd_gazebo/src/px4_ros_com/.github/workflows/build.yml
-- Installing: /home/brc/DD_Nav_WS/dd_gazebo_ws/dd_gazebo/install/dd_gazebo/share/dd_gazebo/src/px4_ros_com/.github/dependabot.yml
-- Installing: /home/brc/DD_Nav_WS/dd_gazebo_ws/dd_gazebo/install/dd_gazebo/share/dd_gazebo/src/px4_ros_com/.vscode
-- Installing: /home/brc/DD_Nav_WS/dd_gazebo_ws/dd_gazebo/install/dd_gazebo/share/dd_gazebo/src/px4_ros_com/.vscode/settings.json
-- Installing: /home/brc/DD_Nav_WS/dd_gazebo_ws/dd_gazebo/install/dd_gazebo/share/dd_gazebo/src/px4_ros_com/px4_ros_com
-- Installing: /home/brc/DD_Nav_WS/dd_gazebo_ws/dd_gazebo/install/dd_gazebo/share/dd_gazebo/src/px4_ros_com/px4_ros_com/module_to_import.py
-- Installing: /home/brc/DD_Nav_WS/dd_gazebo_ws/dd_gazebo/install/dd_gazebo/share/dd_gazebo/src/px4_ros_com/px4_ros_com/__init__.py
-- Installing: /home/brc/DD_Nav_WS/dd_gazebo_ws/dd_gazebo/install/dd_gazebo/share/dd_gazebo/src/px4_ros_com/.git
-- Installing: /home/brc/DD_Nav_WS/dd_gazebo_ws/dd_gazebo/install/dd_gazebo/share/dd_gazebo/src/px4_ros_com/.git/config
-- Installing: /home/brc/DD_Nav_WS/dd_gazebo_ws/dd_gazebo/install/dd_gazebo/share/dd_gazebo/src/px4_ros_com/.git/info
-- Installing: /home/brc/DD_Nav_WS/dd_gazebo_ws/dd_gazebo/install/dd_gazebo/share/dd_gazebo/src/px4_ros_com/.git/info/exclude
-- Installing: /home/brc/DD_Nav_WS/dd_gazebo_ws/dd_gazebo/install/dd_gazebo/share/dd_gazebo/src/px4_ros_com/.git/hooks
-- Installing: /home/brc/DD_Nav_WS/dd_gazebo_ws/dd_gazebo/install/dd_gazebo/share/dd_gazebo/src/px4_ros_com/.git/hooks/pre-push.sample
-- Installing: /home/brc/DD_Nav_WS/dd_gazebo_ws/dd_gazebo/install/dd_gazebo/share/dd_gazebo/src/px4_ros_com/.git/hooks/pre-applypatch.sample
-- Installing: /home/brc/DD_Nav_WS/dd_gazebo_ws/dd_gazebo/install/dd_gazebo/share/dd_gazebo/src/px4_ros_com/.git/hooks/commit-msg.sample
-- Installing: /home/brc/DD_Nav_WS/dd_gazebo_ws/dd_gazebo/install/dd_gazebo/share/dd_gazebo/src/px4_ros_com/.git/hooks/update.sample
-- Installing: /home/brc/DD_Nav_WS/dd_gazebo_ws/dd_gazebo/install/dd_gazebo/share/dd_gazebo/src/px4_ros_com/.git/hooks/pre-commit.sample
-- Installing: /home/brc/DD_Nav_WS/dd_gazebo_ws/dd_gazebo/install/dd_gazebo/share/dd_gazebo/src/px4_ros_com/.git/hooks/applypatch-msg.sample
-- Installing: /home/brc/DD_Nav_WS/dd_gazebo_ws/dd_gazebo/install/dd_gazebo/share/dd_gazebo/src/px4_ros_com/.git/hooks/pre-rebase.sample
-- Installing: /home/brc/DD_Nav_WS/dd_gazebo_ws/dd_gazebo/install/dd_gazebo/share/dd_gazebo/src/px4_ros_com/.git/hooks/push-to-checkout.sample
-- Installing: /home/brc/DD_Nav_WS/dd_gazebo_ws/dd_gazebo/install/dd_gazebo/share/dd_gazebo/src/px4_ros_com/.git/hooks/fsmonitor-watchman.sample
-- Installing: /home/brc/DD_Nav_WS/dd_gazebo_ws/dd_gazebo/install/dd_gazebo/share/dd_gazebo/src/px4_ros_com/.git/hooks/prepare-commit-msg.sample
-- Installing: /home/brc/DD_Nav_WS/dd_gazebo_ws/dd_gazebo/install/dd_gazebo/share/dd_gazebo/src/px4_ros_com/.git/hooks/pre-receive.sample
-- Installing: /home/brc/DD_Nav_WS/dd_gazebo_ws/dd_gazebo/install/dd_gazebo/share/dd_gazebo/src/px4_ros_com/.git/hooks/pre-merge-commit.sample
-- Installing: /home/brc/DD_Nav_WS/dd_gazebo_ws/dd_gazebo/install/dd_gazebo/share/dd_gazebo/src/px4_ros_com/.git/hooks/post-update.sample
-- Installing: /home/brc/DD_Nav_WS/dd_gazebo_ws/dd_gazebo/install/dd_gazebo/share/dd_gazebo/src/px4_ros_com/.git/description
-- Installing: /home/brc/DD_Nav_WS/dd_gazebo_ws/dd_gazebo/install/dd_gazebo/share/dd_gazebo/src/px4_ros_com/.git/packed-refs
-- Installing: /home/brc/DD_Nav_WS/dd_gazebo_ws/dd_gazebo/install/dd_gazebo/share/dd_gazebo/src/px4_ros_com/.git/index
-- Installing: /home/brc/DD_Nav_WS/dd_gazebo_ws/dd_gazebo/install/dd_gazebo/share/dd_gazebo/src/px4_ros_com/.git/refs
-- Installing: /home/brc/DD_Nav_WS/dd_gazebo_ws/dd_gazebo/install/dd_gazebo/share/dd_gazebo/src/px4_ros_com/.git/refs/tags
-- Installing: /home/brc/DD_Nav_WS/dd_gazebo_ws/dd_gazebo/install/dd_gazebo/share/dd_gazebo/src/px4_ros_com/.git/refs/heads
-- Installing: /home/brc/DD_Nav_WS/dd_gazebo_ws/dd_gazebo/install/dd_gazebo/share/dd_gazebo/src/px4_ros_com/.git/refs/heads/main
-- Installing: /home/brc/DD_Nav_WS/dd_gazebo_ws/dd_gazebo/install/dd_gazebo/share/dd_gazebo/src/px4_ros_com/.git/refs/remotes
-- Installing: /home/brc/DD_Nav_WS/dd_gazebo_ws/dd_gazebo/install/dd_gazebo/share/dd_gazebo/src/px4_ros_com/.git/refs/remotes/origin
-- Installing: /home/brc/DD_Nav_WS/dd_gazebo_ws/dd_gazebo/install/dd_gazebo/share/dd_gazebo/src/px4_ros_com/.git/refs/remotes/origin/HEAD
-- Installing: /home/brc/DD_Nav_WS/dd_gazebo_ws/dd_gazebo/install/dd_gazebo/share/dd_gazebo/src/px4_ros_com/.git/objects
-- Installing: /home/brc/DD_Nav_WS/dd_gazebo_ws/dd_gazebo/install/dd_gazebo/share/dd_gazebo/src/px4_ros_com/.git/objects/info
-- Installing: /home/brc/DD_Nav_WS/dd_gazebo_ws/dd_gazebo/install/dd_gazebo/share/dd_gazebo/src/px4_ros_com/.git/objects/pack
-- Installing: /home/brc/DD_Nav_WS/dd_gazebo_ws/dd_gazebo/install/dd_gazebo/share/dd_gazebo/src/px4_ros_com/.git/objects/pack/pack-cd7da812d091edbdbf137eb09e4d7d5562a3690a.pack
-- Installing: /home/brc/DD_Nav_WS/dd_gazebo_ws/dd_gazebo/install/dd_gazebo/share/dd_gazebo/src/px4_ros_com/.git/objects/pack/pack-cd7da812d091edbdbf137eb09e4d7d5562a3690a.idx
-- Installing: /home/brc/DD_Nav_WS/dd_gazebo_ws/dd_gazebo/install/dd_gazebo/share/dd_gazebo/src/px4_ros_com/.git/branches
-- Installing: /home/brc/DD_Nav_WS/dd_gazebo_ws/dd_gazebo/install/dd_gazebo/share/dd_gazebo/src/px4_ros_com/.git/HEAD
-- Installing: /home/brc/DD_Nav_WS/dd_gazebo_ws/dd_gazebo/install/dd_gazebo/share/dd_gazebo/src/px4_ros_com/.git/logs
-- Installing: /home/brc/DD_Nav_WS/dd_gazebo_ws/dd_gazebo/install/dd_gazebo/share/dd_gazebo/src/px4_ros_com/.git/logs/refs
-- Installing: /home/brc/DD_Nav_WS/dd_gazebo_ws/dd_gazebo/install/dd_gazebo/share/dd_gazebo/src/px4_ros_com/.git/logs/refs/heads
-- Installing: /home/brc/DD_Nav_WS/dd_gazebo_ws/dd_gazebo/install/dd_gazebo/share/dd_gazebo/src/px4_ros_com/.git/logs/refs/heads/main
-- Installing: /home/brc/DD_Nav_WS/dd_gazebo_ws/dd_gazebo/install/dd_gazebo/share/dd_gazebo/src/px4_ros_com/.git/logs/refs/remotes
-- Installing: /home/brc/DD_Nav_WS/dd_gazebo_ws/dd_gazebo/install/dd_gazebo/share/dd_gazebo/src/px4_ros_com/.git/logs/refs/remotes/origin
-- Installing: /home/brc/DD_Nav_WS/dd_gazebo_ws/dd_gazebo/install/dd_gazebo/share/dd_gazebo/src/px4_ros_com/.git/logs/refs/remotes/origin/HEAD
-- Installing: /home/brc/DD_Nav_WS/dd_gazebo_ws/dd_gazebo/install/dd_gazebo/share/dd_gazebo/src/px4_ros_com/.git/logs/HEAD
-- Installing: /home/brc/DD_Nav_WS/dd_gazebo_ws/dd_gazebo/install/dd_gazebo/share/dd_gazebo/src/px4_ros_com/.gitignore
-- Installing: /home/brc/DD_Nav_WS/dd_gazebo_ws/dd_gazebo/install/dd_gazebo/share/dd_gazebo/src/px4_ros_com/CMakeLists.txt
-- Installing: /home/brc/DD_Nav_WS/dd_gazebo_ws/dd_gazebo/install/dd_gazebo/share/dd_gazebo/src/px4_ros_com/package.xml
-- Installing: /home/brc/DD_Nav_WS/dd_gazebo_ws/dd_gazebo/install/dd_gazebo/share/dd_gazebo/src/px4_ros_com/include
-- Installing: /home/brc/DD_Nav_WS/dd_gazebo_ws/dd_gazebo/install/dd_gazebo/share/dd_gazebo/src/px4_ros_com/include/px4_ros_com
-- Installing: /home/brc/DD_Nav_WS/dd_gazebo_ws/dd_gazebo/install/dd_gazebo/share/dd_gazebo/src/px4_ros_com/include/px4_ros_com/frame_transforms.h
-- Installing: /home/brc/DD_Nav_WS/dd_gazebo_ws/dd_gazebo/install/dd_gazebo/share/dd_gazebo/src/px4_msgs
-- Installing: /home/brc/DD_Nav_WS/dd_gazebo_ws/dd_gazebo/install/dd_gazebo/share/dd_gazebo/src/px4_msgs/LICENSE
-- Installing: /home/brc/DD_Nav_WS/dd_gazebo_ws/dd_gazebo/install/dd_gazebo/share/dd_gazebo/src/px4_msgs/README.md
-- Installing: /home/brc/DD_Nav_WS/dd_gazebo_ws/dd_gazebo/install/dd_gazebo/share/dd_gazebo/src/px4_msgs/.github
-- Installing: /home/brc/DD_Nav_WS/dd_gazebo_ws/dd_gazebo/install/dd_gazebo/share/dd_gazebo/src/px4_msgs/.github/workflows
-- Installing: /home/brc/DD_Nav_WS/dd_gazebo_ws/dd_gazebo/install/dd_gazebo/share/dd_gazebo/src/px4_msgs/.github/workflows/build.yml
-- Installing: /home/brc/DD_Nav_WS/dd_gazebo_ws/dd_gazebo/install/dd_gazebo/share/dd_gazebo/src/px4_msgs/.github/dependabot.yml
-- Installing: /home/brc/DD_Nav_WS/dd_gazebo_ws/dd_gazebo/install/dd_gazebo/share/dd_gazebo/src/px4_msgs/.git
-- Installing: /home/brc/DD_Nav_WS/dd_gazebo_ws/dd_gazebo/install/dd_gazebo/share/dd_gazebo/src/px4_msgs/.git/config
-- Installing: /home/brc/DD_Nav_WS/dd_gazebo_ws/dd_gazebo/install/dd_gazebo/share/dd_gazebo/src/px4_msgs/.git/info
-- Installing: /home/brc/DD_Nav_WS/dd_gazebo_ws/dd_gazebo/install/dd_gazebo/share/dd_gazebo/src/px4_msgs/.git/info/exclude
-- Installing: /home/brc/DD_Nav_WS/dd_gazebo_ws/dd_gazebo/install/dd_gazebo/share/dd_gazebo/src/px4_msgs/.git/hooks
-- Installing: /home/brc/DD_Nav_WS/dd_gazebo_ws/dd_gazebo/install/dd_gazebo/share/dd_gazebo/src/px4_msgs/.git/hooks/pre-push.sample
-- Installing: /home/brc/DD_Nav_WS/dd_gazebo_ws/dd_gazebo/install/dd_gazebo/share/dd_gazebo/src/px4_msgs/.git/hooks/pre-applypatch.sample
-- Installing: /home/brc/DD_Nav_WS/dd_gazebo_ws/dd_gazebo/install/dd_gazebo/share/dd_gazebo/src/px4_msgs/.git/hooks/commit-msg.sample
-- Installing: /home/brc/DD_Nav_WS/dd_gazebo_ws/dd_gazebo/install/dd_gazebo/share/dd_gazebo/src/px4_msgs/.git/hooks/update.sample
-- Installing: /home/brc/DD_Nav_WS/dd_gazebo_ws/dd_gazebo/install/dd_gazebo/share/dd_gazebo/src/px4_msgs/.git/hooks/pre-commit.sample
-- Installing: /home/brc/DD_Nav_WS/dd_gazebo_ws/dd_gazebo/install/dd_gazebo/share/dd_gazebo/src/px4_msgs/.git/hooks/applypatch-msg.sample
-- Installing: /home/brc/DD_Nav_WS/dd_gazebo_ws/dd_gazebo/install/dd_gazebo/share/dd_gazebo/src/px4_msgs/.git/hooks/pre-rebase.sample
-- Installing: /home/brc/DD_Nav_WS/dd_gazebo_ws/dd_gazebo/install/dd_gazebo/share/dd_gazebo/src/px4_msgs/.git/hooks/push-to-checkout.sample
-- Installing: /home/brc/DD_Nav_WS/dd_gazebo_ws/dd_gazebo/install/dd_gazebo/share/dd_gazebo/src/px4_msgs/.git/hooks/fsmonitor-watchman.sample
-- Installing: /home/brc/DD_Nav_WS/dd_gazebo_ws/dd_gazebo/install/dd_gazebo/share/dd_gazebo/src/px4_msgs/.git/hooks/prepare-commit-msg.sample
-- Installing: /home/brc/DD_Nav_WS/dd_gazebo_ws/dd_gazebo/install/dd_gazebo/share/dd_gazebo/src/px4_msgs/.git/hooks/pre-receive.sample
-- Installing: /home/brc/DD_Nav_WS/dd_gazebo_ws/dd_gazebo/install/dd_gazebo/share/dd_gazebo/src/px4_msgs/.git/hooks/pre-merge-commit.sample
-- Installing: /home/brc/DD_Nav_WS/dd_gazebo_ws/dd_gazebo/install/dd_gazebo/share/dd_gazebo/src/px4_msgs/.git/hooks/post-update.sample
-- Installing: /home/brc/DD_Nav_WS/dd_gazebo_ws/dd_gazebo/install/dd_gazebo/share/dd_gazebo/src/px4_msgs/.git/description
-- Installing: /home/brc/DD_Nav_WS/dd_gazebo_ws/dd_gazebo/install/dd_gazebo/share/dd_gazebo/src/px4_msgs/.git/packed-refs
-- Installing: /home/brc/DD_Nav_WS/dd_gazebo_ws/dd_gazebo/install/dd_gazebo/share/dd_gazebo/src/px4_msgs/.git/index
-- Installing: /home/brc/DD_Nav_WS/dd_gazebo_ws/dd_gazebo/install/dd_gazebo/share/dd_gazebo/src/px4_msgs/.git/refs
-- Installing: /home/brc/DD_Nav_WS/dd_gazebo_ws/dd_gazebo/install/dd_gazebo/share/dd_gazebo/src/px4_msgs/.git/refs/tags
-- Installing: /home/brc/DD_Nav_WS/dd_gazebo_ws/dd_gazebo/install/dd_gazebo/share/dd_gazebo/src/px4_msgs/.git/refs/heads
-- Installing: /home/brc/DD_Nav_WS/dd_gazebo_ws/dd_gazebo/install/dd_gazebo/share/dd_gazebo/src/px4_msgs/.git/refs/heads/main
-- Installing: /home/brc/DD_Nav_WS/dd_gazebo_ws/dd_gazebo/install/dd_gazebo/share/dd_gazebo/src/px4_msgs/.git/refs/remotes
-- Installing: /home/brc/DD_Nav_WS/dd_gazebo_ws/dd_gazebo/install/dd_gazebo/share/dd_gazebo/src/px4_msgs/.git/refs/remotes/origin
-- Installing: /home/brc/DD_Nav_WS/dd_gazebo_ws/dd_gazebo/install/dd_gazebo/share/dd_gazebo/src/px4_msgs/.git/refs/remotes/origin/HEAD
-- Installing: /home/brc/DD_Nav_WS/dd_gazebo_ws/dd_gazebo/install/dd_gazebo/share/dd_gazebo/src/px4_msgs/.git/objects
-- Installing: /home/brc/DD_Nav_WS/dd_gazebo_ws/dd_gazebo/install/dd_gazebo/share/dd_gazebo/src/px4_msgs/.git/objects/info
-- Installing: /home/brc/DD_Nav_WS/dd_gazebo_ws/dd_gazebo/install/dd_gazebo/share/dd_gazebo/src/px4_msgs/.git/objects/pack
-- Installing: /home/brc/DD_Nav_WS/dd_gazebo_ws/dd_gazebo/install/dd_gazebo/share/dd_gazebo/src/px4_msgs/.git/objects/pack/pack-c29810d5cc3d5c9bdcb91a444cbd1f3ae636950e.pack
-- Installing: /home/brc/DD_Nav_WS/dd_gazebo_ws/dd_gazebo/install/dd_gazebo/share/dd_gazebo/src/px4_msgs/.git/objects/pack/pack-c29810d5cc3d5c9bdcb91a444cbd1f3ae636950e.idx
-- Installing: /home/brc/DD_Nav_WS/dd_gazebo_ws/dd_gazebo/install/dd_gazebo/share/dd_gazebo/src/px4_msgs/.git/branches
-- Installing: /home/brc/DD_Nav_WS/dd_gazebo_ws/dd_gazebo/install/dd_gazebo/share/dd_gazebo/src/px4_msgs/.git/HEAD
-- Installing: /home/brc/DD_Nav_WS/dd_gazebo_ws/dd_gazebo/install/dd_gazebo/share/dd_gazebo/src/px4_msgs/.git/logs
-- Installing: /home/brc/DD_Nav_WS/dd_gazebo_ws/dd_gazebo/install/dd_gazebo/share/dd_gazebo/src/px4_msgs/.git/logs/refs
-- Installing: /home/brc/DD_Nav_WS/dd_gazebo_ws/dd_gazebo/install/dd_gazebo/share/dd_gazebo/src/px4_msgs/.git/logs/refs/heads
-- Installing: /home/brc/DD_Nav_WS/dd_gazebo_ws/dd_gazebo/install/dd_gazebo/share/dd_gazebo/src/px4_msgs/.git/logs/refs/heads/main
-- Installing: /home/brc/DD_Nav_WS/dd_gazebo_ws/dd_gazebo/install/dd_gazebo/share/dd_gazebo/src/px4_msgs/.git/logs/refs/remotes
-- Installing: /home/brc/DD_Nav_WS/dd_gazebo_ws/dd_gazebo/install/dd_gazebo/share/dd_gazebo/src/px4_msgs/.git/logs/refs/remotes/origin
-- Installing: /home/brc/DD_Nav_WS/dd_gazebo_ws/dd_gazebo/install/dd_gazebo/share/dd_gazebo/src/px4_msgs/.git/logs/refs/remotes/origin/HEAD
-- Installing: /home/brc/DD_Nav_WS/dd_gazebo_ws/dd_gazebo/install/dd_gazebo/share/dd_gazebo/src/px4_msgs/.git/logs/HEAD
-- Installing: /home/brc/DD_Nav_WS/dd_gazebo_ws/dd_gazebo/install/dd_gazebo/share/dd_gazebo/src/px4_msgs/CONTRIBUTING.md
-- Installing: /home/brc/DD_Nav_WS/dd_gazebo_ws/dd_gazebo/install/dd_gazebo/share/dd_gazebo/src/px4_msgs/.gitignore
-- Installing: /home/brc/DD_Nav_WS/dd_gazebo_ws/dd_gazebo/install/dd_gazebo/share/dd_gazebo/src/px4_msgs/CMakeLists.txt
-- Installing: /home/brc/DD_Nav_WS/dd_gazebo_ws/dd_gazebo/install/dd_gazebo/share/dd_gazebo/src/px4_msgs/package.xml
-- Installing: /home/brc/DD_Nav_WS/dd_gazebo_ws/dd_gazebo/install/dd_gazebo/share/dd_gazebo/src/px4_msgs/msg
-- Installing: /home/brc/DD_Nav_WS/dd_gazebo_ws/dd_gazebo/install/dd_gazebo/share/dd_gazebo/src/px4_msgs/msg/VehicleCommand.msg
-- Installing: /home/brc/DD_Nav_WS/dd_gazebo_ws/dd_gazebo/install/dd_gazebo/share/dd_gazebo/src/px4_msgs/msg/FollowTargetStatus.msg
-- Installing: /home/brc/DD_Nav_WS/dd_gazebo_ws/dd_gazebo/install/dd_gazebo/share/dd_gazebo/src/px4_msgs/msg/CollisionReport.msg
-- Installing: /home/brc/DD_Nav_WS/dd_gazebo_ws/dd_gazebo/install/dd_gazebo/share/dd_gazebo/src/px4_msgs/msg/TransponderReport.msg
-- Installing: /home/brc/DD_Nav_WS/dd_gazebo_ws/dd_gazebo/install/dd_gazebo/share/dd_gazebo/src/px4_msgs/msg/SensorGps.msg
-- Installing: /home/brc/DD_Nav_WS/dd_gazebo_ws/dd_gazebo/install/dd_gazebo/share/dd_gazebo/src/px4_msgs/msg/LandingGear.msg
-- Installing: /home/brc/DD_Nav_WS/dd_gazebo_ws/dd_gazebo/install/dd_gazebo/share/dd_gazebo/src/px4_msgs/msg/GpsDump.msg
-- Installing: /home/brc/DD_Nav_WS/dd_gazebo_ws/dd_gazebo/install/dd_gazebo/share/dd_gazebo/src/px4_msgs/msg/ParameterSetValueResponse.msg
-- Installing: /home/brc/DD_Nav_WS/dd_gazebo_ws/dd_gazebo/install/dd_gazebo/share/dd_gazebo/src/px4_msgs/msg/GeneratorStatus.msg
-- Installing: /home/brc/DD_Nav_WS/dd_gazebo_ws/dd_gazebo/install/dd_gazebo/share/dd_gazebo/src/px4_msgs/msg/EstimatorBias3d.msg
-- Installing: /home/brc/DD_Nav_WS/dd_gazebo_ws/dd_gazebo/install/dd_gazebo/share/dd_gazebo/src/px4_msgs/msg/RtlTimeEstimate.msg
-- Installing: /home/brc/DD_Nav_WS/dd_gazebo_ws/dd_gazebo/install/dd_gazebo/share/dd_gazebo/src/px4_msgs/msg/EstimatorStatusFlags.msg
-- Installing: /home/brc/DD_Nav_WS/dd_gazebo_ws/dd_gazebo/install/dd_gazebo/share/dd_gazebo/src/px4_msgs/msg/ActuatorControlsStatus.msg
-- Installing: /home/brc/DD_Nav_WS/dd_gazebo_ws/dd_gazebo/install/dd_gazebo/share/dd_gazebo/src/px4_msgs/msg/UlogStreamAck.msg
-- Installing: /home/brc/DD_Nav_WS/dd_gazebo_ws/dd_gazebo/install/dd_gazebo/share/dd_gazebo/src/px4_msgs/msg/GpioOut.msg
-- Installing: /home/brc/DD_Nav_WS/dd_gazebo_ws/dd_gazebo/install/dd_gazebo/share/dd_gazebo/src/px4_msgs/msg/YawEstimatorStatus.msg
-- Installing: /home/brc/DD_Nav_WS/dd_gazebo_ws/dd_gazebo/install/dd_gazebo/share/dd_gazebo/src/px4_msgs/msg/HeaterStatus.msg
-- Installing: /home/brc/DD_Nav_WS/dd_gazebo_ws/dd_gazebo/install/dd_gazebo/share/dd_gazebo/src/px4_msgs/msg/QshellReq.msg
-- Installing: /home/brc/DD_Nav_WS/dd_gazebo_ws/dd_gazebo/install/dd_gazebo/share/dd_gazebo/src/px4_msgs/msg/WheelEncoders.msg
-- Installing: /home/brc/DD_Nav_WS/dd_gazebo_ws/dd_gazebo/install/dd_gazebo/share/dd_gazebo/src/px4_msgs/msg/VehicleTrajectoryWaypoint.msg
-- Installing: /home/brc/DD_Nav_WS/dd_gazebo_ws/dd_gazebo/install/dd_gazebo/share/dd_gazebo/src/px4_msgs/msg/Cpuload.msg
-- Installing: /home/brc/DD_Nav_WS/dd_gazebo_ws/dd_gazebo/install/dd_gazebo/share/dd_gazebo/src/px4_msgs/msg/ObstacleDistance.msg
-- Installing: /home/brc/DD_Nav_WS/dd_gazebo_ws/dd_gazebo/install/dd_gazebo/share/dd_gazebo/src/px4_msgs/msg/FailureDetectorStatus.msg
-- Installing: /home/brc/DD_Nav_WS/dd_gazebo_ws/dd_gazebo/install/dd_gazebo/share/dd_gazebo/src/px4_msgs/msg/SensorGyro.msg
-- Installing: /home/brc/DD_Nav_WS/dd_gazebo_ws/dd_gazebo/install/dd_gazebo/share/dd_gazebo/src/px4_msgs/msg/Wind.msg
-- Installing: /home/brc/DD_Nav_WS/dd_gazebo_ws/dd_gazebo/install/dd_gazebo/share/dd_gazebo/src/px4_msgs/msg/UavcanParameterValue.msg
-- Installing: /home/brc/DD_Nav_WS/dd_gazebo_ws/dd_gazebo/install/dd_gazebo/share/dd_gazebo/src/px4_msgs/msg/OffboardControlMode.msg
-- Installing: /home/brc/DD_Nav_WS/dd_gazebo_ws/dd_gazebo/install/dd_gazebo/share/dd_gazebo/src/px4_msgs/msg/CameraTrigger.msg
-- Installing: /home/brc/DD_Nav_WS/dd_gazebo_ws/dd_gazebo/install/dd_gazebo/share/dd_gazebo/src/px4_msgs/msg/GimbalDeviceInformation.msg
-- Installing: /home/brc/DD_Nav_WS/dd_gazebo_ws/dd_gazebo/install/dd_gazebo/share/dd_gazebo/src/px4_msgs/msg/VehicleAcceleration.msg
-- Installing: /home/brc/DD_Nav_WS/dd_gazebo_ws/dd_gazebo/install/dd_gazebo/share/dd_gazebo/src/px4_msgs/msg/EstimatorEventFlags.msg
-- Installing: /home/brc/DD_Nav_WS/dd_gazebo_ws/dd_gazebo/install/dd_gazebo/share/dd_gazebo/src/px4_msgs/msg/VehicleImuStatus.msg
-- Installing: /home/brc/DD_Nav_WS/dd_gazebo_ws/dd_gazebo/install/dd_gazebo/share/dd_gazebo/src/px4_msgs/msg/HomePosition.msg
-- Installing: /home/brc/DD_Nav_WS/dd_gazebo_ws/dd_gazebo/install/dd_gazebo/share/dd_gazebo/src/px4_msgs/msg/GpsInjectData.msg
-- Installing: /home/brc/DD_Nav_WS/dd_gazebo_ws/dd_gazebo/install/dd_gazebo/share/dd_gazebo/src/px4_msgs/msg/PowerButtonState.msg
-- Installing: /home/brc/DD_Nav_WS/dd_gazebo_ws/dd_gazebo/install/dd_gazebo/share/dd_gazebo/src/px4_msgs/msg/VtolVehicleStatus.msg
-- Installing: /home/brc/DD_Nav_WS/dd_gazebo_ws/dd_gazebo/install/dd_gazebo/share/dd_gazebo/src/px4_msgs/msg/PositionSetpointTriplet.msg
-- Installing: /home/brc/DD_Nav_WS/dd_gazebo_ws/dd_gazebo/install/dd_gazebo/share/dd_gazebo/src/px4_msgs/msg/VelocityLimits.msg
-- Installing: /home/brc/DD_Nav_WS/dd_gazebo_ws/dd_gazebo/install/dd_gazebo/share/dd_gazebo/src/px4_msgs/msg/TakeoffStatus.msg
-- Installing: /home/brc/DD_Nav_WS/dd_gazebo_ws/dd_gazebo/install/dd_gazebo/share/dd_gazebo/src/px4_msgs/msg/DatamanResponse.msg
-- Installing: /home/brc/DD_Nav_WS/dd_gazebo_ws/dd_gazebo/install/dd_gazebo/share/dd_gazebo/src/px4_msgs/msg/VehicleStatus.msg
-- Installing: /home/brc/DD_Nav_WS/dd_gazebo_ws/dd_gazebo/install/dd_gazebo/share/dd_gazebo/src/px4_msgs/msg/VehicleAirData.msg
-- Installing: /home/brc/DD_Nav_WS/dd_gazebo_ws/dd_gazebo/install/dd_gazebo/share/dd_gazebo/src/px4_msgs/msg/LaunchDetectionStatus.msg
-- Installing: /home/brc/DD_Nav_WS/dd_gazebo_ws/dd_gazebo/install/dd_gazebo/share/dd_gazebo/src/px4_msgs/msg/DifferentialPressure.msg
-- Installing: /home/brc/DD_Nav_WS/dd_gazebo_ws/dd_gazebo/install/dd_gazebo/share/dd_gazebo/src/px4_msgs/msg/LoggerStatus.msg
-- Installing: /home/brc/DD_Nav_WS/dd_gazebo_ws/dd_gazebo/install/dd_gazebo/share/dd_gazebo/src/px4_msgs/msg/PositionControllerStatus.msg
-- Installing: /home/brc/DD_Nav_WS/dd_gazebo_ws/dd_gazebo/install/dd_gazebo/share/dd_gazebo/src/px4_msgs/msg/RegisterExtComponentReply.msg
-- Installing: /home/brc/DD_Nav_WS/dd_gazebo_ws/dd_gazebo/install/dd_gazebo/share/dd_gazebo/src/px4_msgs/msg/PpsCapture.msg
-- Installing: /home/brc/DD_Nav_WS/dd_gazebo_ws/dd_gazebo/install/dd_gazebo/share/dd_gazebo/src/px4_msgs/msg/OrbTestMedium.msg
-- Installing: /home/brc/DD_Nav_WS/dd_gazebo_ws/dd_gazebo/install/dd_gazebo/share/dd_gazebo/src/px4_msgs/msg/LogMessage.msg
-- Installing: /home/brc/DD_Nav_WS/dd_gazebo_ws/dd_gazebo/install/dd_gazebo/share/dd_gazebo/src/px4_msgs/msg/ParameterUpdate.msg
-- Installing: /home/brc/DD_Nav_WS/dd_gazebo_ws/dd_gazebo/install/dd_gazebo/share/dd_gazebo/src/px4_msgs/msg/InputRc.msg
-- Installing: /home/brc/DD_Nav_WS/dd_gazebo_ws/dd_gazebo/install/dd_gazebo/share/dd_gazebo/src/px4_msgs/msg/RcChannels.msg
-- Installing: /home/brc/DD_Nav_WS/dd_gazebo_ws/dd_gazebo/install/dd_gazebo/share/dd_gazebo/src/px4_msgs/msg/ParameterSetValueRequest.msg
-- Installing: /home/brc/DD_Nav_WS/dd_gazebo_ws/dd_gazebo/install/dd_gazebo/share/dd_gazebo/src/px4_msgs/msg/HealthReport.msg
-- Installing: /home/brc/DD_Nav_WS/dd_gazebo_ws/dd_gazebo/install/dd_gazebo/share/dd_gazebo/src/px4_msgs/msg/DatamanRequest.msg
-- Installing: /home/brc/DD_Nav_WS/dd_gazebo_ws/dd_gazebo/install/dd_gazebo/share/dd_gazebo/src/px4_msgs/msg/MagWorkerData.msg
-- Installing: /home/brc/DD_Nav_WS/dd_gazebo_ws/dd_gazebo/install/dd_gazebo/share/dd_gazebo/src/px4_msgs/msg/TimesyncStatus.msg
-- Installing: /home/brc/DD_Nav_WS/dd_gazebo_ws/dd_gazebo/install/dd_gazebo/share/dd_gazebo/src/px4_msgs/msg/EstimatorAidSource3d.msg
-- Installing: /home/brc/DD_Nav_WS/dd_gazebo_ws/dd_gazebo/install/dd_gazebo/share/dd_gazebo/src/px4_msgs/msg/UnregisterExtComponent.msg
-- Installing: /home/brc/DD_Nav_WS/dd_gazebo_ws/dd_gazebo/install/dd_gazebo/share/dd_gazebo/src/px4_msgs/msg/ControlAllocatorStatus.msg
-- Installing: /home/brc/DD_Nav_WS/dd_gazebo_ws/dd_gazebo/install/dd_gazebo/share/dd_gazebo/src/px4_msgs/msg/LandingTargetPose.msg
-- Installing: /home/brc/DD_Nav_WS/dd_gazebo_ws/dd_gazebo/install/dd_gazebo/share/dd_gazebo/src/px4_msgs/msg/ActuatorServosTrim.msg
-- Installing: /home/brc/DD_Nav_WS/dd_gazebo_ws/dd_gazebo/install/dd_gazebo/share/dd_gazebo/src/px4_msgs/msg/ConfigOverrides.msg
-- Installing: /home/brc/DD_Nav_WS/dd_gazebo_ws/dd_gazebo/install/dd_gazebo/share/dd_gazebo/src/px4_msgs/msg/SensorMag.msg
-- Installing: /home/brc/DD_Nav_WS/dd_gazebo_ws/dd_gazebo/install/dd_gazebo/share/dd_gazebo/src/px4_msgs/msg/FollowTargetEstimator.msg
-- Installing: /home/brc/DD_Nav_WS/dd_gazebo_ws/dd_gazebo/install/dd_gazebo/share/dd_gazebo/src/px4_msgs/msg/MavlinkTunnel.msg
-- Installing: /home/brc/DD_Nav_WS/dd_gazebo_ws/dd_gazebo/install/dd_gazebo/share/dd_gazebo/src/px4_msgs/msg/GimbalControls.msg
-- Installing: /home/brc/DD_Nav_WS/dd_gazebo_ws/dd_gazebo/install/dd_gazebo/share/dd_gazebo/src/px4_msgs/msg/EscStatus.msg
-- Installing: /home/brc/DD_Nav_WS/dd_gazebo_ws/dd_gazebo/install/dd_gazebo/share/dd_gazebo/src/px4_msgs/msg/TelemetryStatus.msg
-- Installing: /home/brc/DD_Nav_WS/dd_gazebo_ws/dd_gazebo/install/dd_gazebo/share/dd_gazebo/src/px4_msgs/msg/VehicleConstraints.msg
-- Installing: /home/brc/DD_Nav_WS/dd_gazebo_ws/dd_gazebo/install/dd_gazebo/share/dd_gazebo/src/px4_msgs/msg/ButtonEvent.msg
-- Installing: /home/brc/DD_Nav_WS/dd_gazebo_ws/dd_gazebo/install/dd_gazebo/share/dd_gazebo/src/px4_msgs/msg/ManualControlSetpoint.msg
-- Installing: /home/brc/DD_Nav_WS/dd_gazebo_ws/dd_gazebo/install/dd_gazebo/share/dd_gazebo/src/px4_msgs/msg/AutotuneAttitudeControlStatus.msg
-- Installing: /home/brc/DD_Nav_WS/dd_gazebo_ws/dd_gazebo/install/dd_gazebo/share/dd_gazebo/src/px4_msgs/msg/ActuatorMotors.msg
-- Installing: /home/brc/DD_Nav_WS/dd_gazebo_ws/dd_gazebo/install/dd_gazebo/share/dd_gazebo/src/px4_msgs/msg/VehicleAngularAccelerationSetpoint.msg
-- Installing: /home/brc/DD_Nav_WS/dd_gazebo_ws/dd_gazebo/install/dd_gazebo/share/dd_gazebo/src/px4_msgs/msg/SystemPower.msg
-- Installing: /home/brc/DD_Nav_WS/dd_gazebo_ws/dd_gazebo/install/dd_gazebo/share/dd_gazebo/src/px4_msgs/msg/TiltrotorExtraControls.msg
-- Installing: /home/brc/DD_Nav_WS/dd_gazebo_ws/dd_gazebo/install/dd_gazebo/share/dd_gazebo/src/px4_msgs/msg/DistanceSensor.msg
-- Installing: /home/brc/DD_Nav_WS/dd_gazebo_ws/dd_gazebo/install/dd_gazebo/share/dd_gazebo/src/px4_msgs/msg/LandingTargetInnovations.msg
-- Installing: /home/brc/DD_Nav_WS/dd_gazebo_ws/dd_gazebo/install/dd_gazebo/share/dd_gazebo/src/px4_msgs/msg/MavlinkLog.msg
-- Installing: /home/brc/DD_Nav_WS/dd_gazebo_ws/dd_gazebo/install/dd_gazebo/share/dd_gazebo/src/px4_msgs/msg/VehicleThrustSetpoint.msg
-- Installing: /home/brc/DD_Nav_WS/dd_gazebo_ws/dd_gazebo/install/dd_gazebo/share/dd_gazebo/src/px4_msgs/msg/Ekf2Timestamps.msg
-- Installing: /home/brc/DD_Nav_WS/dd_gazebo_ws/dd_gazebo/install/dd_gazebo/share/dd_gazebo/src/px4_msgs/msg/ActuatorArmed.msg
-- Installing: /home/brc/DD_Nav_WS/dd_gazebo_ws/dd_gazebo/install/dd_gazebo/share/dd_gazebo/src/px4_msgs/msg/SensorsStatusImu.msg
-- Installing: /home/brc/DD_Nav_WS/dd_gazebo_ws/dd_gazebo/install/dd_gazebo/share/dd_gazebo/src/px4_msgs/msg/Px4ioStatus.msg
-- Installing: /home/brc/DD_Nav_WS/dd_gazebo_ws/dd_gazebo/install/dd_gazebo/share/dd_gazebo/src/px4_msgs/msg/ManualControlSwitches.msg
-- Installing: /home/brc/DD_Nav_WS/dd_gazebo_ws/dd_gazebo/install/dd_gazebo/share/dd_gazebo/src/px4_msgs/msg/SensorHygrometer.msg
-- Installing: /home/brc/DD_Nav_WS/dd_gazebo_ws/dd_gazebo/install/dd_gazebo/share/dd_gazebo/src/px4_msgs/msg/VehicleAttitudeSetpoint.msg
-- Installing: /home/brc/DD_Nav_WS/dd_gazebo_ws/dd_gazebo/install/dd_gazebo/share/dd_gazebo/src/px4_msgs/msg/Mission.msg
-- Installing: /home/brc/DD_Nav_WS/dd_gazebo_ws/dd_gazebo/install/dd_gazebo/share/dd_gazebo/src/px4_msgs/msg/TrajectoryBezier.msg
-- Installing: /home/brc/DD_Nav_WS/dd_gazebo_ws/dd_gazebo/install/dd_gazebo/share/dd_gazebo/src/px4_msgs/msg/GeofenceStatus.msg
-- Installing: /home/brc/DD_Nav_WS/dd_gazebo_ws/dd_gazebo/install/dd_gazebo/share/dd_gazebo/src/px4_msgs/msg/GpioConfig.msg
-- Installing: /home/brc/DD_Nav_WS/dd_gazebo_ws/dd_gazebo/install/dd_gazebo/share/dd_gazebo/src/px4_msgs/msg/SensorPreflightMag.msg
-- Installing: /home/brc/DD_Nav_WS/dd_gazebo_ws/dd_gazebo/install/dd_gazebo/share/dd_gazebo/src/px4_msgs/msg/EstimatorAidSource2d.msg
-- Installing: /home/brc/DD_Nav_WS/dd_gazebo_ws/dd_gazebo/install/dd_gazebo/share/dd_gazebo/src/px4_msgs/msg/GimbalManagerStatus.msg
-- Installing: /home/brc/DD_Nav_WS/dd_gazebo_ws/dd_gazebo/install/dd_gazebo/share/dd_gazebo/src/px4_msgs/msg/HoverThrustEstimate.msg
-- Installing: /home/brc/DD_Nav_WS/dd_gazebo_ws/dd_gazebo/install/dd_gazebo/share/dd_gazebo/src/px4_msgs/msg/Airspeed.msg
-- Installing: /home/brc/DD_Nav_WS/dd_gazebo_ws/dd_gazebo/install/dd_gazebo/share/dd_gazebo/src/px4_msgs/msg/LedControl.msg
-- Installing: /home/brc/DD_Nav_WS/dd_gazebo_ws/dd_gazebo/install/dd_gazebo/share/dd_gazebo/src/px4_msgs/msg/VehicleImu.msg
-- Installing: /home/brc/DD_Nav_WS/dd_gazebo_ws/dd_gazebo/install/dd_gazebo/share/dd_gazebo/src/px4_msgs/msg/OrbTest.msg
-- Installing: /home/brc/DD_Nav_WS/dd_gazebo_ws/dd_gazebo/install/dd_gazebo/share/dd_gazebo/src/px4_msgs/msg/FlightPhaseEstimation.msg
-- Installing: /home/brc/DD_Nav_WS/dd_gazebo_ws/dd_gazebo/install/dd_gazebo/share/dd_gazebo/src/px4_msgs/msg/FollowTarget.msg
-- Installing: /home/brc/DD_Nav_WS/dd_gazebo_ws/dd_gazebo/install/dd_gazebo/share/dd_gazebo/src/px4_msgs/msg/DebugVect.msg
-- Installing: /home/brc/DD_Nav_WS/dd_gazebo_ws/dd_gazebo/install/dd_gazebo/share/dd_gazebo/src/px4_msgs/msg/NormalizedUnsignedSetpoint.msg
-- Installing: /home/brc/DD_Nav_WS/dd_gazebo_ws/dd_gazebo/install/dd_gazebo/share/dd_gazebo/src/px4_msgs/msg/TaskStackInfo.msg
-- Installing: /home/brc/DD_Nav_WS/dd_gazebo_ws/dd_gazebo/install/dd_gazebo/share/dd_gazebo/src/px4_msgs/msg/GimbalManagerInformation.msg
-- Installing: /home/brc/DD_Nav_WS/dd_gazebo_ws/dd_gazebo/install/dd_gazebo/share/dd_gazebo/src/px4_msgs/msg/SensorBaro.msg
-- Installing: /home/brc/DD_Nav_WS/dd_gazebo_ws/dd_gazebo/install/dd_gazebo/share/dd_gazebo/src/px4_msgs/msg/PwmInput.msg
-- Installing: /home/brc/DD_Nav_WS/dd_gazebo_ws/dd_gazebo/install/dd_gazebo/share/dd_gazebo/src/px4_msgs/msg/SensorsStatus.msg
-- Installing: /home/brc/DD_Nav_WS/dd_gazebo_ws/dd_gazebo/install/dd_gazebo/share/dd_gazebo/src/px4_msgs/msg/GeofenceResult.msg
-- Installing: /home/brc/DD_Nav_WS/dd_gazebo_ws/dd_gazebo/install/dd_gazebo/share/dd_gazebo/src/px4_msgs/msg/GpioRequest.msg
-- Installing: /home/brc/DD_Nav_WS/dd_gazebo_ws/dd_gazebo/install/dd_gazebo/share/dd_gazebo/src/px4_msgs/msg/IridiumsbdStatus.msg
-- Installing: /home/brc/DD_Nav_WS/dd_gazebo_ws/dd_gazebo/install/dd_gazebo/share/dd_gazebo/src/px4_msgs/msg/GimbalManagerSetManualControl.msg
-- Installing: /home/brc/DD_Nav_WS/dd_gazebo_ws/dd_gazebo/install/dd_gazebo/share/dd_gazebo/src/px4_msgs/msg/EstimatorStatus.msg
-- Installing: /home/brc/DD_Nav_WS/dd_gazebo_ws/dd_gazebo/install/dd_gazebo/share/dd_gazebo/src/px4_msgs/msg/EscReport.msg
-- Installing: /home/brc/DD_Nav_WS/dd_gazebo_ws/dd_gazebo/install/dd_gazebo/share/dd_gazebo/src/px4_msgs/msg/EstimatorBias.msg
-- Installing: /home/brc/DD_Nav_WS/dd_gazebo_ws/dd_gazebo/install/dd_gazebo/share/dd_gazebo/src/px4_msgs/msg/TecsStatus.msg
-- Installing: /home/brc/DD_Nav_WS/dd_gazebo_ws/dd_gazebo/install/dd_gazebo/share/dd_gazebo/src/px4_msgs/msg/Buffer128.msg
-- Installing: /home/brc/DD_Nav_WS/dd_gazebo_ws/dd_gazebo/install/dd_gazebo/share/dd_gazebo/src/px4_msgs/msg/SensorGyroFifo.msg
-- Installing: /home/brc/DD_Nav_WS/dd_gazebo_ws/dd_gazebo/install/dd_gazebo/share/dd_gazebo/src/px4_msgs/msg/ActuatorOutputs.msg
-- Installing: /home/brc/DD_Nav_WS/dd_gazebo_ws/dd_gazebo/install/dd_gazebo/share/dd_gazebo/src/px4_msgs/msg/UlogStream.msg
-- Installing: /home/brc/DD_Nav_WS/dd_gazebo_ws/dd_gazebo/install/dd_gazebo/share/dd_gazebo/src/px4_msgs/msg/EstimatorStates.msg
-- Installing: /home/brc/DD_Nav_WS/dd_gazebo_ws/dd_gazebo/install/dd_gazebo/share/dd_gazebo/src/px4_msgs/msg/CanInterfaceStatus.msg
-- Installing: /home/brc/DD_Nav_WS/dd_gazebo_ws/dd_gazebo/install/dd_gazebo/share/dd_gazebo/src/px4_msgs/msg/OnboardComputerStatus.msg
-- Installing: /home/brc/DD_Nav_WS/dd_gazebo_ws/dd_gazebo/install/dd_gazebo/share/dd_gazebo/src/px4_msgs/msg/GimbalDeviceAttitudeStatus.msg
-- Installing: /home/brc/DD_Nav_WS/dd_gazebo_ws/dd_gazebo/install/dd_gazebo/share/dd_gazebo/src/px4_msgs/msg/ParameterResetRequest.msg
-- Installing: /home/brc/DD_Nav_WS/dd_gazebo_ws/dd_gazebo/install/dd_gazebo/share/dd_gazebo/src/px4_msgs/msg/CellularStatus.msg
-- Installing: /home/brc/DD_Nav_WS/dd_gazebo_ws/dd_gazebo/install/dd_gazebo/share/dd_gazebo/src/px4_msgs/msg/NpfgStatus.msg
-- Installing: /home/brc/DD_Nav_WS/dd_gazebo_ws/dd_gazebo/install/dd_gazebo/share/dd_gazebo/src/px4_msgs/msg/Gripper.msg
-- Installing: /home/brc/DD_Nav_WS/dd_gazebo_ws/dd_gazebo/install/dd_gazebo/share/dd_gazebo/src/px4_msgs/msg/EstimatorInnovations.msg
-- Installing: /home/brc/DD_Nav_WS/dd_gazebo_ws/dd_gazebo/install/dd_gazebo/share/dd_gazebo/src/px4_msgs/msg/DifferentialDriveSetpoint.msg
-- Installing: /home/brc/DD_Nav_WS/dd_gazebo_ws/dd_gazebo/install/dd_gazebo/share/dd_gazebo/src/px4_msgs/msg/OrbitStatus.msg
-- Installing: /home/brc/DD_Nav_WS/dd_gazebo_ws/dd_gazebo/install/dd_gazebo/share/dd_gazebo/src/px4_msgs/msg/Ping.msg
-- Installing: /home/brc/DD_Nav_WS/dd_gazebo_ws/dd_gazebo/install/dd_gazebo/share/dd_gazebo/src/px4_msgs/msg/SensorSelection.msg
-- Installing: /home/brc/DD_Nav_WS/dd_gazebo_ws/dd_gazebo/install/dd_gazebo/share/dd_gazebo/src/px4_msgs/msg/MissionResult.msg
-- Installing: /home/brc/DD_Nav_WS/dd_gazebo_ws/dd_gazebo/install/dd_gazebo/share/dd_gazebo/src/px4_msgs/msg/SatelliteInfo.msg
-- Installing: /home/brc/DD_Nav_WS/dd_gazebo_ws/dd_gazebo/install/dd_gazebo/share/dd_gazebo/src/px4_msgs/msg/RegisterExtComponentRequest.msg
-- Installing: /home/brc/DD_Nav_WS/dd_gazebo_ws/dd_gazebo/install/dd_gazebo/share/dd_gazebo/src/px4_msgs/msg/VehicleLandDetected.msg
-- Installing: /home/brc/DD_Nav_WS/dd_gazebo_ws/dd_gazebo/install/dd_gazebo/share/dd_gazebo/src/px4_msgs/msg/TrajectoryWaypoint.msg
-- Installing: /home/brc/DD_Nav_WS/dd_gazebo_ws/dd_gazebo/install/dd_gazebo/share/dd_gazebo/src/px4_msgs/msg/MagnetometerBiasEstimate.msg
-- Installing: /home/brc/DD_Nav_WS/dd_gazebo_ws/dd_gazebo/install/dd_gazebo/share/dd_gazebo/src/px4_msgs/msg/ActuatorServos.msg
-- Installing: /home/brc/DD_Nav_WS/dd_gazebo_ws/dd_gazebo/install/dd_gazebo/share/dd_gazebo/src/px4_msgs/msg/OrbTestLarge.msg
-- Installing: /home/brc/DD_Nav_WS/dd_gazebo_ws/dd_gazebo/install/dd_gazebo/share/dd_gazebo/src/px4_msgs/msg/VehicleOpticalFlowVel.msg
-- Installing: /home/brc/DD_Nav_WS/dd_gazebo_ws/dd_gazebo/install/dd_gazebo/share/dd_gazebo/src/px4_msgs/msg/VehicleAttitude.msg
-- Installing: /home/brc/DD_Nav_WS/dd_gazebo_ws/dd_gazebo/install/dd_gazebo/share/dd_gazebo/src/px4_msgs/msg/VehicleRatesSetpoint.msg
-- Installing: /home/brc/DD_Nav_WS/dd_gazebo_ws/dd_gazebo/install/dd_gazebo/share/dd_gazebo/src/px4_msgs/msg/RadioStatus.msg
-- Installing: /home/brc/DD_Nav_WS/dd_gazebo_ws/dd_gazebo/install/dd_gazebo/share/dd_gazebo/src/px4_msgs/msg/SensorOpticalFlow.msg
-- Installing: /home/brc/DD_Nav_WS/dd_gazebo_ws/dd_gazebo/install/dd_gazebo/share/dd_gazebo/src/px4_msgs/msg/EstimatorAidSource1d.msg
-- Installing: /home/brc/DD_Nav_WS/dd_gazebo_ws/dd_gazebo/install/dd_gazebo/share/dd_gazebo/src/px4_msgs/msg/PositionControllerLandingStatus.msg
-- Installing: /home/brc/DD_Nav_WS/dd_gazebo_ws/dd_gazebo/install/dd_gazebo/share/dd_gazebo/src/px4_msgs/msg/BatteryStatus.msg
-- Installing: /home/brc/DD_Nav_WS/dd_gazebo_ws/dd_gazebo/install/dd_gazebo/share/dd_gazebo/src/px4_msgs/msg/QshellRetval.msg
-- Installing: /home/brc/DD_Nav_WS/dd_gazebo_ws/dd_gazebo/install/dd_gazebo/share/dd_gazebo/src/px4_msgs/msg/VehicleCommandAck.msg
-- Installing: /home/brc/DD_Nav_WS/dd_gazebo_ws/dd_gazebo/install/dd_gazebo/share/dd_gazebo/src/px4_msgs/msg/MessageFormatRequest.msg
-- Installing: /home/brc/DD_Nav_WS/dd_gazebo_ws/dd_gazebo/install/dd_gazebo/share/dd_gazebo/src/px4_msgs/msg/GimbalManagerSetAttitude.msg
-- Installing: /home/brc/DD_Nav_WS/dd_gazebo_ws/dd_gazebo/install/dd_gazebo/share/dd_gazebo/src/px4_msgs/msg/TuneControl.msg
-- Installing: /home/brc/DD_Nav_WS/dd_gazebo_ws/dd_gazebo/install/dd_gazebo/share/dd_gazebo/src/px4_msgs/msg/NavigatorMissionItem.msg
-- Installing: /home/brc/DD_Nav_WS/dd_gazebo_ws/dd_gazebo/install/dd_gazebo/share/dd_gazebo/src/px4_msgs/msg/ActuatorTest.msg
-- Installing: /home/brc/DD_Nav_WS/dd_gazebo_ws/dd_gazebo/install/dd_gazebo/share/dd_gazebo/src/px4_msgs/msg/VehicleOdometry.msg
-- Installing: /home/brc/DD_Nav_WS/dd_gazebo_ws/dd_gazebo/install/dd_gazebo/share/dd_gazebo/src/px4_msgs/msg/CollisionConstraints.msg
-- Installing: /home/brc/DD_Nav_WS/dd_gazebo_ws/dd_gazebo/install/dd_gazebo/share/dd_gazebo/src/px4_msgs/msg/PositionSetpoint.msg
-- Installing: /home/brc/DD_Nav_WS/dd_gazebo_ws/dd_gazebo/install/dd_gazebo/share/dd_gazebo/src/px4_msgs/msg/VehicleTrajectoryBezier.msg
-- Installing: /home/brc/DD_Nav_WS/dd_gazebo_ws/dd_gazebo/install/dd_gazebo/share/dd_gazebo/src/px4_msgs/msg/CameraStatus.msg
-- Installing: /home/brc/DD_Nav_WS/dd_gazebo_ws/dd_gazebo/install/dd_gazebo/share/dd_gazebo/src/px4_msgs/msg/SensorAccelFifo.msg
-- Installing: /home/brc/DD_Nav_WS/dd_gazebo_ws/dd_gazebo/install/dd_gazebo/share/dd_gazebo/src/px4_msgs/msg/VehicleLocalPosition.msg
-- Installing: /home/brc/DD_Nav_WS/dd_gazebo_ws/dd_gazebo/install/dd_gazebo/share/dd_gazebo/src/px4_msgs/msg/Rpm.msg
-- Installing: /home/brc/DD_Nav_WS/dd_gazebo_ws/dd_gazebo/install/dd_gazebo/share/dd_gazebo/src/px4_msgs/msg/RcParameterMap.msg
-- Installing: /home/brc/DD_Nav_WS/dd_gazebo_ws/dd_gazebo/install/dd_gazebo/share/dd_gazebo/src/px4_msgs/msg/ActionRequest.msg
-- Installing: /home/brc/DD_Nav_WS/dd_gazebo_ws/dd_gazebo/install/dd_gazebo/share/dd_gazebo/src/px4_msgs/msg/VehicleMagnetometer.msg
-- Installing: /home/brc/DD_Nav_WS/dd_gazebo_ws/dd_gazebo/install/dd_gazebo/share/dd_gazebo/src/px4_msgs/msg/GotoSetpoint.msg
-- Installing: /home/brc/DD_Nav_WS/dd_gazebo_ws/dd_gazebo/install/dd_gazebo/share/dd_gazebo/src/px4_msgs/msg/ArmingCheckRequest.msg
-- Installing: /home/brc/DD_Nav_WS/dd_gazebo_ws/dd_gazebo/install/dd_gazebo/share/dd_gazebo/src/px4_msgs/msg/ParameterSetUsedRequest.msg
-- Installing: /home/brc/DD_Nav_WS/dd_gazebo_ws/dd_gazebo/install/dd_gazebo/share/dd_gazebo/src/px4_msgs/msg/AirspeedValidated.msg
-- Installing: /home/brc/DD_Nav_WS/dd_gazebo_ws/dd_gazebo/install/dd_gazebo/share/dd_gazebo/src/px4_msgs/msg/VehicleGlobalPosition.msg
-- Installing: /home/brc/DD_Nav_WS/dd_gazebo_ws/dd_gazebo/install/dd_gazebo/share/dd_gazebo/src/px4_msgs/msg/SensorGyroFft.msg
-- Installing: /home/brc/DD_Nav_WS/dd_gazebo_ws/dd_gazebo/install/dd_gazebo/share/dd_gazebo/src/px4_msgs/msg/VehicleLocalPositionSetpoint.msg
-- Installing: /home/brc/DD_Nav_WS/dd_gazebo_ws/dd_gazebo/install/dd_gazebo/share/dd_gazebo/src/px4_msgs/msg/UavcanParameterRequest.msg
-- Installing: /home/brc/DD_Nav_WS/dd_gazebo_ws/dd_gazebo/install/dd_gazebo/share/dd_gazebo/src/px4_msgs/msg/EstimatorSensorBias.msg
-- Installing: /home/brc/DD_Nav_WS/dd_gazebo_ws/dd_gazebo/install/dd_gazebo/share/dd_gazebo/src/px4_msgs/msg/EstimatorGpsStatus.msg
-- Installing: /home/brc/DD_Nav_WS/dd_gazebo_ws/dd_gazebo/install/dd_gazebo/share/dd_gazebo/src/px4_msgs/msg/SensorUwb.msg
-- Installing: /home/brc/DD_Nav_WS/dd_gazebo_ws/dd_gazebo/install/dd_gazebo/share/dd_gazebo/src/px4_msgs/msg/IrlockReport.msg
-- Installing: /home/brc/DD_Nav_WS/dd_gazebo_ws/dd_gazebo/install/dd_gazebo/share/dd_gazebo/src/px4_msgs/msg/AdcReport.msg
-- Installing: /home/brc/DD_Nav_WS/dd_gazebo_ws/dd_gazebo/install/dd_gazebo/share/dd_gazebo/src/px4_msgs/msg/DebugKeyValue.msg
-- Installing: /home/brc/DD_Nav_WS/dd_gazebo_ws/dd_gazebo/install/dd_gazebo/share/dd_gazebo/src/px4_msgs/msg/LandingGearWheel.msg
-- Installing: /home/brc/DD_Nav_WS/dd_gazebo_ws/dd_gazebo/install/dd_gazebo/share/dd_gazebo/src/px4_msgs/msg/VehicleControlMode.msg
-- Installing: /home/brc/DD_Nav_WS/dd_gazebo_ws/dd_gazebo/install/dd_gazebo/share/dd_gazebo/src/px4_msgs/msg/Event.msg
-- Installing: /home/brc/DD_Nav_WS/dd_gazebo_ws/dd_gazebo/install/dd_gazebo/share/dd_gazebo/src/px4_msgs/msg/InternalCombustionEngineStatus.msg
-- Installing: /home/brc/DD_Nav_WS/dd_gazebo_ws/dd_gazebo/install/dd_gazebo/share/dd_gazebo/src/px4_msgs/msg/AirspeedWind.msg
-- Installing: /home/brc/DD_Nav_WS/dd_gazebo_ws/dd_gazebo/install/dd_gazebo/share/dd_gazebo/src/px4_msgs/msg/ArmingCheckReply.msg
-- Installing: /home/brc/DD_Nav_WS/dd_gazebo_ws/dd_gazebo/install/dd_gazebo/share/dd_gazebo/src/px4_msgs/msg/EstimatorSelectorStatus.msg
-- Installing: /home/brc/DD_Nav_WS/dd_gazebo_ws/dd_gazebo/install/dd_gazebo/share/dd_gazebo/src/px4_msgs/msg/SensorAirflow.msg
-- Installing: /home/brc/DD_Nav_WS/dd_gazebo_ws/dd_gazebo/install/dd_gazebo/share/dd_gazebo/src/px4_msgs/msg/SensorGnssRelative.msg
-- Installing: /home/brc/DD_Nav_WS/dd_gazebo_ws/dd_gazebo/install/dd_gazebo/share/dd_gazebo/src/px4_msgs/msg/RtlStatus.msg
-- Installing: /home/brc/DD_Nav_WS/dd_gazebo_ws/dd_gazebo/install/dd_gazebo/share/dd_gazebo/src/px4_msgs/msg/SensorCorrection.msg
-- Installing: /home/brc/DD_Nav_WS/dd_gazebo_ws/dd_gazebo/install/dd_gazebo/share/dd_gazebo/src/px4_msgs/msg/MessageFormatResponse.msg
-- Installing: /home/brc/DD_Nav_WS/dd_gazebo_ws/dd_gazebo/install/dd_gazebo/share/dd_gazebo/src/px4_msgs/msg/PowerMonitor.msg
-- Installing: /home/brc/DD_Nav_WS/dd_gazebo_ws/dd_gazebo/install/dd_gazebo/share/dd_gazebo/src/px4_msgs/msg/VehicleAngularVelocity.msg
-- Installing: /home/brc/DD_Nav_WS/dd_gazebo_ws/dd_gazebo/install/dd_gazebo/share/dd_gazebo/src/px4_msgs/msg/SensorCombined.msg
-- Installing: /home/brc/DD_Nav_WS/dd_gazebo_ws/dd_gazebo/install/dd_gazebo/share/dd_gazebo/src/px4_msgs/msg/MountOrientation.msg
-- Installing: /home/brc/DD_Nav_WS/dd_gazebo_ws/dd_gazebo/install/dd_gazebo/share/dd_gazebo/src/px4_msgs/msg/TrajectorySetpoint.msg
-- Installing: /home/brc/DD_Nav_WS/dd_gazebo_ws/dd_gazebo/install/dd_gazebo/share/dd_gazebo/src/px4_msgs/msg/FigureEightStatus.msg
-- Installing: /home/brc/DD_Nav_WS/dd_gazebo_ws/dd_gazebo/install/dd_gazebo/share/dd_gazebo/src/px4_msgs/msg/GimbalDeviceSetAttitude.msg
-- Installing: /home/brc/DD_Nav_WS/dd_gazebo_ws/dd_gazebo/install/dd_gazebo/share/dd_gazebo/src/px4_msgs/msg/VehicleTorqueSetpoint.msg
-- Installing: /home/brc/DD_Nav_WS/dd_gazebo_ws/dd_gazebo/install/dd_gazebo/share/dd_gazebo/src/px4_msgs/msg/DebugArray.msg
-- Installing: /home/brc/DD_Nav_WS/dd_gazebo_ws/dd_gazebo/install/dd_gazebo/share/dd_gazebo/src/px4_msgs/msg/RateCtrlStatus.msg
-- Installing: /home/brc/DD_Nav_WS/dd_gazebo_ws/dd_gazebo/install/dd_gazebo/share/dd_gazebo/src/px4_msgs/msg/VehicleOpticalFlow.msg
-- Installing: /home/brc/DD_Nav_WS/dd_gazebo_ws/dd_gazebo/install/dd_gazebo/share/dd_gazebo/src/px4_msgs/msg/SensorAccel.msg
-- Installing: /home/brc/DD_Nav_WS/dd_gazebo_ws/dd_gazebo/install/dd_gazebo/share/dd_gazebo/src/px4_msgs/msg/FailsafeFlags.msg
-- Installing: /home/brc/DD_Nav_WS/dd_gazebo_ws/dd_gazebo/install/dd_gazebo/share/dd_gazebo/src/px4_msgs/msg/CameraCapture.msg
-- Installing: /home/brc/DD_Nav_WS/dd_gazebo_ws/dd_gazebo/install/dd_gazebo/share/dd_gazebo/src/px4_msgs/msg/DebugValue.msg
-- Installing: /home/brc/DD_Nav_WS/dd_gazebo_ws/dd_gazebo/install/dd_gazebo/share/dd_gazebo/src/px4_msgs/msg/ModeCompleted.msg
-- Installing: /home/brc/DD_Nav_WS/dd_gazebo_ws/dd_gazebo/install/dd_gazebo/share/dd_gazebo/src/px4_msgs/msg/VehicleRoi.msg
-- Installing: /home/brc/DD_Nav_WS/dd_gazebo_ws/dd_gazebo/install/dd_gazebo/share/dd_gazebo/src/px4_msgs/msg/GpioIn.msg
-- Installing: /home/brc/DD_Nav_WS/dd_gazebo_ws/dd_gazebo/install/dd_gazebo/share/dd_gazebo/src/px4_msgs/srv
-- Installing: /home/brc/DD_Nav_WS/dd_gazebo_ws/dd_gazebo/install/dd_gazebo/share/dd_gazebo/src/px4_msgs/srv/VehicleCommand.srv
-- Installing: /home/brc/DD_Nav_WS/dd_gazebo_ws/dd_gazebo/install/dd_gazebo/share/dd_gazebo/launch
-- Installing: /home/brc/DD_Nav_WS/dd_gazebo_ws/dd_gazebo/install/dd_gazebo/share/dd_gazebo/launch/navigation.launch.py
-- Installing: /home/brc/DD_Nav_WS/dd_gazebo_ws/dd_gazebo/install/dd_gazebo/share/dd_gazebo/launch/simulation.launch.py
-- Installing: /home/brc/DD_Nav_WS/dd_gazebo_ws/dd_gazebo/install/dd_gazebo/share/dd_gazebo/rviz
-- Installing: /home/brc/DD_Nav_WS/dd_gazebo_ws/dd_gazebo/install/dd_gazebo/share/dd_gazebo/rviz/drone_sim_config.rviz
-- Installing: /home/brc/DD_Nav_WS/dd_gazebo_ws/dd_gazebo/install/dd_gazebo/share/dd_gazebo/config
-- Installing: /home/brc/DD_Nav_WS/dd_gazebo_ws/dd_gazebo/install/dd_gazebo/share/dd_gazebo/config/nav2_params.yaml
-- Installing: /home/brc/DD_Nav_WS/dd_gazebo_ws/dd_gazebo/install/dd_gazebo/share/dd_gazebo/config/ekf.yaml
-- Installing: /home/brc/DD_Nav_WS/dd_gazebo_ws/dd_gazebo/install/dd_gazebo/share/dd_gazebo/worlds
-- Installing: /home/brc/DD_Nav_WS/dd_gazebo_ws/dd_gazebo/install/dd_gazebo/share/dd_gazebo/worlds/test_world.dae
-- Installing: /home/brc/DD_Nav_WS/dd_gazebo_ws/dd_gazebo/install/dd_gazebo/share/dd_gazebo/worlds/my_world.world
-- Installing: /home/brc/DD_Nav_WS/dd_gazebo_ws/dd_gazebo/install/dd_gazebo/share/dd_gazebo/worlds/simple_world.sdf
