[0.801s] Invoking command in '/home/dronedelivery/Desktop/DD_Nav_WS/dd_gazebo_ws/build/dd_gazebo': /usr/bin/cmake /home/dronedelivery/Desktop/DD_Nav_WS/dd_gazebo_ws/dd_gazebo -DCMAKE_INSTALL_PREFIX=/home/dronedelivery/Desktop/DD_Nav_WS/dd_gazebo_ws/install/dd_gazebo
[0.849s] [31mCMake Error at CMakeLists.txt:9 (find_package):
[0.850s]   By not providing "Findament_cmake.cmake" in CMAKE_MODULE_PATH this project
[0.850s]   has asked CMake to find a package configuration file provided by
[0.850s]   "ament_cmake", but CMake did not find one.
[0.850s] 
[0.850s]   Could not find a package configuration file provided by "ament_cmake" with
[0.851s]   any of the following names:
[0.851s] 
[0.851s]     ament_cmakeConfig.cmake
[0.851s]     ament_cmake-config.cmake
[0.851s] 
[0.851s]   Add the installation prefix of "ament_cmake" to CMAKE_PREFIX_PATH or set
[0.852s]   "ament_cmake_DIR" to a directory containing one of the above files.  If
[0.852s]   "ament_cmake" provides a separate development package or SDK, be sure it
[0.852s]   has been installed.
[0.852s] 
[0.852s] [0m
[0.852s] -- Configuring incomplete, errors occurred!
[0.853s] See also "/home/dronedelivery/Desktop/DD_Nav_WS/dd_gazebo_ws/build/dd_gazebo/CMakeFiles/CMakeOutput.log".
[0.904s] Invoked command in '/home/dronedelivery/Desktop/DD_Nav_WS/dd_gazebo_ws/build/dd_gazebo' returned '1': /usr/bin/cmake /home/dronedelivery/Desktop/DD_Nav_WS/dd_gazebo_ws/dd_gazebo -DCMAKE_INSTALL_PREFIX=/home/dronedelivery/Desktop/DD_Nav_WS/dd_gazebo_ws/install/dd_gazebo
